Fetching(Patch0): https://raw.github.com/jhuntwork/LightCube-OS/master/packages/pcre/posix.patch
Fetching(Source0): ftp://ftp.csx.cam.ac.uk/pub/software/programming/pcre/pcre-8.20.tar.bz2
Executing(%prep): /bin/sh -e /var/tmp/rpm-tmp.2993
+ umask 022
+ cd /usr/src/rpm/BUILD
+ cd /usr/src/rpm/BUILD
+ rm -rf pcre-8.20
+ /bin/bzip2 -dc /usr/src/rpm/SOURCES/pcre-8.20.tar.bz2
+ /bin/tar -xf -
+ STATUS=0
+ '[' 0 -ne 0 ']'
+ cd pcre-8.20
+ echo 'Patch #0 (posix.patch):'
Patch #0 (posix.patch):
+ /bin/cat /usr/src/rpm/SOURCES/posix.patch
+ /usr/bin/patch -s -p1
+ exit 0
Executing(%build): /bin/sh -e /var/tmp/rpm-tmp.97560
+ umask 022
+ cd /usr/src/rpm/BUILD
+ cd pcre-8.20
+ export 'CFLAGS=-Os -pipe'
+ CFLAGS='-Os -pipe'
+ ./configure --prefix=/usr --enable-utf8 --libdir=/usr/lib64 --enable-unicode-properties --enable-pcregrep-libz --enable-pcretest-libreadline --enable-pcregrep-libbz2
checking for a BSD-compatible install... /usr/bin/install -c
checking whether build environment is sane... yes
checking for a thread-safe mkdir -p... /bin/mkdir -p
checking for gawk... gawk
checking whether make sets $(MAKE)... yes
checking for gcc... gcc
checking whether the C compiler works... yes
checking for C compiler default output file name... a.out
checking for suffix of executables... 
checking whether we are cross compiling... no
checking for suffix of object files... o
checking whether we are using the GNU C compiler... yes
checking whether gcc accepts -g... yes
checking for gcc option to accept ISO C89... none needed
checking for style of include used by make... GNU
checking dependency style of gcc... gcc3
checking for g++... g++
checking whether we are using the GNU C++ compiler... yes
checking whether g++ accepts -g... yes
checking dependency style of g++... gcc3
checking how to run the C preprocessor... gcc -E
checking for grep that handles long lines and -e... /bin/grep
checking for egrep... /bin/grep -E
checking for ANSI C header files... yes
checking for sys/types.h... yes
checking for sys/stat.h... yes
checking for stdlib.h... yes
checking for string.h... yes
checking for memory.h... yes
checking for strings.h... yes
checking for inttypes.h... yes
checking for stdint.h... yes
checking for unistd.h... yes
checking for int64_t... yes
checking build system type... x86_64-unknown-linux-gnu
checking host system type... x86_64-unknown-linux-gnu
checking how to print strings... printf
checking for a sed that does not truncate output... /bin/sed
checking for fgrep... /bin/grep -F
checking for ld used by gcc... /usr/bin/ld
checking if the linker (/usr/bin/ld) is GNU ld... yes
checking for BSD- or MS-compatible name lister (nm)... /usr/bin/nm -B
checking the name lister (/usr/bin/nm -B) interface... BSD nm
checking whether ln -s works... yes
checking the maximum length of command line arguments... 1572864
checking whether the shell understands some XSI constructs... yes
checking whether the shell understands "+="... yes
checking how to convert x86_64-unknown-linux-gnu file names to x86_64-unknown-linux-gnu format... func_convert_file_noop
checking how to convert x86_64-unknown-linux-gnu file names to toolchain format... func_convert_file_noop
checking for /usr/bin/ld option to reload object files... -r
checking for objdump... objdump
checking how to recognize dependent libraries... pass_all
checking for dlltool... dlltool
checking how to associate runtime and link libraries... printf %s\n
checking for ar... ar
checking for archiver @FILE support... @
checking for strip... strip
checking for ranlib... ranlib
checking command to parse /usr/bin/nm -B output from gcc object... ok
checking for sysroot... no
checking for mt... no
checking if : is a manifest tool... no
checking for dlfcn.h... yes
checking for objdir... .libs
checking if gcc supports -fno-rtti -fno-exceptions... no
checking for gcc option to produce PIC... -fPIC -DPIC
checking if gcc PIC flag -fPIC -DPIC works... yes
checking if gcc static flag -static works... yes
checking if gcc supports -c -o file.o... yes
checking if gcc supports -c -o file.o... (cached) yes
checking whether the gcc linker (/usr/bin/ld -m elf_x86_64) supports shared libraries... yes
checking whether -lc should be explicitly linked in... no
checking dynamic linker characteristics... GNU/Linux ld.so
checking how to hardcode library paths into programs... immediate
checking whether stripping libraries is possible... yes
checking if libtool supports shared libraries... yes
checking whether to build shared libraries... yes
checking whether to build static libraries... yes
checking how to run the C++ preprocessor... g++ -E
checking for ld used by g++... /usr/bin/ld -m elf_x86_64
checking if the linker (/usr/bin/ld -m elf_x86_64) is GNU ld... yes
checking whether the g++ linker (/usr/bin/ld -m elf_x86_64) supports shared libraries... yes
checking for g++ option to produce PIC... -fPIC -DPIC
checking if g++ PIC flag -fPIC -DPIC works... yes
checking if g++ static flag -static works... yes
checking if g++ supports -c -o file.o... yes
checking if g++ supports -c -o file.o... (cached) yes
checking whether the g++ linker (/usr/bin/ld -m elf_x86_64) supports shared libraries... yes
checking dynamic linker characteristics... (cached) GNU/Linux ld.so
checking how to hardcode library paths into programs... immediate
checking whether ln -s works... yes
checking for ANSI C header files... (cached) yes
checking limits.h usability... yes
checking limits.h presence... yes
checking for limits.h... yes
checking for sys/types.h... (cached) yes
checking for sys/stat.h... (cached) yes
checking dirent.h usability... yes
checking dirent.h presence... yes
checking for dirent.h... yes
checking windows.h usability... no
checking windows.h presence... no
checking for windows.h... no
checking for alias support in the linker... no
checking for alias support in the linker... no
checking string usability... yes
checking string presence... yes
checking for string... yes
checking bits/type_traits.h usability... no
checking bits/type_traits.h presence... no
checking for bits/type_traits.h... no
checking type_traits.h usability... no
checking type_traits.h presence... no
checking for type_traits.h... no
checking for strtoq... yes
checking for long long... yes
checking for unsigned long long... yes
checking for an ANSI C-conforming const... yes
checking for size_t... yes
checking for bcopy... yes
checking for memmove... yes
checking for strerror... yes
checking zlib.h usability... yes
checking zlib.h presence... yes
checking for zlib.h... yes
checking for gzopen in -lz... yes
checking bzlib.h usability... yes
checking bzlib.h presence... yes
checking for bzlib.h... yes
checking for libbz2... yes
checking readline/readline.h usability... yes
checking readline/readline.h presence... yes
checking for readline/readline.h... yes
checking readline/history.h usability... yes
checking readline/history.h presence... yes
checking for readline/history.h... yes
checking for readline in -lreadline... yes
configure: creating ./config.status
config.status: creating Makefile
config.status: creating libpcre.pc
config.status: creating libpcreposix.pc
config.status: creating libpcrecpp.pc
config.status: creating pcre-config
config.status: creating pcre.h
config.status: creating pcre_stringpiece.h
config.status: creating pcrecpparg.h
config.status: creating config.h
config.status: executing depfiles commands
config.status: executing libtool commands
config.status: executing script-chmod commands
config.status: executing delete-old-chartables commands

pcre-8.20 configuration summary:

    Install prefix .................. : /usr
    C preprocessor .................. : gcc -E
    C compiler ...................... : gcc
    C++ preprocessor ................ : g++ -E
    C++ compiler .................... : g++
    Linker .......................... : /usr/bin/ld -m elf_x86_64
    C preprocessor flags ............ : 
    C compiler flags ................ : -Os -pipe
    C++ compiler flags .............. : -O2
    Linker flags .................... : 
    Extra libraries ................. : 

    Build C++ library ............... : yes
    Enable JIT compiling support .... : no
    Enable UTF-8 support ............ : yes
    Unicode properties .............. : yes
    Newline char/sequence ........... : lf
    \R matches only ANYCRLF ......... : no
    EBCDIC coding ................... : no
    Rebuild char tables ............. : no
    Use stack recursion ............. : yes
    POSIX mem threshold ............. : 10
    Internal link size .............. : 2
    Match limit ..................... : 10000000
    Match limit recursion ........... : MATCH_LIMIT
    Build shared libs ............... : yes
    Build static libs ............... : yes
    Use JIT in pcregrep ............. : no
    Buffer size for pcregrep ........ : 20480
    Link pcregrep with libz ......... : yes
    Link pcregrep with libbz2 ....... : yes
    Link pcretest with libreadline .. : yes

+ make -j24
make  all-am
make[1]: Entering directory `/usr/src/rpm/BUILD/pcre-8.20'
/bin/sh ./libtool --tag=CC   --mode=compile gcc -DHAVE_CONFIG_H -I.     -Os -pipe -MT pcre_compile.lo -MD -MP -MF .deps/pcre_compile.Tpo -c -o pcre_compile.lo pcre_compile.c
/bin/sh ./libtool --tag=CC   --mode=compile gcc -DHAVE_CONFIG_H -I.     -Os -pipe -MT pcre_config.lo -MD -MP -MF .deps/pcre_config.Tpo -c -o pcre_config.lo pcre_config.c
/bin/sh ./libtool --tag=CC   --mode=compile gcc -DHAVE_CONFIG_H -I.     -Os -pipe -MT pcre_dfa_exec.lo -MD -MP -MF .deps/pcre_dfa_exec.Tpo -c -o pcre_dfa_exec.lo pcre_dfa_exec.c
/bin/sh ./libtool --tag=CC   --mode=compile gcc -DHAVE_CONFIG_H -I.     -Os -pipe -MT pcre_exec.lo -MD -MP -MF .deps/pcre_exec.Tpo -c -o pcre_exec.lo pcre_exec.c
/bin/sh ./libtool --tag=CC   --mode=compile gcc -DHAVE_CONFIG_H -I.     -Os -pipe -MT pcre_fullinfo.lo -MD -MP -MF .deps/pcre_fullinfo.Tpo -c -o pcre_fullinfo.lo pcre_fullinfo.c
/bin/sh ./libtool --tag=CC   --mode=compile gcc -DHAVE_CONFIG_H -I.     -Os -pipe -MT pcre_get.lo -MD -MP -MF .deps/pcre_get.Tpo -c -o pcre_get.lo pcre_get.c
/bin/sh ./libtool --tag=CC   --mode=compile gcc -DHAVE_CONFIG_H -I.     -Os -pipe -MT pcre_globals.lo -MD -MP -MF .deps/pcre_globals.Tpo -c -o pcre_globals.lo pcre_globals.c
/bin/sh ./libtool --tag=CC   --mode=compile gcc -DHAVE_CONFIG_H -I.     -Os -pipe -MT pcre_info.lo -MD -MP -MF .deps/pcre_info.Tpo -c -o pcre_info.lo pcre_info.c
/bin/sh ./libtool --tag=CC   --mode=compile gcc -DHAVE_CONFIG_H -I.     -Os -pipe -MT pcre_jit_compile.lo -MD -MP -MF .deps/pcre_jit_compile.Tpo -c -o pcre_jit_compile.lo pcre_jit_compile.c
/bin/sh ./libtool --tag=CC   --mode=compile gcc -DHAVE_CONFIG_H -I.     -Os -pipe -MT pcre_maketables.lo -MD -MP -MF .deps/pcre_maketables.Tpo -c -o pcre_maketables.lo pcre_maketables.c
/bin/sh ./libtool --tag=CC   --mode=compile gcc -DHAVE_CONFIG_H -I.     -Os -pipe -MT pcre_newline.lo -MD -MP -MF .deps/pcre_newline.Tpo -c -o pcre_newline.lo pcre_newline.c
/bin/sh ./libtool --tag=CC   --mode=compile gcc -DHAVE_CONFIG_H -I.     -Os -pipe -MT pcre_ord2utf8.lo -MD -MP -MF .deps/pcre_ord2utf8.Tpo -c -o pcre_ord2utf8.lo pcre_ord2utf8.c
/bin/sh ./libtool --tag=CC   --mode=compile gcc -DHAVE_CONFIG_H -I.     -Os -pipe -MT pcre_refcount.lo -MD -MP -MF .deps/pcre_refcount.Tpo -c -o pcre_refcount.lo pcre_refcount.c
/bin/sh ./libtool --tag=CC   --mode=compile gcc -DHAVE_CONFIG_H -I.     -Os -pipe -MT pcre_study.lo -MD -MP -MF .deps/pcre_study.Tpo -c -o pcre_study.lo pcre_study.c
/bin/sh ./libtool --tag=CC   --mode=compile gcc -DHAVE_CONFIG_H -I.     -Os -pipe -MT pcre_tables.lo -MD -MP -MF .deps/pcre_tables.Tpo -c -o pcre_tables.lo pcre_tables.c
/bin/sh ./libtool --tag=CC   --mode=compile gcc -DHAVE_CONFIG_H -I.     -Os -pipe -MT pcre_try_flipped.lo -MD -MP -MF .deps/pcre_try_flipped.Tpo -c -o pcre_try_flipped.lo pcre_try_flipped.c
/bin/sh ./libtool --tag=CC   --mode=compile gcc -DHAVE_CONFIG_H -I.     -Os -pipe -MT pcre_ucd.lo -MD -MP -MF .deps/pcre_ucd.Tpo -c -o pcre_ucd.lo pcre_ucd.c
/bin/sh ./libtool --tag=CC   --mode=compile gcc -DHAVE_CONFIG_H -I.     -Os -pipe -MT pcre_valid_utf8.lo -MD -MP -MF .deps/pcre_valid_utf8.Tpo -c -o pcre_valid_utf8.lo pcre_valid_utf8.c
/bin/sh ./libtool --tag=CC   --mode=compile gcc -DHAVE_CONFIG_H -I.     -Os -pipe -MT pcre_version.lo -MD -MP -MF .deps/pcre_version.Tpo -c -o pcre_version.lo pcre_version.c
/bin/sh ./libtool --tag=CC   --mode=compile gcc -DHAVE_CONFIG_H -I.     -Os -pipe -MT pcre_xclass.lo -MD -MP -MF .deps/pcre_xclass.Tpo -c -o pcre_xclass.lo pcre_xclass.c
rm -f pcre_chartables.c
/bin/sh ./libtool --tag=CC   --mode=compile gcc -DHAVE_CONFIG_H -I.     -Os -pipe -MT pcreposix.lo -MD -MP -MF .deps/pcreposix.Tpo -c -o pcreposix.lo pcreposix.c
/bin/sh ./libtool --tag=CXX   --mode=compile g++ -DHAVE_CONFIG_H -I.     -O2 -MT pcrecpp.lo -MD -MP -MF .deps/pcrecpp.Tpo -c -o pcrecpp.lo pcrecpp.cc
ln -s ./pcre_chartables.c.dist pcre_chartables.c
/bin/sh ./libtool --tag=CXX   --mode=compile g++ -DHAVE_CONFIG_H -I.     -O2 -MT pcre_scanner.lo -MD -MP -MF .deps/pcre_scanner.Tpo -c -o pcre_scanner.lo pcre_scanner.cc
/bin/sh ./libtool --tag=CXX   --mode=compile g++ -DHAVE_CONFIG_H -I.     -O2 -MT pcre_stringpiece.lo -MD -MP -MF .deps/pcre_stringpiece.Tpo -c -o pcre_stringpiece.lo pcre_stringpiece.cc
libtool: compile:  gcc -DHAVE_CONFIG_H -I. -Os -pipe -MT pcre_jit_compile.lo -MD -MP -MF .deps/pcre_jit_compile.Tpo -c pcre_jit_compile.c  -fPIC -DPIC -o .libs/pcre_jit_compile.o
libtool: compile:  gcc -DHAVE_CONFIG_H -I. -Os -pipe -MT pcre_compile.lo -MD -MP -MF .deps/pcre_compile.Tpo -c pcre_compile.c  -fPIC -DPIC -o .libs/pcre_compile.o
libtool: compile:  gcc -DHAVE_CONFIG_H -I. -Os -pipe -MT pcre_config.lo -MD -MP -MF .deps/pcre_config.Tpo -c pcre_config.c  -fPIC -DPIC -o .libs/pcre_config.o
libtool: compile:  gcc -DHAVE_CONFIG_H -I. -Os -pipe -MT pcre_exec.lo -MD -MP -MF .deps/pcre_exec.Tpo -c pcre_exec.c  -fPIC -DPIC -o .libs/pcre_exec.o
libtool: compile:  gcc -DHAVE_CONFIG_H -I. -Os -pipe -MT pcre_get.lo -MD -MP -MF .deps/pcre_get.Tpo -c pcre_get.c  -fPIC -DPIC -o .libs/pcre_get.o
libtool: compile:  gcc -DHAVE_CONFIG_H -I. -Os -pipe -MT pcre_fullinfo.lo -MD -MP -MF .deps/pcre_fullinfo.Tpo -c pcre_fullinfo.c  -fPIC -DPIC -o .libs/pcre_fullinfo.o
libtool: compile:  gcc -DHAVE_CONFIG_H -I. -Os -pipe -MT pcre_ord2utf8.lo -MD -MP -MF .deps/pcre_ord2utf8.Tpo -c pcre_ord2utf8.c  -fPIC -DPIC -o .libs/pcre_ord2utf8.o
libtool: compile:  gcc -DHAVE_CONFIG_H -I. -Os -pipe -MT pcre_dfa_exec.lo -MD -MP -MF .deps/pcre_dfa_exec.Tpo -c pcre_dfa_exec.c  -fPIC -DPIC -o .libs/pcre_dfa_exec.o
libtool: compile:  gcc -DHAVE_CONFIG_H -I. -Os -pipe -MT pcre_info.lo -MD -MP -MF .deps/pcre_info.Tpo -c pcre_info.c  -fPIC -DPIC -o .libs/pcre_info.o
libtool: compile:  gcc -DHAVE_CONFIG_H -I. -Os -pipe -MT pcre_maketables.lo -MD -MP -MF .deps/pcre_maketables.Tpo -c pcre_maketables.c  -fPIC -DPIC -o .libs/pcre_maketables.o
libtool: compile:  gcc -DHAVE_CONFIG_H -I. -Os -pipe -MT pcre_globals.lo -MD -MP -MF .deps/pcre_globals.Tpo -c pcre_globals.c  -fPIC -DPIC -o .libs/pcre_globals.o
libtool: compile:  gcc -DHAVE_CONFIG_H -I. -Os -pipe -MT pcre_ucd.lo -MD -MP -MF .deps/pcre_ucd.Tpo -c pcre_ucd.c  -fPIC -DPIC -o .libs/pcre_ucd.o
libtool: compile:  gcc -DHAVE_CONFIG_H -I. -Os -pipe -MT pcre_version.lo -MD -MP -MF .deps/pcre_version.Tpo -c pcre_version.c  -fPIC -DPIC -o .libs/pcre_version.o
libtool: compile:  gcc -DHAVE_CONFIG_H -I. -Os -pipe -MT pcre_newline.lo -MD -MP -MF .deps/pcre_newline.Tpo -c pcre_newline.c  -fPIC -DPIC -o .libs/pcre_newline.o
libtool: compile:  gcc -DHAVE_CONFIG_H -I. -Os -pipe -MT pcre_study.lo -MD -MP -MF .deps/pcre_study.Tpo -c pcre_study.c  -fPIC -DPIC -o .libs/pcre_study.o
libtool: compile:  gcc -DHAVE_CONFIG_H -I. -Os -pipe -MT pcreposix.lo -MD -MP -MF .deps/pcreposix.Tpo -c pcreposix.c  -fPIC -DPIC -o .libs/pcreposix.o
libtool: compile:  gcc -DHAVE_CONFIG_H -I. -Os -pipe -MT pcre_refcount.lo -MD -MP -MF .deps/pcre_refcount.Tpo -c pcre_refcount.c  -fPIC -DPIC -o .libs/pcre_refcount.o
libtool: compile:  gcc -DHAVE_CONFIG_H -I. -Os -pipe -MT pcre_valid_utf8.lo -MD -MP -MF .deps/pcre_valid_utf8.Tpo -c pcre_valid_utf8.c  -fPIC -DPIC -o .libs/pcre_valid_utf8.o
libtool: compile:  gcc -DHAVE_CONFIG_H -I. -Os -pipe -MT pcre_try_flipped.lo -MD -MP -MF .deps/pcre_try_flipped.Tpo -c pcre_try_flipped.c  -fPIC -DPIC -o .libs/pcre_try_flipped.o
libtool: compile:  gcc -DHAVE_CONFIG_H -I. -Os -pipe -MT pcre_xclass.lo -MD -MP -MF .deps/pcre_xclass.Tpo -c pcre_xclass.c  -fPIC -DPIC -o .libs/pcre_xclass.o
libtool: compile:  gcc -DHAVE_CONFIG_H -I. -Os -pipe -MT pcre_tables.lo -MD -MP -MF .deps/pcre_tables.Tpo -c pcre_tables.c  -fPIC -DPIC -o .libs/pcre_tables.o
libtool: compile:  g++ -DHAVE_CONFIG_H -I. -O2 -MT pcrecpp.lo -MD -MP -MF .deps/pcrecpp.Tpo -c pcrecpp.cc  -fPIC -DPIC -o .libs/pcrecpp.o
libtool: compile:  g++ -DHAVE_CONFIG_H -I. -O2 -MT pcre_scanner.lo -MD -MP -MF .deps/pcre_scanner.Tpo -c pcre_scanner.cc  -fPIC -DPIC -o .libs/pcre_scanner.o
libtool: compile:  g++ -DHAVE_CONFIG_H -I. -O2 -MT pcre_stringpiece.lo -MD -MP -MF .deps/pcre_stringpiece.Tpo -c pcre_stringpiece.cc  -fPIC -DPIC -o .libs/pcre_stringpiece.o
libtool: compile:  gcc -DHAVE_CONFIG_H -I. -Os -pipe -MT pcre_globals.lo -MD -MP -MF .deps/pcre_globals.Tpo -c pcre_globals.c -o pcre_globals.o >/dev/null 2>&1
libtool: compile:  gcc -DHAVE_CONFIG_H -I. -Os -pipe -MT pcre_config.lo -MD -MP -MF .deps/pcre_config.Tpo -c pcre_config.c -o pcre_config.o >/dev/null 2>&1
libtool: compile:  gcc -DHAVE_CONFIG_H -I. -Os -pipe -MT pcre_refcount.lo -MD -MP -MF .deps/pcre_refcount.Tpo -c pcre_refcount.c -o pcre_refcount.o >/dev/null 2>&1
libtool: compile:  gcc -DHAVE_CONFIG_H -I. -Os -pipe -MT pcre_version.lo -MD -MP -MF .deps/pcre_version.Tpo -c pcre_version.c -o pcre_version.o >/dev/null 2>&1
libtool: compile:  gcc -DHAVE_CONFIG_H -I. -Os -pipe -MT pcre_info.lo -MD -MP -MF .deps/pcre_info.Tpo -c pcre_info.c -o pcre_info.o >/dev/null 2>&1
libtool: compile:  gcc -DHAVE_CONFIG_H -I. -Os -pipe -MT pcre_ord2utf8.lo -MD -MP -MF .deps/pcre_ord2utf8.Tpo -c pcre_ord2utf8.c -o pcre_ord2utf8.o >/dev/null 2>&1
libtool: compile:  gcc -DHAVE_CONFIG_H -I. -Os -pipe -MT pcre_jit_compile.lo -MD -MP -MF .deps/pcre_jit_compile.Tpo -c pcre_jit_compile.c -o pcre_jit_compile.o >/dev/null 2>&1
libtool: compile:  gcc -DHAVE_CONFIG_H -I. -Os -pipe -MT pcre_tables.lo -MD -MP -MF .deps/pcre_tables.Tpo -c pcre_tables.c -o pcre_tables.o >/dev/null 2>&1
mv -f .deps/pcre_globals.Tpo .deps/pcre_globals.Plo
gcc -DHAVE_CONFIG_H -I.     -Os -pipe -MT pcretest.o -MD -MP -MF .deps/pcretest.Tpo -c -o pcretest.o pcretest.c
libtool: compile:  gcc -DHAVE_CONFIG_H -I. -Os -pipe -MT pcre_try_flipped.lo -MD -MP -MF .deps/pcre_try_flipped.Tpo -c pcre_try_flipped.c -o pcre_try_flipped.o >/dev/null 2>&1
libtool: compile:  gcc -DHAVE_CONFIG_H -I. -Os -pipe -MT pcre_fullinfo.lo -MD -MP -MF .deps/pcre_fullinfo.Tpo -c pcre_fullinfo.c -o pcre_fullinfo.o >/dev/null 2>&1
mv -f .deps/pcre_version.Tpo .deps/pcre_version.Plo
libtool: compile:  gcc -DHAVE_CONFIG_H -I. -Os -pipe -MT pcre_maketables.lo -MD -MP -MF .deps/pcre_maketables.Tpo -c pcre_maketables.c -o pcre_maketables.o >/dev/null 2>&1
libtool: compile:  gcc -DHAVE_CONFIG_H -I. -Os -pipe -MT pcre_newline.lo -MD -MP -MF .deps/pcre_newline.Tpo -c pcre_newline.c -o pcre_newline.o >/dev/null 2>&1
mv -f .deps/pcre_config.Tpo .deps/pcre_config.Plo
libtool: compile:  gcc -DHAVE_CONFIG_H -I. -Os -pipe -MT pcreposix.lo -MD -MP -MF .deps/pcreposix.Tpo -c pcreposix.c -o pcreposix.o >/dev/null 2>&1
mv -f .deps/pcre_refcount.Tpo .deps/pcre_refcount.Plo
gcc -DHAVE_CONFIG_H -I.     -Os -pipe -MT pcregrep.o -MD -MP -MF .deps/pcregrep.Tpo -c -o pcregrep.o pcregrep.c
mv -f .deps/pcre_info.Tpo .deps/pcre_info.Plo
g++ -DHAVE_CONFIG_H -I.     -O2 -MT pcrecpp_unittest.o -MD -MP -MF .deps/pcrecpp_unittest.Tpo -c -o pcrecpp_unittest.o pcrecpp_unittest.cc
mv -f .deps/pcre_ord2utf8.Tpo .deps/pcre_ord2utf8.Plo
mv -f .deps/pcre_tables.Tpo .deps/pcre_tables.Plo
g++ -DHAVE_CONFIG_H -I.     -O2 -MT pcre_scanner_unittest.o -MD -MP -MF .deps/pcre_scanner_unittest.Tpo -c -o pcre_scanner_unittest.o pcre_scanner_unittest.cc
g++ -DHAVE_CONFIG_H -I.     -O2 -MT pcre_stringpiece_unittest.o -MD -MP -MF .deps/pcre_stringpiece_unittest.Tpo -c -o pcre_stringpiece_unittest.o pcre_stringpiece_unittest.cc
libtool: compile:  gcc -DHAVE_CONFIG_H -I. -Os -pipe -MT pcre_valid_utf8.lo -MD -MP -MF .deps/pcre_valid_utf8.Tpo -c pcre_valid_utf8.c -o pcre_valid_utf8.o >/dev/null 2>&1
/bin/sh ./libtool --tag=CC   --mode=compile gcc -DHAVE_CONFIG_H -I.     -Os -pipe -MT pcre_chartables.lo -MD -MP -MF .deps/pcre_chartables.Tpo -c -o pcre_chartables.lo pcre_chartables.c
libtool: compile:  gcc -DHAVE_CONFIG_H -I. -Os -pipe -MT pcre_get.lo -MD -MP -MF .deps/pcre_get.Tpo -c pcre_get.c -o pcre_get.o >/dev/null 2>&1
mv -f .deps/pcre_jit_compile.Tpo .deps/pcre_jit_compile.Plo
libtool: compile:  gcc -DHAVE_CONFIG_H -I. -Os -pipe -MT pcre_xclass.lo -MD -MP -MF .deps/pcre_xclass.Tpo -c pcre_xclass.c -o pcre_xclass.o >/dev/null 2>&1
mv -f .deps/pcre_try_flipped.Tpo .deps/pcre_try_flipped.Plo
libtool: compile:  gcc -DHAVE_CONFIG_H -I. -Os -pipe -MT pcre_chartables.lo -MD -MP -MF .deps/pcre_chartables.Tpo -c pcre_chartables.c  -fPIC -DPIC -o .libs/pcre_chartables.o
mv -f .deps/pcre_fullinfo.Tpo .deps/pcre_fullinfo.Plo
libtool: compile:  gcc -DHAVE_CONFIG_H -I. -Os -pipe -MT pcre_ucd.lo -MD -MP -MF .deps/pcre_ucd.Tpo -c pcre_ucd.c -o pcre_ucd.o >/dev/null 2>&1
mv -f .deps/pcre_newline.Tpo .deps/pcre_newline.Plo
mv -f .deps/pcre_valid_utf8.Tpo .deps/pcre_valid_utf8.Plo
libtool: compile:  gcc -DHAVE_CONFIG_H -I. -Os -pipe -MT pcre_chartables.lo -MD -MP -MF .deps/pcre_chartables.Tpo -c pcre_chartables.c -o pcre_chartables.o >/dev/null 2>&1
mv -f .deps/pcreposix.Tpo .deps/pcreposix.Plo
mv -f .deps/pcre_maketables.Tpo .deps/pcre_maketables.Plo
mv -f .deps/pcre_get.Tpo .deps/pcre_get.Plo
mv -f .deps/pcre_chartables.Tpo .deps/pcre_chartables.Plo
libtool: compile:  gcc -DHAVE_CONFIG_H -I. -Os -pipe -MT pcre_study.lo -MD -MP -MF .deps/pcre_study.Tpo -c pcre_study.c -o pcre_study.o >/dev/null 2>&1
mv -f .deps/pcre_xclass.Tpo .deps/pcre_xclass.Plo
libtool: compile:  g++ -DHAVE_CONFIG_H -I. -O2 -MT pcre_stringpiece.lo -MD -MP -MF .deps/pcre_stringpiece.Tpo -c pcre_stringpiece.cc -o pcre_stringpiece.o >/dev/null 2>&1
mv -f .deps/pcre_ucd.Tpo .deps/pcre_ucd.Plo
libtool: compile:  g++ -DHAVE_CONFIG_H -I. -O2 -MT pcre_scanner.lo -MD -MP -MF .deps/pcre_scanner.Tpo -c pcre_scanner.cc -o pcre_scanner.o >/dev/null 2>&1
mv -f .deps/pcre_study.Tpo .deps/pcre_study.Plo
mv -f .deps/pcre_stringpiece.Tpo .deps/pcre_stringpiece.Plo
mv -f .deps/pcre_stringpiece_unittest.Tpo .deps/pcre_stringpiece_unittest.Po
libtool: compile:  g++ -DHAVE_CONFIG_H -I. -O2 -MT pcrecpp.lo -MD -MP -MF .deps/pcrecpp.Tpo -c pcrecpp.cc -o pcrecpp.o >/dev/null 2>&1
mv -f .deps/pcre_scanner_unittest.Tpo .deps/pcre_scanner_unittest.Po
mv -f .deps/pcre_scanner.Tpo .deps/pcre_scanner.Plo
mv -f .deps/pcregrep.Tpo .deps/pcregrep.Po
mv -f .deps/pcrecpp.Tpo .deps/pcrecpp.Plo
mv -f .deps/pcretest.Tpo .deps/pcretest.Po
libtool: compile:  gcc -DHAVE_CONFIG_H -I. -Os -pipe -MT pcre_dfa_exec.lo -MD -MP -MF .deps/pcre_dfa_exec.Tpo -c pcre_dfa_exec.c -o pcre_dfa_exec.o >/dev/null 2>&1
libtool: compile:  gcc -DHAVE_CONFIG_H -I. -Os -pipe -MT pcre_compile.lo -MD -MP -MF .deps/pcre_compile.Tpo -c pcre_compile.c -o pcre_compile.o >/dev/null 2>&1
mv -f .deps/pcre_dfa_exec.Tpo .deps/pcre_dfa_exec.Plo
mv -f .deps/pcrecpp_unittest.Tpo .deps/pcrecpp_unittest.Po
mv -f .deps/pcre_compile.Tpo .deps/pcre_compile.Plo
libtool: compile:  gcc -DHAVE_CONFIG_H -I. -Os -pipe -MT pcre_exec.lo -MD -MP -MF .deps/pcre_exec.Tpo -c pcre_exec.c -o pcre_exec.o >/dev/null 2>&1
mv -f .deps/pcre_exec.Tpo .deps/pcre_exec.Plo
/bin/sh ./libtool --tag=CC   --mode=link gcc  -Os -pipe -version-info 0:1:0  -o libpcre.la -rpath /usr/lib64 pcre_compile.lo pcre_config.lo pcre_dfa_exec.lo pcre_exec.lo pcre_fullinfo.lo pcre_get.lo pcre_globals.lo pcre_info.lo pcre_jit_compile.lo pcre_maketables.lo pcre_newline.lo pcre_ord2utf8.lo pcre_refcount.lo pcre_study.lo pcre_tables.lo pcre_try_flipped.lo pcre_ucd.lo pcre_valid_utf8.lo pcre_version.lo pcre_xclass.lo pcre_chartables.lo  
libtool: link: gcc -shared  -fPIC -DPIC  .libs/pcre_compile.o .libs/pcre_config.o .libs/pcre_dfa_exec.o .libs/pcre_exec.o .libs/pcre_fullinfo.o .libs/pcre_get.o .libs/pcre_globals.o .libs/pcre_info.o .libs/pcre_jit_compile.o .libs/pcre_maketables.o .libs/pcre_newline.o .libs/pcre_ord2utf8.o .libs/pcre_refcount.o .libs/pcre_study.o .libs/pcre_tables.o .libs/pcre_try_flipped.o .libs/pcre_ucd.o .libs/pcre_valid_utf8.o .libs/pcre_version.o .libs/pcre_xclass.o .libs/pcre_chartables.o    -Os   -Wl,-soname -Wl,libpcre.so.0 -o .libs/libpcre.so.0.0.1
libtool: link: (cd ".libs" && rm -f "libpcre.so.0" && ln -s "libpcre.so.0.0.1" "libpcre.so.0")
libtool: link: (cd ".libs" && rm -f "libpcre.so" && ln -s "libpcre.so.0.0.1" "libpcre.so")
libtool: link: ar cru .libs/libpcre.a  pcre_compile.o pcre_config.o pcre_dfa_exec.o pcre_exec.o pcre_fullinfo.o pcre_get.o pcre_globals.o pcre_info.o pcre_jit_compile.o pcre_maketables.o pcre_newline.o pcre_ord2utf8.o pcre_refcount.o pcre_study.o pcre_tables.o pcre_try_flipped.o pcre_ucd.o pcre_valid_utf8.o pcre_version.o pcre_xclass.o pcre_chartables.o
libtool: link: ranlib .libs/libpcre.a
libtool: link: ( cd ".libs" && rm -f "libpcre.la" && ln -s "../libpcre.la" "libpcre.la" )
/bin/sh ./libtool --tag=CC   --mode=link gcc  -Os -pipe -version-info 0:0:0  -o libpcreposix.la -rpath /usr/lib64 pcreposix.lo libpcre.la 
/bin/sh ./libtool --tag=CXX   --mode=link g++  -O2 -version-info 0:0:0                             -o libpcrecpp.la -rpath /usr/lib64 pcrecpp.lo pcre_scanner.lo pcre_stringpiece.lo libpcre.la 
libtool: link: gcc -shared  -fPIC -DPIC  .libs/pcreposix.o   -Wl,-rpath -Wl,/usr/src/rpm/BUILD/pcre-8.20/.libs -Wl,-rpath -Wl,/usr/lib64 ./.libs/libpcre.so  -Os   -Wl,-soname -Wl,libpcreposix.so.0 -o .libs/libpcreposix.so.0.0.0
libtool: link: (cd ".libs" && rm -f "libpcreposix.so.0" && ln -s "libpcreposix.so.0.0.0" "libpcreposix.so.0")
libtool: link: (cd ".libs" && rm -f "libpcreposix.so" && ln -s "libpcreposix.so.0.0.0" "libpcreposix.so")
libtool: link: g++  -fPIC -DPIC -shared -nostdlib /usr/lib64/gcc/x86_64-unknown-linux-gnu/4.5.3/../../../../lib64/crti.o /usr/lib64/gcc/x86_64-unknown-linux-gnu/4.5.3/crtbeginS.o  .libs/pcrecpp.o .libs/pcre_scanner.o .libs/pcre_stringpiece.o   -Wl,-rpath -Wl,/usr/src/rpm/BUILD/pcre-8.20/.libs -Wl,-rpath -Wl,/usr/lib64/../lib64 -Wl,-rpath -Wl,/usr/lib64 -Wl,-rpath -Wl,/usr/lib64/../lib64 ./.libs/libpcre.so -L/usr/lib64/gcc/x86_64-unknown-linux-gnu/4.5.3 -L/usr/lib64/gcc/x86_64-unknown-linux-gnu/4.5.3/../../../../lib64 -L/lib/../lib64 -L/usr/lib/../lib64 -L/usr/lib64/gcc/x86_64-unknown-linux-gnu/4.5.3/../../.. /usr/lib64/../lib64/libstdc++.so -lm -lc -lgcc_s /usr/lib64/gcc/x86_64-unknown-linux-gnu/4.5.3/crtendS.o /usr/lib64/gcc/x86_64-unknown-linux-gnu/4.5.3/../../../../lib64/crtn.o  -O2   -Wl,-soname -Wl,libpcrecpp.so.0 -o .libs/libpcrecpp.so.0.0.0
libtool: link: ar cru .libs/libpcreposix.a  pcreposix.o
libtool: link: ranlib .libs/libpcreposix.a
libtool: link: ( cd ".libs" && rm -f "libpcreposix.la" && ln -s "../libpcreposix.la" "libpcreposix.la" )
/bin/sh ./libtool --tag=CC   --mode=link gcc  -Os -pipe   -o pcretest pcretest.o libpcreposix.la -lreadline 
/bin/sh ./libtool --tag=CC   --mode=link gcc  -Os -pipe   -o pcregrep pcregrep.o libpcreposix.la -lz -lbz2 
libtool: link: (cd ".libs" && rm -f "libpcrecpp.so.0" && ln -s "libpcrecpp.so.0.0.0" "libpcrecpp.so.0")
libtool: link: (cd ".libs" && rm -f "libpcrecpp.so" && ln -s "libpcrecpp.so.0.0.0" "libpcrecpp.so")
libtool: link: ar cru .libs/libpcrecpp.a  pcrecpp.o pcre_scanner.o pcre_stringpiece.o
libtool: link: ranlib .libs/libpcrecpp.a
libtool: link: ( cd ".libs" && rm -f "libpcrecpp.la" && ln -s "../libpcrecpp.la" "libpcrecpp.la" )
/bin/sh ./libtool --tag=CXX   --mode=link g++  -O2   -o pcrecpp_unittest pcrecpp_unittest.o libpcrecpp.la 
/bin/sh ./libtool --tag=CXX   --mode=link g++  -O2   -o pcre_scanner_unittest pcre_scanner_unittest.o libpcrecpp.la 
/bin/sh ./libtool --tag=CXX   --mode=link g++  -O2   -o pcre_stringpiece_unittest pcre_stringpiece_unittest.o libpcrecpp.la 
libtool: link: gcc -Os -pipe -o .libs/pcretest pcretest.o  ./.libs/libpcreposix.so /usr/src/rpm/BUILD/pcre-8.20/.libs/libpcre.so -lreadline -Wl,-rpath -Wl,/usr/lib64
libtool: link: gcc -Os -pipe -o .libs/pcregrep pcregrep.o  ./.libs/libpcreposix.so /usr/src/rpm/BUILD/pcre-8.20/.libs/libpcre.so -lz -lbz2 -Wl,-rpath -Wl,/usr/lib64
libtool: link: g++ -O2 -o .libs/pcrecpp_unittest pcrecpp_unittest.o  ./.libs/libpcrecpp.so /usr/src/rpm/BUILD/pcre-8.20/.libs/libpcre.so /usr/lib64/../lib64/libstdc++.so -lm -Wl,-rpath -Wl,/usr/lib64 -Wl,-rpath -Wl,/usr/lib64/../lib64
libtool: link: g++ -O2 -o .libs/pcre_scanner_unittest pcre_scanner_unittest.o  ./.libs/libpcrecpp.so /usr/src/rpm/BUILD/pcre-8.20/.libs/libpcre.so /usr/lib64/../lib64/libstdc++.so -lm -Wl,-rpath -Wl,/usr/lib64 -Wl,-rpath -Wl,/usr/lib64/../lib64
libtool: link: g++ -O2 -o .libs/pcre_stringpiece_unittest pcre_stringpiece_unittest.o  ./.libs/libpcrecpp.so /usr/src/rpm/BUILD/pcre-8.20/.libs/libpcre.so /usr/lib64/../lib64/libstdc++.so -lm -Wl,-rpath -Wl,/usr/lib64 -Wl,-rpath -Wl,/usr/lib64/../lib64
make[1]: Leaving directory `/usr/src/rpm/BUILD/pcre-8.20'
+ exit 0
Executing(%install): /bin/sh -e /var/tmp/rpm-tmp.24167
+ umask 022
+ cd /usr/src/rpm/BUILD
+ /bin/rm -rf /var/tmp/pcre-root
+ /bin/mkdir -p /var/tmp/pcre-root
+ cd pcre-8.20
+ make DESTDIR=/var/tmp/pcre-root install
make[1]: Entering directory `/usr/src/rpm/BUILD/pcre-8.20'
test -z "/usr/lib64" || /bin/mkdir -p "/var/tmp/pcre-root/usr/lib64"
 /bin/sh ./libtool   --mode=install /usr/bin/install -c   libpcre.la libpcreposix.la libpcrecpp.la '/var/tmp/pcre-root/usr/lib64'
libtool: install: /usr/bin/install -c .libs/libpcre.so.0.0.1 /var/tmp/pcre-root/usr/lib64/libpcre.so.0.0.1
libtool: install: (cd /var/tmp/pcre-root/usr/lib64 && { ln -s -f libpcre.so.0.0.1 libpcre.so.0 || { rm -f libpcre.so.0 && ln -s libpcre.so.0.0.1 libpcre.so.0; }; })
libtool: install: (cd /var/tmp/pcre-root/usr/lib64 && { ln -s -f libpcre.so.0.0.1 libpcre.so || { rm -f libpcre.so && ln -s libpcre.so.0.0.1 libpcre.so; }; })
libtool: install: /usr/bin/install -c .libs/libpcre.lai /var/tmp/pcre-root/usr/lib64/libpcre.la
libtool: install: warning: relinking `libpcreposix.la'
libtool: install: (cd /usr/src/rpm/BUILD/pcre-8.20; /bin/sh /usr/src/rpm/BUILD/pcre-8.20/libtool  --tag CC --mode=relink gcc -Os -pipe -version-info 0:0:0 -o libpcreposix.la -rpath /usr/lib64 pcreposix.lo libpcre.la -inst-prefix-dir /var/tmp/pcre-root)
libtool: relink: gcc -shared  -fPIC -DPIC  .libs/pcreposix.o   -Wl,-rpath -Wl,/usr/lib64 -L/var/tmp/pcre-root/usr/lib64 -L/usr/lib64 -lpcre  -Os   -Wl,-soname -Wl,libpcreposix.so.0 -o .libs/libpcreposix.so.0.0.0
libtool: install: /usr/bin/install -c .libs/libpcreposix.so.0.0.0T /var/tmp/pcre-root/usr/lib64/libpcreposix.so.0.0.0
libtool: install: (cd /var/tmp/pcre-root/usr/lib64 && { ln -s -f libpcreposix.so.0.0.0 libpcreposix.so.0 || { rm -f libpcreposix.so.0 && ln -s libpcreposix.so.0.0.0 libpcreposix.so.0; }; })
libtool: install: (cd /var/tmp/pcre-root/usr/lib64 && { ln -s -f libpcreposix.so.0.0.0 libpcreposix.so || { rm -f libpcreposix.so && ln -s libpcreposix.so.0.0.0 libpcreposix.so; }; })
libtool: install: /usr/bin/install -c .libs/libpcreposix.lai /var/tmp/pcre-root/usr/lib64/libpcreposix.la
libtool: install: warning: relinking `libpcrecpp.la'
libtool: install: (cd /usr/src/rpm/BUILD/pcre-8.20; /bin/sh /usr/src/rpm/BUILD/pcre-8.20/libtool  --tag CXX --mode=relink g++ -O2 -version-info 0:0:0 -o libpcrecpp.la -rpath /usr/lib64 pcrecpp.lo pcre_scanner.lo pcre_stringpiece.lo libpcre.la -inst-prefix-dir /var/tmp/pcre-root)
libtool: relink: g++  -fPIC -DPIC -shared -nostdlib /usr/lib64/gcc/x86_64-unknown-linux-gnu/4.5.3/../../../../lib64/crti.o /usr/lib64/gcc/x86_64-unknown-linux-gnu/4.5.3/crtbeginS.o  .libs/pcrecpp.o .libs/pcre_scanner.o .libs/pcre_stringpiece.o   -Wl,-rpath -Wl,/usr/lib64 -Wl,-rpath -Wl,/usr/lib64/../lib64 -L/var/tmp/pcre-root/usr/lib64 -L/usr/lib64 -lpcre -L/usr/lib64/gcc/x86_64-unknown-linux-gnu/4.5.3 -L/usr/lib64/gcc/x86_64-unknown-linux-gnu/4.5.3/../../../../lib64 -L/lib/../lib64 -L/usr/lib/../lib64 -L/usr/lib64/gcc/x86_64-unknown-linux-gnu/4.5.3/../../.. -L/var/tmp/pcre-root/usr/lib64/../lib64 -L/usr/lib64/../lib64 -lstdc++ -lm -lc -lgcc_s /usr/lib64/gcc/x86_64-unknown-linux-gnu/4.5.3/crtendS.o /usr/lib64/gcc/x86_64-unknown-linux-gnu/4.5.3/../../../../lib64/crtn.o  -O2   -Wl,-soname -Wl,libpcrecpp.so.0 -o .libs/libpcrecpp.so.0.0.0
libtool: install: /usr/bin/install -c .libs/libpcrecpp.so.0.0.0T /var/tmp/pcre-root/usr/lib64/libpcrecpp.so.0.0.0
libtool: install: (cd /var/tmp/pcre-root/usr/lib64 && { ln -s -f libpcrecpp.so.0.0.0 libpcrecpp.so.0 || { rm -f libpcrecpp.so.0 && ln -s libpcrecpp.so.0.0.0 libpcrecpp.so.0; }; })
libtool: install: (cd /var/tmp/pcre-root/usr/lib64 && { ln -s -f libpcrecpp.so.0.0.0 libpcrecpp.so || { rm -f libpcrecpp.so && ln -s libpcrecpp.so.0.0.0 libpcrecpp.so; }; })
libtool: install: /usr/bin/install -c .libs/libpcrecpp.lai /var/tmp/pcre-root/usr/lib64/libpcrecpp.la
libtool: install: /usr/bin/install -c .libs/libpcre.a /var/tmp/pcre-root/usr/lib64/libpcre.a
libtool: install: chmod 644 /var/tmp/pcre-root/usr/lib64/libpcre.a
libtool: install: ranlib /var/tmp/pcre-root/usr/lib64/libpcre.a
libtool: install: /usr/bin/install -c .libs/libpcreposix.a /var/tmp/pcre-root/usr/lib64/libpcreposix.a
libtool: install: chmod 644 /var/tmp/pcre-root/usr/lib64/libpcreposix.a
libtool: install: ranlib /var/tmp/pcre-root/usr/lib64/libpcreposix.a
libtool: install: /usr/bin/install -c .libs/libpcrecpp.a /var/tmp/pcre-root/usr/lib64/libpcrecpp.a
libtool: install: chmod 644 /var/tmp/pcre-root/usr/lib64/libpcrecpp.a
libtool: install: ranlib /var/tmp/pcre-root/usr/lib64/libpcrecpp.a
libtool: install: warning: remember to run `libtool --finish /usr/lib64'
test -z "/usr/bin" || /bin/mkdir -p "/var/tmp/pcre-root/usr/bin"
  /bin/sh ./libtool   --mode=install /usr/bin/install -c pcretest pcregrep '/var/tmp/pcre-root/usr/bin'
libtool: install: warning: `libpcreposix.la' has not been installed in `/usr/lib64'
libtool: install: warning: `/usr/src/rpm/BUILD/pcre-8.20/libpcre.la' has not been installed in `/usr/lib64'
libtool: install: /usr/bin/install -c .libs/pcretest /var/tmp/pcre-root/usr/bin/pcretest
libtool: install: warning: `libpcreposix.la' has not been installed in `/usr/lib64'
libtool: install: warning: `/usr/src/rpm/BUILD/pcre-8.20/libpcre.la' has not been installed in `/usr/lib64'
libtool: install: /usr/bin/install -c .libs/pcregrep /var/tmp/pcre-root/usr/bin/pcregrep
test -z "/usr/bin" || /bin/mkdir -p "/var/tmp/pcre-root/usr/bin"
 /usr/bin/install -c pcre-config '/var/tmp/pcre-root/usr/bin'
test -z "/usr/share/doc/pcre" || /bin/mkdir -p "/var/tmp/pcre-root/usr/share/doc/pcre"
 /usr/bin/install -c -m 644 doc/pcre.txt doc/pcre-config.txt doc/pcregrep.txt doc/pcretest.txt AUTHORS COPYING ChangeLog LICENCE NEWS README '/var/tmp/pcre-root/usr/share/doc/pcre'
test -z "/usr/share/doc/pcre/html" || /bin/mkdir -p "/var/tmp/pcre-root/usr/share/doc/pcre/html"
 /usr/bin/install -c -m 644 doc/html/index.html doc/html/pcre.html doc/html/pcre-config.html doc/html/pcre_assign_jit_stack.html doc/html/pcre_compile.html doc/html/pcre_compile2.html doc/html/pcre_config.html doc/html/pcre_copy_named_substring.html doc/html/pcre_copy_substring.html doc/html/pcre_dfa_exec.html doc/html/pcre_exec.html doc/html/pcre_free_study.html doc/html/pcre_free_substring.html doc/html/pcre_free_substring_list.html doc/html/pcre_fullinfo.html doc/html/pcre_get_named_substring.html doc/html/pcre_get_stringnumber.html doc/html/pcre_get_stringtable_entries.html doc/html/pcre_get_substring.html doc/html/pcre_get_substring_list.html doc/html/pcre_info.html doc/html/pcre_jit_stack_alloc.html doc/html/pcre_jit_stack_free.html doc/html/pcre_maketables.html doc/html/pcre_refcount.html doc/html/pcre_study.html doc/html/pcre_version.html doc/html/pcreapi.html doc/html/pcrebuild.html doc/html/pcrecallout.html doc/html/pcrecompat.html doc/html/pcredemo.html doc/html/pcregrep.html doc/html/pcrejit.html doc/html/pcrelimits.html doc/html/pcrematching.html doc/html/pcrepartial.html doc/html/pcrepattern.html doc/html/pcreperform.html doc/html/pcreposix.html '/var/tmp/pcre-root/usr/share/doc/pcre/html'
 /usr/bin/install -c -m 644 doc/html/pcreprecompile.html doc/html/pcresample.html doc/html/pcrestack.html doc/html/pcresyntax.html doc/html/pcretest.html doc/html/pcreunicode.html '/var/tmp/pcre-root/usr/share/doc/pcre/html'
test -z "/usr/share/doc/pcre/html" || /bin/mkdir -p "/var/tmp/pcre-root/usr/share/doc/pcre/html"
 /usr/bin/install -c -m 644 doc/html/pcrecpp.html '/var/tmp/pcre-root/usr/share/doc/pcre/html'
test -z "/usr/include" || /bin/mkdir -p "/var/tmp/pcre-root/usr/include"
 /usr/bin/install -c -m 644 pcreposix.h pcrecpp.h pcre_scanner.h '/var/tmp/pcre-root/usr/include'
test -z "/usr/share/man/man1" || /bin/mkdir -p "/var/tmp/pcre-root/usr/share/man/man1"
 /usr/bin/install -c -m 644 doc/pcre-config.1 doc/pcregrep.1 doc/pcretest.1 '/var/tmp/pcre-root/usr/share/man/man1'
test -z "/usr/share/man/man3" || /bin/mkdir -p "/var/tmp/pcre-root/usr/share/man/man3"
 /usr/bin/install -c -m 644 doc/pcre.3 doc/pcre_assign_jit_stack.3 doc/pcre_compile.3 doc/pcre_compile2.3 doc/pcre_config.3 doc/pcre_copy_named_substring.3 doc/pcre_copy_substring.3 doc/pcre_dfa_exec.3 doc/pcre_exec.3 doc/pcre_free_study.3 doc/pcre_free_substring.3 doc/pcre_free_substring_list.3 doc/pcre_fullinfo.3 doc/pcre_get_named_substring.3 doc/pcre_get_stringnumber.3 doc/pcre_get_stringtable_entries.3 doc/pcre_get_substring.3 doc/pcre_get_substring_list.3 doc/pcre_info.3 doc/pcre_jit_stack_alloc.3 doc/pcre_jit_stack_free.3 doc/pcre_maketables.3 doc/pcre_refcount.3 doc/pcre_study.3 doc/pcre_version.3 doc/pcreapi.3 doc/pcrebuild.3 doc/pcrecallout.3 doc/pcrecompat.3 doc/pcrejit.3 doc/pcrelimits.3 doc/pcrematching.3 doc/pcrepartial.3 doc/pcrepattern.3 doc/pcreperform.3 doc/pcreposix.3 doc/pcreprecompile.3 doc/pcresample.3 doc/pcrestack.3 doc/pcresyntax.3 '/var/tmp/pcre-root/usr/share/man/man3'
 /usr/bin/install -c -m 644 doc/pcreunicode.3 doc/pcrecpp.3 '/var/tmp/pcre-root/usr/share/man/man3'
test -z "/usr/include" || /bin/mkdir -p "/var/tmp/pcre-root/usr/include"
 /usr/bin/install -c -m 644 pcre.h pcrecpparg.h pcre_stringpiece.h '/var/tmp/pcre-root/usr/include'
test -z "/usr/lib64/pkgconfig" || /bin/mkdir -p "/var/tmp/pcre-root/usr/lib64/pkgconfig"
 /usr/bin/install -c -m 644 libpcre.pc libpcreposix.pc libpcrecpp.pc '/var/tmp/pcre-root/usr/lib64/pkgconfig'
make[1]: Leaving directory `/usr/src/rpm/BUILD/pcre-8.20'
+ /usr/lib/rpm/compress_man.sh /var/tmp/pcre-root
+ /usr/lib/rpm/strip.sh /var/tmp/pcre-root
copy from `/var/tmp/pcre-root/usr/bin/pcregrep' [elf64-x86-64] to `/var/tmp/pcre-root/usr/bin/stD7IsNc' [elf64-x86-64]
copy from `/var/tmp/pcre-root/usr/bin/pcretest' [elf64-x86-64] to `/var/tmp/pcre-root/usr/bin/stuOAcGc' [elf64-x86-64]
copy from `/var/tmp/pcre-root/usr/lib64/libpcrecpp.a(pcrecpp.o)' [elf64-x86-64] to `/var/tmp/pcre-root/usr/lib64/stSdTVOx/pcrecpp.o' [elf64-x86-64]
copy from `/var/tmp/pcre-root/usr/lib64/libpcrecpp.a(pcre_scanner.o)' [elf64-x86-64] to `/var/tmp/pcre-root/usr/lib64/stSdTVOx/pcre_scanner.o' [elf64-x86-64]
copy from `/var/tmp/pcre-root/usr/lib64/libpcrecpp.a(pcre_stringpiece.o)' [elf64-x86-64] to `/var/tmp/pcre-root/usr/lib64/stSdTVOx/pcre_stringpiece.o' [elf64-x86-64]
copy from `/var/tmp/pcre-root/usr/lib64/libpcreposix.a(pcreposix.o)' [elf64-x86-64] to `/var/tmp/pcre-root/usr/lib64/stsdP4Hx/pcreposix.o' [elf64-x86-64]
copy from `/var/tmp/pcre-root/usr/lib64/libpcre.a(pcre_compile.o)' [elf64-x86-64] to `/var/tmp/pcre-root/usr/lib64/stG30mby/pcre_compile.o' [elf64-x86-64]
copy from `/var/tmp/pcre-root/usr/lib64/libpcre.a(pcre_config.o)' [elf64-x86-64] to `/var/tmp/pcre-root/usr/lib64/stG30mby/pcre_config.o' [elf64-x86-64]
copy from `/var/tmp/pcre-root/usr/lib64/libpcre.a(pcre_dfa_exec.o)' [elf64-x86-64] to `/var/tmp/pcre-root/usr/lib64/stG30mby/pcre_dfa_exec.o' [elf64-x86-64]
copy from `/var/tmp/pcre-root/usr/lib64/libpcre.a(pcre_exec.o)' [elf64-x86-64] to `/var/tmp/pcre-root/usr/lib64/stG30mby/pcre_exec.o' [elf64-x86-64]
copy from `/var/tmp/pcre-root/usr/lib64/libpcre.a(pcre_fullinfo.o)' [elf64-x86-64] to `/var/tmp/pcre-root/usr/lib64/stG30mby/pcre_fullinfo.o' [elf64-x86-64]
copy from `/var/tmp/pcre-root/usr/lib64/libpcre.a(pcre_get.o)' [elf64-x86-64] to `/var/tmp/pcre-root/usr/lib64/stG30mby/pcre_get.o' [elf64-x86-64]
copy from `/var/tmp/pcre-root/usr/lib64/libpcre.a(pcre_globals.o)' [elf64-x86-64] to `/var/tmp/pcre-root/usr/lib64/stG30mby/pcre_globals.o' [elf64-x86-64]
copy from `/var/tmp/pcre-root/usr/lib64/libpcre.a(pcre_info.o)' [elf64-x86-64] to `/var/tmp/pcre-root/usr/lib64/stG30mby/pcre_info.o' [elf64-x86-64]
copy from `/var/tmp/pcre-root/usr/lib64/libpcre.a(pcre_jit_compile.o)' [elf64-x86-64] to `/var/tmp/pcre-root/usr/lib64/stG30mby/pcre_jit_compile.o' [elf64-x86-64]
copy from `/var/tmp/pcre-root/usr/lib64/libpcre.a(pcre_maketables.o)' [elf64-x86-64] to `/var/tmp/pcre-root/usr/lib64/stG30mby/pcre_maketables.o' [elf64-x86-64]
copy from `/var/tmp/pcre-root/usr/lib64/libpcre.a(pcre_newline.o)' [elf64-x86-64] to `/var/tmp/pcre-root/usr/lib64/stG30mby/pcre_newline.o' [elf64-x86-64]
copy from `/var/tmp/pcre-root/usr/lib64/libpcre.a(pcre_ord2utf8.o)' [elf64-x86-64] to `/var/tmp/pcre-root/usr/lib64/stG30mby/pcre_ord2utf8.o' [elf64-x86-64]
copy from `/var/tmp/pcre-root/usr/lib64/libpcre.a(pcre_refcount.o)' [elf64-x86-64] to `/var/tmp/pcre-root/usr/lib64/stG30mby/pcre_refcount.o' [elf64-x86-64]
copy from `/var/tmp/pcre-root/usr/lib64/libpcre.a(pcre_study.o)' [elf64-x86-64] to `/var/tmp/pcre-root/usr/lib64/stG30mby/pcre_study.o' [elf64-x86-64]
copy from `/var/tmp/pcre-root/usr/lib64/libpcre.a(pcre_tables.o)' [elf64-x86-64] to `/var/tmp/pcre-root/usr/lib64/stG30mby/pcre_tables.o' [elf64-x86-64]
copy from `/var/tmp/pcre-root/usr/lib64/libpcre.a(pcre_try_flipped.o)' [elf64-x86-64] to `/var/tmp/pcre-root/usr/lib64/stG30mby/pcre_try_flipped.o' [elf64-x86-64]
copy from `/var/tmp/pcre-root/usr/lib64/libpcre.a(pcre_ucd.o)' [elf64-x86-64] to `/var/tmp/pcre-root/usr/lib64/stG30mby/pcre_ucd.o' [elf64-x86-64]
copy from `/var/tmp/pcre-root/usr/lib64/libpcre.a(pcre_valid_utf8.o)' [elf64-x86-64] to `/var/tmp/pcre-root/usr/lib64/stG30mby/pcre_valid_utf8.o' [elf64-x86-64]
copy from `/var/tmp/pcre-root/usr/lib64/libpcre.a(pcre_version.o)' [elf64-x86-64] to `/var/tmp/pcre-root/usr/lib64/stG30mby/pcre_version.o' [elf64-x86-64]
copy from `/var/tmp/pcre-root/usr/lib64/libpcre.a(pcre_xclass.o)' [elf64-x86-64] to `/var/tmp/pcre-root/usr/lib64/stG30mby/pcre_xclass.o' [elf64-x86-64]
copy from `/var/tmp/pcre-root/usr/lib64/libpcre.a(pcre_chartables.o)' [elf64-x86-64] to `/var/tmp/pcre-root/usr/lib64/stG30mby/pcre_chartables.o' [elf64-x86-64]
copy from `/var/tmp/pcre-root/usr/lib64/libpcrecpp.so.0.0.0' [elf64-x86-64] to `/var/tmp/pcre-root/usr/lib64/stmaW4gb' [elf64-x86-64]
copy from `/var/tmp/pcre-root/usr/lib64/libpcreposix.so.0.0.0' [elf64-x86-64] to `/var/tmp/pcre-root/usr/lib64/stiP2hKb' [elf64-x86-64]
copy from `/var/tmp/pcre-root/usr/lib64/libpcre.so.0.0.1' [elf64-x86-64] to `/var/tmp/pcre-root/usr/lib64/st2RI5zb' [elf64-x86-64]
+ exit 0
Processing files: pcre-8.20-1.x86_64
Provides: libpcre.so.0()(64bit) libpcrecpp.so.0()(64bit) libpcreposix.so.0()(64bit)
Requires(interp): /sbin/ldconfig /sbin/ldconfig
Requires(post): /sbin/ldconfig
Requires(postun): /sbin/ldconfig
Requires: libbz2.so.1.0()(64bit) libc.so.6()(64bit) libc.so.6(GLIBC_2.2.5)(64bit) libc.so.6(GLIBC_2.3)(64bit) libgcc_s.so.1()(64bit) libgcc_s.so.1(GCC_3.0)(64bit) libm.so.6()(64bit) libpcre.so.0()(64bit) libpcreposix.so.0()(64bit) libreadline.so.6()(64bit) libstdc++.so.6()(64bit) libstdc++.so.6(CXXABI_1.3)(64bit) libstdc++.so.6(GLIBCXX_3.4)(64bit) libstdc++.so.6(GLIBCXX_3.4.9)(64bit) libz.so.1()(64bit)
Processing files: pcre-devel-8.20-1.x86_64
Provides: pkgconfig(libpcre) = 8.20 pkgconfig(libpcrecpp) = 8.20 pkgconfig(libpcreposix) = 8.20
Requires(rpmlib): rpmlib(VersionedDependencies) <= 3.0.3-1
Requires: /bin/sh pkgconfig
Checking for unpackaged file(s): /usr/lib/rpm/check-files /var/tmp/pcre-root
Wrote: /usr/src/rpm/SRPMS/pcre-8.20-1.src.rpm
Wrote: /usr/src/rpm/RPMS/x86_64/pcre-8.20-1.x86_64.rpm
Wrote: /usr/src/rpm/RPMS/x86_64/pcre-devel-8.20-1.x86_64.rpm
Executing(%clean): /bin/sh -e /var/tmp/rpm-tmp.22243
+ umask 022
+ cd /usr/src/rpm/BUILD
+ cd pcre-8.20
+ /bin/rm -rf /var/tmp/pcre-root
