Fetching(Source0): http://dev.lightcube.us/sources/pixman/pixman-0.22.0.tar.gz
Executing(%prep): /bin/sh -e /var/tmp/rpm-tmp.26367
+ umask 022
+ cd /usr/src/rpm/BUILD
+ cd /usr/src/rpm/BUILD
+ rm -rf pixman-0.22.0
+ /bin/gzip -dc /usr/src/rpm/SOURCES/pixman-0.22.0.tar.gz
+ /bin/tar -xf -
+ STATUS=0
+ '[' 0 -ne 0 ']'
+ cd pixman-0.22.0
+ exit 0
Executing(%build): /bin/sh -e /var/tmp/rpm-tmp.26367
+ umask 022
+ cd /usr/src/rpm/BUILD
+ cd pixman-0.22.0
+ ./configure --prefix=/usr --libdir=/usr/lib64 --disable-silent-rules
checking for a BSD-compatible install... /usr/bin/install -c
checking whether build environment is sane... yes
checking for a thread-safe mkdir -p... /bin/mkdir -p
checking for gawk... gawk
checking whether make sets $(MAKE)... yes
checking build system type... x86_64-unknown-linux-gnu
checking host system type... x86_64-unknown-linux-gnu
checking for gcc... gcc
checking whether the C compiler works... yes
checking for C compiler default output file name... a.out
checking for suffix of executables... 
checking whether we are cross compiling... no
checking for suffix of object files... o
checking whether we are using the GNU C compiler... yes
checking whether gcc accepts -g... yes
checking for gcc option to accept ISO C89... none needed
checking for style of include used by make... GNU
checking dependency style of gcc... gcc3
checking dependency style of gcc... gcc3
checking how to print strings... printf
checking for a sed that does not truncate output... /bin/sed
checking for grep that handles long lines and -e... /bin/grep
checking for egrep... /bin/grep -E
checking for fgrep... /bin/grep -F
checking for ld used by gcc... /usr/bin/ld
checking if the linker (/usr/bin/ld) is GNU ld... yes
checking for BSD- or MS-compatible name lister (nm)... /usr/bin/nm -B
checking the name lister (/usr/bin/nm -B) interface... BSD nm
checking whether ln -s works... yes
checking the maximum length of command line arguments... 1572864
checking whether the shell understands some XSI constructs... yes
checking whether the shell understands "+="... yes
checking for /usr/bin/ld option to reload object files... -r
checking for objdump... objdump
checking how to recognize dependent libraries... pass_all
checking for ar... ar
checking for strip... strip
checking for ranlib... ranlib
checking command to parse /usr/bin/nm -B output from gcc object... ok
checking how to run the C preprocessor... gcc -E
checking for ANSI C header files... yes
checking for sys/types.h... yes
checking for sys/stat.h... yes
checking for stdlib.h... yes
checking for string.h... yes
checking for memory.h... yes
checking for strings.h... yes
checking for inttypes.h... yes
checking for stdint.h... yes
checking for unistd.h... yes
checking for dlfcn.h... yes
checking for objdir... .libs
checking if gcc supports -fno-rtti -fno-exceptions... no
checking for gcc option to produce PIC... -fPIC -DPIC
checking if gcc PIC flag -fPIC -DPIC works... yes
checking if gcc static flag -static works... yes
checking if gcc supports -c -o file.o... yes
checking if gcc supports -c -o file.o... (cached) yes
checking whether the gcc linker (/usr/bin/ld -m elf_x86_64) supports shared libraries... yes
checking whether -lc should be explicitly linked in... no
checking dynamic linker characteristics... GNU/Linux ld.so
checking how to hardcode library paths into programs... immediate
checking whether stripping libraries is possible... yes
checking if libtool supports shared libraries... yes
checking whether to build shared libraries... yes
checking whether to build static libraries... yes
checking for getisax... no
checking whether byte ordering is bigendian... no
checking for inline... inline
checking whether the compiler supports -Werror... yes
checking size of long... 8
checking whether __SUNPRO_C is declared... no
checking whether __amd64 is declared... yes
checking whether the compiler supports -Wall... yes
checking whether the compiler supports -fno-strict-aliasing... yes
checking for perl... /usr/bin/perl
checking for gcc option to support OpenMP... -fopenmp
checking whether the compiler supports -fvisibility=hidden... yes
checking whether the compiler supports -xldscope=hidden... no
checking whether to use MMX intrinsics... yes
checking whether to use SSE2 intrinsics... yes
checking whether to use VMX/Altivec intrinsics... no
checking whether to use ARM SIMD assembler... no
checking whether to use ARM NEON assembler... no
checking whether to use GNU-style inline assembler... yes
checking for pkg-config... /usr/bin/pkg-config
checking pkg-config is at least version 0.9.0... yes
checking for pixman_version_string in -lpixman-1... no
checking for posix_memalign... yes
checking for sigaction... yes
checking for alarm... yes
checking sys/mman.h usability... yes
checking sys/mman.h presence... yes
checking for sys/mman.h... yes
checking for mprotect... yes
checking for getpagesize... yes
checking fenv.h usability... yes
checking fenv.h presence... yes
checking for fenv.h... yes
checking for feenableexcept in -lm... yes
checking for gettimeofday... yes
checking sys/time.h usability... yes
checking sys/time.h presence... yes
checking for sys/time.h... yes
checking for __thread... yes
checking for __attribute__((constructor))... yes
configure: creating ./config.status
config.status: creating pixman-1.pc
config.status: creating pixman-1-uninstalled.pc
config.status: creating Makefile
config.status: creating pixman/Makefile
config.status: creating pixman/pixman-version.h
config.status: creating demos/Makefile
config.status: creating test/Makefile
config.status: creating config.h
config.status: executing depfiles commands
config.status: executing libtool commands
+ make
make  all-recursive
make[1]: Entering directory `/usr/src/rpm/BUILD/pixman-0.22.0'
Making all in pixman
make[2]: Entering directory `/usr/src/rpm/BUILD/pixman-0.22.0/pixman'
make  all-am
make[3]: Entering directory `/usr/src/rpm/BUILD/pixman-0.22.0/pixman'
/bin/sh ../libtool  --tag=CC   --mode=compile gcc -DHAVE_CONFIG_H -I. -I..     -g -O2 -Wall -fno-strict-aliasing -fvisibility=hidden -MT pixman-access.lo -MD -MP -MF .deps/pixman-access.Tpo -c -o pixman-access.lo pixman-access.c
libtool: compile:  gcc -DHAVE_CONFIG_H -I. -I.. -g -O2 -Wall -fno-strict-aliasing -fvisibility=hidden -MT pixman-access.lo -MD -MP -MF .deps/pixman-access.Tpo -c pixman-access.c  -fPIC -DPIC -o .libs/pixman-access.o
libtool: compile:  gcc -DHAVE_CONFIG_H -I. -I.. -g -O2 -Wall -fno-strict-aliasing -fvisibility=hidden -MT pixman-access.lo -MD -MP -MF .deps/pixman-access.Tpo -c pixman-access.c -o pixman-access.o >/dev/null 2>&1
mv -f .deps/pixman-access.Tpo .deps/pixman-access.Plo
/bin/sh ../libtool  --tag=CC   --mode=compile gcc -DHAVE_CONFIG_H -I. -I..     -g -O2 -Wall -fno-strict-aliasing -fvisibility=hidden -MT pixman-access-accessors.lo -MD -MP -MF .deps/pixman-access-accessors.Tpo -c -o pixman-access-accessors.lo pixman-access-accessors.c
libtool: compile:  gcc -DHAVE_CONFIG_H -I. -I.. -g -O2 -Wall -fno-strict-aliasing -fvisibility=hidden -MT pixman-access-accessors.lo -MD -MP -MF .deps/pixman-access-accessors.Tpo -c pixman-access-accessors.c  -fPIC -DPIC -o .libs/pixman-access-accessors.o
libtool: compile:  gcc -DHAVE_CONFIG_H -I. -I.. -g -O2 -Wall -fno-strict-aliasing -fvisibility=hidden -MT pixman-access-accessors.lo -MD -MP -MF .deps/pixman-access-accessors.Tpo -c pixman-access-accessors.c -o pixman-access-accessors.o >/dev/null 2>&1
mv -f .deps/pixman-access-accessors.Tpo .deps/pixman-access-accessors.Plo
/bin/sh ../libtool  --tag=CC   --mode=compile gcc -DHAVE_CONFIG_H -I. -I..     -g -O2 -Wall -fno-strict-aliasing -fvisibility=hidden -MT pixman-cpu.lo -MD -MP -MF .deps/pixman-cpu.Tpo -c -o pixman-cpu.lo pixman-cpu.c
libtool: compile:  gcc -DHAVE_CONFIG_H -I. -I.. -g -O2 -Wall -fno-strict-aliasing -fvisibility=hidden -MT pixman-cpu.lo -MD -MP -MF .deps/pixman-cpu.Tpo -c pixman-cpu.c  -fPIC -DPIC -o .libs/pixman-cpu.o
libtool: compile:  gcc -DHAVE_CONFIG_H -I. -I.. -g -O2 -Wall -fno-strict-aliasing -fvisibility=hidden -MT pixman-cpu.lo -MD -MP -MF .deps/pixman-cpu.Tpo -c pixman-cpu.c -o pixman-cpu.o >/dev/null 2>&1
mv -f .deps/pixman-cpu.Tpo .deps/pixman-cpu.Plo
/bin/sh ../libtool  --tag=CC   --mode=compile gcc -DHAVE_CONFIG_H -I. -I..     -g -O2 -Wall -fno-strict-aliasing -fvisibility=hidden -MT pixman-gradient-walker.lo -MD -MP -MF .deps/pixman-gradient-walker.Tpo -c -o pixman-gradient-walker.lo pixman-gradient-walker.c
libtool: compile:  gcc -DHAVE_CONFIG_H -I. -I.. -g -O2 -Wall -fno-strict-aliasing -fvisibility=hidden -MT pixman-gradient-walker.lo -MD -MP -MF .deps/pixman-gradient-walker.Tpo -c pixman-gradient-walker.c  -fPIC -DPIC -o .libs/pixman-gradient-walker.o
libtool: compile:  gcc -DHAVE_CONFIG_H -I. -I.. -g -O2 -Wall -fno-strict-aliasing -fvisibility=hidden -MT pixman-gradient-walker.lo -MD -MP -MF .deps/pixman-gradient-walker.Tpo -c pixman-gradient-walker.c -o pixman-gradient-walker.o >/dev/null 2>&1
mv -f .deps/pixman-gradient-walker.Tpo .deps/pixman-gradient-walker.Plo
/bin/sh ../libtool  --tag=CC   --mode=compile gcc -DHAVE_CONFIG_H -I. -I..     -g -O2 -Wall -fno-strict-aliasing -fvisibility=hidden -MT pixman-region16.lo -MD -MP -MF .deps/pixman-region16.Tpo -c -o pixman-region16.lo pixman-region16.c
libtool: compile:  gcc -DHAVE_CONFIG_H -I. -I.. -g -O2 -Wall -fno-strict-aliasing -fvisibility=hidden -MT pixman-region16.lo -MD -MP -MF .deps/pixman-region16.Tpo -c pixman-region16.c  -fPIC -DPIC -o .libs/pixman-region16.o
libtool: compile:  gcc -DHAVE_CONFIG_H -I. -I.. -g -O2 -Wall -fno-strict-aliasing -fvisibility=hidden -MT pixman-region16.lo -MD -MP -MF .deps/pixman-region16.Tpo -c pixman-region16.c -o pixman-region16.o >/dev/null 2>&1
mv -f .deps/pixman-region16.Tpo .deps/pixman-region16.Plo
/bin/sh ../libtool  --tag=CC   --mode=compile gcc -DHAVE_CONFIG_H -I. -I..     -g -O2 -Wall -fno-strict-aliasing -fvisibility=hidden -MT pixman-region32.lo -MD -MP -MF .deps/pixman-region32.Tpo -c -o pixman-region32.lo pixman-region32.c
libtool: compile:  gcc -DHAVE_CONFIG_H -I. -I.. -g -O2 -Wall -fno-strict-aliasing -fvisibility=hidden -MT pixman-region32.lo -MD -MP -MF .deps/pixman-region32.Tpo -c pixman-region32.c  -fPIC -DPIC -o .libs/pixman-region32.o
libtool: compile:  gcc -DHAVE_CONFIG_H -I. -I.. -g -O2 -Wall -fno-strict-aliasing -fvisibility=hidden -MT pixman-region32.lo -MD -MP -MF .deps/pixman-region32.Tpo -c pixman-region32.c -o pixman-region32.o >/dev/null 2>&1
mv -f .deps/pixman-region32.Tpo .deps/pixman-region32.Plo
/bin/sh ../libtool  --tag=CC   --mode=compile gcc -DHAVE_CONFIG_H -I. -I..     -g -O2 -Wall -fno-strict-aliasing -fvisibility=hidden -MT pixman-image.lo -MD -MP -MF .deps/pixman-image.Tpo -c -o pixman-image.lo pixman-image.c
libtool: compile:  gcc -DHAVE_CONFIG_H -I. -I.. -g -O2 -Wall -fno-strict-aliasing -fvisibility=hidden -MT pixman-image.lo -MD -MP -MF .deps/pixman-image.Tpo -c pixman-image.c  -fPIC -DPIC -o .libs/pixman-image.o
libtool: compile:  gcc -DHAVE_CONFIG_H -I. -I.. -g -O2 -Wall -fno-strict-aliasing -fvisibility=hidden -MT pixman-image.lo -MD -MP -MF .deps/pixman-image.Tpo -c pixman-image.c -o pixman-image.o >/dev/null 2>&1
mv -f .deps/pixman-image.Tpo .deps/pixman-image.Plo
/bin/sh ../libtool  --tag=CC   --mode=compile gcc -DHAVE_CONFIG_H -I. -I..     -g -O2 -Wall -fno-strict-aliasing -fvisibility=hidden -MT pixman-implementation.lo -MD -MP -MF .deps/pixman-implementation.Tpo -c -o pixman-implementation.lo pixman-implementation.c
libtool: compile:  gcc -DHAVE_CONFIG_H -I. -I.. -g -O2 -Wall -fno-strict-aliasing -fvisibility=hidden -MT pixman-implementation.lo -MD -MP -MF .deps/pixman-implementation.Tpo -c pixman-implementation.c  -fPIC -DPIC -o .libs/pixman-implementation.o
libtool: compile:  gcc -DHAVE_CONFIG_H -I. -I.. -g -O2 -Wall -fno-strict-aliasing -fvisibility=hidden -MT pixman-implementation.lo -MD -MP -MF .deps/pixman-implementation.Tpo -c pixman-implementation.c -o pixman-implementation.o >/dev/null 2>&1
mv -f .deps/pixman-implementation.Tpo .deps/pixman-implementation.Plo
/bin/sh ../libtool  --tag=CC   --mode=compile gcc -DHAVE_CONFIG_H -I. -I..     -g -O2 -Wall -fno-strict-aliasing -fvisibility=hidden -MT pixman-combine32.lo -MD -MP -MF .deps/pixman-combine32.Tpo -c -o pixman-combine32.lo pixman-combine32.c
libtool: compile:  gcc -DHAVE_CONFIG_H -I. -I.. -g -O2 -Wall -fno-strict-aliasing -fvisibility=hidden -MT pixman-combine32.lo -MD -MP -MF .deps/pixman-combine32.Tpo -c pixman-combine32.c  -fPIC -DPIC -o .libs/pixman-combine32.o
libtool: compile:  gcc -DHAVE_CONFIG_H -I. -I.. -g -O2 -Wall -fno-strict-aliasing -fvisibility=hidden -MT pixman-combine32.lo -MD -MP -MF .deps/pixman-combine32.Tpo -c pixman-combine32.c -o pixman-combine32.o >/dev/null 2>&1
mv -f .deps/pixman-combine32.Tpo .deps/pixman-combine32.Plo
/bin/sh ../libtool  --tag=CC   --mode=compile gcc -DHAVE_CONFIG_H -I. -I..     -g -O2 -Wall -fno-strict-aliasing -fvisibility=hidden -MT pixman-combine64.lo -MD -MP -MF .deps/pixman-combine64.Tpo -c -o pixman-combine64.lo pixman-combine64.c
libtool: compile:  gcc -DHAVE_CONFIG_H -I. -I.. -g -O2 -Wall -fno-strict-aliasing -fvisibility=hidden -MT pixman-combine64.lo -MD -MP -MF .deps/pixman-combine64.Tpo -c pixman-combine64.c  -fPIC -DPIC -o .libs/pixman-combine64.o
libtool: compile:  gcc -DHAVE_CONFIG_H -I. -I.. -g -O2 -Wall -fno-strict-aliasing -fvisibility=hidden -MT pixman-combine64.lo -MD -MP -MF .deps/pixman-combine64.Tpo -c pixman-combine64.c -o pixman-combine64.o >/dev/null 2>&1
mv -f .deps/pixman-combine64.Tpo .deps/pixman-combine64.Plo
/bin/sh ../libtool  --tag=CC   --mode=compile gcc -DHAVE_CONFIG_H -I. -I..     -g -O2 -Wall -fno-strict-aliasing -fvisibility=hidden -MT pixman-general.lo -MD -MP -MF .deps/pixman-general.Tpo -c -o pixman-general.lo pixman-general.c
libtool: compile:  gcc -DHAVE_CONFIG_H -I. -I.. -g -O2 -Wall -fno-strict-aliasing -fvisibility=hidden -MT pixman-general.lo -MD -MP -MF .deps/pixman-general.Tpo -c pixman-general.c  -fPIC -DPIC -o .libs/pixman-general.o
libtool: compile:  gcc -DHAVE_CONFIG_H -I. -I.. -g -O2 -Wall -fno-strict-aliasing -fvisibility=hidden -MT pixman-general.lo -MD -MP -MF .deps/pixman-general.Tpo -c pixman-general.c -o pixman-general.o >/dev/null 2>&1
mv -f .deps/pixman-general.Tpo .deps/pixman-general.Plo
/bin/sh ../libtool  --tag=CC   --mode=compile gcc -DHAVE_CONFIG_H -I. -I..     -g -O2 -Wall -fno-strict-aliasing -fvisibility=hidden -MT pixman.lo -MD -MP -MF .deps/pixman.Tpo -c -o pixman.lo pixman.c
libtool: compile:  gcc -DHAVE_CONFIG_H -I. -I.. -g -O2 -Wall -fno-strict-aliasing -fvisibility=hidden -MT pixman.lo -MD -MP -MF .deps/pixman.Tpo -c pixman.c  -fPIC -DPIC -o .libs/pixman.o
libtool: compile:  gcc -DHAVE_CONFIG_H -I. -I.. -g -O2 -Wall -fno-strict-aliasing -fvisibility=hidden -MT pixman.lo -MD -MP -MF .deps/pixman.Tpo -c pixman.c -o pixman.o >/dev/null 2>&1
mv -f .deps/pixman.Tpo .deps/pixman.Plo
/bin/sh ../libtool  --tag=CC   --mode=compile gcc -DHAVE_CONFIG_H -I. -I..     -g -O2 -Wall -fno-strict-aliasing -fvisibility=hidden -MT pixman-fast-path.lo -MD -MP -MF .deps/pixman-fast-path.Tpo -c -o pixman-fast-path.lo pixman-fast-path.c
libtool: compile:  gcc -DHAVE_CONFIG_H -I. -I.. -g -O2 -Wall -fno-strict-aliasing -fvisibility=hidden -MT pixman-fast-path.lo -MD -MP -MF .deps/pixman-fast-path.Tpo -c pixman-fast-path.c  -fPIC -DPIC -o .libs/pixman-fast-path.o
libtool: compile:  gcc -DHAVE_CONFIG_H -I. -I.. -g -O2 -Wall -fno-strict-aliasing -fvisibility=hidden -MT pixman-fast-path.lo -MD -MP -MF .deps/pixman-fast-path.Tpo -c pixman-fast-path.c -o pixman-fast-path.o >/dev/null 2>&1
mv -f .deps/pixman-fast-path.Tpo .deps/pixman-fast-path.Plo
/bin/sh ../libtool  --tag=CC   --mode=compile gcc -DHAVE_CONFIG_H -I. -I..     -g -O2 -Wall -fno-strict-aliasing -fvisibility=hidden -MT pixman-solid-fill.lo -MD -MP -MF .deps/pixman-solid-fill.Tpo -c -o pixman-solid-fill.lo pixman-solid-fill.c
libtool: compile:  gcc -DHAVE_CONFIG_H -I. -I.. -g -O2 -Wall -fno-strict-aliasing -fvisibility=hidden -MT pixman-solid-fill.lo -MD -MP -MF .deps/pixman-solid-fill.Tpo -c pixman-solid-fill.c  -fPIC -DPIC -o .libs/pixman-solid-fill.o
libtool: compile:  gcc -DHAVE_CONFIG_H -I. -I.. -g -O2 -Wall -fno-strict-aliasing -fvisibility=hidden -MT pixman-solid-fill.lo -MD -MP -MF .deps/pixman-solid-fill.Tpo -c pixman-solid-fill.c -o pixman-solid-fill.o >/dev/null 2>&1
mv -f .deps/pixman-solid-fill.Tpo .deps/pixman-solid-fill.Plo
/bin/sh ../libtool  --tag=CC   --mode=compile gcc -DHAVE_CONFIG_H -I. -I..     -g -O2 -Wall -fno-strict-aliasing -fvisibility=hidden -MT pixman-conical-gradient.lo -MD -MP -MF .deps/pixman-conical-gradient.Tpo -c -o pixman-conical-gradient.lo pixman-conical-gradient.c
libtool: compile:  gcc -DHAVE_CONFIG_H -I. -I.. -g -O2 -Wall -fno-strict-aliasing -fvisibility=hidden -MT pixman-conical-gradient.lo -MD -MP -MF .deps/pixman-conical-gradient.Tpo -c pixman-conical-gradient.c  -fPIC -DPIC -o .libs/pixman-conical-gradient.o
libtool: compile:  gcc -DHAVE_CONFIG_H -I. -I.. -g -O2 -Wall -fno-strict-aliasing -fvisibility=hidden -MT pixman-conical-gradient.lo -MD -MP -MF .deps/pixman-conical-gradient.Tpo -c pixman-conical-gradient.c -o pixman-conical-gradient.o >/dev/null 2>&1
mv -f .deps/pixman-conical-gradient.Tpo .deps/pixman-conical-gradient.Plo
/bin/sh ../libtool  --tag=CC   --mode=compile gcc -DHAVE_CONFIG_H -I. -I..     -g -O2 -Wall -fno-strict-aliasing -fvisibility=hidden -MT pixman-linear-gradient.lo -MD -MP -MF .deps/pixman-linear-gradient.Tpo -c -o pixman-linear-gradient.lo pixman-linear-gradient.c
libtool: compile:  gcc -DHAVE_CONFIG_H -I. -I.. -g -O2 -Wall -fno-strict-aliasing -fvisibility=hidden -MT pixman-linear-gradient.lo -MD -MP -MF .deps/pixman-linear-gradient.Tpo -c pixman-linear-gradient.c  -fPIC -DPIC -o .libs/pixman-linear-gradient.o
libtool: compile:  gcc -DHAVE_CONFIG_H -I. -I.. -g -O2 -Wall -fno-strict-aliasing -fvisibility=hidden -MT pixman-linear-gradient.lo -MD -MP -MF .deps/pixman-linear-gradient.Tpo -c pixman-linear-gradient.c -o pixman-linear-gradient.o >/dev/null 2>&1
mv -f .deps/pixman-linear-gradient.Tpo .deps/pixman-linear-gradient.Plo
/bin/sh ../libtool  --tag=CC   --mode=compile gcc -DHAVE_CONFIG_H -I. -I..     -g -O2 -Wall -fno-strict-aliasing -fvisibility=hidden -MT pixman-radial-gradient.lo -MD -MP -MF .deps/pixman-radial-gradient.Tpo -c -o pixman-radial-gradient.lo pixman-radial-gradient.c
libtool: compile:  gcc -DHAVE_CONFIG_H -I. -I.. -g -O2 -Wall -fno-strict-aliasing -fvisibility=hidden -MT pixman-radial-gradient.lo -MD -MP -MF .deps/pixman-radial-gradient.Tpo -c pixman-radial-gradient.c  -fPIC -DPIC -o .libs/pixman-radial-gradient.o
libtool: compile:  gcc -DHAVE_CONFIG_H -I. -I.. -g -O2 -Wall -fno-strict-aliasing -fvisibility=hidden -MT pixman-radial-gradient.lo -MD -MP -MF .deps/pixman-radial-gradient.Tpo -c pixman-radial-gradient.c -o pixman-radial-gradient.o >/dev/null 2>&1
mv -f .deps/pixman-radial-gradient.Tpo .deps/pixman-radial-gradient.Plo
/bin/sh ../libtool  --tag=CC   --mode=compile gcc -DHAVE_CONFIG_H -I. -I..     -g -O2 -Wall -fno-strict-aliasing -fvisibility=hidden -MT pixman-bits-image.lo -MD -MP -MF .deps/pixman-bits-image.Tpo -c -o pixman-bits-image.lo pixman-bits-image.c
libtool: compile:  gcc -DHAVE_CONFIG_H -I. -I.. -g -O2 -Wall -fno-strict-aliasing -fvisibility=hidden -MT pixman-bits-image.lo -MD -MP -MF .deps/pixman-bits-image.Tpo -c pixman-bits-image.c  -fPIC -DPIC -o .libs/pixman-bits-image.o
libtool: compile:  gcc -DHAVE_CONFIG_H -I. -I.. -g -O2 -Wall -fno-strict-aliasing -fvisibility=hidden -MT pixman-bits-image.lo -MD -MP -MF .deps/pixman-bits-image.Tpo -c pixman-bits-image.c -o pixman-bits-image.o >/dev/null 2>&1
mv -f .deps/pixman-bits-image.Tpo .deps/pixman-bits-image.Plo
/bin/sh ../libtool  --tag=CC   --mode=compile gcc -DHAVE_CONFIG_H -I. -I..     -g -O2 -Wall -fno-strict-aliasing -fvisibility=hidden -MT pixman-utils.lo -MD -MP -MF .deps/pixman-utils.Tpo -c -o pixman-utils.lo pixman-utils.c
libtool: compile:  gcc -DHAVE_CONFIG_H -I. -I.. -g -O2 -Wall -fno-strict-aliasing -fvisibility=hidden -MT pixman-utils.lo -MD -MP -MF .deps/pixman-utils.Tpo -c pixman-utils.c  -fPIC -DPIC -o .libs/pixman-utils.o
libtool: compile:  gcc -DHAVE_CONFIG_H -I. -I.. -g -O2 -Wall -fno-strict-aliasing -fvisibility=hidden -MT pixman-utils.lo -MD -MP -MF .deps/pixman-utils.Tpo -c pixman-utils.c -o pixman-utils.o >/dev/null 2>&1
mv -f .deps/pixman-utils.Tpo .deps/pixman-utils.Plo
/bin/sh ../libtool  --tag=CC   --mode=compile gcc -DHAVE_CONFIG_H -I. -I..     -g -O2 -Wall -fno-strict-aliasing -fvisibility=hidden -MT pixman-edge.lo -MD -MP -MF .deps/pixman-edge.Tpo -c -o pixman-edge.lo pixman-edge.c
libtool: compile:  gcc -DHAVE_CONFIG_H -I. -I.. -g -O2 -Wall -fno-strict-aliasing -fvisibility=hidden -MT pixman-edge.lo -MD -MP -MF .deps/pixman-edge.Tpo -c pixman-edge.c  -fPIC -DPIC -o .libs/pixman-edge.o
libtool: compile:  gcc -DHAVE_CONFIG_H -I. -I.. -g -O2 -Wall -fno-strict-aliasing -fvisibility=hidden -MT pixman-edge.lo -MD -MP -MF .deps/pixman-edge.Tpo -c pixman-edge.c -o pixman-edge.o >/dev/null 2>&1
mv -f .deps/pixman-edge.Tpo .deps/pixman-edge.Plo
/bin/sh ../libtool  --tag=CC   --mode=compile gcc -DHAVE_CONFIG_H -I. -I..     -g -O2 -Wall -fno-strict-aliasing -fvisibility=hidden -MT pixman-edge-accessors.lo -MD -MP -MF .deps/pixman-edge-accessors.Tpo -c -o pixman-edge-accessors.lo pixman-edge-accessors.c
libtool: compile:  gcc -DHAVE_CONFIG_H -I. -I.. -g -O2 -Wall -fno-strict-aliasing -fvisibility=hidden -MT pixman-edge-accessors.lo -MD -MP -MF .deps/pixman-edge-accessors.Tpo -c pixman-edge-accessors.c  -fPIC -DPIC -o .libs/pixman-edge-accessors.o
libtool: compile:  gcc -DHAVE_CONFIG_H -I. -I.. -g -O2 -Wall -fno-strict-aliasing -fvisibility=hidden -MT pixman-edge-accessors.lo -MD -MP -MF .deps/pixman-edge-accessors.Tpo -c pixman-edge-accessors.c -o pixman-edge-accessors.o >/dev/null 2>&1
mv -f .deps/pixman-edge-accessors.Tpo .deps/pixman-edge-accessors.Plo
/bin/sh ../libtool  --tag=CC   --mode=compile gcc -DHAVE_CONFIG_H -I. -I..     -g -O2 -Wall -fno-strict-aliasing -fvisibility=hidden -MT pixman-trap.lo -MD -MP -MF .deps/pixman-trap.Tpo -c -o pixman-trap.lo pixman-trap.c
libtool: compile:  gcc -DHAVE_CONFIG_H -I. -I.. -g -O2 -Wall -fno-strict-aliasing -fvisibility=hidden -MT pixman-trap.lo -MD -MP -MF .deps/pixman-trap.Tpo -c pixman-trap.c  -fPIC -DPIC -o .libs/pixman-trap.o
libtool: compile:  gcc -DHAVE_CONFIG_H -I. -I.. -g -O2 -Wall -fno-strict-aliasing -fvisibility=hidden -MT pixman-trap.lo -MD -MP -MF .deps/pixman-trap.Tpo -c pixman-trap.c -o pixman-trap.o >/dev/null 2>&1
mv -f .deps/pixman-trap.Tpo .deps/pixman-trap.Plo
/bin/sh ../libtool  --tag=CC   --mode=compile gcc -DHAVE_CONFIG_H -I. -I..     -g -O2 -Wall -fno-strict-aliasing -fvisibility=hidden -MT pixman-timer.lo -MD -MP -MF .deps/pixman-timer.Tpo -c -o pixman-timer.lo pixman-timer.c
libtool: compile:  gcc -DHAVE_CONFIG_H -I. -I.. -g -O2 -Wall -fno-strict-aliasing -fvisibility=hidden -MT pixman-timer.lo -MD -MP -MF .deps/pixman-timer.Tpo -c pixman-timer.c  -fPIC -DPIC -o .libs/pixman-timer.o
libtool: compile:  gcc -DHAVE_CONFIG_H -I. -I.. -g -O2 -Wall -fno-strict-aliasing -fvisibility=hidden -MT pixman-timer.lo -MD -MP -MF .deps/pixman-timer.Tpo -c pixman-timer.c -o pixman-timer.o >/dev/null 2>&1
mv -f .deps/pixman-timer.Tpo .deps/pixman-timer.Plo
/bin/sh ../libtool  --tag=CC   --mode=compile gcc -DHAVE_CONFIG_H -I. -I..     -g -O2 -Wall -fno-strict-aliasing -fvisibility=hidden -MT pixman-matrix.lo -MD -MP -MF .deps/pixman-matrix.Tpo -c -o pixman-matrix.lo pixman-matrix.c
libtool: compile:  gcc -DHAVE_CONFIG_H -I. -I.. -g -O2 -Wall -fno-strict-aliasing -fvisibility=hidden -MT pixman-matrix.lo -MD -MP -MF .deps/pixman-matrix.Tpo -c pixman-matrix.c  -fPIC -DPIC -o .libs/pixman-matrix.o
libtool: compile:  gcc -DHAVE_CONFIG_H -I. -I.. -g -O2 -Wall -fno-strict-aliasing -fvisibility=hidden -MT pixman-matrix.lo -MD -MP -MF .deps/pixman-matrix.Tpo -c pixman-matrix.c -o pixman-matrix.o >/dev/null 2>&1
mv -f .deps/pixman-matrix.Tpo .deps/pixman-matrix.Plo
/bin/sh ../libtool  --tag=CC   --mode=compile gcc -DHAVE_CONFIG_H -I. -I..     -mmmx -Winline -g -O2 -Wall -fno-strict-aliasing -fvisibility=hidden -MT libpixman_mmx_la-pixman-mmx.lo -MD -MP -MF .deps/libpixman_mmx_la-pixman-mmx.Tpo -c -o libpixman_mmx_la-pixman-mmx.lo `test -f 'pixman-mmx.c' || echo './'`pixman-mmx.c
libtool: compile:  gcc -DHAVE_CONFIG_H -I. -I.. -mmmx -Winline -g -O2 -Wall -fno-strict-aliasing -fvisibility=hidden -MT libpixman_mmx_la-pixman-mmx.lo -MD -MP -MF .deps/libpixman_mmx_la-pixman-mmx.Tpo -c pixman-mmx.c  -fPIC -DPIC -o .libs/libpixman_mmx_la-pixman-mmx.o
libtool: compile:  gcc -DHAVE_CONFIG_H -I. -I.. -mmmx -Winline -g -O2 -Wall -fno-strict-aliasing -fvisibility=hidden -MT libpixman_mmx_la-pixman-mmx.lo -MD -MP -MF .deps/libpixman_mmx_la-pixman-mmx.Tpo -c pixman-mmx.c -o libpixman_mmx_la-pixman-mmx.o >/dev/null 2>&1
mv -f .deps/libpixman_mmx_la-pixman-mmx.Tpo .deps/libpixman_mmx_la-pixman-mmx.Plo
/bin/sh ../libtool  --tag=CC   --mode=link gcc  -mmmx -Winline -g -O2 -Wall -fno-strict-aliasing -fvisibility=hidden   -o libpixman-mmx.la  libpixman_mmx_la-pixman-mmx.lo  
libtool: link: ar cru .libs/libpixman-mmx.a .libs/libpixman_mmx_la-pixman-mmx.o 
libtool: link: ranlib .libs/libpixman-mmx.a
libtool: link: ( cd ".libs" && rm -f "libpixman-mmx.la" && ln -s "../libpixman-mmx.la" "libpixman-mmx.la" )
/bin/sh ../libtool  --tag=CC   --mode=compile gcc -DHAVE_CONFIG_H -I. -I..     -msse2 -Winline -g -O2 -Wall -fno-strict-aliasing -fvisibility=hidden -MT libpixman_sse2_la-pixman-sse2.lo -MD -MP -MF .deps/libpixman_sse2_la-pixman-sse2.Tpo -c -o libpixman_sse2_la-pixman-sse2.lo `test -f 'pixman-sse2.c' || echo './'`pixman-sse2.c
libtool: compile:  gcc -DHAVE_CONFIG_H -I. -I.. -msse2 -Winline -g -O2 -Wall -fno-strict-aliasing -fvisibility=hidden -MT libpixman_sse2_la-pixman-sse2.lo -MD -MP -MF .deps/libpixman_sse2_la-pixman-sse2.Tpo -c pixman-sse2.c  -fPIC -DPIC -o .libs/libpixman_sse2_la-pixman-sse2.o
libtool: compile:  gcc -DHAVE_CONFIG_H -I. -I.. -msse2 -Winline -g -O2 -Wall -fno-strict-aliasing -fvisibility=hidden -MT libpixman_sse2_la-pixman-sse2.lo -MD -MP -MF .deps/libpixman_sse2_la-pixman-sse2.Tpo -c pixman-sse2.c -o libpixman_sse2_la-pixman-sse2.o >/dev/null 2>&1
mv -f .deps/libpixman_sse2_la-pixman-sse2.Tpo .deps/libpixman_sse2_la-pixman-sse2.Plo
/bin/sh ../libtool  --tag=CC   --mode=link gcc  -msse2 -Winline -g -O2 -Wall -fno-strict-aliasing -fvisibility=hidden   -o libpixman-sse2.la  libpixman_sse2_la-pixman-sse2.lo  
libtool: link: ar cru .libs/libpixman-sse2.a .libs/libpixman_sse2_la-pixman-sse2.o 
libtool: link: ranlib .libs/libpixman-sse2.a
libtool: link: ( cd ".libs" && rm -f "libpixman-sse2.la" && ln -s "../libpixman-sse2.la" "libpixman-sse2.la" )
/bin/sh ../libtool  --tag=CC   --mode=link gcc  -g -O2 -Wall -fno-strict-aliasing -fvisibility=hidden -version-info 22:0:22 -no-undefined     -o libpixman-1.la -rpath /usr/lib64 pixman-access.lo pixman-access-accessors.lo pixman-cpu.lo pixman-gradient-walker.lo pixman-region16.lo pixman-region32.lo pixman-image.lo pixman-implementation.lo pixman-combine32.lo pixman-combine64.lo pixman-general.lo pixman.lo pixman-fast-path.lo pixman-solid-fill.lo pixman-conical-gradient.lo pixman-linear-gradient.lo pixman-radial-gradient.lo pixman-bits-image.lo pixman-utils.lo pixman-edge.lo pixman-edge-accessors.lo pixman-trap.lo pixman-timer.lo pixman-matrix.lo -lm libpixman-mmx.la  libpixman-sse2.la   
libtool: link: gcc -shared  .libs/pixman-access.o .libs/pixman-access-accessors.o .libs/pixman-cpu.o .libs/pixman-gradient-walker.o .libs/pixman-region16.o .libs/pixman-region32.o .libs/pixman-image.o .libs/pixman-implementation.o .libs/pixman-combine32.o .libs/pixman-combine64.o .libs/pixman-general.o .libs/pixman.o .libs/pixman-fast-path.o .libs/pixman-solid-fill.o .libs/pixman-conical-gradient.o .libs/pixman-linear-gradient.o .libs/pixman-radial-gradient.o .libs/pixman-bits-image.o .libs/pixman-utils.o .libs/pixman-edge.o .libs/pixman-edge-accessors.o .libs/pixman-trap.o .libs/pixman-timer.o .libs/pixman-matrix.o  -Wl,--whole-archive ./.libs/libpixman-mmx.a ./.libs/libpixman-sse2.a -Wl,--no-whole-archive  -lm    -Wl,-soname -Wl,libpixman-1.so.0 -o .libs/libpixman-1.so.0.22.0
libtool: link: (cd ".libs" && rm -f "libpixman-1.so.0" && ln -s "libpixman-1.so.0.22.0" "libpixman-1.so.0")
libtool: link: (cd ".libs" && rm -f "libpixman-1.so" && ln -s "libpixman-1.so.0.22.0" "libpixman-1.so")
libtool: link: (cd .libs/libpixman-1.lax/libpixman-mmx.a && ar x "/usr/src/rpm/BUILD/pixman-0.22.0/pixman/./.libs/libpixman-mmx.a")
libtool: link: (cd .libs/libpixman-1.lax/libpixman-sse2.a && ar x "/usr/src/rpm/BUILD/pixman-0.22.0/pixman/./.libs/libpixman-sse2.a")
libtool: link: ar cru .libs/libpixman-1.a  pixman-access.o pixman-access-accessors.o pixman-cpu.o pixman-gradient-walker.o pixman-region16.o pixman-region32.o pixman-image.o pixman-implementation.o pixman-combine32.o pixman-combine64.o pixman-general.o pixman.o pixman-fast-path.o pixman-solid-fill.o pixman-conical-gradient.o pixman-linear-gradient.o pixman-radial-gradient.o pixman-bits-image.o pixman-utils.o pixman-edge.o pixman-edge-accessors.o pixman-trap.o pixman-timer.o pixman-matrix.o  .libs/libpixman-1.lax/libpixman-mmx.a/libpixman_mmx_la-pixman-mmx.o  .libs/libpixman-1.lax/libpixman-sse2.a/libpixman_sse2_la-pixman-sse2.o 
libtool: link: ranlib .libs/libpixman-1.a
libtool: link: rm -fr .libs/libpixman-1.lax
libtool: link: ( cd ".libs" && rm -f "libpixman-1.la" && ln -s "../libpixman-1.la" "libpixman-1.la" )
make[3]: Leaving directory `/usr/src/rpm/BUILD/pixman-0.22.0/pixman'
make[2]: Leaving directory `/usr/src/rpm/BUILD/pixman-0.22.0/pixman'
Making all in demos
make[2]: Entering directory `/usr/src/rpm/BUILD/pixman-0.22.0/demos'
make[2]: Nothing to be done for `all'.
make[2]: Leaving directory `/usr/src/rpm/BUILD/pixman-0.22.0/demos'
Making all in test
make[2]: Entering directory `/usr/src/rpm/BUILD/pixman-0.22.0/test'
gcc -DHAVE_CONFIG_H -I. -I.. -I../pixman -I../pixman   -fopenmp -g -O2 -Wall -fno-strict-aliasing -fvisibility=hidden -MT a1-trap-test.o -MD -MP -MF .deps/a1-trap-test.Tpo -c -o a1-trap-test.o a1-trap-test.c
mv -f .deps/a1-trap-test.Tpo .deps/a1-trap-test.Po
/bin/sh ../libtool  --tag=CC   --mode=link gcc -fopenmp -g -O2 -Wall -fno-strict-aliasing -fvisibility=hidden -fopenmp   -o a1-trap-test a1-trap-test.o ../pixman/libpixman-1.la -lm 
libtool: link: gcc -fopenmp -g -O2 -Wall -fno-strict-aliasing -fvisibility=hidden -fopenmp -o .libs/a1-trap-test a1-trap-test.o  ../pixman/.libs/libpixman-1.so -lm
gcc -DHAVE_CONFIG_H -I. -I.. -I../pixman -I../pixman   -fopenmp -g -O2 -Wall -fno-strict-aliasing -fvisibility=hidden -MT pdf-op-test.o -MD -MP -MF .deps/pdf-op-test.Tpo -c -o pdf-op-test.o pdf-op-test.c
mv -f .deps/pdf-op-test.Tpo .deps/pdf-op-test.Po
gcc -DHAVE_CONFIG_H -I. -I.. -I../pixman -I../pixman   -fopenmp -g -O2 -Wall -fno-strict-aliasing -fvisibility=hidden -MT utils.o -MD -MP -MF .deps/utils.Tpo -c -o utils.o utils.c
mv -f .deps/utils.Tpo .deps/utils.Po
/bin/sh ../libtool  --tag=CC   --mode=link gcc -fopenmp -g -O2 -Wall -fno-strict-aliasing -fvisibility=hidden -fopenmp   -o pdf-op-test pdf-op-test.o utils.o ../pixman/libpixman-1.la -lm 
libtool: link: gcc -fopenmp -g -O2 -Wall -fno-strict-aliasing -fvisibility=hidden -fopenmp -o .libs/pdf-op-test pdf-op-test.o utils.o  ../pixman/.libs/libpixman-1.so -lm
gcc -DHAVE_CONFIG_H -I. -I.. -I../pixman -I../pixman   -fopenmp -g -O2 -Wall -fno-strict-aliasing -fvisibility=hidden -MT region-test.o -MD -MP -MF .deps/region-test.Tpo -c -o region-test.o region-test.c
mv -f .deps/region-test.Tpo .deps/region-test.Po
/bin/sh ../libtool  --tag=CC   --mode=link gcc -fopenmp -g -O2 -Wall -fno-strict-aliasing -fvisibility=hidden -fopenmp   -o region-test region-test.o utils.o ../pixman/libpixman-1.la -lm 
libtool: link: gcc -fopenmp -g -O2 -Wall -fno-strict-aliasing -fvisibility=hidden -fopenmp -o .libs/region-test region-test.o utils.o  ../pixman/.libs/libpixman-1.so -lm
gcc -DHAVE_CONFIG_H -I. -I.. -I../pixman -I../pixman   -fopenmp -g -O2 -Wall -fno-strict-aliasing -fvisibility=hidden -MT region-translate-test.o -MD -MP -MF .deps/region-translate-test.Tpo -c -o region-translate-test.o region-translate-test.c
mv -f .deps/region-translate-test.Tpo .deps/region-translate-test.Po
/bin/sh ../libtool  --tag=CC   --mode=link gcc -fopenmp -g -O2 -Wall -fno-strict-aliasing -fvisibility=hidden -fopenmp   -o region-translate-test region-translate-test.o ../pixman/libpixman-1.la -lm 
libtool: link: gcc -fopenmp -g -O2 -Wall -fno-strict-aliasing -fvisibility=hidden -fopenmp -o .libs/region-translate-test region-translate-test.o  ../pixman/.libs/libpixman-1.so -lm
gcc -DHAVE_CONFIG_H -I. -I.. -I../pixman -I../pixman   -fopenmp -g -O2 -Wall -fno-strict-aliasing -fvisibility=hidden -MT fetch-test.o -MD -MP -MF .deps/fetch-test.Tpo -c -o fetch-test.o fetch-test.c
mv -f .deps/fetch-test.Tpo .deps/fetch-test.Po
/bin/sh ../libtool  --tag=CC   --mode=link gcc -fopenmp -g -O2 -Wall -fno-strict-aliasing -fvisibility=hidden -fopenmp   -o fetch-test fetch-test.o ../pixman/libpixman-1.la -lm 
libtool: link: gcc -fopenmp -g -O2 -Wall -fno-strict-aliasing -fvisibility=hidden -fopenmp -o .libs/fetch-test fetch-test.o  ../pixman/.libs/libpixman-1.so -lm
gcc -DHAVE_CONFIG_H -I. -I.. -I../pixman -I../pixman   -fopenmp -g -O2 -Wall -fno-strict-aliasing -fvisibility=hidden -MT oob-test.o -MD -MP -MF .deps/oob-test.Tpo -c -o oob-test.o oob-test.c
mv -f .deps/oob-test.Tpo .deps/oob-test.Po
/bin/sh ../libtool  --tag=CC   --mode=link gcc -fopenmp -g -O2 -Wall -fno-strict-aliasing -fvisibility=hidden -fopenmp   -o oob-test oob-test.o ../pixman/libpixman-1.la -lm 
libtool: link: gcc -fopenmp -g -O2 -Wall -fno-strict-aliasing -fvisibility=hidden -fopenmp -o .libs/oob-test oob-test.o  ../pixman/.libs/libpixman-1.so -lm
gcc -DHAVE_CONFIG_H -I. -I.. -I../pixman -I../pixman   -fopenmp -g -O2 -Wall -fno-strict-aliasing -fvisibility=hidden -MT trap-crasher.o -MD -MP -MF .deps/trap-crasher.Tpo -c -o trap-crasher.o trap-crasher.c
mv -f .deps/trap-crasher.Tpo .deps/trap-crasher.Po
/bin/sh ../libtool  --tag=CC   --mode=link gcc -fopenmp -g -O2 -Wall -fno-strict-aliasing -fvisibility=hidden -fopenmp   -o trap-crasher trap-crasher.o ../pixman/libpixman-1.la -lm 
libtool: link: gcc -fopenmp -g -O2 -Wall -fno-strict-aliasing -fvisibility=hidden -fopenmp -o .libs/trap-crasher trap-crasher.o  ../pixman/.libs/libpixman-1.so -lm
gcc -DHAVE_CONFIG_H -I. -I.. -I../pixman -I../pixman   -fopenmp -g -O2 -Wall -fno-strict-aliasing -fvisibility=hidden -MT alpha-loop.o -MD -MP -MF .deps/alpha-loop.Tpo -c -o alpha-loop.o alpha-loop.c
mv -f .deps/alpha-loop.Tpo .deps/alpha-loop.Po
/bin/sh ../libtool  --tag=CC   --mode=link gcc -fopenmp -g -O2 -Wall -fno-strict-aliasing -fvisibility=hidden -fopenmp   -o alpha-loop alpha-loop.o utils.o ../pixman/libpixman-1.la -lm 
libtool: link: gcc -fopenmp -g -O2 -Wall -fno-strict-aliasing -fvisibility=hidden -fopenmp -o .libs/alpha-loop alpha-loop.o utils.o  ../pixman/.libs/libpixman-1.so -lm
gcc -DHAVE_CONFIG_H -I. -I.. -I../pixman -I../pixman   -fopenmp -g -O2 -Wall -fno-strict-aliasing -fvisibility=hidden -MT scaling-crash-test.o -MD -MP -MF .deps/scaling-crash-test.Tpo -c -o scaling-crash-test.o scaling-crash-test.c
mv -f .deps/scaling-crash-test.Tpo .deps/scaling-crash-test.Po
/bin/sh ../libtool  --tag=CC   --mode=link gcc -fopenmp -g -O2 -Wall -fno-strict-aliasing -fvisibility=hidden -fopenmp   -o scaling-crash-test scaling-crash-test.o ../pixman/libpixman-1.la -lm 
libtool: link: gcc -fopenmp -g -O2 -Wall -fno-strict-aliasing -fvisibility=hidden -fopenmp -o .libs/scaling-crash-test scaling-crash-test.o  ../pixman/.libs/libpixman-1.so -lm
gcc -DHAVE_CONFIG_H -I. -I.. -I../pixman -I../pixman   -fopenmp -g -O2 -Wall -fno-strict-aliasing -fvisibility=hidden -MT scaling-helpers-test.o -MD -MP -MF .deps/scaling-helpers-test.Tpo -c -o scaling-helpers-test.o scaling-helpers-test.c
mv -f .deps/scaling-helpers-test.Tpo .deps/scaling-helpers-test.Po
/bin/sh ../libtool  --tag=CC   --mode=link gcc -fopenmp -g -O2 -Wall -fno-strict-aliasing -fvisibility=hidden -fopenmp   -o scaling-helpers-test scaling-helpers-test.o utils.o ../pixman/libpixman-1.la -lm 
libtool: link: gcc -fopenmp -g -O2 -Wall -fno-strict-aliasing -fvisibility=hidden -fopenmp -o .libs/scaling-helpers-test scaling-helpers-test.o utils.o  ../pixman/.libs/libpixman-1.so -lm
gcc -DHAVE_CONFIG_H -I. -I.. -I../pixman -I../pixman   -fopenmp -g -O2 -Wall -fno-strict-aliasing -fvisibility=hidden -MT gradient-crash-test.o -MD -MP -MF .deps/gradient-crash-test.Tpo -c -o gradient-crash-test.o gradient-crash-test.c
mv -f .deps/gradient-crash-test.Tpo .deps/gradient-crash-test.Po
/bin/sh ../libtool  --tag=CC   --mode=link gcc -fopenmp -g -O2 -Wall -fno-strict-aliasing -fvisibility=hidden -fopenmp   -o gradient-crash-test gradient-crash-test.o utils.o ../pixman/libpixman-1.la -lm 
libtool: link: gcc -fopenmp -g -O2 -Wall -fno-strict-aliasing -fvisibility=hidden -fopenmp -o .libs/gradient-crash-test gradient-crash-test.o utils.o  ../pixman/.libs/libpixman-1.so -lm
gcc -DHAVE_CONFIG_H -I. -I.. -I../pixman -I../pixman   -fopenmp -g -O2 -Wall -fno-strict-aliasing -fvisibility=hidden -MT alphamap.o -MD -MP -MF .deps/alphamap.Tpo -c -o alphamap.o alphamap.c
mv -f .deps/alphamap.Tpo .deps/alphamap.Po
/bin/sh ../libtool  --tag=CC   --mode=link gcc -fopenmp -g -O2 -Wall -fno-strict-aliasing -fvisibility=hidden -fopenmp   -o alphamap alphamap.o utils.o ../pixman/libpixman-1.la -lm 
libtool: link: gcc -fopenmp -g -O2 -Wall -fno-strict-aliasing -fvisibility=hidden -fopenmp -o .libs/alphamap alphamap.o utils.o  ../pixman/.libs/libpixman-1.so -lm
gcc -DHAVE_CONFIG_H -I. -I.. -I../pixman -I../pixman   -fopenmp -g -O2 -Wall -fno-strict-aliasing -fvisibility=hidden -MT stress-test.o -MD -MP -MF .deps/stress-test.Tpo -c -o stress-test.o stress-test.c
mv -f .deps/stress-test.Tpo .deps/stress-test.Po
/bin/sh ../libtool  --tag=CC   --mode=link gcc -fopenmp -g -O2 -Wall -fno-strict-aliasing -fvisibility=hidden -fopenmp   -o stress-test stress-test.o utils.o ../pixman/libpixman-1.la -lm 
libtool: link: gcc -fopenmp -g -O2 -Wall -fno-strict-aliasing -fvisibility=hidden -fopenmp -o .libs/stress-test stress-test.o utils.o  ../pixman/.libs/libpixman-1.so -lm
gcc -DHAVE_CONFIG_H -I. -I.. -I../pixman -I../pixman   -fopenmp -g -O2 -Wall -fno-strict-aliasing -fvisibility=hidden -MT composite-traps-test.o -MD -MP -MF .deps/composite-traps-test.Tpo -c -o composite-traps-test.o composite-traps-test.c
mv -f .deps/composite-traps-test.Tpo .deps/composite-traps-test.Po
/bin/sh ../libtool  --tag=CC   --mode=link gcc -fopenmp -g -O2 -Wall -fno-strict-aliasing -fvisibility=hidden -fopenmp   -o composite-traps-test composite-traps-test.o utils.o ../pixman/libpixman-1.la -lm 
libtool: link: gcc -fopenmp -g -O2 -Wall -fno-strict-aliasing -fvisibility=hidden -fopenmp -o .libs/composite-traps-test composite-traps-test.o utils.o  ../pixman/.libs/libpixman-1.so -lm
gcc -DHAVE_CONFIG_H -I. -I.. -I../pixman -I../pixman   -fopenmp -g -O2 -Wall -fno-strict-aliasing -fvisibility=hidden -MT blitters-test.o -MD -MP -MF .deps/blitters-test.Tpo -c -o blitters-test.o blitters-test.c
mv -f .deps/blitters-test.Tpo .deps/blitters-test.Po
/bin/sh ../libtool  --tag=CC   --mode=link gcc -fopenmp -g -O2 -Wall -fno-strict-aliasing -fvisibility=hidden -fopenmp   -o blitters-test blitters-test.o utils.o ../pixman/libpixman-1.la -lm 
libtool: link: gcc -fopenmp -g -O2 -Wall -fno-strict-aliasing -fvisibility=hidden -fopenmp -o .libs/blitters-test blitters-test.o utils.o  ../pixman/.libs/libpixman-1.so -lm
gcc -DHAVE_CONFIG_H -I. -I.. -I../pixman -I../pixman   -fopenmp -g -O2 -Wall -fno-strict-aliasing -fvisibility=hidden -MT scaling-test.o -MD -MP -MF .deps/scaling-test.Tpo -c -o scaling-test.o scaling-test.c
mv -f .deps/scaling-test.Tpo .deps/scaling-test.Po
/bin/sh ../libtool  --tag=CC   --mode=link gcc -fopenmp -g -O2 -Wall -fno-strict-aliasing -fvisibility=hidden -fopenmp   -o scaling-test scaling-test.o utils.o ../pixman/libpixman-1.la -lm 
libtool: link: gcc -fopenmp -g -O2 -Wall -fno-strict-aliasing -fvisibility=hidden -fopenmp -o .libs/scaling-test scaling-test.o utils.o  ../pixman/.libs/libpixman-1.so -lm
gcc -DHAVE_CONFIG_H -I. -I.. -I../pixman -I../pixman   -fopenmp -g -O2 -Wall -fno-strict-aliasing -fvisibility=hidden -MT affine-test.o -MD -MP -MF .deps/affine-test.Tpo -c -o affine-test.o affine-test.c
mv -f .deps/affine-test.Tpo .deps/affine-test.Po
/bin/sh ../libtool  --tag=CC   --mode=link gcc -fopenmp -g -O2 -Wall -fno-strict-aliasing -fvisibility=hidden -fopenmp   -o affine-test affine-test.o utils.o ../pixman/libpixman-1.la -lm 
libtool: link: gcc -fopenmp -g -O2 -Wall -fno-strict-aliasing -fvisibility=hidden -fopenmp -o .libs/affine-test affine-test.o utils.o  ../pixman/.libs/libpixman-1.so -lm
gcc -DHAVE_CONFIG_H -I. -I.. -I../pixman -I../pixman   -fopenmp -g -O2 -Wall -fno-strict-aliasing -fvisibility=hidden -MT composite.o -MD -MP -MF .deps/composite.Tpo -c -o composite.o composite.c
mv -f .deps/composite.Tpo .deps/composite.Po
/bin/sh ../libtool  --tag=CC   --mode=link gcc -fopenmp -g -O2 -Wall -fno-strict-aliasing -fvisibility=hidden -fopenmp   -o composite composite.o utils.o ../pixman/libpixman-1.la -lm 
libtool: link: gcc -fopenmp -g -O2 -Wall -fno-strict-aliasing -fvisibility=hidden -fopenmp -o .libs/composite composite.o utils.o  ../pixman/.libs/libpixman-1.so -lm
gcc -DHAVE_CONFIG_H -I. -I.. -I../pixman -I../pixman   -fopenmp -g -O2 -Wall -fno-strict-aliasing -fvisibility=hidden -MT lowlevel-blt-bench.o -MD -MP -MF .deps/lowlevel-blt-bench.Tpo -c -o lowlevel-blt-bench.o lowlevel-blt-bench.c
mv -f .deps/lowlevel-blt-bench.Tpo .deps/lowlevel-blt-bench.Po
/bin/sh ../libtool  --tag=CC   --mode=link gcc -fopenmp -g -O2 -Wall -fno-strict-aliasing -fvisibility=hidden -fopenmp   -o lowlevel-blt-bench lowlevel-blt-bench.o utils.o ../pixman/libpixman-1.la -lm 
libtool: link: gcc -fopenmp -g -O2 -Wall -fno-strict-aliasing -fvisibility=hidden -fopenmp -o .libs/lowlevel-blt-bench lowlevel-blt-bench.o utils.o  ../pixman/.libs/libpixman-1.so -lm
make[2]: Leaving directory `/usr/src/rpm/BUILD/pixman-0.22.0/test'
make[2]: Entering directory `/usr/src/rpm/BUILD/pixman-0.22.0'
make[2]: Leaving directory `/usr/src/rpm/BUILD/pixman-0.22.0'
make[1]: Leaving directory `/usr/src/rpm/BUILD/pixman-0.22.0'
+ exit 0
Executing(%install): /bin/sh -e /var/tmp/rpm-tmp.42879
+ umask 022
+ cd /usr/src/rpm/BUILD
+ /bin/rm -rf /var/tmp/pixman-root
+ /bin/mkdir -p /var/tmp/pixman-root
+ cd pixman-0.22.0
+ make DESTDIR=/var/tmp/pixman-root install
Making install in pixman
make[1]: Entering directory `/usr/src/rpm/BUILD/pixman-0.22.0/pixman'
make  install-am
make[2]: Entering directory `/usr/src/rpm/BUILD/pixman-0.22.0/pixman'
make[3]: Entering directory `/usr/src/rpm/BUILD/pixman-0.22.0/pixman'
test -z "/usr/lib64" || /bin/mkdir -p "/var/tmp/pixman-root/usr/lib64"
 /bin/sh ../libtool   --mode=install /usr/bin/install -c   libpixman-1.la '/var/tmp/pixman-root/usr/lib64'
libtool: install: /usr/bin/install -c .libs/libpixman-1.so.0.22.0 /var/tmp/pixman-root/usr/lib64/libpixman-1.so.0.22.0
libtool: install: (cd /var/tmp/pixman-root/usr/lib64 && { ln -s -f libpixman-1.so.0.22.0 libpixman-1.so.0 || { rm -f libpixman-1.so.0 && ln -s libpixman-1.so.0.22.0 libpixman-1.so.0; }; })
libtool: install: (cd /var/tmp/pixman-root/usr/lib64 && { ln -s -f libpixman-1.so.0.22.0 libpixman-1.so || { rm -f libpixman-1.so && ln -s libpixman-1.so.0.22.0 libpixman-1.so; }; })
libtool: install: /usr/bin/install -c .libs/libpixman-1.lai /var/tmp/pixman-root/usr/lib64/libpixman-1.la
libtool: install: /usr/bin/install -c .libs/libpixman-1.a /var/tmp/pixman-root/usr/lib64/libpixman-1.a
libtool: install: chmod 644 /var/tmp/pixman-root/usr/lib64/libpixman-1.a
libtool: install: ranlib /var/tmp/pixman-root/usr/lib64/libpixman-1.a
libtool: install: warning: remember to run `libtool --finish /usr/lib64'
test -z "/usr/include/pixman-1" || /bin/mkdir -p "/var/tmp/pixman-root/usr/include/pixman-1"
 /usr/bin/install -c -m 644 pixman.h pixman-version.h '/var/tmp/pixman-root/usr/include/pixman-1'
make[3]: Leaving directory `/usr/src/rpm/BUILD/pixman-0.22.0/pixman'
make[2]: Leaving directory `/usr/src/rpm/BUILD/pixman-0.22.0/pixman'
make[1]: Leaving directory `/usr/src/rpm/BUILD/pixman-0.22.0/pixman'
Making install in demos
make[1]: Entering directory `/usr/src/rpm/BUILD/pixman-0.22.0/demos'
make[2]: Entering directory `/usr/src/rpm/BUILD/pixman-0.22.0/demos'
make[2]: Nothing to be done for `install-exec-am'.
make[2]: Nothing to be done for `install-data-am'.
make[2]: Leaving directory `/usr/src/rpm/BUILD/pixman-0.22.0/demos'
make[1]: Leaving directory `/usr/src/rpm/BUILD/pixman-0.22.0/demos'
Making install in test
make[1]: Entering directory `/usr/src/rpm/BUILD/pixman-0.22.0/test'
make[2]: Entering directory `/usr/src/rpm/BUILD/pixman-0.22.0/test'
make[2]: Nothing to be done for `install-exec-am'.
make[2]: Nothing to be done for `install-data-am'.
make[2]: Leaving directory `/usr/src/rpm/BUILD/pixman-0.22.0/test'
make[1]: Leaving directory `/usr/src/rpm/BUILD/pixman-0.22.0/test'
make[1]: Entering directory `/usr/src/rpm/BUILD/pixman-0.22.0'
make[2]: Entering directory `/usr/src/rpm/BUILD/pixman-0.22.0'
make[2]: Nothing to be done for `install-exec-am'.
test -z "/usr/lib64/pkgconfig" || /bin/mkdir -p "/var/tmp/pixman-root/usr/lib64/pkgconfig"
 /usr/bin/install -c -m 644 pixman-1.pc '/var/tmp/pixman-root/usr/lib64/pkgconfig'
make[2]: Leaving directory `/usr/src/rpm/BUILD/pixman-0.22.0'
make[1]: Leaving directory `/usr/src/rpm/BUILD/pixman-0.22.0'
+ exit 0
Processing files: pixman-0.22.0-1.x86_64
Provides: libpixman-1.so.0()(64bit)
Requires: ld-linux-x86-64.so.2()(64bit) ld-linux-x86-64.so.2(GLIBC_2.3)(64bit) libc.so.6()(64bit) libc.so.6(GLIBC_2.2.5)(64bit) libm.so.6()(64bit) libm.so.6(GLIBC_2.2.5)(64bit)
Processing files: pixman-devel-0.22.0-1.x86_64
Provides: pkgconfig(pixman-1) = 0.22.0
Requires(rpmlib): rpmlib(VersionedDependencies) <= 3.0.3-1
Requires: pkgconfig
Checking for unpackaged file(s): /usr/lib/rpm/check-files /var/tmp/pixman-root
warning: Could not canonicalize hostname: build2
Wrote: /usr/src/rpm/SRPMS/pixman-0.22.0-1.src.rpm
Wrote: /usr/src/rpm/RPMS/x86_64/pixman-0.22.0-1.x86_64.rpm
Wrote: /usr/src/rpm/RPMS/x86_64/pixman-devel-0.22.0-1.x86_64.rpm
Executing(%clean): /bin/sh -e /var/tmp/rpm-tmp.78922
+ umask 022
+ cd /usr/src/rpm/BUILD
+ cd pixman-0.22.0
+ /bin/rm -rf /var/tmp/pixman-root
