Fetching(Source0): ftp://ftp.gnu.org/gnu/less/less-443.tar.gz
Executing(%prep): /bin/sh -e /var/tmp/rpm-tmp.48951
+ umask 022
+ cd /usr/src/rpm/BUILD
+ cd /usr/src/rpm/BUILD
+ rm -rf less-443
+ /bin/gzip -dc /usr/src/rpm/SOURCES/less-443.tar.gz
+ /bin/tar -xf -
+ STATUS=0
+ '[' 0 -ne 0 ']'
+ cd less-443
+ exit 0
Executing(%build): /bin/sh -e /var/tmp/rpm-tmp.48951
+ umask 022
+ cd /usr/src/rpm/BUILD
+ cd less-443
+ export 'CFLAGS=-Os -pipe'
+ CFLAGS='-Os -pipe'
+ ./configure --prefix=/usr --sysconfdir=/etc
checking for gcc... gcc
checking whether the C compiler works... yes
checking for C compiler default output file name... a.out
checking for suffix of executables... 
checking whether we are cross compiling... no
checking for suffix of object files... o
checking whether we are using the GNU C compiler... yes
checking whether gcc accepts -g... yes
checking for gcc option to accept ISO C89... none needed
checking for library containing strerror... none required
checking how to run the C preprocessor... gcc -E
checking for grep that handles long lines and -e... /bin/grep
checking for egrep... /bin/grep -E
checking whether gcc needs -traditional... no
checking for a BSD-compatible install... /usr/bin/install -c
checking for special C compiler options needed for large files... no
checking for _FILE_OFFSET_BITS value needed for large files... no
checking for tgoto in -ltinfo... no
checking for initscr in -lxcurses... no
checking for initscr in -lncursesw... yes
checking for initscr in -lncurses... yes
checking for initscr in -lcurses... yes
checking for tgetent in -ltermcap... no
checking for tgetent in -ltermlib... no
checking for regcmp in -lgen... no
checking for regcmp in -lintl... no
checking for regcmp in -lPW... no
checking for working terminal libraries... using -lncursesw
checking for ANSI C header files... yes
checking for sys/types.h... yes
checking for sys/stat.h... yes
checking for stdlib.h... yes
checking for string.h... yes
checking for memory.h... yes
checking for strings.h... yes
checking for inttypes.h... yes
checking for stdint.h... yes
checking for unistd.h... yes
checking ctype.h usability... yes
checking ctype.h presence... yes
checking for ctype.h... yes
checking errno.h usability... yes
checking errno.h presence... yes
checking for errno.h... yes
checking fcntl.h usability... yes
checking fcntl.h presence... yes
checking for fcntl.h... yes
checking limits.h usability... yes
checking limits.h presence... yes
checking for limits.h... yes
checking stdio.h usability... yes
checking stdio.h presence... yes
checking for stdio.h... yes
checking for stdlib.h... (cached) yes
checking for string.h... (cached) yes
checking termcap.h usability... yes
checking termcap.h presence... yes
checking for termcap.h... yes
checking termio.h usability... yes
checking termio.h presence... yes
checking for termio.h... yes
checking termios.h usability... yes
checking termios.h presence... yes
checking for termios.h... yes
checking time.h usability... yes
checking time.h presence... yes
checking for time.h... yes
checking for unistd.h... (cached) yes
checking values.h usability... yes
checking values.h presence... yes
checking for values.h... yes
checking sys/ioctl.h usability... yes
checking sys/ioctl.h presence... yes
checking for sys/ioctl.h... yes
checking sys/stream.h usability... no
checking sys/stream.h presence... no
checking for sys/stream.h... no
checking wctype.h usability... yes
checking wctype.h presence... yes
checking for wctype.h... yes
checking whether stat file-mode macros are broken... no
checking for an ANSI C-conforming const... yes
checking for off_t... yes
checking for size_t... yes
checking whether time.h and sys/time.h may both be included... yes
checking for off_t... (cached) yes
checking for void... yes
checking for const... yes
checking for time_t... yes
checking for st_ino in struct stat... yes
checking return type of signal handlers... void
checking for fsync... yes
checking for popen... yes
checking for _setjmp... yes
checking for sigprocmask... yes
checking for sigsetmask... yes
checking for snprintf... yes
checking for stat... yes
checking for system... yes
checking for fchmod... yes
checking for memcpy... yes
checking for strchr... yes
checking for strstr... yes
checking for tcgetattr... yes
checking for fileno... yes
checking for strerror... yes
checking for sys_errlist... yes
checking for sigset_t... yes
checking for sigemptyset... yes
checking for errno... yes - in errno.h
checking for locale... yes
checking for ctype functions... yes
checking for wctype functions... yes
checking termcap for ospeed... yes - in termcap.h
checking for floating point... yes
checking for regcomp... using POSIX regcomp
configure: creating ./config.status
config.status: creating Makefile
config.status: creating defines.h
+ make -j24
test ! -f stamp-h || CONFIG_FILES= CONFIG_HEADERS=defines.h ./config.status
touch stamp-h
gcc -I. -c -DBINDIR=\"/usr/bin\" -DSYSDIR=\"/etc\"  -Os -pipe lesskey.c
gcc -I. -c -DBINDIR=\"/usr/bin\" -DSYSDIR=\"/etc\"  -Os -pipe lessecho.c
gcc -I. -c -DBINDIR=\"/usr/bin\" -DSYSDIR=\"/etc\"  -Os -pipe main.c
gcc -I. -c -DBINDIR=\"/usr/bin\" -DSYSDIR=\"/etc\"  -Os -pipe screen.c
gcc -I. -c -DBINDIR=\"/usr/bin\" -DSYSDIR=\"/etc\"  -Os -pipe brac.c
gcc -I. -c -DBINDIR=\"/usr/bin\" -DSYSDIR=\"/etc\"  -Os -pipe ch.c
gcc -I. -c -DBINDIR=\"/usr/bin\" -DSYSDIR=\"/etc\"  -Os -pipe charset.c
gcc -I. -c -DBINDIR=\"/usr/bin\" -DSYSDIR=\"/etc\"  -Os -pipe cmdbuf.c
gcc -I. -c -DBINDIR=\"/usr/bin\" -DSYSDIR=\"/etc\"  -Os -pipe command.c
gcc -I. -c -DBINDIR=\"/usr/bin\" -DSYSDIR=\"/etc\"  -Os -pipe cvt.c
gcc -I. -c -DBINDIR=\"/usr/bin\" -DSYSDIR=\"/etc\"  -Os -pipe decode.c
gcc -I. -c -DBINDIR=\"/usr/bin\" -DSYSDIR=\"/etc\"  -Os -pipe edit.c
gcc -I. -c -DBINDIR=\"/usr/bin\" -DSYSDIR=\"/etc\"  -Os -pipe filename.c
gcc -I. -c -DBINDIR=\"/usr/bin\" -DSYSDIR=\"/etc\"  -Os -pipe forwback.c
gcc -I. -c -DBINDIR=\"/usr/bin\" -DSYSDIR=\"/etc\"  -Os -pipe help.c
gcc -I. -c -DBINDIR=\"/usr/bin\" -DSYSDIR=\"/etc\"  -Os -pipe ifile.c
gcc -I. -c -DBINDIR=\"/usr/bin\" -DSYSDIR=\"/etc\"  -Os -pipe input.c
gcc -I. -c -DBINDIR=\"/usr/bin\" -DSYSDIR=\"/etc\"  -Os -pipe jump.c
gcc -I. -c -DBINDIR=\"/usr/bin\" -DSYSDIR=\"/etc\"  -Os -pipe line.c
gcc -I. -c -DBINDIR=\"/usr/bin\" -DSYSDIR=\"/etc\"  -Os -pipe linenum.c
gcc -I. -c -DBINDIR=\"/usr/bin\" -DSYSDIR=\"/etc\"  -Os -pipe lsystem.c
gcc -I. -c -DBINDIR=\"/usr/bin\" -DSYSDIR=\"/etc\"  -Os -pipe mark.c
gcc -I. -c -DBINDIR=\"/usr/bin\" -DSYSDIR=\"/etc\"  -Os -pipe optfunc.c
gcc -I. -c -DBINDIR=\"/usr/bin\" -DSYSDIR=\"/etc\"  -Os -pipe option.c
gcc -I. -c -DBINDIR=\"/usr/bin\" -DSYSDIR=\"/etc\"  -Os -pipe opttbl.c
gcc -I. -c -DBINDIR=\"/usr/bin\" -DSYSDIR=\"/etc\"  -Os -pipe os.c
gcc -I. -c -DBINDIR=\"/usr/bin\" -DSYSDIR=\"/etc\"  -Os -pipe output.c
gcc -I. -c -DBINDIR=\"/usr/bin\" -DSYSDIR=\"/etc\"  -Os -pipe pattern.c
gcc -I. -c -DBINDIR=\"/usr/bin\" -DSYSDIR=\"/etc\"  -Os -pipe position.c
gcc -I. -c -DBINDIR=\"/usr/bin\" -DSYSDIR=\"/etc\"  -Os -pipe prompt.c
gcc -I. -c -DBINDIR=\"/usr/bin\" -DSYSDIR=\"/etc\"  -Os -pipe search.c
gcc -I. -c -DBINDIR=\"/usr/bin\" -DSYSDIR=\"/etc\"  -Os -pipe signal.c
gcc -I. -c -DBINDIR=\"/usr/bin\" -DSYSDIR=\"/etc\"  -Os -pipe tags.c
gcc -I. -c -DBINDIR=\"/usr/bin\" -DSYSDIR=\"/etc\"  -Os -pipe ttyin.c
gcc -I. -c -DBINDIR=\"/usr/bin\" -DSYSDIR=\"/etc\"  -Os -pipe version.c
gcc  -o lessecho lessecho.o version.o
gcc  -o lesskey lesskey.o version.o
gcc  -o less main.o screen.o brac.o ch.o charset.o cmdbuf.o command.o cvt.o decode.o edit.o filename.o forwback.o help.o ifile.o input.o jump.o line.o linenum.o lsystem.o mark.o optfunc.o option.o opttbl.o os.o output.o pattern.o position.o prompt.o search.o signal.o tags.o ttyin.o version.o   -lncursesw
+ exit 0
Executing(%install): /bin/sh -e /var/tmp/rpm-tmp.47559
+ umask 022
+ cd /usr/src/rpm/BUILD
+ /bin/rm -rf /var/tmp/less-root
+ /bin/mkdir -p /var/tmp/less-root
+ cd less-443
+ make DESTDIR=/var/tmp/less-root install
./mkinstalldirs /var/tmp/less-root/usr/bin /var/tmp/less-root/usr/share/man/man1
mkdir /var/tmp/less-root/usr
mkdir /var/tmp/less-root/usr/bin
mkdir /var/tmp/less-root/usr/share
mkdir /var/tmp/less-root/usr/share/man
mkdir /var/tmp/less-root/usr/share/man/man1
/usr/bin/install -c less /var/tmp/less-root/usr/bin/less
/usr/bin/install -c lesskey /var/tmp/less-root/usr/bin/lesskey
/usr/bin/install -c lessecho /var/tmp/less-root/usr/bin/lessecho
/usr/bin/install -c -m 644 ./less.nro /var/tmp/less-root/usr/share/man/man1/less.1
/usr/bin/install -c -m 644 ./lesskey.nro /var/tmp/less-root/usr/share/man/man1/lesskey.1
/usr/bin/install -c -m 644 ./lessecho.nro /var/tmp/less-root/usr/share/man/man1/lessecho.1
+ /usr/lib/rpm/compress_man.sh /var/tmp/less-root
+ /usr/lib/rpm/strip.sh /var/tmp/less-root
copy from `/var/tmp/less-root/usr/bin/lessecho' [elf64-x86-64] to `/var/tmp/less-root/usr/bin/stkH4QdF' [elf64-x86-64]
copy from `/var/tmp/less-root/usr/bin/lesskey' [elf64-x86-64] to `/var/tmp/less-root/usr/bin/stVdbTKF' [elf64-x86-64]
copy from `/var/tmp/less-root/usr/bin/less' [elf64-x86-64] to `/var/tmp/less-root/usr/bin/st09T4CF' [elf64-x86-64]
+ exit 0
Processing files: less-443-2.x86_64
Requires: libc.so.6()(64bit) libc.so.6(GLIBC_2.2.5)(64bit) libc.so.6(GLIBC_2.3)(64bit) libc.so.6(GLIBC_2.3.4)(64bit) libncursesw.so.5()(64bit)
Checking for unpackaged file(s): /usr/lib/rpm/check-files /var/tmp/less-root
Wrote: /usr/src/rpm/SRPMS/less-443-2.src.rpm
Wrote: /usr/src/rpm/RPMS/x86_64/less-443-2.x86_64.rpm
Executing(%clean): /bin/sh -e /var/tmp/rpm-tmp.47559
+ umask 022
+ cd /usr/src/rpm/BUILD
+ cd less-443
+ /bin/rm -rf /var/tmp/less-root
