Executing(%prep): /bin/sh -e /var/tmp/rpm-tmp.38946
+ umask 022
+ cd /usr/src/rpm/BUILD
+ cd /usr/src/rpm/BUILD
+ rm -rf portmap_6.0
+ /bin/gzip -dc /usr/src/rpm/SOURCES/portmap-6.0.tgz
+ /bin/tar -xf -
+ STATUS=0
+ '[' 0 -ne 0 ']'
+ cd portmap_6.0
+ exit 0
Executing(%build): /bin/sh -e /var/tmp/rpm-tmp.38946
+ umask 022
+ cd /usr/src/rpm/BUILD
+ cd portmap_6.0
+ make
cc -MM -O2 -Wall -Wstrict-prototypes *.c > .depend
cc -O2 -Wall -Wstrict-prototypes -fpie -DHOSTS_ACCESS -DCHECK_PORT -DIGNORE_SIGCHLD	 -DFACILITY=LOG_DAEMON   -c -o portmap.o portmap.c
cc -O2 -Wall -Wstrict-prototypes -fpie -DHOSTS_ACCESS -DCHECK_PORT -DIGNORE_SIGCHLD	 -DFACILITY=LOG_DAEMON   -c -o pmap_check.o pmap_check.c
cc -O2 -Wall -Wstrict-prototypes -fpie -DHOSTS_ACCESS -DCHECK_PORT -DIGNORE_SIGCHLD	 -DFACILITY=LOG_DAEMON   -c -o from_local.o from_local.c
cc -pie  portmap.o pmap_check.o from_local.o  -lwrap -o portmap
cc -O2 -Wall -Wstrict-prototypes -DHOSTS_ACCESS -DCHECK_PORT -DIGNORE_SIGCHLD	 -DFACILITY=LOG_DAEMON   -c -o pmap_dump.o pmap_dump.c
cc   pmap_dump.o   -o pmap_dump
cc -O2 -Wall -Wstrict-prototypes -DHOSTS_ACCESS -DCHECK_PORT -DIGNORE_SIGCHLD	 -DFACILITY=LOG_DAEMON   -c -o pmap_set.o pmap_set.c
cc   pmap_set.o   -o pmap_set
sed -e 's/RPCUSER//' -e 's/DAEMON_UID/1/' -e 's/DAEMON_GID/1/' < portmap.8 > portmap.man
+ exit 0
Executing(%install): /bin/sh -e /var/tmp/rpm-tmp.90428
+ umask 022
+ cd /usr/src/rpm/BUILD
+ /bin/rm -rf /var/tmp/portmap-root
+ /bin/mkdir -p /var/tmp/portmap-root
+ cd portmap_6.0
+ install -dv /var/tmp/portmap-root/usr/share/man/man8
install: creating directory `/var/tmp/portmap-root/usr'
install: creating directory `/var/tmp/portmap-root/usr/share'
install: creating directory `/var/tmp/portmap-root/usr/share/man'
install: creating directory `/var/tmp/portmap-root/usr/share/man/man8'
+ install -dv /var/tmp/portmap-root/etc/init.d /var/tmp/portmap-root/sbin
install: creating directory `/var/tmp/portmap-root/etc'
install: creating directory `/var/tmp/portmap-root/etc/init.d'
install: creating directory `/var/tmp/portmap-root/sbin'
+ make BASEDIR=/var/tmp/portmap-root install
install -o root -g root -m 0755 -s portmap /var/tmp/portmap-root/sbin
install -o root -g root -m 0755 -s pmap_dump /var/tmp/portmap-root/sbin
install -o root -g root -m 0755 -s pmap_set /var/tmp/portmap-root/sbin
install -o root -g root -m 0644 portmap.man /var/tmp/portmap-root/usr/share/man/man8/portmap.8
install -o root -g root -m 0644 pmap_dump.8 /var/tmp/portmap-root/usr/share/man/man8
install -o root -g root -m 0644 pmap_set.8 /var/tmp/portmap-root/usr/share/man/man8
+ install -vm0754 /usr/src/rpm/SOURCES/portmap.init /var/tmp/portmap-root/etc/init.d/portmap
`/usr/src/rpm/SOURCES/portmap.init' -> `/var/tmp/portmap-root/etc/init.d/portmap'
+ /usr/lib/rpm/compress_man.sh /var/tmp/portmap-root
+ exit 0
Processing files: portmap-6.0-2.x86_64
Requires(interp): /bin/sh
Requires(preun): /bin/sh /bin/true /usr/sbin/remove_initd
Requires: /bin/sh /bin/true /usr/sbin/remove_initd libc.so.6()(64bit) libc.so.6(GLIBC_2.2.5)(64bit) libc.so.6(GLIBC_2.7)(64bit) libwrap.so.0()(64bit)
Checking for unpackaged file(s): /usr/lib/rpm/check-files /var/tmp/portmap-root
Wrote: /usr/src/rpm/SRPMS/portmap-6.0-2.src.rpm
Wrote: /usr/src/rpm/RPMS/x86_64/portmap-6.0-2.x86_64.rpm
Executing(%clean): /bin/sh -e /var/tmp/rpm-tmp.90428
+ umask 022
+ cd /usr/src/rpm/BUILD
+ cd portmap_6.0
+ /bin/rm -rf /var/tmp/portmap-root
