Executing(%prep): /bin/sh -e /var/tmp/rpm-tmp.72682
+ umask 022
+ cd /usr/src/rpm/BUILD
+ cd /usr/src/rpm/BUILD
+ rm -rf sudo-1.8.1p1
+ /bin/tar -xf -
+ /bin/gzip -dc /usr/src/rpm/SOURCES/sudo-1.8.1p1.tar.gz
+ STATUS=0
+ '[' 0 -ne 0 ']'
+ cd sudo-1.8.1p1
+ exit 0
Executing(%build): /bin/sh -e /var/tmp/rpm-tmp.72682
+ umask 022
+ cd /usr/src/rpm/BUILD
+ cd sudo-1.8.1p1
+ ./configure --prefix=/usr --libdir=/usr/lib64 --libexecdir=/usr/lib64 --with-ignore-dot --with-all-insults --enable-shell-sets-home --with-sendmail=/usr/sbin/sendmail --with-editor=/usr/bin/vi --disable-root-sudo
configure: Configuring Sudo version 1.8.1p1
checking for gcc... gcc
checking whether the C compiler works... yes
checking for C compiler default output file name... a.out
checking for suffix of executables... 
checking whether we are cross compiling... no
checking for suffix of object files... o
checking whether we are using the GNU C compiler... yes
checking whether gcc accepts -g... yes
checking for gcc option to accept ISO C89... none needed
checking whether to lecture users the first time they run sudo... yes
checking whether sudo should log via syslog or to a file by default... syslog
checking at which syslog priority to log commands... notice
checking at which syslog priority to log failures... alert
checking how long a line in the log file should be... 80
checking whether sudo should ignore '.' or '' in $PATH... yes
checking whether to send mail when a user is not in sudoers... yes
checking whether to send mail when user listed but not for this host... no
checking whether to send mail when a user tries a disallowed command... no
checking who should get the mail that sudo sends... root
checking for bad password prompt... Password:
checking for bad password message... Sorry, try again.
checking whether to expect fully qualified hosts in sudoers... no
checking for umask programs should be run with... 0022
checking for default user to run commands as... root
checking for editor that visudo should use... /usr/bin/vi
checking whether to obey EDITOR and VISUAL environment variables... no
checking number of tries a user gets to enter their password... 3
checking time in minutes after which sudo will ask for a password again... 5
checking time in minutes after the password prompt will time out... 5
checking whether to use per-tty ticket files... yes
checking whether to include insults... no
checking whether to override the user's path... no
checking whether to get ip addresses from the network interfaces... yes
checking whether stow should be used... no
checking whether to use an askpass helper... no
checking whether to do user authentication by default... yes
checking whether to disable running the mailer as root... no
checking whether to disable shadow password support... no
checking whether root should be allowed to use sudo... no
checking whether to log the hostname in the log file... no
checking whether to invoke a shell if sudo is given no arguments... no
checking whether to set $HOME to target user in shell mode... yes
checking whether to disable 'command not found' messages... no
checking whether to enable environment debugging... no
checking whether to enable environment resetting by default... yes
checking for library containing strerror... none required
checking how to run the C preprocessor... gcc -E
checking for ar... ar
checking for ranlib... ranlib
checking build system type... x86_64-unknown-linux-gnu
checking host system type... x86_64-unknown-linux-gnu
checking how to print strings... printf
checking for a sed that does not truncate output... /bin/sed
checking for grep that handles long lines and -e... /bin/grep
checking for egrep... /bin/grep -E
checking for fgrep... /bin/grep -F
checking for ld used by gcc... /usr/bin/ld
checking if the linker (/usr/bin/ld) is GNU ld... yes
checking for BSD- or MS-compatible name lister (nm)... /usr/bin/nm -B
checking the name lister (/usr/bin/nm -B) interface... BSD nm
checking whether ln -s works... yes
checking the maximum length of command line arguments... 1572864
checking whether the shell understands some XSI constructs... yes
checking whether the shell understands "+="... yes
checking for /usr/bin/ld option to reload object files... -r
checking for objdump... objdump
checking how to recognize dependent libraries... pass_all
checking for ar... (cached) ar
checking for strip... strip
checking for ranlib... (cached) ranlib
checking for gawk... gawk
checking command to parse /usr/bin/nm -B output from gcc object... ok
checking for ANSI C header files... yes
checking for sys/types.h... yes
checking for sys/stat.h... yes
checking for stdlib.h... yes
checking for string.h... yes
checking for memory.h... yes
checking for strings.h... yes
checking for inttypes.h... yes
checking for stdint.h... yes
checking for unistd.h... yes
checking for dlfcn.h... yes
checking for objdir... .libs
checking if gcc supports -fno-rtti -fno-exceptions... no
checking for gcc option to produce PIC... -fPIC -DPIC
checking if gcc PIC flag -fPIC -DPIC works... yes
checking if gcc static flag -static works... yes
checking if gcc supports -c -o file.o... yes
checking if gcc supports -c -o file.o... (cached) yes
checking whether the gcc linker (/usr/bin/ld -m elf_x86_64) supports shared libraries... yes
checking whether -lc should be explicitly linked in... no
checking dynamic linker characteristics... GNU/Linux ld.so
checking how to hardcode library paths into programs... immediate
checking for shl_load... no
checking for shl_load in -ldld... no
checking for dlopen... no
checking for dlopen in -ldl... yes
checking whether a program can dlopen itself... yes
checking whether a statically linked program can dlopen itself... no
checking whether stripping libraries is possible... yes
checking if libtool supports shared libraries... yes
checking whether to build shared libraries... yes
checking whether to build static libraries... yes
checking path to sudo_noexec.so... /usr/lib64/sudo_noexec.so
checking for uname... uname
checking for tr... tr
checking for nroff... nroff
checking whether gcc needs -traditional... no
checking for an ANSI C-conforming const... yes
checking for working volatile... yes
checking for bison... bison -y
checking for flex... /usr/bin/flex
checking for mv... /bin/mv
checking for bourne shell... /bin/sh
checking for vi... /usr/bin/vi
checking which syslog facility sudo should log with... authpriv
checking for ANSI C header files... (cached) yes
checking for dirent.h that defines DIR... yes
checking for library containing opendir... none required
checking whether time.h and sys/time.h may both be included... yes
checking malloc.h usability... yes
checking malloc.h presence... yes
checking for malloc.h... yes
checking paths.h usability... yes
checking paths.h presence... yes
checking for paths.h... yes
checking utime.h usability... yes
checking utime.h presence... yes
checking for utime.h... yes
checking netgroup.h usability... no
checking netgroup.h presence... no
checking for netgroup.h... no
checking utmpx.h usability... yes
checking utmpx.h presence... yes
checking for utmpx.h... yes
checking sys/sockio.h usability... no
checking sys/sockio.h presence... no
checking for sys/sockio.h... no
checking sys/bsdtypes.h usability... no
checking sys/bsdtypes.h presence... no
checking for sys/bsdtypes.h... no
checking sys/select.h usability... yes
checking sys/select.h presence... yes
checking for sys/select.h... yes
checking sys/stropts.h usability... yes
checking sys/stropts.h presence... yes
checking for sys/stropts.h... yes
checking sys/sysmacros.h usability... yes
checking sys/sysmacros.h presence... yes
checking for sys/sysmacros.h... yes
checking for special C compiler options needed for large files... no
checking for _FILE_OFFSET_BITS value needed for large files... no
checking POSIX termios... yes
checking for mode_t... yes
checking for uid_t in sys/types.h... yes
checking for __signed char... yes
checking for sig_atomic_t... yes
checking for sigaction_t... no
checking for struct timespec... yes
checking for struct in6_addr... yes
checking for long long int... yes
checking size of long int... 8
checking for size_t... yes
checking for ssize_t... yes
checking for dev_t... yes
checking for ino_t... yes
checking max length of uid_t... 10
checking for struct sockaddr.sa_len... no
checking for struct utmpx.ut_id... yes
checking for struct utmpx.ut_pid... yes
checking for struct utmpx.ut_tv... yes
checking for struct utmpx.ut_type... yes
checking for struct utmpx.ut_exit.__e_termination... no
checking for struct utmpx.ut_exit.e_termination... yes
checking type of array argument to getgroups... gid_t
checking for size_t... yes
checking for getgroups... yes
checking for working getgroups... yes
checking for strrchr... yes
checking for sysconf... yes
checking for tzset... yes
checking for strftime... yes
checking for initgroups... yes
checking for getgroups... (cached) yes
checking for fstat... yes
checking for regcomp... yes
checking for setlocale... yes
checking for nl_langinfo... yes
checking for getaddrinfo... yes
checking for mbr_check_membership... no
checking for setrlimit64... yes
checking for sysctl... yes
checking for getline... yes
checking for getutxid... yes
checking for openpty... no
checking for openpty in -lutil... yes
checking util.h usability... no
checking util.h presence... no
checking for util.h... no
checking pty.h usability... yes
checking pty.h presence... yes
checking for pty.h... yes
checking for unsetenv... yes
checking whether unsetenv returns void... no
checking for setresuid... yes
checking for getresuid... yes
checking for seteuid... yes
checking for getifaddrs... yes
checking for freeifaddrs... yes
checking for getcwd... yes
checking for glob... yes
checking for GLOB_BRACE and GLOB_TILDE in glob.h... yes
checking for lockf... yes
checking for innetgr... yes
checking for getdomainname... yes
checking for utimes... yes
checking for futimes... yes
checking for killpg... yes
checking for working fnmatch with FNM_CASEFOLD... yes
checking for isblank... yes
checking for memrchr... yes
checking for strlcpy... no
checking for strlcat... no
checking for setenv... yes
checking for nanosleep... yes
checking for closefrom... no
checking whether F_CLOSEM is declared... no
checking for mkstemps... yes
checking for mkdtemp... yes
checking for snprintf... yes
checking for vsnprintf... yes
checking for asprintf... yes
checking for vasprintf... yes
checking for struct stat.st_mtim... yes
checking for struct stat.st_mtim.st__tim... no
checking for socket... yes
checking for inet_addr... yes
checking for syslog... yes
checking for getprogname... no
checking for __progname... yes
checking for gzdopen in -lz... yes
checking zlib.h usability... yes
checking zlib.h presence... yes
checking for zlib.h... yes
checking for strsignal... yes
checking security/pam_appl.h usability... yes
checking security/pam_appl.h presence... yes
checking for security/pam_appl.h... yes
checking whether to use PAM session support... yes
checking for log file location... /var/log/sudo.log
checking for timestamp file location... /var/lib/sudo
checking for I/O log dir location... /var/log/sudo-io
configure: using the following authentication methods: pam
configure: creating ./config.status
config.status: creating Makefile
config.status: creating common/Makefile
config.status: creating compat/Makefile
config.status: creating doc/Makefile
config.status: creating include/Makefile
config.status: creating src/sudo_usage.h
config.status: creating src/Makefile
config.status: creating plugins/sample/Makefile
config.status: creating plugins/sample_group/Makefile
config.status: creating plugins/sudoers/Makefile
config.status: creating plugins/sudoers/sudoers
config.status: creating config.h
config.status: creating pathnames.h
config.status: executing libtool commands
configure: You will need to customize sample.pam and install it as /etc/pam.d/sudo
+ make -j24
for d in compat common  plugins/sudoers src include doc plugins/sample plugins/sample_group; \
    do (cd $d && exec make all) && continue; \
    exit $?; \
done
make[1]: Entering directory `/usr/src/rpm/BUILD/sudo-1.8.1p1/compat'
/bin/sh ../libtool --mode=compile gcc -c -o strlcpy.lo -I.. -I../include  -g -O2 -D_GNU_SOURCE ./strlcpy.c
/bin/sh ../libtool --mode=compile gcc -c -o strlcat.lo -I.. -I../include  -g -O2 -D_GNU_SOURCE ./strlcat.c
/bin/sh ../libtool --mode=compile gcc -c -o closefrom.lo -I.. -I../include  -g -O2 -D_GNU_SOURCE ./closefrom.c
libtool: compile:  gcc -c -I.. -I../include -g -O2 -D_GNU_SOURCE ./strlcpy.c  -fPIC -DPIC -o .libs/strlcpy.o
libtool: compile:  gcc -c -I.. -I../include -g -O2 -D_GNU_SOURCE ./strlcat.c  -fPIC -DPIC -o .libs/strlcat.o
libtool: compile:  gcc -c -I.. -I../include -g -O2 -D_GNU_SOURCE ./closefrom.c  -fPIC -DPIC -o .libs/closefrom.o
libtool: compile:  gcc -c -I.. -I../include -g -O2 -D_GNU_SOURCE ./strlcpy.c -o strlcpy.o >/dev/null 2>&1
libtool: compile:  gcc -c -I.. -I../include -g -O2 -D_GNU_SOURCE ./strlcat.c -o strlcat.o >/dev/null 2>&1
libtool: compile:  gcc -c -I.. -I../include -g -O2 -D_GNU_SOURCE ./closefrom.c -o closefrom.o >/dev/null 2>&1
/bin/sh ../libtool --mode=link gcc -o libreplace.la strlcpy.lo strlcat.lo closefrom.lo -no-install
libtool: link: ar cru .libs/libreplace.a .libs/strlcpy.o .libs/strlcat.o .libs/closefrom.o 
libtool: link: ranlib .libs/libreplace.a
libtool: link: ( cd ".libs" && rm -f "libreplace.la" && ln -s "../libreplace.la" "libreplace.la" )
make[1]: Leaving directory `/usr/src/rpm/BUILD/sudo-1.8.1p1/compat'
make[1]: Entering directory `/usr/src/rpm/BUILD/sudo-1.8.1p1/common'
/bin/sh ../libtool --mode=compile gcc -c -o alloc.lo -I. -I.. -I../include  -g -O2 -D_GNU_SOURCE ./alloc.c
/bin/sh ../libtool --mode=compile gcc -c -o atobool.lo -I. -I.. -I../include  -g -O2 -D_GNU_SOURCE ./atobool.c
/bin/sh ../libtool --mode=compile gcc -c -o fileops.lo -I. -I.. -I../include  -g -O2 -D_GNU_SOURCE ./fileops.c
/bin/sh ../libtool --mode=compile gcc -c -o fmt_string.lo -I. -I.. -I../include  -g -O2 -D_GNU_SOURCE ./fmt_string.c
/bin/sh ../libtool --mode=compile gcc -c -o lbuf.lo -I. -I.. -I../include  -g -O2 -D_GNU_SOURCE ./lbuf.c
/bin/sh ../libtool --mode=compile gcc -c -o list.lo -I. -I.. -I../include  -g -O2 -D_GNU_SOURCE ./list.c
/bin/sh ../libtool --mode=compile gcc -c -o term.lo -I. -I.. -I../include  -g -O2 -D_GNU_SOURCE ./term.c
/bin/sh ../libtool --mode=compile gcc -c -o zero_bytes.lo -I. -I.. -I../include  -g -O2 -D_GNU_SOURCE ./zero_bytes.c
libtool: compile:  gcc -c -I. -I.. -I../include -g -O2 -D_GNU_SOURCE ./fileops.c  -fPIC -DPIC -o .libs/fileops.o
libtool: compile:  gcc -c -I. -I.. -I../include -g -O2 -D_GNU_SOURCE ./alloc.c  -fPIC -DPIC -o .libs/alloc.o
libtool: compile:  gcc -c -I. -I.. -I../include -g -O2 -D_GNU_SOURCE ./atobool.c  -fPIC -DPIC -o .libs/atobool.o
libtool: compile:  gcc -c -I. -I.. -I../include -g -O2 -D_GNU_SOURCE ./fmt_string.c  -fPIC -DPIC -o .libs/fmt_string.o
libtool: compile:  gcc -c -I. -I.. -I../include -g -O2 -D_GNU_SOURCE ./lbuf.c  -fPIC -DPIC -o .libs/lbuf.o
libtool: compile:  gcc -c -I. -I.. -I../include -g -O2 -D_GNU_SOURCE ./term.c  -fPIC -DPIC -o .libs/term.o
libtool: compile:  gcc -c -I. -I.. -I../include -g -O2 -D_GNU_SOURCE ./list.c  -fPIC -DPIC -o .libs/list.o
libtool: compile:  gcc -c -I. -I.. -I../include -g -O2 -D_GNU_SOURCE ./zero_bytes.c  -fPIC -DPIC -o .libs/zero_bytes.o
libtool: compile:  gcc -c -I. -I.. -I../include -g -O2 -D_GNU_SOURCE ./zero_bytes.c -o zero_bytes.o >/dev/null 2>&1
libtool: compile:  gcc -c -I. -I.. -I../include -g -O2 -D_GNU_SOURCE ./fmt_string.c -o fmt_string.o >/dev/null 2>&1
libtool: compile:  gcc -c -I. -I.. -I../include -g -O2 -D_GNU_SOURCE ./atobool.c -o atobool.o >/dev/null 2>&1
libtool: compile:  gcc -c -I. -I.. -I../include -g -O2 -D_GNU_SOURCE ./list.c -o list.o >/dev/null 2>&1
libtool: compile:  gcc -c -I. -I.. -I../include -g -O2 -D_GNU_SOURCE ./fileops.c -o fileops.o >/dev/null 2>&1
libtool: compile:  gcc -c -I. -I.. -I../include -g -O2 -D_GNU_SOURCE ./term.c -o term.o >/dev/null 2>&1
libtool: compile:  gcc -c -I. -I.. -I../include -g -O2 -D_GNU_SOURCE ./alloc.c -o alloc.o >/dev/null 2>&1
libtool: compile:  gcc -c -I. -I.. -I../include -g -O2 -D_GNU_SOURCE ./lbuf.c -o lbuf.o >/dev/null 2>&1
/bin/sh ../libtool --mode=link gcc -o libcommon.la alloc.lo atobool.lo fileops.lo fmt_string.lo lbuf.lo list.lo term.lo zero_bytes.lo  -no-install
libtool: link: ar cru .libs/libcommon.a .libs/alloc.o .libs/atobool.o .libs/fileops.o .libs/fmt_string.o .libs/lbuf.o .libs/list.o .libs/term.o .libs/zero_bytes.o 
libtool: link: ranlib .libs/libcommon.a
libtool: link: ( cd ".libs" && rm -f "libcommon.la" && ln -s "../libcommon.la" "libcommon.la" )
make[1]: Leaving directory `/usr/src/rpm/BUILD/sudo-1.8.1p1/common'
make[1]: Entering directory `/usr/src/rpm/BUILD/sudo-1.8.1p1/plugins/sudoers'
/bin/sh ../../libtool --mode=compile gcc -c -I../../include -I../.. -I. -I../..  -g -O2 -D_GNU_SOURCE -D_PATH_SUDOERS=\"/etc/sudoers\" -DSUDOERS_UID=0 -DSUDOERS_GID=0 -DSUDOERS_MODE=0440 ./auth/sudo_auth.c
/bin/sh ../../libtool --mode=compile gcc -c -I../../include -I../.. -I. -I../..  -g -O2 -D_GNU_SOURCE -D_PATH_SUDOERS=\"/etc/sudoers\" -DSUDOERS_UID=0 -DSUDOERS_GID=0 -DSUDOERS_MODE=0440 ./auth/pam.c
/bin/sh ../../libtool --mode=compile gcc -c -I../../include -I../.. -I. -I../..  -g -O2 -D_GNU_SOURCE -D_PATH_SUDOERS=\"/etc/sudoers\" -DSUDOERS_UID=0 -DSUDOERS_GID=0 -DSUDOERS_MODE=0440 ./boottime.c
/bin/sh ../../libtool --mode=compile gcc -c -I../../include -I../.. -I. -I../..  -g -O2 -D_GNU_SOURCE -D_PATH_SUDOERS=\"/etc/sudoers\" -DSUDOERS_UID=0 -DSUDOERS_GID=0 -DSUDOERS_MODE=0440 ./check.c
/bin/sh ../../libtool --mode=compile gcc -c -I../../include -I../.. -I. -I../..  -g -O2 -D_GNU_SOURCE -D_PATH_SUDOERS=\"/etc/sudoers\" -DSUDOERS_UID=0 -DSUDOERS_GID=0 -DSUDOERS_MODE=0440 ./env.c
/bin/sh ../../libtool --mode=compile gcc -c -I../../include -I../.. -I. -I../..  -g -O2 -D_GNU_SOURCE -D_PATH_SUDOERS=\"/etc/sudoers\" -DSUDOERS_UID=0 -DSUDOERS_GID=0 -DSUDOERS_MODE=0440 ./goodpath.c
/bin/sh ../../libtool --mode=compile gcc -c -I../../include -I../.. -I. -I../..  -g -O2 -D_GNU_SOURCE -D_PATH_SUDOERS=\"/etc/sudoers\" -DSUDOERS_UID=0 -DSUDOERS_GID=0 -DSUDOERS_MODE=0440 ./group_plugin.c
/bin/sh ../../libtool --mode=compile gcc -c -I../../include -I../.. -I. -I../..  -g -O2 -D_GNU_SOURCE -D_PATH_SUDOERS=\"/etc/sudoers\" -DSUDOERS_UID=0 -DSUDOERS_GID=0 -DSUDOERS_MODE=0440 ./find_path.c
/bin/sh ../../libtool --mode=compile gcc -c -I../../include -I../.. -I. -I../..  -g -O2 -D_GNU_SOURCE -D_PATH_SUDOERS=\"/etc/sudoers\" -DSUDOERS_UID=0 -DSUDOERS_GID=0 -DSUDOERS_MODE=0440 ./interfaces.c
/bin/sh ../../libtool --mode=compile gcc -c -I../../include -I../.. -I. -I../..  -g -O2 -D_GNU_SOURCE -D_PATH_SUDOERS=\"/etc/sudoers\" -DSUDOERS_UID=0 -DSUDOERS_GID=0 -DSUDOERS_MODE=0440 ./logging.c
/bin/sh ../../libtool --mode=compile gcc -c -I../../include -I../.. -I. -I../..  -g -O2 -D_GNU_SOURCE -D_PATH_SUDOERS=\"/etc/sudoers\" -DSUDOERS_UID=0 -DSUDOERS_GID=0 -DSUDOERS_MODE=0440 ./set_perms.c
/bin/sh ../../libtool --mode=compile gcc -c -I../../include -I../.. -I. -I../..  -g -O2 -D_GNU_SOURCE -D_PATH_SUDOERS=\"/etc/sudoers\" -DSUDOERS_UID=0 -DSUDOERS_GID=0 -DSUDOERS_MODE=0440 ./sudoers.c
/bin/sh ../../libtool --mode=compile gcc -c -I../../include -I../.. -I. -I../..  -g -O2 -D_GNU_SOURCE -D_PATH_SUDOERS=\"/etc/sudoers\" -DSUDOERS_UID=0 -DSUDOERS_GID=0 -DSUDOERS_MODE=0440 ./sudo_nss.c
/bin/sh ../../libtool --mode=compile gcc -c -I../../include -I../.. -I. -I../..  -g -O2 -D_GNU_SOURCE -D_PATH_SUDOERS=\"/etc/sudoers\" -DSUDOERS_UID=0 -DSUDOERS_GID=0 -DSUDOERS_MODE=0440 ./iolog.c
/bin/sh ../../libtool --mode=compile gcc -c -I../../include -I../.. -I. -I../..  -g -O2 -D_GNU_SOURCE -D_PATH_SUDOERS=\"/etc/sudoers\" -DSUDOERS_UID=0 -DSUDOERS_GID=0 -DSUDOERS_MODE=0440 ./iolog_path.c
/bin/sh ../../libtool --mode=compile gcc -c -I../../include -I../.. -I. -I../..  -g -O2 -D_GNU_SOURCE -D_PATH_SUDOERS=\"/etc/sudoers\" -DSUDOERS_UID=0 -DSUDOERS_GID=0 -DSUDOERS_MODE=0440 ./plugin_error.c
/bin/sh ../../libtool --mode=compile gcc -c -I../../include -I../.. -I. -I../..  -g -O2 -D_GNU_SOURCE -D_PATH_SUDOERS=\"/etc/sudoers\" -DSUDOERS_UID=0 -DSUDOERS_GID=0 -DSUDOERS_MODE=0440 ./alias.c
/bin/sh ../../libtool --mode=compile gcc -c -I../../include -I../.. -I. -I../..  -g -O2 -D_GNU_SOURCE -D_PATH_SUDOERS=\"/etc/sudoers\" -DSUDOERS_UID=0 -DSUDOERS_GID=0 -DSUDOERS_MODE=0440 ./audit.c
/bin/sh ../../libtool --mode=compile gcc -c -I../../include -I../.. -I. -I../..  -g -O2 -D_GNU_SOURCE -D_PATH_SUDOERS=\"/etc/sudoers\" -DSUDOERS_UID=0 -DSUDOERS_GID=0 -DSUDOERS_MODE=0440 ./defaults.c
/bin/sh ../../libtool --mode=compile gcc -c -I../../include -I../.. -I. -I../..  -g -O2 -D_GNU_SOURCE -D_PATH_SUDOERS=\"/etc/sudoers\" -DSUDOERS_UID=0 -DSUDOERS_GID=0 -DSUDOERS_MODE=0440 ./gram.c
/bin/sh ../../libtool --mode=compile gcc -c -I../../include -I../.. -I. -I../..  -g -O2 -D_GNU_SOURCE -D_PATH_SUDOERS=\"/etc/sudoers\" -DSUDOERS_UID=0 -DSUDOERS_GID=0 -DSUDOERS_MODE=0440 ./match.c
/bin/sh ../../libtool --mode=compile gcc -c -I../../include -I../.. -I. -I../..  -g -O2 -D_GNU_SOURCE -D_PATH_SUDOERS=\"/etc/sudoers\" -DSUDOERS_UID=0 -DSUDOERS_GID=0 -DSUDOERS_MODE=0440 ./pwutil.c
/bin/sh ../../libtool --mode=compile gcc -c -I../../include -I../.. -I. -I../..  -g -O2 -D_GNU_SOURCE -D_PATH_SUDOERS=\"/etc/sudoers\" -DSUDOERS_UID=0 -DSUDOERS_GID=0 -DSUDOERS_MODE=0440 ./timestr.c
/bin/sh ../../libtool --mode=compile gcc -c -I../../include -I../.. -I. -I../..  -g -O2 -D_GNU_SOURCE -D_PATH_SUDOERS=\"/etc/sudoers\" -DSUDOERS_UID=0 -DSUDOERS_GID=0 -DSUDOERS_MODE=0440 ./toke.c
libtool: compile:  gcc -c -I../../include -I../.. -I. -I../.. -g -O2 -D_GNU_SOURCE -D_PATH_SUDOERS=\"/etc/sudoers\" -DSUDOERS_UID=0 -DSUDOERS_GID=0 -DSUDOERS_MODE=0440 ./auth/pam.c  -fPIC -DPIC -o .libs/pam.o
libtool: compile:  gcc -c -I../../include -I../.. -I. -I../.. -g -O2 -D_GNU_SOURCE -D_PATH_SUDOERS=\"/etc/sudoers\" -DSUDOERS_UID=0 -DSUDOERS_GID=0 -DSUDOERS_MODE=0440 ./env.c  -fPIC -DPIC -o .libs/env.o
libtool: compile:  gcc -c -I../../include -I../.. -I. -I../.. -g -O2 -D_GNU_SOURCE -D_PATH_SUDOERS=\"/etc/sudoers\" -DSUDOERS_UID=0 -DSUDOERS_GID=0 -DSUDOERS_MODE=0440 ./auth/sudo_auth.c  -fPIC -DPIC -o .libs/sudo_auth.o
libtool: compile:  gcc -c -I../../include -I../.. -I. -I../.. -g -O2 -D_GNU_SOURCE -D_PATH_SUDOERS=\"/etc/sudoers\" -DSUDOERS_UID=0 -DSUDOERS_GID=0 -DSUDOERS_MODE=0440 ./group_plugin.c  -fPIC -DPIC -o .libs/group_plugin.o
libtool: compile:  gcc -c -I../../include -I../.. -I. -I../.. -g -O2 -D_GNU_SOURCE -D_PATH_SUDOERS=\"/etc/sudoers\" -DSUDOERS_UID=0 -DSUDOERS_GID=0 -DSUDOERS_MODE=0440 ./boottime.c  -fPIC -DPIC -o .libs/boottime.o
libtool: compile:  gcc -c -I../../include -I../.. -I. -I../.. -g -O2 -D_GNU_SOURCE -D_PATH_SUDOERS=\"/etc/sudoers\" -DSUDOERS_UID=0 -DSUDOERS_GID=0 -DSUDOERS_MODE=0440 ./find_path.c  -fPIC -DPIC -o .libs/find_path.o
libtool: compile:  gcc -c -I../../include -I../.. -I. -I../.. -g -O2 -D_GNU_SOURCE -D_PATH_SUDOERS=\"/etc/sudoers\" -DSUDOERS_UID=0 -DSUDOERS_GID=0 -DSUDOERS_MODE=0440 ./logging.c  -fPIC -DPIC -o .libs/logging.o
libtool: compile:  gcc -c -I../../include -I../.. -I. -I../.. -g -O2 -D_GNU_SOURCE -D_PATH_SUDOERS=\"/etc/sudoers\" -DSUDOERS_UID=0 -DSUDOERS_GID=0 -DSUDOERS_MODE=0440 ./goodpath.c  -fPIC -DPIC -o .libs/goodpath.o
libtool: compile:  gcc -c -I../../include -I../.. -I. -I../.. -g -O2 -D_GNU_SOURCE -D_PATH_SUDOERS=\"/etc/sudoers\" -DSUDOERS_UID=0 -DSUDOERS_GID=0 -DSUDOERS_MODE=0440 ./set_perms.c  -fPIC -DPIC -o .libs/set_perms.o
libtool: compile:  gcc -c -I../../include -I../.. -I. -I../.. -g -O2 -D_GNU_SOURCE -D_PATH_SUDOERS=\"/etc/sudoers\" -DSUDOERS_UID=0 -DSUDOERS_GID=0 -DSUDOERS_MODE=0440 ./sudoers.c  -fPIC -DPIC -o .libs/sudoers.o
libtool: compile:  gcc -c -I../../include -I../.. -I. -I../.. -g -O2 -D_GNU_SOURCE -D_PATH_SUDOERS=\"/etc/sudoers\" -DSUDOERS_UID=0 -DSUDOERS_GID=0 -DSUDOERS_MODE=0440 ./check.c  -fPIC -DPIC -o .libs/check.o
libtool: compile:  gcc -c -I../../include -I../.. -I. -I../.. -g -O2 -D_GNU_SOURCE -D_PATH_SUDOERS=\"/etc/sudoers\" -DSUDOERS_UID=0 -DSUDOERS_GID=0 -DSUDOERS_MODE=0440 ./interfaces.c  -fPIC -DPIC -o .libs/interfaces.o
libtool: compile:  gcc -c -I../../include -I../.. -I. -I../.. -g -O2 -D_GNU_SOURCE -D_PATH_SUDOERS=\"/etc/sudoers\" -DSUDOERS_UID=0 -DSUDOERS_GID=0 -DSUDOERS_MODE=0440 ./sudo_nss.c  -fPIC -DPIC -o .libs/sudo_nss.o
libtool: compile:  gcc -c -I../../include -I../.. -I. -I../.. -g -O2 -D_GNU_SOURCE -D_PATH_SUDOERS=\"/etc/sudoers\" -DSUDOERS_UID=0 -DSUDOERS_GID=0 -DSUDOERS_MODE=0440 ./gram.c  -fPIC -DPIC -o .libs/gram.o
libtool: compile:  gcc -c -I../../include -I../.. -I. -I../.. -g -O2 -D_GNU_SOURCE -D_PATH_SUDOERS=\"/etc/sudoers\" -DSUDOERS_UID=0 -DSUDOERS_GID=0 -DSUDOERS_MODE=0440 ./defaults.c  -fPIC -DPIC -o .libs/defaults.o
libtool: compile:  gcc -c -I../../include -I../.. -I. -I../.. -g -O2 -D_GNU_SOURCE -D_PATH_SUDOERS=\"/etc/sudoers\" -DSUDOERS_UID=0 -DSUDOERS_GID=0 -DSUDOERS_MODE=0440 ./match.c  -fPIC -DPIC -o .libs/match.o
libtool: compile:  gcc -c -I../../include -I../.. -I. -I../.. -g -O2 -D_GNU_SOURCE -D_PATH_SUDOERS=\"/etc/sudoers\" -DSUDOERS_UID=0 -DSUDOERS_GID=0 -DSUDOERS_MODE=0440 ./alias.c  -fPIC -DPIC -o .libs/alias.o
libtool: compile:  gcc -c -I../../include -I../.. -I. -I../.. -g -O2 -D_GNU_SOURCE -D_PATH_SUDOERS=\"/etc/sudoers\" -DSUDOERS_UID=0 -DSUDOERS_GID=0 -DSUDOERS_MODE=0440 ./iolog.c  -fPIC -DPIC -o .libs/iolog.o
libtool: compile:  gcc -c -I../../include -I../.. -I. -I../.. -g -O2 -D_GNU_SOURCE -D_PATH_SUDOERS=\"/etc/sudoers\" -DSUDOERS_UID=0 -DSUDOERS_GID=0 -DSUDOERS_MODE=0440 ./pwutil.c  -fPIC -DPIC -o .libs/pwutil.o
libtool: compile:  gcc -c -I../../include -I../.. -I. -I../.. -g -O2 -D_GNU_SOURCE -D_PATH_SUDOERS=\"/etc/sudoers\" -DSUDOERS_UID=0 -DSUDOERS_GID=0 -DSUDOERS_MODE=0440 ./audit.c  -fPIC -DPIC -o .libs/audit.o
libtool: compile:  gcc -c -I../../include -I../.. -I. -I../.. -g -O2 -D_GNU_SOURCE -D_PATH_SUDOERS=\"/etc/sudoers\" -DSUDOERS_UID=0 -DSUDOERS_GID=0 -DSUDOERS_MODE=0440 ./iolog_path.c  -fPIC -DPIC -o .libs/iolog_path.o
libtool: compile:  gcc -c -I../../include -I../.. -I. -I../.. -g -O2 -D_GNU_SOURCE -D_PATH_SUDOERS=\"/etc/sudoers\" -DSUDOERS_UID=0 -DSUDOERS_GID=0 -DSUDOERS_MODE=0440 ./timestr.c  -fPIC -DPIC -o .libs/timestr.o
libtool: compile:  gcc -c -I../../include -I../.. -I. -I../.. -g -O2 -D_GNU_SOURCE -D_PATH_SUDOERS=\"/etc/sudoers\" -DSUDOERS_UID=0 -DSUDOERS_GID=0 -DSUDOERS_MODE=0440 ./toke.c  -fPIC -DPIC -o .libs/toke.o
libtool: compile:  gcc -c -I../../include -I../.. -I. -I../.. -g -O2 -D_GNU_SOURCE -D_PATH_SUDOERS=\"/etc/sudoers\" -DSUDOERS_UID=0 -DSUDOERS_GID=0 -DSUDOERS_MODE=0440 ./plugin_error.c  -fPIC -DPIC -o .libs/plugin_error.o
libtool: compile:  gcc -c -I../../include -I../.. -I. -I../.. -g -O2 -D_GNU_SOURCE -D_PATH_SUDOERS=\"/etc/sudoers\" -DSUDOERS_UID=0 -DSUDOERS_GID=0 -DSUDOERS_MODE=0440 ./audit.c -o audit.o >/dev/null 2>&1
libtool: compile:  gcc -c -I../../include -I../.. -I. -I../.. -g -O2 -D_GNU_SOURCE -D_PATH_SUDOERS=\"/etc/sudoers\" -DSUDOERS_UID=0 -DSUDOERS_GID=0 -DSUDOERS_MODE=0440 ./timestr.c -o timestr.o >/dev/null 2>&1
libtool: compile:  gcc -c -I../../include -I../.. -I. -I../.. -g -O2 -D_GNU_SOURCE -D_PATH_SUDOERS=\"/etc/sudoers\" -DSUDOERS_UID=0 -DSUDOERS_GID=0 -DSUDOERS_MODE=0440 ./boottime.c -o boottime.o >/dev/null 2>&1
libtool: compile:  gcc -c -I../../include -I../.. -I. -I../.. -g -O2 -D_GNU_SOURCE -D_PATH_SUDOERS=\"/etc/sudoers\" -DSUDOERS_UID=0 -DSUDOERS_GID=0 -DSUDOERS_MODE=0440 ./goodpath.c -o goodpath.o >/dev/null 2>&1
libtool: compile:  gcc -c -I../../include -I../.. -I. -I../.. -g -O2 -D_GNU_SOURCE -D_PATH_SUDOERS=\"/etc/sudoers\" -DSUDOERS_UID=0 -DSUDOERS_GID=0 -DSUDOERS_MODE=0440 ./plugin_error.c -o plugin_error.o >/dev/null 2>&1
libtool: compile:  gcc -c -I../../include -I../.. -I. -I../.. -g -O2 -D_GNU_SOURCE -D_PATH_SUDOERS=\"/etc/sudoers\" -DSUDOERS_UID=0 -DSUDOERS_GID=0 -DSUDOERS_MODE=0440 ./find_path.c -o find_path.o >/dev/null 2>&1
libtool: compile:  gcc -c -I../../include -I../.. -I. -I../.. -g -O2 -D_GNU_SOURCE -D_PATH_SUDOERS=\"/etc/sudoers\" -DSUDOERS_UID=0 -DSUDOERS_GID=0 -DSUDOERS_MODE=0440 ./interfaces.c -o interfaces.o >/dev/null 2>&1
/bin/sh ../../libtool --mode=compile gcc -c -I../../include -I../.. -I. -I../..  -g -O2 -D_GNU_SOURCE -D_PATH_SUDOERS=\"/etc/sudoers\" -DSUDOERS_UID=0 -DSUDOERS_GID=0 -DSUDOERS_MODE=0440 ./toke_util.c
libtool: compile:  gcc -c -I../../include -I../.. -I. -I../.. -g -O2 -D_GNU_SOURCE -D_PATH_SUDOERS=\"/etc/sudoers\" -DSUDOERS_UID=0 -DSUDOERS_GID=0 -DSUDOERS_MODE=0440 ./alias.c -o alias.o >/dev/null 2>&1
libtool: compile:  gcc -c -I../../include -I../.. -I. -I../.. -g -O2 -D_GNU_SOURCE -D_PATH_SUDOERS=\"/etc/sudoers\" -DSUDOERS_UID=0 -DSUDOERS_GID=0 -DSUDOERS_MODE=0440 ./sudo_nss.c -o sudo_nss.o >/dev/null 2>&1
/bin/sh ../../libtool --mode=compile gcc -c -I../../include -I../.. -I. -I../..  -g -O2 -D_GNU_SOURCE -D_PATH_SUDOERS=\"/etc/sudoers\" -DSUDOERS_UID=0 -DSUDOERS_GID=0 -DSUDOERS_MODE=0440 ./redblack.c
libtool: compile:  gcc -c -I../../include -I../.. -I. -I../.. -g -O2 -D_GNU_SOURCE -D_PATH_SUDOERS=\"/etc/sudoers\" -DSUDOERS_UID=0 -DSUDOERS_GID=0 -DSUDOERS_MODE=0440 ./group_plugin.c -o group_plugin.o >/dev/null 2>&1
libtool: compile:  gcc -c -I../../include -I../.. -I. -I../.. -g -O2 -D_GNU_SOURCE -D_PATH_SUDOERS=\"/etc/sudoers\" -DSUDOERS_UID=0 -DSUDOERS_GID=0 -DSUDOERS_MODE=0440 ./toke_util.c  -fPIC -DPIC -o .libs/toke_util.o
gcc -c -I../../include -I../.. -I. -I../..  -g -O2 -D_GNU_SOURCE -D_PATH_SUDOERS=\"/etc/sudoers\" -DSUDOERS_UID=0 -DSUDOERS_GID=0 -DSUDOERS_MODE=0440 ./visudo.c
libtool: compile:  gcc -c -I../../include -I../.. -I. -I../.. -g -O2 -D_GNU_SOURCE -D_PATH_SUDOERS=\"/etc/sudoers\" -DSUDOERS_UID=0 -DSUDOERS_GID=0 -DSUDOERS_MODE=0440 ./auth/pam.c -o pam.o >/dev/null 2>&1
libtool: compile:  gcc -c -I../../include -I../.. -I. -I../.. -g -O2 -D_GNU_SOURCE -D_PATH_SUDOERS=\"/etc/sudoers\" -DSUDOERS_UID=0 -DSUDOERS_GID=0 -DSUDOERS_MODE=0440 ./redblack.c  -fPIC -DPIC -o .libs/redblack.o
libtool: compile:  gcc -c -I../../include -I../.. -I. -I../.. -g -O2 -D_GNU_SOURCE -D_PATH_SUDOERS=\"/etc/sudoers\" -DSUDOERS_UID=0 -DSUDOERS_GID=0 -DSUDOERS_MODE=0440 ./iolog_path.c -o iolog_path.o >/dev/null 2>&1
gcc -c -I../../include -I../.. -I. -I../..  -g -O2 -D_GNU_SOURCE -D_PATH_SUDOERS=\"/etc/sudoers\" -DSUDOERS_UID=0 -DSUDOERS_GID=0 -DSUDOERS_MODE=0440 ../../src/error.c
libtool: compile:  gcc -c -I../../include -I../.. -I. -I../.. -g -O2 -D_GNU_SOURCE -D_PATH_SUDOERS=\"/etc/sudoers\" -DSUDOERS_UID=0 -DSUDOERS_GID=0 -DSUDOERS_MODE=0440 ./auth/sudo_auth.c -o sudo_auth.o >/dev/null 2>&1
gcc -c -I../../include -I../.. -I. -I../..  -g -O2 -D_GNU_SOURCE -D_PATH_SUDOERS=\"/etc/sudoers\" -DSUDOERS_UID=0 -DSUDOERS_GID=0 -DSUDOERS_MODE=0440 ./getdate.c
gcc -c -I../../include -I../.. -I. -I../..  -g -O2 -D_GNU_SOURCE -D_PATH_SUDOERS=\"/etc/sudoers\" -DSUDOERS_UID=0 -DSUDOERS_GID=0 -DSUDOERS_MODE=0440 ./sudoreplay.c
gcc -c -I../../include -I../.. -I. -I../..  -g -O2 -D_GNU_SOURCE -D_PATH_SUDOERS=\"/etc/sudoers\" -DSUDOERS_UID=0 -DSUDOERS_GID=0 -DSUDOERS_MODE=0440 ./testsudoers.c
libtool: compile:  gcc -c -I../../include -I../.. -I. -I../.. -g -O2 -D_GNU_SOURCE -D_PATH_SUDOERS=\"/etc/sudoers\" -DSUDOERS_UID=0 -DSUDOERS_GID=0 -DSUDOERS_MODE=0440 ./set_perms.c -o set_perms.o >/dev/null 2>&1
gcc -c -I../../include -I../.. -I. -I../..  -g -O2 -D_GNU_SOURCE -D_PATH_SUDOERS=\"/etc/sudoers\" -DSUDOERS_UID=0 -DSUDOERS_GID=0 -DSUDOERS_MODE=0440 ./tsgetgrpw.c
gcc -c -I../../include -I../.. -I. -I../..  -g -O2 -D_GNU_SOURCE -D_PATH_SUDOERS=\"/etc/sudoers\" -DSUDOERS_UID=0 -DSUDOERS_GID=0 -DSUDOERS_MODE=0440 group_plugin.c
gcc -c -I../../include -I../.. -I. -I../..  -g -O2 -D_GNU_SOURCE -D_PATH_SUDOERS=\"/etc/sudoers\" -DSUDOERS_UID=0 -DSUDOERS_GID=0 -DSUDOERS_MODE=0440 ../../src/net_ifs.c
/bin/sh ../../libtool --mode=compile gcc -c -I../../include -I../.. -I. -I../..  -g -O2 -D_GNU_SOURCE -D_PATH_SUDOERS=\"/etc/sudoers\" -DSUDOERS_UID=0 -DSUDOERS_GID=0 -DSUDOERS_MODE=0440 ./parse.c
libtool: compile:  gcc -c -I../../include -I../.. -I. -I../.. -g -O2 -D_GNU_SOURCE -D_PATH_SUDOERS=\"/etc/sudoers\" -DSUDOERS_UID=0 -DSUDOERS_GID=0 -DSUDOERS_MODE=0440 ./toke_util.c -o toke_util.o >/dev/null 2>&1
libtool: compile:  gcc -c -I../../include -I../.. -I. -I../.. -g -O2 -D_GNU_SOURCE -D_PATH_SUDOERS=\"/etc/sudoers\" -DSUDOERS_UID=0 -DSUDOERS_GID=0 -DSUDOERS_MODE=0440 ./pwutil.c -o pwutil.o >/dev/null 2>&1
libtool: compile:  gcc -c -I../../include -I../.. -I. -I../.. -g -O2 -D_GNU_SOURCE -D_PATH_SUDOERS=\"/etc/sudoers\" -DSUDOERS_UID=0 -DSUDOERS_GID=0 -DSUDOERS_MODE=0440 ./parse.c  -fPIC -DPIC -o .libs/parse.o
gcc -c -I../../include -I../.. -I. -I../..  -g -O2 -D_GNU_SOURCE -D_PATH_SUDOERS=\"/etc/sudoers\" -DSUDOERS_UID=0 -DSUDOERS_GID=0 -DSUDOERS_MODE=0440 goodpath.c
libtool: compile:  gcc -c -I../../include -I../.. -I. -I../.. -g -O2 -D_GNU_SOURCE -D_PATH_SUDOERS=\"/etc/sudoers\" -DSUDOERS_UID=0 -DSUDOERS_GID=0 -DSUDOERS_MODE=0440 ./redblack.c -o redblack.o >/dev/null 2>&1
libtool: compile:  gcc -c -I../../include -I../.. -I. -I../.. -g -O2 -D_GNU_SOURCE -D_PATH_SUDOERS=\"/etc/sudoers\" -DSUDOERS_UID=0 -DSUDOERS_GID=0 -DSUDOERS_MODE=0440 ./check.c -o check.o >/dev/null 2>&1
gcc -c -I../../include -I../.. -I. -I../..  -g -O2 -D_GNU_SOURCE -D_PATH_SUDOERS=\"/etc/sudoers\" -DSUDOERS_UID=0 -DSUDOERS_GID=0 -DSUDOERS_MODE=0440 find_path.c
libtool: compile:  gcc -c -I../../include -I../.. -I. -I../.. -g -O2 -D_GNU_SOURCE -D_PATH_SUDOERS=\"/etc/sudoers\" -DSUDOERS_UID=0 -DSUDOERS_GID=0 -DSUDOERS_MODE=0440 ./defaults.c -o defaults.o >/dev/null 2>&1
libtool: compile:  gcc -c -I../../include -I../.. -I. -I../.. -g -O2 -D_GNU_SOURCE -D_PATH_SUDOERS=\"/etc/sudoers\" -DSUDOERS_UID=0 -DSUDOERS_GID=0 -DSUDOERS_MODE=0440 ./iolog.c -o iolog.o >/dev/null 2>&1
libtool: compile:  gcc -c -I../../include -I../.. -I. -I../.. -g -O2 -D_GNU_SOURCE -D_PATH_SUDOERS=\"/etc/sudoers\" -DSUDOERS_UID=0 -DSUDOERS_GID=0 -DSUDOERS_MODE=0440 ./env.c -o env.o >/dev/null 2>&1
gcc -c -I../../include -I../.. -I. -I../..  -g -O2 -D_GNU_SOURCE -D_PATH_SUDOERS=\"/etc/sudoers\" -DSUDOERS_UID=0 -DSUDOERS_GID=0 -DSUDOERS_MODE=0440 interfaces.c
libtool: compile:  gcc -c -I../../include -I../.. -I. -I../.. -g -O2 -D_GNU_SOURCE -D_PATH_SUDOERS=\"/etc/sudoers\" -DSUDOERS_UID=0 -DSUDOERS_GID=0 -DSUDOERS_MODE=0440 ./logging.c -o logging.o >/dev/null 2>&1
libtool: compile:  gcc -c -I../../include -I../.. -I. -I../.. -g -O2 -D_GNU_SOURCE -D_PATH_SUDOERS=\"/etc/sudoers\" -DSUDOERS_UID=0 -DSUDOERS_GID=0 -DSUDOERS_MODE=0440 ./match.c -o match.o >/dev/null 2>&1
libtool: compile:  gcc -c -I../../include -I../.. -I. -I../.. -g -O2 -D_GNU_SOURCE -D_PATH_SUDOERS=\"/etc/sudoers\" -DSUDOERS_UID=0 -DSUDOERS_GID=0 -DSUDOERS_MODE=0440 ./gram.c -o gram.o >/dev/null 2>&1
libtool: compile:  gcc -c -I../../include -I../.. -I. -I../.. -g -O2 -D_GNU_SOURCE -D_PATH_SUDOERS=\"/etc/sudoers\" -DSUDOERS_UID=0 -DSUDOERS_GID=0 -DSUDOERS_MODE=0440 ./sudoers.c -o sudoers.o >/dev/null 2>&1
libtool: compile:  gcc -c -I../../include -I../.. -I. -I../.. -g -O2 -D_GNU_SOURCE -D_PATH_SUDOERS=\"/etc/sudoers\" -DSUDOERS_UID=0 -DSUDOERS_GID=0 -DSUDOERS_MODE=0440 ./parse.c -o parse.o >/dev/null 2>&1
/bin/sh ../../libtool --mode=link gcc -o sudoreplay getdate.o sudoreplay.o error.o  timestr.lo -lz ../../common/libcommon.la ../../compat/libreplace.la
libtool: link: gcc -o sudoreplay getdate.o sudoreplay.o error.o .libs/timestr.o  -lz ../../common/.libs/libcommon.a ../../compat/.libs/libreplace.a 
libtool: compile:  gcc -c -I../../include -I../.. -I. -I../.. -g -O2 -D_GNU_SOURCE -D_PATH_SUDOERS=\"/etc/sudoers\" -DSUDOERS_UID=0 -DSUDOERS_GID=0 -DSUDOERS_MODE=0440 ./toke.c -o toke.o >/dev/null 2>&1
/bin/sh ../../libtool --mode=link gcc -o libsudoers.la alias.lo audit.lo defaults.lo gram.lo match.lo pwutil.lo timestr.lo toke.lo toke_util.lo redblack.lo -no-install
libtool: link: ar cru .libs/libsudoers.a .libs/alias.o .libs/audit.o .libs/defaults.o .libs/gram.o .libs/match.o .libs/pwutil.o .libs/timestr.o .libs/toke.o .libs/toke_util.o .libs/redblack.o 
libtool: link: ranlib .libs/libsudoers.a
libtool: link: ( cd ".libs" && rm -f "libsudoers.la" && ln -s "../libsudoers.la" "libsudoers.la" )
/bin/sh ../../libtool --tag=disable-static --mode=link gcc   -Wc,-static-libgcc -o sudoers.la sudo_auth.lo pam.lo boottime.lo check.lo env.lo goodpath.lo group_plugin.lo find_path.lo interfaces.lo logging.lo parse.lo set_perms.lo sudoers.lo sudo_nss.lo iolog.lo iolog_path.lo  plugin_error.lo libsudoers.la -lpam -ldl   ../../common/libcommon.la ../../compat/libreplace.la  -lz -module -export-symbols ./sudoers.sym -avoid-version -rpath /usr/lib64
/bin/sh ../../libtool --mode=link gcc -o visudo visudo.o goodpath.o find_path.o error.o  libsudoers.la ../../common/libcommon.la ../../compat/libreplace.la 
/bin/sh ../../libtool --mode=link gcc -o testsudoers interfaces.o testsudoers.o tsgetgrpw.o error.o group_plugin.o net_ifs.o  libsudoers.la ../../common/libcommon.la ../../compat/libreplace.la  -ldl
libtool: link: gcc -o visudo visudo.o goodpath.o find_path.o error.o  ./.libs/libsudoers.a ../../common/.libs/libcommon.a ../../compat/.libs/libreplace.a
libtool: link: gcc -o testsudoers interfaces.o testsudoers.o tsgetgrpw.o error.o group_plugin.o net_ifs.o  ./.libs/libsudoers.a ../../common/.libs/libcommon.a ../../compat/.libs/libreplace.a -ldl
libtool: link: echo "{ global:" > .libs/sudoers.ver
libtool: link:  cat ./sudoers.sym | sed -e "s/\(.*\)/\1;/" >> .libs/sudoers.ver
libtool: link:  echo "local: *; };" >> .libs/sudoers.ver
libtool: link:  gcc -shared  .libs/sudo_auth.o .libs/pam.o .libs/boottime.o .libs/check.o .libs/env.o .libs/goodpath.o .libs/group_plugin.o .libs/find_path.o .libs/interfaces.o .libs/logging.o .libs/parse.o .libs/set_perms.o .libs/sudoers.o .libs/sudo_nss.o .libs/iolog.o .libs/iolog_path.o .libs/plugin_error.o  -Wl,--whole-archive ./.libs/libsudoers.a ../../common/.libs/libcommon.a ../../compat/.libs/libreplace.a -Wl,--no-whole-archive  -Wl,-rpath -Wl,/lib64 -Wl,-rpath -Wl,/lib64 /lib64/libpam.so -lcrypt -ldl -lz  -static-libgcc   -Wl,-soname -Wl,sudoers.so -Wl,-version-script -Wl,.libs/sudoers.ver -o .libs/sudoers.so
libtool: link: ( cd ".libs" && rm -f "sudoers.la" && ln -s "../sudoers.la" "sudoers.la" )
make[1]: Leaving directory `/usr/src/rpm/BUILD/sudo-1.8.1p1/plugins/sudoers'
make[1]: Entering directory `/usr/src/rpm/BUILD/sudo-1.8.1p1/src'
gcc -c -I../include -I.. -I. -I.  -g -O2 -D_GNU_SOURCE -D_PATH_SUDO_CONF=\"/etc/sudo.conf\" ./conversation.c
gcc -c -I../include -I.. -I. -I.  -g -O2 -D_GNU_SOURCE -D_PATH_SUDO_CONF=\"/etc/sudo.conf\" ./error.c
gcc -c -I../include -I.. -I. -I.  -g -O2 -D_GNU_SOURCE -D_PATH_SUDO_CONF=\"/etc/sudo.conf\" ./exec.c
gcc -c -I../include -I.. -I. -I.  -g -O2 -D_GNU_SOURCE -D_PATH_SUDO_CONF=\"/etc/sudo.conf\" ./exec_pty.c
gcc -c -I../include -I.. -I. -I.  -g -O2 -D_GNU_SOURCE -D_PATH_SUDO_CONF=\"/etc/sudo.conf\" ./get_pty.c
gcc -c -I../include -I.. -I. -I.  -g -O2 -D_GNU_SOURCE -D_PATH_SUDO_CONF=\"/etc/sudo.conf\" ./net_ifs.c
gcc -c -I../include -I.. -I. -I.  -g -O2 -D_GNU_SOURCE -D_PATH_SUDO_CONF=\"/etc/sudo.conf\" ./load_plugins.c
gcc -c -I../include -I.. -I. -I.  -g -O2 -D_GNU_SOURCE -D_PATH_SUDO_CONF=\"/etc/sudo.conf\" ./parse_args.c
gcc -c -I../include -I.. -I. -I.  -g -O2 -D_GNU_SOURCE -D_PATH_SUDO_CONF=\"/etc/sudo.conf\" ./sudo.c
gcc -c -I../include -I.. -I. -I.  -g -O2 -D_GNU_SOURCE -D_PATH_SUDO_CONF=\"/etc/sudo.conf\" ./sudo_edit.c
gcc -c -I../include -I.. -I. -I.  -g -O2 -D_GNU_SOURCE -D_PATH_SUDO_CONF=\"/etc/sudo.conf\" ./tgetpass.c
gcc -c -I../include -I.. -I. -I.  -g -O2 -D_GNU_SOURCE -D_PATH_SUDO_CONF=\"/etc/sudo.conf\" ./ttysize.c
gcc -c -I../include -I.. -I. -I.  -g -O2 -D_GNU_SOURCE -D_PATH_SUDO_CONF=\"/etc/sudo.conf\" ./utmp.c
/bin/sh ../libtool --tag=disable-static --mode=compile gcc -c -I../include -I.. -I. -I.  -g -O2 -D_GNU_SOURCE -D_PATH_SUDO_CONF=\"/etc/sudo.conf\" ./sudo_noexec.c
libtool: compile:  gcc -c -I../include -I.. -I. -I. -g -O2 -D_GNU_SOURCE -D_PATH_SUDO_CONF=\"/etc/sudo.conf\" ./sudo_noexec.c  -fPIC -DPIC -o .libs/sudo_noexec.o
/bin/sh ../libtool --tag=disable-static --mode=link gcc  -o libsudo_noexec.la sudo_noexec.lo -avoid-version -rpath /usr/lib64
libtool: link: gcc -shared  .libs/sudo_noexec.o      -Wl,-soname -Wl,libsudo_noexec.so -o .libs/libsudo_noexec.so
libtool: link: ( cd ".libs" && rm -f "libsudo_noexec.la" && ln -s "../libsudo_noexec.la" "libsudo_noexec.la" )
/bin/sh ../libtool --tag=disable-static --mode=link gcc -o sudo conversation.o error.o exec.o exec_pty.o get_pty.o net_ifs.o load_plugins.o parse_args.o sudo.o sudo_edit.o tgetpass.o ttysize.o utmp.o   -lutil -ldl   ../common/libcommon.la ../compat/libreplace.la -static-libtool-libs
libtool: link: gcc -o sudo conversation.o error.o exec.o exec_pty.o get_pty.o net_ifs.o load_plugins.o parse_args.o sudo.o sudo_edit.o tgetpass.o ttysize.o utmp.o  -lutil -ldl ../common/.libs/libcommon.a ../compat/.libs/libreplace.a
make[1]: Leaving directory `/usr/src/rpm/BUILD/sudo-1.8.1p1/src'
make[1]: Entering directory `/usr/src/rpm/BUILD/sudo-1.8.1p1/include'
make[1]: Nothing to be done for `all'.
make[1]: Leaving directory `/usr/src/rpm/BUILD/sudo-1.8.1p1/include'
make[1]: Entering directory `/usr/src/rpm/BUILD/sudo-1.8.1p1/doc'
(cd .. && /bin/sh config.status --file=doc/sudo.man)
(cd .. && /bin/sh config.status --file=doc/visudo.man)
(cd .. && /bin/sh config.status --file=doc/sudoers.man)
(cd .. && /bin/sh config.status --file=doc/sudoers.ldap.man)
(cd .. && /bin/sh config.status --file=doc/sudoreplay.man)
(cd .. && /bin/sh config.status --file=doc/sudo_plugin.man)
config.status: creating doc/sudoers.man
config.status: creating doc/sudoers.ldap.man
config.status: creating doc/visudo.man
config.status: creating doc/sudo.man
config.status: creating doc/sudoreplay.man
config.status: creating doc/sudo_plugin.man
make[1]: Leaving directory `/usr/src/rpm/BUILD/sudo-1.8.1p1/doc'
make[1]: Entering directory `/usr/src/rpm/BUILD/sudo-1.8.1p1/plugins/sample'
/bin/sh ../../libtool --tag=disable-static --mode=compile gcc -c -I../../include -I../..  -g -O2 -D_GNU_SOURCE ./sample_plugin.c
libtool: compile:  gcc -c -I../../include -I../.. -g -O2 -D_GNU_SOURCE ./sample_plugin.c  -fPIC -DPIC -o .libs/sample_plugin.o
/bin/sh ../../libtool --tag=disable-static --mode=link gcc  -Wc,-static-libgcc -o sample_plugin.la sample_plugin.lo ../../compat//libreplace.la -module -export-symbols ./sample_plugin.sym -avoid-version -rpath /usr/lib64
libtool: link: echo "{ global:" > .libs/sample_plugin.ver
libtool: link:  cat ./sample_plugin.sym | sed -e "s/\(.*\)/\1;/" >> .libs/sample_plugin.ver
libtool: link:  echo "local: *; };" >> .libs/sample_plugin.ver
libtool: link:  gcc -shared  .libs/sample_plugin.o  -Wl,--whole-archive ../../compat//.libs/libreplace.a -Wl,--no-whole-archive   -static-libgcc   -Wl,-soname -Wl,sample_plugin.so -Wl,-version-script -Wl,.libs/sample_plugin.ver -o .libs/sample_plugin.so
libtool: link: ( cd ".libs" && rm -f "sample_plugin.la" && ln -s "../sample_plugin.la" "sample_plugin.la" )
make[1]: Leaving directory `/usr/src/rpm/BUILD/sudo-1.8.1p1/plugins/sample'
make[1]: Entering directory `/usr/src/rpm/BUILD/sudo-1.8.1p1/plugins/sample_group'
/bin/sh ../../libtool --tag=disable-static --mode=compile gcc -c -I../../include -I../..  -g -O2 -D_GNU_SOURCE ./sample_group.c
/bin/sh ../../libtool --tag=disable-static --mode=compile gcc -c -I../../include -I../..  -g -O2 -D_GNU_SOURCE ./getgrent.c
libtool: compile:  gcc -c -I../../include -I../.. -g -O2 -D_GNU_SOURCE ./sample_group.c  -fPIC -DPIC -o .libs/sample_group.o
libtool: compile:  gcc -c -I../../include -I../.. -g -O2 -D_GNU_SOURCE ./getgrent.c  -fPIC -DPIC -o .libs/getgrent.o
/bin/sh ../../libtool --tag=disable-static --mode=link gcc  -Wc,-static-libgcc -o sample_group.la sample_group.lo getgrent.lo ../../compat//libreplace.la -module -export-symbols ./sample_group.sym -avoid-version -rpath /usr/lib64
libtool: link: echo "{ global:" > .libs/sample_group.ver
libtool: link:  cat ./sample_group.sym | sed -e "s/\(.*\)/\1;/" >> .libs/sample_group.ver
libtool: link:  echo "local: *; };" >> .libs/sample_group.ver
libtool: link:  gcc -shared  .libs/sample_group.o .libs/getgrent.o  -Wl,--whole-archive ../../compat//.libs/libreplace.a -Wl,--no-whole-archive   -static-libgcc   -Wl,-soname -Wl,sample_group.so -Wl,-version-script -Wl,.libs/sample_group.ver -o .libs/sample_group.so
libtool: link: ( cd ".libs" && rm -f "sample_group.la" && ln -s "../sample_group.la" "sample_group.la" )
make[1]: Leaving directory `/usr/src/rpm/BUILD/sudo-1.8.1p1/plugins/sample_group'
+ exit 0
Executing(%install): /bin/sh -e /var/tmp/rpm-tmp.76677
+ umask 022
+ cd /usr/src/rpm/BUILD
+ /bin/rm -rf /var/tmp/sudo-root
+ /bin/mkdir -p /var/tmp/sudo-root
+ cd sudo-1.8.1p1
+ make DESTDIR=/var/tmp/sudo-root install
if test -d ./.hg && cd .; then \
    if hg log --style=changelog -b 1.8 > ChangeLog.tmp && hg log --style=changelog -b default --date '<2011-02-25 21:30:00' >> ChangeLog.tmp; then \
	mv -f ChangeLog.tmp ChangeLog; \
    else \
	rm -f ChangeLog.tmp; \
    fi; \
fi
for d in compat common  plugins/sudoers src include doc; \
    do (cd $d && exec make pre-install) && continue; \
    exit $?; \
done
make[1]: Entering directory `/usr/src/rpm/BUILD/sudo-1.8.1p1/compat'
make[1]: Nothing to be done for `pre-install'.
make[1]: Leaving directory `/usr/src/rpm/BUILD/sudo-1.8.1p1/compat'
make[1]: Entering directory `/usr/src/rpm/BUILD/sudo-1.8.1p1/common'
make[1]: Nothing to be done for `pre-install'.
make[1]: Leaving directory `/usr/src/rpm/BUILD/sudo-1.8.1p1/common'
make[1]: Entering directory `/usr/src/rpm/BUILD/sudo-1.8.1p1/plugins/sudoers'
make[1]: Leaving directory `/usr/src/rpm/BUILD/sudo-1.8.1p1/plugins/sudoers'
make[1]: Entering directory `/usr/src/rpm/BUILD/sudo-1.8.1p1/src'
make[1]: Nothing to be done for `pre-install'.
make[1]: Leaving directory `/usr/src/rpm/BUILD/sudo-1.8.1p1/src'
make[1]: Entering directory `/usr/src/rpm/BUILD/sudo-1.8.1p1/include'
make[1]: Nothing to be done for `pre-install'.
make[1]: Leaving directory `/usr/src/rpm/BUILD/sudo-1.8.1p1/include'
make[1]: Entering directory `/usr/src/rpm/BUILD/sudo-1.8.1p1/doc'
make[1]: Nothing to be done for `pre-install'.
make[1]: Leaving directory `/usr/src/rpm/BUILD/sudo-1.8.1p1/doc'
for d in compat common  plugins/sudoers src include doc; \
    do (cd $d && exec make install) && continue; \
    exit $?; \
done
make[1]: Entering directory `/usr/src/rpm/BUILD/sudo-1.8.1p1/compat'
make[1]: Nothing to be done for `install'.
make[1]: Leaving directory `/usr/src/rpm/BUILD/sudo-1.8.1p1/compat'
make[1]: Entering directory `/usr/src/rpm/BUILD/sudo-1.8.1p1/common'
make[1]: Nothing to be done for `install'.
make[1]: Leaving directory `/usr/src/rpm/BUILD/sudo-1.8.1p1/common'
make[1]: Entering directory `/usr/src/rpm/BUILD/sudo-1.8.1p1/plugins/sudoers'
/bin/sh ../../mkinstalldirs /var/tmp/sudo-root/usr/lib64 \
    /var/tmp/sudo-root/usr/sbin /var/tmp/sudo-root/usr/bin \
    /var/tmp/sudo-root/etc /var/tmp/sudo-root/usr/share/doc/sudo
mkdir /var/tmp/sudo-root/usr
mkdir /var/tmp/sudo-root/usr/lib64
mkdir /var/tmp/sudo-root/usr/sbin
mkdir /var/tmp/sudo-root/usr/bin
mkdir /var/tmp/sudo-root/etc
mkdir /var/tmp/sudo-root/usr/share
mkdir /var/tmp/sudo-root/usr/share/doc
mkdir /var/tmp/sudo-root/usr/share/doc/sudo
/bin/sh ../../mkinstalldirs -m 0700 /var/tmp/sudo-root/var/lib/sudo
mkdir /var/tmp/sudo-root/var
chmod 0700 /var/tmp/sudo-root/var
mkdir /var/tmp/sudo-root/var/lib
chmod 0700 /var/tmp/sudo-root/var/lib
mkdir /var/tmp/sudo-root/var/lib/sudo
chmod 0700 /var/tmp/sudo-root/var/lib/sudo
/bin/sh ../../install-sh -c -b~ -O 0 -G 0 -M 0755 .libs/sudoers.so /var/tmp/sudo-root/usr/lib64
/bin/sh ../../install-sh -c -b~ -O 0 -G 0 -M 0111 sudoreplay /var/tmp/sudo-root/usr/bin/sudoreplay
/bin/sh ../../install-sh -c -b~ -O 0 -G 0 -M 0111 visudo /var/tmp/sudo-root/usr/sbin/visudo
/bin/sh ../../install-sh -c -d -O 0 -G 0 -M 0750 \
    /var/tmp/sudo-root/etc/sudoers.d
test -r /var/tmp/sudo-root/etc/sudoers || \
    /bin/sh ../../install-sh -c -O 0 -G 0 -M 0440 \
	sudoers /var/tmp/sudo-root/etc/sudoers
#/bin/sh ../../install-sh -c -O 0 -G 0 -M 0555 ./sudoers2ldif /var/tmp/sudo-root/usr/share/doc/sudo
make[1]: Leaving directory `/usr/src/rpm/BUILD/sudo-1.8.1p1/plugins/sudoers'
make[1]: Entering directory `/usr/src/rpm/BUILD/sudo-1.8.1p1/src'
/bin/sh ../mkinstalldirs /var/tmp/sudo-root/usr/bin \
    /var/tmp/sudo-root/usr/lib64
/bin/sh ../install-sh -c -b~ -O 0 -G 0 -M 04111 sudo /var/tmp/sudo-root/usr/bin/sudo
rm -f /var/tmp/sudo-root/usr/bin/sudoedit
ln /var/tmp/sudo-root/usr/bin/sudo /var/tmp/sudo-root/usr/bin/sudoedit
if [ -f sesh ]; then /bin/sh ../install-sh -c -b~ -O 0 -G 0 -M 0111 sesh /var/tmp/sudo-root/usr/lib64/sesh; fi
if [ -f .libs/libsudo_noexec.so ]; then /bin/sh ../install-sh -c -b~ -O 0 -G 0 -M 0755 .libs/libsudo_noexec.so /var/tmp/sudo-root/usr/lib64/sudo_noexec.so; fi
make[1]: Leaving directory `/usr/src/rpm/BUILD/sudo-1.8.1p1/src'
make[1]: Entering directory `/usr/src/rpm/BUILD/sudo-1.8.1p1/include'
/bin/sh ../mkinstalldirs /var/tmp/sudo-root/usr/include
mkdir /var/tmp/sudo-root/usr/include
/bin/sh ../install-sh -c -O 0 -G 0 -M 0444 ./sudo_plugin.h /var/tmp/sudo-root/usr/include
make[1]: Leaving directory `/usr/src/rpm/BUILD/sudo-1.8.1p1/include'
make[1]: Entering directory `/usr/src/rpm/BUILD/sudo-1.8.1p1/doc'
/bin/sh ../mkinstalldirs /var/tmp/sudo-root/usr/share/doc/sudo \
    /var/tmp/sudo-root/usr/share/man/man8 /var/tmp/sudo-root/usr/share/man/man5
mkdir /var/tmp/sudo-root/usr/share/man
mkdir /var/tmp/sudo-root/usr/share/man/man8
mkdir /var/tmp/sudo-root/usr/share/man/man5
for f in ../ChangeLog ../README ../NEWS ./HISTORY ./LICENSE ./TROUBLESHOOTING ./UPGRADE ./sample.*; do /bin/sh ../install-sh -c -O 0 -G 0 -M 0444 $f /var/tmp/sudo-root/usr/share/doc/sudo; done
#for f in ../README.LDAP ./schema.*; do /bin/sh ../install-sh -c -O 0 -G 0 -M 0444 $f /var/tmp/sudo-root/usr/share/doc/sudo; done
/bin/sh ../install-sh -c -O 0 -G 0 -M 0444 ./sudo.man /var/tmp/sudo-root/usr/share/man/man8/sudo.8
ln /var/tmp/sudo-root/usr/share/man/man8/sudo.8 /var/tmp/sudo-root/usr/share/man/man8/sudoedit.8
/bin/sh ../install-sh -c -O 0 -G 0 -M 0444 ./sudo_plugin.man /var/tmp/sudo-root/usr/share/man/man8/sudo_plugin.8
/bin/sh ../install-sh -c -O 0 -G 0 -M 0444 ./sudoreplay.man /var/tmp/sudo-root/usr/share/man/man8/sudoreplay.8
/bin/sh ../install-sh -c -O 0 -G 0 -M 0444 ./visudo.man /var/tmp/sudo-root/usr/share/man/man8/visudo.8
/bin/sh ../install-sh -c -O 0 -G 0 -M 0444 ./sudoers.man /var/tmp/sudo-root/usr/share/man/man5/sudoers.5
#/bin/sh ../install-sh -c -O 0 -G 0 -M 0444 ./sudoers.ldap.man /var/tmp/sudo-root/usr/share/man/man5/sudoers.ldap.5
make[1]: Leaving directory `/usr/src/rpm/BUILD/sudo-1.8.1p1/doc'
+ rm -rf /var/tmp/sudo-root/usr/include
+ sed -i 's@^#include@#&@' /var/tmp/sudo-root/etc/sudoers
+ install -dv /var/tmp/sudo-root/etc/pam.d/
install: creating directory `/var/tmp/sudo-root/etc/pam.d/'
+ cat
+ /usr/lib/rpm/compress_man.sh /var/tmp/sudo-root
bzip2: Input file /var/tmp/sudo-root/usr/share/man/man8/sudo.8 has 1 other link.
bzip2: Input file /var/tmp/sudo-root/usr/share/man/man8/sudoedit.8 has 1 other link.
+ exit 0
Processing files: sudo-1.8.1p1-1.x86_64
Provides: config(sudo) = 0:1.8.1p1-1 libsudo_noexec.so()(64bit) sudoers.so()(64bit)
Requires(rpmlib): rpmlib(PartialHardlinkSets) <= 4.0.4-1
Requires: libc.so.6()(64bit) libc.so.6(GLIBC_2.11)(64bit) libc.so.6(GLIBC_2.2.5)(64bit) libc.so.6(GLIBC_2.3)(64bit) libc.so.6(GLIBC_2.3.4)(64bit) libcrypt.so.1()(64bit) libdl.so.2()(64bit) libdl.so.2(GLIBC_2.2.5)(64bit) libpam.so.0()(64bit) libpam.so.0(LIBPAM_1.0)(64bit) libutil.so.1()(64bit) libutil.so.1(GLIBC_2.2.5)(64bit) libz.so.1()(64bit)
Checking for unpackaged file(s): /usr/lib/rpm/check-files /var/tmp/sudo-root
Wrote: /usr/src/rpm/SRPMS/sudo-1.8.1p1-1.src.rpm
Wrote: /usr/src/rpm/RPMS/x86_64/sudo-1.8.1p1-1.x86_64.rpm
Executing(%clean): /bin/sh -e /var/tmp/rpm-tmp.21990
+ umask 022
+ cd /usr/src/rpm/BUILD
+ cd sudo-1.8.1p1
+ /bin/rm -rf /var/tmp/sudo-root
