Fetching(Patch1): https://raw.github.com/jhuntwork/LightCube-OS/2f0063747b84981d1f60598a333b2ca549562e15/packages/procps/procps-3.2.8-fix_HZ_errors-1.patch
Fetching(Patch0): https://raw.github.com/jhuntwork/LightCube-OS/d313e70e4d4c3c42131313c47201d0fa55aa3047/packages/procps/procps-3.2.8-watch_unicode-1.patch
Fetching(Source0): http://procps.sourceforge.net/procps-3.2.8.tar.gz
Executing(%prep): /bin/sh -e /var/tmp/rpm-tmp.81521
+ umask 022
+ cd /usr/src/rpm/BUILD
+ cd /usr/src/rpm/BUILD
+ rm -rf procps-3.2.8
+ /bin/gzip -dc /usr/src/rpm/SOURCES/procps-3.2.8.tar.gz
+ /bin/tar -xf -
+ STATUS=0
+ '[' 0 -ne 0 ']'
+ cd procps-3.2.8
+ echo 'Patch #0 (procps-3.2.8-watch_unicode-1.patch):'
Patch #0 (procps-3.2.8-watch_unicode-1.patch):
+ /bin/cat /usr/src/rpm/SOURCES/procps-3.2.8-watch_unicode-1.patch
+ /usr/bin/patch -s -p1
+ echo 'Patch #1 (procps-3.2.8-fix_HZ_errors-1.patch):'
Patch #1 (procps-3.2.8-fix_HZ_errors-1.patch):
+ /bin/cat /usr/src/rpm/SOURCES/procps-3.2.8-fix_HZ_errors-1.patch
+ /usr/bin/patch -s -p1
+ sed -i -e 's@\*/module.mk@proc/module.mk ps/module.mk@' Makefile
+ exit 0
Executing(%build): /bin/sh -e /var/tmp/rpm-tmp.81521
+ umask 022
+ cd /usr/src/rpm/BUILD
+ cd procps-3.2.8
+ make 'CFLAGS=-Os -s -pipe'
cc -D_GNU_SOURCE -I proc -I/usr/include/ncurses -MM -MG proc/pwcache.c proc/sig.c proc/alloc.c proc/escape.c proc/version.c proc/slab.c proc/ksym.c proc/sysinfo.c proc/whattime.c proc/devname.c proc/smaps.c proc/readproc.c > proc/.depend
cc -D_GNU_SOURCE -I proc -I/usr/include/ncurses -fno-common -ffast-math -W -Wall -Wshadow -Wcast-align -Wredundant-decls -Wbad-function-cast -Wcast-qual -Wwrite-strings -Waggregate-return -Wstrict-prototypes -Wmissing-prototypes -Os -s -pipe -m64 -Wdeclaration-after-statement -Wpadded -Wstrict-aliasing -fweb -frename-registers -fomit-frame-pointer -fno-inline-functions -c -o uptime.o uptime.c
cc -c -D_GNU_SOURCE -I proc -I/usr/include/ncurses -fno-common -ffast-math -W -Wall -Wshadow -Wcast-align -Wredundant-decls -Wbad-function-cast -Wcast-qual -Wwrite-strings -Waggregate-return -Wstrict-prototypes -Wmissing-prototypes -Os -s -pipe -m64 -Wdeclaration-after-statement -Wpadded -Wstrict-aliasing -fweb -frename-registers -fomit-frame-pointer -fno-inline-functions -DSHARED=1 -fpic proc/pwcache.c -o proc/pwcache.o
cc -c -D_GNU_SOURCE -I proc -I/usr/include/ncurses -fno-common -ffast-math -W -Wall -Wshadow -Wcast-align -Wredundant-decls -Wbad-function-cast -Wcast-qual -Wwrite-strings -Waggregate-return -Wstrict-prototypes -Wmissing-prototypes -Os -s -pipe -m64 -Wdeclaration-after-statement -Wpadded -Wstrict-aliasing -fweb -frename-registers -fomit-frame-pointer -fno-inline-functions -DSHARED=1 -fpic proc/sig.c -o proc/sig.o
proc/sig.c:56:1: warning: padding struct size to alignment boundary
cc -c -D_GNU_SOURCE -I proc -I/usr/include/ncurses -fno-common -ffast-math -W -Wall -Wshadow -Wcast-align -Wredundant-decls -Wbad-function-cast -Wcast-qual -Wwrite-strings -Waggregate-return -Wstrict-prototypes -Wmissing-prototypes -Os -s -pipe -m64 -Wdeclaration-after-statement -Wpadded -Wstrict-aliasing -fweb -frename-registers -fomit-frame-pointer -fno-inline-functions -DSHARED=1 -fpic proc/alloc.c -o proc/alloc.o
cc -c -D_GNU_SOURCE -I proc -I/usr/include/ncurses -fno-common -ffast-math -W -Wall -Wshadow -Wcast-align -Wredundant-decls -Wbad-function-cast -Wcast-qual -Wwrite-strings -Waggregate-return -Wstrict-prototypes -Wmissing-prototypes -Os -s -pipe -m64 -Wdeclaration-after-statement -Wpadded -Wstrict-aliasing -fweb -frename-registers -fomit-frame-pointer -fno-inline-functions -DSHARED=1 -fpic proc/escape.c -o proc/escape.o
In file included from proc/escape.h:7:0,
                 from proc/escape.c:15:
proc/readproc.h:76:2: warning: padding struct to align 'start_code'
In file included from proc/escape.h:7:0,
                 from proc/escape.c:15:
proc/readproc.h:174:1: warning: padding struct size to alignment boundary
proc/readproc.h:186:1: warning: padding struct size to alignment boundary
proc/escape.c: In function 'escape_command':
proc/escape.c:184:5: warning: new qualifiers in middle of multi-level non-const cast are unsafe
cc -D_GNU_SOURCE -I proc -I/usr/include/ncurses -fno-common -ffast-math -W -Wall -Wshadow -Wcast-align -Wredundant-decls -Wbad-function-cast -Wcast-qual -Wwrite-strings -Waggregate-return -Wstrict-prototypes -Wmissing-prototypes -Os -s -pipe -m64 -Wdeclaration-after-statement -Wpadded -Wstrict-aliasing -fweb -frename-registers -fomit-frame-pointer -fno-inline-functions -DSHARED=1 -fpic -DVERSION=\"3\" -DSUBVERSION=\"2\" -DMINORVERSION=\"8\" -c -o proc/version.o proc/version.c
cc -c -D_GNU_SOURCE -I proc -I/usr/include/ncurses -fno-common -ffast-math -W -Wall -Wshadow -Wcast-align -Wredundant-decls -Wbad-function-cast -Wcast-qual -Wwrite-strings -Waggregate-return -Wstrict-prototypes -Wmissing-prototypes -Os -s -pipe -m64 -Wdeclaration-after-statement -Wpadded -Wstrict-aliasing -fweb -frename-registers -fomit-frame-pointer -fno-inline-functions -DSHARED=1 -fpic proc/slab.c -o proc/slab.o
proc/slab.c:99:1: warning: multi-line comment
proc/slab.c:104:1: warning: multi-line comment
proc/slab.c:111:1: warning: multi-line comment
proc/slab.c:116:1: warning: multi-line comment
cc -c -D_GNU_SOURCE -I proc -I/usr/include/ncurses -fno-common -ffast-math -W -Wall -Wshadow -Wcast-align -Wredundant-decls -Wbad-function-cast -Wcast-qual -Wwrite-strings -Waggregate-return -Wstrict-prototypes -Wmissing-prototypes -Os -s -pipe -m64 -Wdeclaration-after-statement -Wpadded -Wstrict-aliasing -fweb -frename-registers -fomit-frame-pointer -fno-inline-functions -DSHARED=1 -fpic proc/ksym.c -o proc/ksym.o
cc -c -D_GNU_SOURCE -I proc -I/usr/include/ncurses -fno-common -ffast-math -W -Wall -Wshadow -Wcast-align -Wredundant-decls -Wbad-function-cast -Wcast-qual -Wwrite-strings -Waggregate-return -Wstrict-prototypes -Wmissing-prototypes -Os -s -pipe -m64 -Wdeclaration-after-statement -Wpadded -Wstrict-aliasing -fweb -frename-registers -fomit-frame-pointer -fno-inline-functions -DSHARED=1 -fpic proc/sysinfo.c -o proc/sysinfo.o
cc -c -D_GNU_SOURCE -I proc -I/usr/include/ncurses -fno-common -ffast-math -W -Wall -Wshadow -Wcast-align -Wredundant-decls -Wbad-function-cast -Wcast-qual -Wwrite-strings -Waggregate-return -Wstrict-prototypes -Wmissing-prototypes -Os -s -pipe -m64 -Wdeclaration-after-statement -Wpadded -Wstrict-aliasing -fweb -frename-registers -fomit-frame-pointer -fno-inline-functions -DSHARED=1 -fpic proc/whattime.c -o proc/whattime.o
cc -c -D_GNU_SOURCE -I proc -I/usr/include/ncurses -fno-common -ffast-math -W -Wall -Wshadow -Wcast-align -Wredundant-decls -Wbad-function-cast -Wcast-qual -Wwrite-strings -Waggregate-return -Wstrict-prototypes -Wmissing-prototypes -Os -s -pipe -m64 -Wdeclaration-after-statement -Wpadded -Wstrict-aliasing -fweb -frename-registers -fomit-frame-pointer -fno-inline-functions -DSHARED=1 -fpic proc/devname.c -o proc/devname.o
proc/devname.c:54:1: warning: padding struct size to alignment boundary
proc/devname.c: In function 'load_drivers':
proc/devname.c:87:12: warning: comparison between signed and unsigned integer expressions
cc -c -D_GNU_SOURCE -I proc -I/usr/include/ncurses -fno-common -ffast-math -W -Wall -Wshadow -Wcast-align -Wredundant-decls -Wbad-function-cast -Wcast-qual -Wwrite-strings -Waggregate-return -Wstrict-prototypes -Wmissing-prototypes -Os -s -pipe -m64 -Wdeclaration-after-statement -Wpadded -Wstrict-aliasing -fweb -frename-registers -fomit-frame-pointer -fno-inline-functions -DSHARED=1 -fpic proc/smaps.c -o proc/smaps.o
cc -c -D_GNU_SOURCE -I proc -I/usr/include/ncurses -fno-common -ffast-math -W -Wall -Wshadow -Wcast-align -Wredundant-decls -Wbad-function-cast -Wcast-qual -Wwrite-strings -Waggregate-return -Wstrict-prototypes -Wmissing-prototypes -Os -s -pipe -m64 -Wdeclaration-after-statement -Wpadded -Wstrict-aliasing -fweb -frename-registers -fomit-frame-pointer -fno-inline-functions -DSHARED=1 -fpic proc/readproc.c -o proc/readproc.o
In file included from proc/readproc.c:13:0:
proc/readproc.h:76:2: warning: padding struct to align 'start_code'
In file included from proc/readproc.c:13:0:
proc/readproc.h:174:1: warning: padding struct size to alignment boundary
proc/readproc.h:186:1: warning: padding struct size to alignment boundary
proc/readproc.c: In function 'status2proc':
proc/readproc.c:176:9: warning: array subscript has type 'char'
proc/readproc.c:176:9: warning: array subscript has type 'char'
proc/readproc.c:176:9: warning: array subscript has type 'char'
proc/readproc.c: In function 'stat2proc':
proc/readproc.c:391:5: warning: use of assignment suppression and length modifier together in gnu_scanf format
proc/readproc.c:391:5: warning: use of assignment suppression and length modifier together in gnu_scanf format
proc/readproc.c: At top level:
proc/readproc.c:41:27: warning: 'unhex' defined but not used
cc -fno-common -ffast-math -W -Wall -Wshadow -Wcast-align -Wredundant-decls -Wbad-function-cast -Wcast-qual -Wwrite-strings -Waggregate-return -Wstrict-prototypes -Wmissing-prototypes -Os -s -pipe -m64 -Wdeclaration-after-statement -Wpadded -Wstrict-aliasing -fweb -frename-registers -fomit-frame-pointer -fno-inline-functions -Wl,-warn-common  -shared -Wl,-soname,libproc-3.2.8.so -Wl,--version-script=proc/library.map -o proc/libproc-3.2.8.so proc/pwcache.o proc/sig.o proc/alloc.o proc/escape.o proc/version.o proc/slab.o proc/ksym.o proc/sysinfo.o proc/whattime.o proc/devname.o proc/smaps.o proc/readproc.o -lc
cc -fno-common -ffast-math -W -Wall -Wshadow -Wcast-align -Wredundant-decls -Wbad-function-cast -Wcast-qual -Wwrite-strings -Waggregate-return -Wstrict-prototypes -Wmissing-prototypes -Os -s -pipe -m64 -Wdeclaration-after-statement -Wpadded -Wstrict-aliasing -fweb -frename-registers -fomit-frame-pointer -fno-inline-functions uptime.o proc/libproc-3.2.8.so -Wl,-warn-common  -o uptime
cc -D_GNU_SOURCE -I proc -I/usr/include/ncurses -fno-common -ffast-math -W -Wall -Wshadow -Wcast-align -Wredundant-decls -Wbad-function-cast -Wcast-qual -Wwrite-strings -Waggregate-return -Wstrict-prototypes -Wmissing-prototypes -Os -s -pipe -m64 -Wdeclaration-after-statement -Wpadded -Wstrict-aliasing -fweb -frename-registers -fomit-frame-pointer -fno-inline-functions -c -o tload.o tload.c
tload.c:33:12: warning: redundant redeclaration of 'optind'
/usr/include/getopt.h:73:12: note: previous declaration of 'optind' was here
tload.c:34:14: warning: redundant redeclaration of 'optarg'
/usr/include/getopt.h:59:14: note: previous declaration of 'optarg' was here
cc -fno-common -ffast-math -W -Wall -Wshadow -Wcast-align -Wredundant-decls -Wbad-function-cast -Wcast-qual -Wwrite-strings -Waggregate-return -Wstrict-prototypes -Wmissing-prototypes -Os -s -pipe -m64 -Wdeclaration-after-statement -Wpadded -Wstrict-aliasing -fweb -frename-registers -fomit-frame-pointer -fno-inline-functions tload.o proc/libproc-3.2.8.so -Wl,-warn-common  -o tload
cc -D_GNU_SOURCE -I proc -I/usr/include/ncurses -fno-common -ffast-math -W -Wall -Wshadow -Wcast-align -Wredundant-decls -Wbad-function-cast -Wcast-qual -Wwrite-strings -Waggregate-return -Wstrict-prototypes -Wmissing-prototypes -Os -s -pipe -m64 -Wdeclaration-after-statement -Wpadded -Wstrict-aliasing -fweb -frename-registers -fomit-frame-pointer -fno-inline-functions -c -o free.o free.c
cc -fno-common -ffast-math -W -Wall -Wshadow -Wcast-align -Wredundant-decls -Wbad-function-cast -Wcast-qual -Wwrite-strings -Waggregate-return -Wstrict-prototypes -Wmissing-prototypes -Os -s -pipe -m64 -Wdeclaration-after-statement -Wpadded -Wstrict-aliasing -fweb -frename-registers -fomit-frame-pointer -fno-inline-functions free.o proc/libproc-3.2.8.so -Wl,-warn-common  -o free
cc -D_GNU_SOURCE -I proc -I/usr/include/ncurses -fno-common -ffast-math -W -Wall -Wshadow -Wcast-align -Wredundant-decls -Wbad-function-cast -Wcast-qual -Wwrite-strings -Waggregate-return -Wstrict-prototypes -Wmissing-prototypes -Os -s -pipe -m64 -Wdeclaration-after-statement -Wpadded -Wstrict-aliasing -fweb -frename-registers -fomit-frame-pointer -fno-inline-functions  -c w.c
In file included from w.c:10:0:
proc/readproc.h:76:2: warning: padding struct to align 'start_code'
In file included from w.c:10:0:
proc/readproc.h:174:1: warning: padding struct size to alignment boundary
proc/readproc.h:186:1: warning: padding struct size to alignment boundary
w.c: In function 'getproc':
w.c:161:24: warning: comparison between signed and unsigned integer expressions
w.c:161:44: warning: comparison between signed and unsigned integer expressions
cc -fno-common -ffast-math -W -Wall -Wshadow -Wcast-align -Wredundant-decls -Wbad-function-cast -Wcast-qual -Wwrite-strings -Waggregate-return -Wstrict-prototypes -Wmissing-prototypes -Os -s -pipe -m64 -Wdeclaration-after-statement -Wpadded -Wstrict-aliasing -fweb -frename-registers -fomit-frame-pointer -fno-inline-functions w.o proc/libproc-3.2.8.so -Wl,-warn-common  -o w
cc -D_GNU_SOURCE -I proc -I/usr/include/ncurses -fno-common -ffast-math -W -Wall -Wshadow -Wcast-align -Wredundant-decls -Wbad-function-cast -Wcast-qual -Wwrite-strings -Waggregate-return -Wstrict-prototypes -Wmissing-prototypes -Os -s -pipe -m64 -Wdeclaration-after-statement -Wpadded -Wstrict-aliasing -fweb -frename-registers -fomit-frame-pointer -fno-inline-functions -c -o top.o top.c
In file included from top.c:49:0:
proc/readproc.h:76:2: warning: padding struct to align 'start_code'
In file included from top.c:49:0:
proc/readproc.h:174:1: warning: padding struct size to alignment boundary
proc/readproc.h:186:1: warning: padding struct size to alignment boundary
In file included from top.c:56:0:
top.h:193:18: warning: padding struct to align 'head'
top.h:200:1: warning: padding struct size to alignment boundary
top.h:208:1: warning: padding struct size to alignment boundary
top.h:217:1: warning: padding struct size to alignment boundary
top.h:342:1: warning: padding struct size to alignment boundary
top.c: In function 'capsmk':
top.c:506:7: warning: value computed is not used
top.c:507:7: warning: value computed is not used
top.c:508:7: warning: value computed is not used
top.c:511:10: warning: value computed is not used
top.c:512:10: warning: value computed is not used
top.c:522:7: warning: value computed is not used
top.c:523:7: warning: value computed is not used
top.c:524:7: warning: value computed is not used
top.c:525:7: warning: value computed is not used
top.c:526:7: warning: value computed is not used
top.c: In function 'show_special':
top.c:691:12: warning: assignment discards qualifiers from pointer target type
top.c: In function 'good_uid':
top.c:854:20: warning: comparison between signed and unsigned integer expressions
top.c:855:20: warning: comparison between signed and unsigned integer expressions
top.c:856:20: warning: comparison between signed and unsigned integer expressions
top.c:859:20: warning: comparison between signed and unsigned integer expressions
top.c: In function 'prochlp':
top.c:1075:4: warning: passing argument 5 of 'bsearch' from incompatible pointer type
/usr/include/stdlib.h:755:14: note: expected '__compar_fn_t' but argument is of type 'int (*)(const struct HST_t *, const struct HST_t *)'
top.c: In function 'whack_terminal':
top.c:1937:7: warning: passing argument 1 of 'setupterm' discards qualifiers from pointer target type
/usr/include/term.h:768:28: note: expected 'char *' but argument is of type 'const char *'
top.c: In function 'summary_show':
top.c:2959:7: warning: passing argument 5 of 'select' discards qualifiers from pointer target type
/usr/include/sys/select.h:109:12: note: expected 'struct timeval * __restrict__' but argument is of type 'volatile struct timeval *'
top.c: In function 'task_show':
top.c:3179:4: warning: assignment discards qualifiers from pointer target type
top.c: In function 'window_show':
top.c:3205:4: warning: assignment discards qualifiers from pointer target type
top.c: In function 'main':
top.c:3379:10: warning: passing argument 5 of 'select' discards qualifiers from pointer target type
/usr/include/sys/select.h:109:12: note: expected 'struct timeval * __restrict__' but argument is of type 'volatile struct timeval *'
top.c:3398:13: warning: passing argument 5 of 'select' discards qualifiers from pointer target type
/usr/include/sys/select.h:109:12: note: expected 'struct timeval * __restrict__' but argument is of type 'volatile struct timeval *'
cc -fno-common -ffast-math -W -Wall -Wshadow -Wcast-align -Wredundant-decls -Wbad-function-cast -Wcast-qual -Wwrite-strings -Waggregate-return -Wstrict-prototypes -Wmissing-prototypes -Os -s -pipe -m64 -Wdeclaration-after-statement -Wpadded -Wstrict-aliasing -fweb -frename-registers -fomit-frame-pointer -fno-inline-functions top.o proc/libproc-3.2.8.so -Wl,-warn-common  -o top -lncursesw
cc -D_GNU_SOURCE -I proc -I/usr/include/ncurses -fno-common -ffast-math -W -Wall -Wshadow -Wcast-align -Wredundant-decls -Wbad-function-cast -Wcast-qual -Wwrite-strings -Waggregate-return -Wstrict-prototypes -Wmissing-prototypes -Os -s -pipe -m64 -Wdeclaration-after-statement -Wpadded -Wstrict-aliasing -fweb -frename-registers -fomit-frame-pointer -fno-inline-functions -c -o vmstat.o vmstat.c
cc -fno-common -ffast-math -W -Wall -Wshadow -Wcast-align -Wredundant-decls -Wbad-function-cast -Wcast-qual -Wwrite-strings -Waggregate-return -Wstrict-prototypes -Wmissing-prototypes -Os -s -pipe -m64 -Wdeclaration-after-statement -Wpadded -Wstrict-aliasing -fweb -frename-registers -fomit-frame-pointer -fno-inline-functions vmstat.o proc/libproc-3.2.8.so -Wl,-warn-common  -o vmstat
cc -D_GNU_SOURCE -I proc -I/usr/include/ncurses -fno-common -ffast-math -W -Wall -Wshadow -Wcast-align -Wredundant-decls -Wbad-function-cast -Wcast-qual -Wwrite-strings -Waggregate-return -Wstrict-prototypes -Wmissing-prototypes -Os -s -pipe -m64 -Wdeclaration-after-statement -Wpadded -Wstrict-aliasing -fweb -frename-registers -fomit-frame-pointer -fno-inline-functions -c -o watch.o watch.c
cc -fno-common -ffast-math -W -Wall -Wshadow -Wcast-align -Wredundant-decls -Wbad-function-cast -Wcast-qual -Wwrite-strings -Waggregate-return -Wstrict-prototypes -Wmissing-prototypes -Os -s -pipe -m64 -Wdeclaration-after-statement -Wpadded -Wstrict-aliasing -fweb -frename-registers -fomit-frame-pointer -fno-inline-functions watch.o -Wl,-warn-common  -o watch -lncursesw
cc -D_GNU_SOURCE -I proc -I/usr/include/ncurses -fno-common -ffast-math -W -Wall -Wshadow -Wcast-align -Wredundant-decls -Wbad-function-cast -Wcast-qual -Wwrite-strings -Waggregate-return -Wstrict-prototypes -Wmissing-prototypes -Os -s -pipe -m64 -Wdeclaration-after-statement -Wpadded -Wstrict-aliasing -fweb -frename-registers -fomit-frame-pointer -fno-inline-functions -c -o skill.o skill.c
cc -fno-common -ffast-math -W -Wall -Wshadow -Wcast-align -Wredundant-decls -Wbad-function-cast -Wcast-qual -Wwrite-strings -Waggregate-return -Wstrict-prototypes -Wmissing-prototypes -Os -s -pipe -m64 -Wdeclaration-after-statement -Wpadded -Wstrict-aliasing -fweb -frename-registers -fomit-frame-pointer -fno-inline-functions skill.o proc/libproc-3.2.8.so -Wl,-warn-common  -o skill
ln -f skill snice
ln -f skill kill
cc -D_GNU_SOURCE -I proc -I/usr/include/ncurses -fno-common -ffast-math -W -Wall -Wshadow -Wcast-align -Wredundant-decls -Wbad-function-cast -Wcast-qual -Wwrite-strings -Waggregate-return -Wstrict-prototypes -Wmissing-prototypes -Os -s -pipe -m64 -Wdeclaration-after-statement -Wpadded -Wstrict-aliasing -fweb -frename-registers -fomit-frame-pointer -fno-inline-functions -c -o sysctl.o sysctl.c
cc -fno-common -ffast-math -W -Wall -Wshadow -Wcast-align -Wredundant-decls -Wbad-function-cast -Wcast-qual -Wwrite-strings -Waggregate-return -Wstrict-prototypes -Wmissing-prototypes -Os -s -pipe -m64 -Wdeclaration-after-statement -Wpadded -Wstrict-aliasing -fweb -frename-registers -fomit-frame-pointer -fno-inline-functions sysctl.o proc/libproc-3.2.8.so -Wl,-warn-common  -o sysctl
cc -D_GNU_SOURCE -I proc -I/usr/include/ncurses -fno-common -ffast-math -W -Wall -Wshadow -Wcast-align -Wredundant-decls -Wbad-function-cast -Wcast-qual -Wwrite-strings -Waggregate-return -Wstrict-prototypes -Wmissing-prototypes -Os -s -pipe -m64 -Wdeclaration-after-statement -Wpadded -Wstrict-aliasing -fweb -frename-registers -fomit-frame-pointer -fno-inline-functions -c -o pmap.o pmap.c
In file included from pmap.c:24:0:
proc/readproc.h:76:2: warning: padding struct to align 'start_code'
In file included from pmap.c:24:0:
proc/readproc.h:174:1: warning: padding struct size to alignment boundary
proc/readproc.h:186:1: warning: padding struct size to alignment boundary
pmap.c: In function 'main':
pmap.c:311:13: warning: ISO C90 forbids mixed declarations and code
pmap.c:314:18: warning: operation on 'arg2' may be undefined
cc -fno-common -ffast-math -W -Wall -Wshadow -Wcast-align -Wredundant-decls -Wbad-function-cast -Wcast-qual -Wwrite-strings -Waggregate-return -Wstrict-prototypes -Wmissing-prototypes -Os -s -pipe -m64 -Wdeclaration-after-statement -Wpadded -Wstrict-aliasing -fweb -frename-registers -fomit-frame-pointer -fno-inline-functions pmap.o proc/libproc-3.2.8.so -Wl,-warn-common  -o pmap
cc -D_GNU_SOURCE -I proc -I/usr/include/ncurses -fno-common -ffast-math -W -Wall -Wshadow -Wcast-align -Wredundant-decls -Wbad-function-cast -Wcast-qual -Wwrite-strings -Waggregate-return -Wstrict-prototypes -Wmissing-prototypes -Os -s -pipe -m64 -Wdeclaration-after-statement -Wpadded -Wstrict-aliasing -fweb -frename-registers -fomit-frame-pointer -fno-inline-functions -c -o pgrep.o pgrep.c
In file included from pgrep.c:30:0:
proc/readproc.h:76:2: warning: padding struct to align 'start_code'
In file included from pgrep.c:30:0:
proc/readproc.h:174:1: warning: padding struct size to alignment boundary
proc/readproc.h:186:1: warning: padding struct size to alignment boundary
pgrep.c:158:5: warning: no previous prototype for 'fcntl_lock'
cc -fno-common -ffast-math -W -Wall -Wshadow -Wcast-align -Wredundant-decls -Wbad-function-cast -Wcast-qual -Wwrite-strings -Waggregate-return -Wstrict-prototypes -Wmissing-prototypes -Os -s -pipe -m64 -Wdeclaration-after-statement -Wpadded -Wstrict-aliasing -fweb -frename-registers -fomit-frame-pointer -fno-inline-functions pgrep.o proc/libproc-3.2.8.so -Wl,-warn-common  -o pgrep
ln -f pgrep pkill
cc -D_GNU_SOURCE -I proc -I/usr/include/ncurses -fno-common -ffast-math -W -Wall -Wshadow -Wcast-align -Wredundant-decls -Wbad-function-cast -Wcast-qual -Wwrite-strings -Waggregate-return -Wstrict-prototypes -Wmissing-prototypes -Os -s -pipe -m64 -Wdeclaration-after-statement -Wpadded -Wstrict-aliasing -fweb -frename-registers -fomit-frame-pointer -fno-inline-functions -c -o slabtop.o slabtop.c
cc -fno-common -ffast-math -W -Wall -Wshadow -Wcast-align -Wredundant-decls -Wbad-function-cast -Wcast-qual -Wwrite-strings -Waggregate-return -Wstrict-prototypes -Wmissing-prototypes -Os -s -pipe -m64 -Wdeclaration-after-statement -Wpadded -Wstrict-aliasing -fweb -frename-registers -fomit-frame-pointer -fno-inline-functions slabtop.o proc/libproc-3.2.8.so -Wl,-warn-common  -o slabtop -lncursesw
cc -D_GNU_SOURCE -I proc -I/usr/include/ncurses -fno-common -ffast-math -W -Wall -Wshadow -Wcast-align -Wredundant-decls -Wbad-function-cast -Wcast-qual -Wwrite-strings -Waggregate-return -Wstrict-prototypes -Wmissing-prototypes -Os -s -pipe -m64 -Wdeclaration-after-statement -Wpadded -Wstrict-aliasing -fweb -frename-registers -fomit-frame-pointer -fno-inline-functions -c -o pwdx.o pwdx.c
cc -fno-common -ffast-math -W -Wall -Wshadow -Wcast-align -Wredundant-decls -Wbad-function-cast -Wcast-qual -Wwrite-strings -Waggregate-return -Wstrict-prototypes -Wmissing-prototypes -Os -s -pipe -m64 -Wdeclaration-after-statement -Wpadded -Wstrict-aliasing -fweb -frename-registers -fomit-frame-pointer -fno-inline-functions pwdx.o proc/libproc-3.2.8.so -Wl,-warn-common  -o pwdx
cc -c -D_GNU_SOURCE -I proc -I/usr/include/ncurses -fno-common -ffast-math -W -Wall -Wshadow -Wcast-align -Wredundant-decls -Wbad-function-cast -Wcast-qual -Wwrite-strings -Waggregate-return -Wstrict-prototypes -Wmissing-prototypes -Os -s -pipe -m64 -Wdeclaration-after-statement -Wpadded -Wstrict-aliasing -fweb -frename-registers -fomit-frame-pointer -fno-inline-functions ps/display.c -o ps/display.o
In file included from ps/../proc/escape.h:7:0,
                 from ps/common.h:16,
                 from ps/display.c:31:
ps/../proc/readproc.h:76:2: warning: padding struct to align 'start_code'
In file included from ps/../proc/escape.h:7:0,
                 from ps/common.h:16,
                 from ps/display.c:31:
ps/../proc/readproc.h:174:1: warning: padding struct size to alignment boundary
ps/../proc/readproc.h:186:1: warning: padding struct size to alignment boundary
In file included from ps/display.c:31:0:
ps/common.h:207:1: warning: padding struct size to alignment boundary
ps/common.h:219:1: warning: padding struct size to alignment boundary
ps/common.h:242:15: warning: padding struct to align 'spec'
ps/common.h:248:15: warning: padding struct to align 'spec'
ps/common.h:258:1: warning: padding struct size to alignment boundary
cc -c -D_GNU_SOURCE -I proc -I/usr/include/ncurses -fno-common -ffast-math -W -Wall -Wshadow -Wcast-align -Wredundant-decls -Wbad-function-cast -Wcast-qual -Wwrite-strings -Waggregate-return -Wstrict-prototypes -Wmissing-prototypes -Os -s -pipe -m64 -Wdeclaration-after-statement -Wpadded -Wstrict-aliasing -fweb -frename-registers -fomit-frame-pointer -fno-inline-functions ps/global.c -o ps/global.o
In file included from ps/../proc/escape.h:7:0,
                 from ps/common.h:16,
                 from ps/global.c:24:
ps/../proc/readproc.h:76:2: warning: padding struct to align 'start_code'
In file included from ps/../proc/escape.h:7:0,
                 from ps/common.h:16,
                 from ps/global.c:24:
ps/../proc/readproc.h:174:1: warning: padding struct size to alignment boundary
ps/../proc/readproc.h:186:1: warning: padding struct size to alignment boundary
In file included from ps/global.c:24:0:
ps/common.h:207:1: warning: padding struct size to alignment boundary
ps/common.h:219:1: warning: padding struct size to alignment boundary
ps/common.h:242:15: warning: padding struct to align 'spec'
ps/common.h:248:15: warning: padding struct to align 'spec'
ps/common.h:258:1: warning: padding struct size to alignment boundary
cc -c -D_GNU_SOURCE -I proc -I/usr/include/ncurses -fno-common -ffast-math -W -Wall -Wshadow -Wcast-align -Wredundant-decls -Wbad-function-cast -Wcast-qual -Wwrite-strings -Waggregate-return -Wstrict-prototypes -Wmissing-prototypes -Os -s -pipe -m64 -Wdeclaration-after-statement -Wpadded -Wstrict-aliasing -fweb -frename-registers -fomit-frame-pointer -fno-inline-functions ps/help.c -o ps/help.o
cc -c -D_GNU_SOURCE -I proc -I/usr/include/ncurses -fno-common -ffast-math -W -Wall -Wshadow -Wcast-align -Wredundant-decls -Wbad-function-cast -Wcast-qual -Wwrite-strings -Waggregate-return -Wstrict-prototypes -Wmissing-prototypes -Os -s -pipe -m64 -Wdeclaration-after-statement -Wpadded -Wstrict-aliasing -fweb -frename-registers -fomit-frame-pointer -fno-inline-functions ps/output.c -o ps/output.o
In file included from ps/output.c:58:0:
ps/../proc/readproc.h:76:2: warning: padding struct to align 'start_code'
In file included from ps/output.c:58:0:
ps/../proc/readproc.h:174:1: warning: padding struct size to alignment boundary
ps/../proc/readproc.h:186:1: warning: padding struct size to alignment boundary
In file included from ps/output.c:64:0:
ps/common.h:207:1: warning: padding struct size to alignment boundary
ps/common.h:219:1: warning: padding struct size to alignment boundary
ps/common.h:242:15: warning: padding struct to align 'spec'
ps/common.h:248:15: warning: padding struct to align 'spec'
ps/common.h:258:1: warning: padding struct size to alignment boundary
ps/output.c: In function 'pr_args':
ps/output.c:341:6: warning: the address of 'forest_prefix' will always evaluate as 'true'
ps/output.c:351:5: warning: new qualifiers in middle of multi-level non-const cast are unsafe
ps/output.c: In function 'pr_comm':
ps/output.c:368:6: warning: the address of 'forest_prefix' will always evaluate as 'true'
ps/output.c:378:5: warning: new qualifiers in middle of multi-level non-const cast are unsafe
ps/output.c: In function 'pr_fname':
ps/output.c:393:6: warning: the address of 'forest_prefix' will always evaluate as 'true'
ps/output.c: In function 'pr_nice':
ps/output.c:592:31: warning: comparison between signed and unsigned integer expressions
ps/output.c: In function 'pr_rtprio':
ps/output.c:629:31: warning: comparison between signed and unsigned integer expressions
ps/output.c: In function 'pr_sched':
ps/output.c:633:15: warning: comparison between signed and unsigned integer expressions
ps/output.c: In function 'pr_stime':
ps/output.c:930:3: warning: pointer targets in passing argument 1 of 'localtime' differ in signedness
/usr/include/time.h:237:19: note: expected 'const time_t *' but argument is of type 'long unsigned int *'
cc -c -D_GNU_SOURCE -I proc -I/usr/include/ncurses -fno-common -ffast-math -W -Wall -Wshadow -Wcast-align -Wredundant-decls -Wbad-function-cast -Wcast-qual -Wwrite-strings -Waggregate-return -Wstrict-prototypes -Wmissing-prototypes -Os -s -pipe -m64 -Wdeclaration-after-statement -Wpadded -Wstrict-aliasing -fweb -frename-registers -fomit-frame-pointer -fno-inline-functions ps/parser.c -o ps/parser.o
In file included from ps/../proc/escape.h:7:0,
                 from ps/common.h:16,
                 from ps/parser.c:28:
ps/../proc/readproc.h:76:2: warning: padding struct to align 'start_code'
In file included from ps/../proc/escape.h:7:0,
                 from ps/common.h:16,
                 from ps/parser.c:28:
ps/../proc/readproc.h:174:1: warning: padding struct size to alignment boundary
ps/../proc/readproc.h:186:1: warning: padding struct size to alignment boundary
In file included from ps/parser.c:28:0:
ps/common.h:207:1: warning: padding struct size to alignment boundary
ps/common.h:219:1: warning: padding struct size to alignment boundary
ps/common.h:242:15: warning: padding struct to align 'spec'
ps/common.h:248:15: warning: padding struct to align 'spec'
ps/common.h:258:1: warning: padding struct size to alignment boundary
cc -c -D_GNU_SOURCE -I proc -I/usr/include/ncurses -fno-common -ffast-math -W -Wall -Wshadow -Wcast-align -Wredundant-decls -Wbad-function-cast -Wcast-qual -Wwrite-strings -Waggregate-return -Wstrict-prototypes -Wmissing-prototypes -Os -s -pipe -m64 -Wdeclaration-after-statement -Wpadded -Wstrict-aliasing -fweb -frename-registers -fomit-frame-pointer -fno-inline-functions ps/select.c -o ps/select.o
In file included from ps/../proc/escape.h:7:0,
                 from ps/common.h:16,
                 from ps/select.c:16:
ps/../proc/readproc.h:76:2: warning: padding struct to align 'start_code'
In file included from ps/../proc/escape.h:7:0,
                 from ps/common.h:16,
                 from ps/select.c:16:
ps/../proc/readproc.h:174:1: warning: padding struct size to alignment boundary
ps/../proc/readproc.h:186:1: warning: padding struct size to alignment boundary
In file included from ps/select.c:16:0:
ps/common.h:207:1: warning: padding struct size to alignment boundary
ps/common.h:219:1: warning: padding struct size to alignment boundary
ps/common.h:242:15: warning: padding struct to align 'spec'
ps/common.h:248:15: warning: padding struct to align 'spec'
ps/common.h:258:1: warning: padding struct size to alignment boundary
cc -c -D_GNU_SOURCE -I proc -I/usr/include/ncurses -fno-common -ffast-math -W -Wall -Wshadow -Wcast-align -Wredundant-decls -Wbad-function-cast -Wcast-qual -Wwrite-strings -Waggregate-return -Wstrict-prototypes -Wmissing-prototypes -Os -s -pipe -m64 -Wdeclaration-after-statement -Wpadded -Wstrict-aliasing -fweb -frename-registers -fomit-frame-pointer -fno-inline-functions ps/sortformat.c -o ps/sortformat.o
In file included from ps/sortformat.c:21:0:
ps/../proc/readproc.h:76:2: warning: padding struct to align 'start_code'
In file included from ps/sortformat.c:21:0:
ps/../proc/readproc.h:174:1: warning: padding struct size to alignment boundary
ps/../proc/readproc.h:186:1: warning: padding struct size to alignment boundary
In file included from ps/sortformat.c:23:0:
ps/common.h:207:1: warning: padding struct size to alignment boundary
ps/common.h:219:1: warning: padding struct size to alignment boundary
ps/common.h:242:15: warning: padding struct to align 'spec'
ps/common.h:248:15: warning: padding struct to align 'spec'
ps/common.h:258:1: warning: padding struct size to alignment boundary
cc -fno-common -ffast-math -W -Wall -Wshadow -Wcast-align -Wredundant-decls -Wbad-function-cast -Wcast-qual -Wwrite-strings -Waggregate-return -Wstrict-prototypes -Wmissing-prototypes -Os -s -pipe -m64 -Wdeclaration-after-statement -Wpadded -Wstrict-aliasing -fweb -frename-registers -fomit-frame-pointer -fno-inline-functions -Wl,-warn-common  -o ps/ps ps/display.o ps/global.o ps/help.o ps/output.o ps/parser.o ps/select.o ps/sortformat.o proc/libproc-3.2.8.so 
+ exit 0
Executing(%install): /bin/sh -e /var/tmp/rpm-tmp.41069
+ umask 022
+ cd /usr/src/rpm/BUILD
+ /bin/rm -rf /var/tmp/procps-root
+ /bin/mkdir -p /var/tmp/procps-root
+ cd procps-3.2.8
+ make DESTDIR=/var/tmp/procps-root install
install -D --owner 0 --group 0 --mode a=rx uptime /var/tmp/procps-root/usr/bin/uptime
install -D --owner 0 --group 0 --mode a=rx tload /var/tmp/procps-root/usr/bin/tload
install -D --owner 0 --group 0 --mode a=rx free /var/tmp/procps-root/usr/bin/free
install -D --owner 0 --group 0 --mode a=rx w /var/tmp/procps-root/usr/bin/w
install -D --owner 0 --group 0 --mode a=rx top /var/tmp/procps-root/usr/bin/top
install -D --owner 0 --group 0 --mode a=rx vmstat /var/tmp/procps-root/usr/bin/vmstat
install -D --owner 0 --group 0 --mode a=rx watch /var/tmp/procps-root/usr/bin/watch
install -D --owner 0 --group 0 --mode a=rx skill /var/tmp/procps-root/usr/bin/skill
install -D --owner 0 --group 0 --mode a=rx snice /var/tmp/procps-root/usr/bin/snice
install -D --owner 0 --group 0 --mode a=rx kill /var/tmp/procps-root/bin/kill
install -D --owner 0 --group 0 --mode a=rx sysctl /var/tmp/procps-root/sbin/sysctl
install -D --owner 0 --group 0 --mode a=rx pmap /var/tmp/procps-root/usr/bin/pmap
install -D --owner 0 --group 0 --mode a=rx pgrep /var/tmp/procps-root/usr/bin/pgrep
install -D --owner 0 --group 0 --mode a=rx pkill /var/tmp/procps-root/usr/bin/pkill
install -D --owner 0 --group 0 --mode a=rx slabtop /var/tmp/procps-root/usr/bin/slabtop
install -D --owner 0 --group 0 --mode a=rx pwdx /var/tmp/procps-root/usr/bin/pwdx
install -D --owner 0 --group 0 --mode a=r uptime.1 /var/tmp/procps-root/usr/share/man/man1/uptime.1
install -D --owner 0 --group 0 --mode a=r tload.1 /var/tmp/procps-root/usr/share/man/man1/tload.1
install -D --owner 0 --group 0 --mode a=r free.1 /var/tmp/procps-root/usr/share/man/man1/free.1
install -D --owner 0 --group 0 --mode a=r w.1 /var/tmp/procps-root/usr/share/man/man1/w.1
install -D --owner 0 --group 0 --mode a=r top.1 /var/tmp/procps-root/usr/share/man/man1/top.1
install -D --owner 0 --group 0 --mode a=r watch.1 /var/tmp/procps-root/usr/share/man/man1/watch.1
install -D --owner 0 --group 0 --mode a=r skill.1 /var/tmp/procps-root/usr/share/man/man1/skill.1
install -D --owner 0 --group 0 --mode a=r kill.1 /var/tmp/procps-root/usr/share/man/man1/kill.1
install -D --owner 0 --group 0 --mode a=r snice.1 /var/tmp/procps-root/usr/share/man/man1/snice.1
install -D --owner 0 --group 0 --mode a=r pgrep.1 /var/tmp/procps-root/usr/share/man/man1/pgrep.1
install -D --owner 0 --group 0 --mode a=r pkill.1 /var/tmp/procps-root/usr/share/man/man1/pkill.1
install -D --owner 0 --group 0 --mode a=r pmap.1 /var/tmp/procps-root/usr/share/man/man1/pmap.1
install -D --owner 0 --group 0 --mode a=r sysctl.conf.5 /var/tmp/procps-root/usr/share/man/man5/sysctl.conf.5
install -D --owner 0 --group 0 --mode a=r vmstat.8 /var/tmp/procps-root/usr/share/man/man8/vmstat.8
install -D --owner 0 --group 0 --mode a=r sysctl.8 /var/tmp/procps-root/usr/share/man/man8/sysctl.8
install -D --owner 0 --group 0 --mode a=r slabtop.1 /var/tmp/procps-root/usr/share/man/man1/slabtop.1
install -D --owner 0 --group 0 --mode a=r pwdx.1 /var/tmp/procps-root/usr/share/man/man1/pwdx.1
install -D --owner 0 --group 0 --mode a=rx proc/libproc-3.2.8.so /var/tmp/procps-root/lib64/libproc-3.2.8.so
ldconfig
install -D --owner 0 --group 0 --mode a=rx ps/ps /var/tmp/procps-root/bin/ps
install -D --owner 0 --group 0 --mode a=r ps/ps.1 /var/tmp/procps-root/usr/share/man/man1/ps.1
rm -f /var/tmp/procps-root/var/catman/cat1/ps.1.gz /var/tmp/procps-root/var/man/cat1/ps.1.gz
cd /var/tmp/procps-root/usr/bin/ && ln -f skill snice
cd /var/tmp/procps-root/usr/bin/ && ln -f pgrep pkill
+ /usr/lib/rpm/compress_man.sh /var/tmp/procps-root
+ /usr/lib/rpm/strip.sh /var/tmp/procps-root
+ exit 0
Processing files: procps-3.2.8-2.x86_64
Provides: libproc-3.2.8.so()(64bit) libproc-3.2.8.so(_3_2_5)(64bit)
Requires(interp): /sbin/ldconfig /sbin/ldconfig
Requires(rpmlib): rpmlib(PartialHardlinkSets) <= 4.0.4-1
Requires(post): /sbin/ldconfig
Requires(postun): /sbin/ldconfig
Requires: libc.so.6()(64bit) libc.so.6(GLIBC_2.2.5)(64bit) libc.so.6(GLIBC_2.3)(64bit) libc.so.6(GLIBC_2.3.3)(64bit) libc.so.6(GLIBC_2.3.4)(64bit) libncursesw.so.5()(64bit) libproc-3.2.8.so()(64bit) libproc-3.2.8.so(_3_2_5)(64bit)
Checking for unpackaged file(s): /usr/lib/rpm/check-files /var/tmp/procps-root
Wrote: /usr/src/rpm/SRPMS/procps-3.2.8-2.src.rpm
Wrote: /usr/src/rpm/RPMS/x86_64/procps-3.2.8-2.x86_64.rpm
Executing(%clean): /bin/sh -e /var/tmp/rpm-tmp.90916
+ umask 022
+ cd /usr/src/rpm/BUILD
+ cd procps-3.2.8
+ /bin/rm -rf /var/tmp/procps-root
