Executing(%prep): /bin/sh -e /var/tmp/rpm-tmp.18128
+ umask 022
+ cd /usr/src/rpm/BUILD
+ cd /usr/src/rpm/BUILD
+ rm -rf zlib-1.2.6
+ /bin/bzip2 -dc /usr/src/rpm/SOURCES/zlib-1.2.6.tar.bz2
+ /bin/tar -xf -
+ STATUS=0
+ [ 0 -ne 0 ]
+ cd zlib-1.2.6
+ exit 0
Executing(%build): /bin/sh -e /var/tmp/rpm-tmp.18128
+ umask 022
+ cd /usr/src/rpm/BUILD
+ cd zlib-1.2.6
+ export CFLAGS=-g -pipe
+ export LDFLAGS=-g
+ ./configure --prefix=/usr
Checking for gcc...
Checking for shared library support...
Building shared library libz.so.1.2.6 with gcc.
Checking for off64_t... No.
Checking for fseeko... Yes.
Checking for unistd.h... Yes.
Checking for stdarg.h... Yes.
Checking whether to use vs[n]printf() or s[n]printf()... using vs[n]printf().
Checking for vsnprintf() in stdio.h... Yes.
Checking for return value of vsnprintf()... Yes.
Checking for attribute(visibility) support... Yes.
+ make -j4
mktemp: illegal option: u
BusyBox v1.19.3 (2012-02-06 16:23:57 GMT) multi-call binary.

Usage: mktemp [-dt] [-p DIR] [TEMPLATE]

Create a temporary file with name based on TEMPLATE and print its name.
TEMPLATE must end with XXXXXX (e.g. [/dir/]nameXXXXXX).
Without TEMPLATE, -t tmp.XXXXXX is assumed.

	-d	Make directory, not file
	-t	Prepend base directory name to TEMPLATE
	-p DIR	Use DIR as a base directory (implies -t)

Base directory is: -p DIR, else $TMPDIR, else /tmp

gcc -g -pipe  -I. -c -o example.o test/example.c
gcc -g -pipe    -c -o adler32.o adler32.c
gcc -g -pipe    -c -o crc32.o crc32.c
gcc -g -pipe    -c -o deflate.o deflate.c
gcc -g -pipe    -c -o infback.o infback.c
gcc -g -pipe    -c -o inffast.o inffast.c
gcc -g -pipe    -c -o inflate.o inflate.c
gcc -g -pipe    -c -o inftrees.o inftrees.c
gcc -g -pipe    -c -o trees.o trees.c
gcc -g -pipe    -c -o zutil.o zutil.c
gcc -g -pipe    -c -o compress.o compress.c
gcc -g -pipe    -c -o uncompr.o uncompr.c
gcc -g -pipe    -c -o gzclose.o gzclose.c
gcc -g -pipe    -c -o gzlib.o gzlib.c
gcc -g -pipe    -c -o gzread.o gzread.c
gcc -g -pipe    -c -o gzwrite.o gzwrite.c
gcc -g -pipe  -I. -c -o minigzip.o test/minigzip.c
gcc -g -pipe  -fPIC -DPIC -c -o objs/adler32.o adler32.c
gcc -g -pipe  -fPIC -DPIC -c -o objs/crc32.o crc32.c
gcc -g -pipe  -fPIC -DPIC -c -o objs/deflate.o deflate.c
gcc -g -pipe  -fPIC -DPIC -c -o objs/infback.o infback.c
gcc -g -pipe  -fPIC -DPIC -c -o objs/inffast.o inffast.c
gcc -g -pipe  -fPIC -DPIC -c -o objs/inflate.o inflate.c
gcc -g -pipe  -fPIC -DPIC -c -o objs/inftrees.o inftrees.c
gcc -g -pipe  -fPIC -DPIC -c -o objs/trees.o trees.c
gcc -g -pipe  -fPIC -DPIC -c -o objs/zutil.o zutil.c
gcc -g -pipe  -fPIC -DPIC -c -o objs/compress.o compress.c
gcc -g -pipe  -fPIC -DPIC -c -o objs/uncompr.o uncompr.c
gcc -g -pipe  -fPIC -DPIC -c -o objs/gzclose.o gzclose.c
gcc -g -pipe  -fPIC -DPIC -c -o objs/gzlib.o gzlib.c
gcc -g -pipe  -fPIC -DPIC -c -o objs/gzread.o gzread.c
gcc -g -pipe  -fPIC -DPIC -c -o objs/gzwrite.o gzwrite.c
ar rc libz.a adler32.o crc32.o deflate.o infback.o inffast.o inflate.o inftrees.o trees.o zutil.o compress.o uncompr.o gzclose.o gzlib.o gzread.o gzwrite.o 
gcc -g -pipe  -o example example.o -L. libz.a
gcc -g -pipe  -o minigzip minigzip.o -L. libz.a
gcc -shared -Wl,-soname,libz.so.1,--version-script,zlib.map -g -pipe  -fPIC -o libz.so.1.2.6 adler32.lo crc32.lo deflate.lo infback.lo inffast.lo inflate.lo inftrees.lo trees.lo zutil.lo compress.lo uncompr.lo gzclose.lo gzlib.lo gzread.lo gzwrite.lo  -lc -g 
rm -f libz.so libz.so.1
ln -s libz.so.1.2.6 libz.so
ln -s libz.so.1.2.6 libz.so.1
gcc -g -pipe  -o examplesh example.o -L. libz.so.1.2.6
gcc -g -pipe  -o minigzipsh minigzip.o -L. libz.so.1.2.6
+ exit 0
Executing(%install): /bin/sh -e /var/tmp/rpm-tmp.33373
+ umask 022
+ cd /usr/src/rpm/BUILD
+ /bin/rm -rf /var/tmp/zlib-root
+ /bin/mkdir -p /var/tmp/zlib-root
+ cd zlib-1.2.6
+ make DESTDIR=/var/tmp/zlib-root install
mktemp: illegal option: u
BusyBox v1.19.3 (2012-02-06 16:23:57 GMT) multi-call binary.

Usage: mktemp [-dt] [-p DIR] [TEMPLATE]

Create a temporary file with name based on TEMPLATE and print its name.
TEMPLATE must end with XXXXXX (e.g. [/dir/]nameXXXXXX).
Without TEMPLATE, -t tmp.XXXXXX is assumed.

	-d	Make directory, not file
	-t	Prepend base directory name to TEMPLATE
	-p DIR	Use DIR as a base directory (implies -t)

Base directory is: -p DIR, else $TMPDIR, else /tmp

cp libz.a /var/tmp/zlib-root/usr/lib
chmod 644 /var/tmp/zlib-root/usr/lib/libz.a
cp libz.so.1.2.6 /var/tmp/zlib-root/usr/lib
chmod 755 /var/tmp/zlib-root/usr/lib/libz.so.1.2.6
cp zlib.3 /var/tmp/zlib-root/usr/share/man/man3
chmod 644 /var/tmp/zlib-root/usr/share/man/man3/zlib.3
cp zlib.pc /var/tmp/zlib-root/usr/lib/pkgconfig
chmod 644 /var/tmp/zlib-root/usr/lib/pkgconfig/zlib.pc
cp zlib.h zconf.h /var/tmp/zlib-root/usr/include
chmod 644 /var/tmp/zlib-root/usr/include/zlib.h /var/tmp/zlib-root/usr/include/zconf.h
+ install -dv /var/tmp/zlib-root/lib
+ mv /var/tmp/zlib-root/usr/lib/libz.so.1 /var/tmp/zlib-root/usr/lib/libz.so.1.2.6 /var/tmp/zlib-root/lib
+ ln -sf ../../lib/libz.so.1.2.6 /var/tmp/zlib-root/usr/lib/libz.so
+ /usr/lib/rpm/compress_man.sh /var/tmp/zlib-root
+ exit 0
Processing files: zlib-1.2.6-1.x86_64
Provides: libz.so.1()(64bit) libz.so.1(ZLIB_1.2.0)(64bit) libz.so.1(ZLIB_1.2.0.2)(64bit) libz.so.1(ZLIB_1.2.0.8)(64bit) libz.so.1(ZLIB_1.2.2)(64bit) libz.so.1(ZLIB_1.2.2.3)(64bit) libz.so.1(ZLIB_1.2.2.4)(64bit) libz.so.1(ZLIB_1.2.3.3)(64bit) libz.so.1(ZLIB_1.2.3.4)(64bit) libz.so.1(ZLIB_1.2.3.5)(64bit) libz.so.1(ZLIB_1.2.5.1)(64bit) libz.so.1(ZLIB_1.2.5.2)(64bit)
Requires: libc.so()(64bit)
Processing files: zlib-devel-1.2.6-1.x86_64
Provides: pkgconfig(zlib) = 1.2.6
Requires(rpmlib): rpmlib(VersionedDependencies) <= 3.0.3-1
Requires: pkgconfig
Checking for unpackaged file(s): /usr/lib/rpm/check-files /var/tmp/zlib-root
Wrote: /usr/src/rpm/SRPMS/zlib-1.2.6-1.src.rpm
Wrote: /usr/src/rpm/RPMS/x86_64/zlib-1.2.6-1.x86_64.rpm
Wrote: /usr/src/rpm/RPMS/x86_64/zlib-devel-1.2.6-1.x86_64.rpm
Executing(%clean): /bin/sh -e /var/tmp/rpm-tmp.64970
+ umask 022
+ cd /usr/src/rpm/BUILD
+ cd zlib-1.2.6
+ /bin/rm -rf /var/tmp/zlib-root
