Fetching(Patch0): http://www.linuxfromscratch.org/patches/blfs/svn/cvs-1.11.23-zlib-1.patch
Fetching(Source0): http://ftp.gnu.org/non-gnu/cvs/source/stable/1.11.23/cvs-1.11.23.tar.bz2
Executing(%prep): /bin/sh -e /var/tmp/rpm-tmp.71178
+ umask 022
+ cd /usr/src/rpm/BUILD
+ cd /usr/src/rpm/BUILD
+ rm -rf cvs-1.11.23
+ /bin/bzip2 -dc /usr/src/rpm/SOURCES/cvs-1.11.23.tar.bz2
+ /bin/tar -xf -
+ STATUS=0
+ '[' 0 -ne 0 ']'
+ cd cvs-1.11.23
+ echo 'Patch #0 (cvs-1.11.23-zlib-1.patch):'
Patch #0 (cvs-1.11.23-zlib-1.patch):
+ /bin/cat /usr/src/rpm/SOURCES/cvs-1.11.23-zlib-1.patch
+ /usr/bin/patch -s -p1
+ sed -i 's/getline /get_line /' lib/getline.c lib/getline.h
+ exit 0
Executing(%build): /bin/sh -e /var/tmp/rpm-tmp.89598
+ umask 022
+ cd /usr/src/rpm/BUILD
+ cd cvs-1.11.23
+ export 'CFLAGS=-Os -pipe'
+ CFLAGS='-Os -pipe'
+ ./configure --prefix=/usr --with-editor=vi
checking for a BSD-compatible install... /usr/bin/install -c
checking whether build environment is sane... yes
checking for a thread-safe mkdir -p... /bin/mkdir -p
checking for gawk... gawk
checking whether make sets $(MAKE)... yes
checking whether to enable maintainer-specific portions of Makefiles... no
checking for gcc... gcc
checking for C compiler default output file name... a.out
checking whether the C compiler works... yes
checking whether we are cross compiling... no
checking for suffix of executables... 
checking for suffix of object files... o
checking whether we are using the GNU C compiler... yes
checking whether gcc accepts -g... yes
checking for gcc option to accept ISO C89... none needed
checking for style of include used by make... GNU
checking dependency style of gcc... gcc3
checking whether gcc and cc understand -c and -o together... yes
checking how to run the C preprocessor... gcc -E
checking for grep that handles long lines and -e... /bin/grep
checking for egrep... /bin/grep -E
checking for AIX... no
checking for ANSI C header files... yes
checking for sys/types.h... yes
checking for sys/stat.h... yes
checking for stdlib.h... yes
checking for string.h... yes
checking for memory.h... yes
checking for strings.h... yes
checking for inttypes.h... yes
checking for stdint.h... yes
checking for unistd.h... yes
checking minix/config.h usability... no
checking minix/config.h presence... no
checking for minix/config.h... no
checking for library containing strerror... none required
checking for ranlib... ranlib
checking for bison... bison -y
checking whether ln -s works... yes
checking for perl... /usr/bin/perl
checking for csh... no
checking for mktemp... /usr/bin/mktemp
checking for sendmail... no
checking for pr... /usr/bin/pr
checking for groff... no
checking for roff... no
checking for ps2pdf... /usr/src/rpm/BUILD/cvs-1.11.23/missing ps2pdf
checking for texi2dvi... /usr/bin/texi2dvi
checking whether #! works in shell scripts... yes
checking for BSD VPATH bug in make... no
checking for dirent.h that defines DIR... yes
checking for library containing opendir... none required
checking for ANSI C header files... (cached) yes
checking for sys/wait.h that is POSIX.1 compatible... yes
checking errno.h usability... yes
checking errno.h presence... yes
checking for errno.h... yes
checking direct.h usability... no
checking direct.h presence... no
checking for direct.h... no
checking fcntl.h usability... yes
checking fcntl.h presence... yes
checking for fcntl.h... yes
checking fnmatch.h usability... yes
checking fnmatch.h presence... yes
checking for fnmatch.h... yes
checking io.h usability... no
checking io.h presence... no
checking for io.h... no
checking limits.h usability... yes
checking limits.h presence... yes
checking for limits.h... yes
checking for memory.h... (cached) yes
checking ndbm.h usability... no
checking ndbm.h presence... no
checking for ndbm.h... no
checking process.h usability... no
checking process.h presence... no
checking for process.h... no
checking for string.h... (cached) yes
checking syslog.h usability... yes
checking syslog.h presence... yes
checking for syslog.h... yes
checking sys/bsdtypes.h usability... no
checking sys/bsdtypes.h presence... no
checking for sys/bsdtypes.h... no
checking sys/file.h usability... yes
checking sys/file.h presence... yes
checking for sys/file.h... yes
checking sys/param.h usability... yes
checking sys/param.h presence... yes
checking for sys/param.h... yes
checking sys/resource.h usability... yes
checking sys/resource.h presence... yes
checking for sys/resource.h... yes
checking sys/select.h usability... yes
checking sys/select.h presence... yes
checking for sys/select.h... yes
checking sys/time.h usability... yes
checking sys/time.h presence... yes
checking for sys/time.h... yes
checking sys/timeb.h usability... yes
checking sys/timeb.h presence... yes
checking for sys/timeb.h... yes
checking sys/utime.h usability... no
checking sys/utime.h presence... no
checking for sys/utime.h... no
checking for unistd.h... (cached) yes
checking utime.h usability... yes
checking utime.h presence... yes
checking for utime.h... yes
checking whether stat file-mode macros are broken... no
checking whether time.h and sys/time.h may both be included... yes
checking for an ANSI C-conforming const... yes
checking for uid_t in sys/types.h... yes
checking for mode_t... yes
checking for pid_t... yes
checking for size_t... yes
checking return type of signal handlers... void
checking for struct stat.st_blksize... yes
checking for struct stat.st_rdev... yes
checking for dup2... yes
checking for ftruncate... yes
checking for gethostname... yes
checking for memmove... yes
checking for mkdir... yes
checking for rename... yes
checking for strerror... yes
checking for strstr... yes
checking for strtoul... yes
checking for valloc... yes
checking for waitpid... yes
checking for stdint.h... (cached) yes
checking for SIZE_MAX... yes
checking for inline... inline
checking for stdint.h... (cached) yes
checking for fchdir... yes
checking for fchmod... yes
checking for fsync... yes
checking for ftime... yes
checking for geteuid... yes
checking for getgroups... yes
checking for getopt... yes
checking for getpagesize... yes
checking for getpid... yes
checking for gettimeofday... yes
checking for initgroups... yes
checking for login... no
checking for logout... no
checking for mknod... yes
checking for mkstemp... yes
checking for mktemp... yes
checking for putenv... yes
checking for readlink... yes
checking for regcomp... yes
checking for regerror... yes
checking for regexec... yes
checking for regfree... yes
checking for sigaction... yes
checking for sigblock... yes
checking for sigprocmask... yes
checking for sigsetmask... yes
checking for sigvec... yes
checking for tempnam... yes
checking for timezone... yes
checking for tzset... yes
checking for vprintf... yes
checking for wait3... yes
checking for nanosleep... yes
checking vfork.h usability... no
checking vfork.h presence... no
checking for vfork.h... no
checking for fork... yes
checking for vfork... yes
checking for working fork... yes
checking for working vfork... (cached) yes
checking whether closedir returns void... no
checking for library containing getspnam... none required
checking for utime.h... (cached) yes
checking whether utime accepts a null argument... yes
checking for long file names... yes
checking for working POSIX fnmatch... yes
checking for main in -lnsl... yes
checking for library containing connect... none required
checking for library containing gethostbyname... none required
checking for KRB4 in /usr/kerberos... 
checking for krb.h... 
checking for krb_get_err_text... no
checking for GSSAPI... 
checking gssapi.h usability... no
checking gssapi.h presence... no
checking for gssapi.h... no
checking gssapi/gssapi.h usability... no
checking gssapi/gssapi.h presence... no
checking for gssapi/gssapi.h... no
checking krb5.h usability... no
checking krb5.h presence... no
checking for krb5.h... no
checking for GSSAPI in /usr/kerberos... 
checking gssapi.h usability... no
checking gssapi.h presence... no
checking for gssapi.h... no
checking gssapi/gssapi.h usability... no
checking gssapi/gssapi.h presence... no
checking for gssapi/gssapi.h... no
checking krb5.h usability... no
checking krb5.h presence... no
checking for krb5.h... no
checking for GSSAPI in /usr/cygnus/kerbnet... 
checking gssapi.h usability... no
checking gssapi.h presence... no
checking for gssapi.h... no
checking gssapi/gssapi.h usability... no
checking gssapi/gssapi.h presence... no
checking for gssapi/gssapi.h... no
checking krb5.h usability... no
checking krb5.h presence... no
checking for krb5.h... no
checking for GSSAPI... no
checking for vi... vi
checking for ssh... no
checking for lshc... no
checking for ssh2... no
checking for remsh... no
checking for rsh... no
checking for ssh... no
checking for lshc... no
checking for ssh2... no
checking for temporary directory... /tmp
checking for stdlib.h... (cached) yes
checking for unistd.h... (cached) yes
checking for getpagesize... (cached) yes
checking for working mmap... yes
checking for library containing crypt... -lcrypt
checking for a case sensitive file system... yes
checking for cygwin32... no
configure: creating ./config.status
config.status: creating contrib/check_cvs
config.status: creating contrib/clmerge
config.status: creating contrib/cln_hist
config.status: creating contrib/commit_prep
config.status: creating contrib/cvs_acls
config.status: creating contrib/log
config.status: creating contrib/log_accum
config.status: creating contrib/mfpipe
config.status: creating contrib/pvcs2rcs
config.status: creating contrib/rcs2log
config.status: creating contrib/rcslock
config.status: creating contrib/sccs2rcs
config.status: creating doc/mkman
config.status: creating src/cvsbug
config.status: creating windows-NT/fix-msvc-mak
config.status: creating Makefile
config.status: creating contrib/Makefile
config.status: creating cvs.spec
config.status: creating diff/Makefile
config.status: creating doc/Makefile
config.status: creating emx/Makefile
config.status: creating lib/Makefile
config.status: creating man/Makefile
config.status: creating os2/Makefile
config.status: creating src/Makefile
config.status: creating tools/Makefile
config.status: creating vms/Makefile
config.status: creating windows-NT/Makefile
config.status: creating windows-NT/SCC/Makefile
config.status: creating zlib/Makefile
config.status: creating config.h
config.status: executing depfiles commands
+ make -j4
make  all-recursive
make[1]: Entering directory `/usr/src/rpm/BUILD/cvs-1.11.23'
Making all in lib
make[2]: Entering directory `/usr/src/rpm/BUILD/cvs-1.11.23/lib'
gcc -DHAVE_CONFIG_H -I. -I.. -I../src     -Os -pipe -MT argmatch.o -MD -MP -MF .deps/argmatch.Tpo -c -o argmatch.o argmatch.c
gcc -DHAVE_CONFIG_H -I. -I.. -I../src     -Os -pipe -MT getdate.o -MD -MP -MF .deps/getdate.Tpo -c -o getdate.o getdate.c
gcc -DHAVE_CONFIG_H -I. -I.. -I../src     -Os -pipe -MT getline.o -MD -MP -MF .deps/getline.Tpo -c -o getline.o getline.c
gcc -DHAVE_CONFIG_H -I. -I.. -I../src     -Os -pipe -MT getopt.o -MD -MP -MF .deps/getopt.Tpo -c -o getopt.o getopt.c
mv -f .deps/getopt.Tpo .deps/getopt.Po
gcc -DHAVE_CONFIG_H -I. -I.. -I../src     -Os -pipe -MT getopt1.o -MD -MP -MF .deps/getopt1.Tpo -c -o getopt1.o getopt1.c
mv -f .deps/argmatch.Tpo .deps/argmatch.Po
gcc -DHAVE_CONFIG_H -I. -I.. -I../src     -Os -pipe -MT getpass.o -MD -MP -MF .deps/getpass.Tpo -c -o getpass.o getpass.c
mv -f .deps/getline.Tpo .deps/getline.Po
gcc -DHAVE_CONFIG_H -I. -I.. -I../src     -Os -pipe -MT md5.o -MD -MP -MF .deps/md5.Tpo -c -o md5.o md5.c
mv -f .deps/getopt1.Tpo .deps/getopt1.Po
gcc -DHAVE_CONFIG_H -I. -I.. -I../src     -Os -pipe -MT regex.o -MD -MP -MF .deps/regex.Tpo -c -o regex.o regex.c
mv -f .deps/getpass.Tpo .deps/getpass.Po
gcc -DHAVE_CONFIG_H -I. -I.. -I../src     -Os -pipe -MT savecwd.o -MD -MP -MF .deps/savecwd.Tpo -c -o savecwd.o savecwd.c
mv -f .deps/savecwd.Tpo .deps/savecwd.Po
gcc -DHAVE_CONFIG_H -I. -I.. -I../src     -Os -pipe -MT sighandle.o -MD -MP -MF .deps/sighandle.Tpo -c -o sighandle.o sighandle.c
mv -f .deps/sighandle.Tpo .deps/sighandle.Po
gcc -DHAVE_CONFIG_H -I. -I.. -I../src     -Os -pipe -MT stripslash.o -MD -MP -MF .deps/stripslash.Tpo -c -o stripslash.o stripslash.c
mv -f .deps/stripslash.Tpo .deps/stripslash.Po
mv -f .deps/md5.Tpo .deps/md5.Po
gcc -DHAVE_CONFIG_H -I. -I.. -I../src     -Os -pipe -MT xgetwd.o -MD -MP -MF .deps/xgetwd.Tpo -c -o xgetwd.o xgetwd.c
gcc -DHAVE_CONFIG_H -I. -I.. -I../src     -Os -pipe -MT yesno.o -MD -MP -MF .deps/yesno.Tpo -c -o yesno.o yesno.c
mv -f .deps/yesno.Tpo .deps/yesno.Po
mv -f .deps/xgetwd.Tpo .deps/xgetwd.Po
mv -f .deps/getdate.Tpo .deps/getdate.Po
mv -f .deps/regex.Tpo .deps/regex.Po
rm -f libcvs.a
ar cru libcvs.a argmatch.o getdate.o getline.o getopt.o getopt1.o getpass.o md5.o regex.o savecwd.o sighandle.o stripslash.o xgetwd.o yesno.o 
ranlib libcvs.a
make[2]: Leaving directory `/usr/src/rpm/BUILD/cvs-1.11.23/lib'
Making all in zlib
make[2]: Entering directory `/usr/src/rpm/BUILD/cvs-1.11.23/zlib'
gcc -Os -pipe   -c -o adler32.o adler32.c
gcc -Os -pipe   -c -o compress.o compress.c
gcc -Os -pipe   -c -o crc32.o crc32.c
gcc -Os -pipe   -c -o gzio.o gzio.c
gcc -Os -pipe   -c -o uncompr.o uncompr.c
gcc -Os -pipe   -c -o deflate.o deflate.c
gcc -Os -pipe   -c -o trees.o trees.c
gcc -Os -pipe   -c -o zutil.o zutil.c
gcc -Os -pipe   -c -o inflate.o inflate.c
gcc -Os -pipe   -c -o infblock.o infblock.c
gcc -Os -pipe   -c -o inftrees.o inftrees.c
gcc -Os -pipe   -c -o infcodes.o infcodes.c
gcc -Os -pipe   -c -o infutil.o infutil.c
gcc -Os -pipe   -c -o inffast.o inffast.c
ar rc libz.a adler32.o compress.o crc32.o gzio.o uncompr.o deflate.o trees.o zutil.o inflate.o infblock.o inftrees.o infcodes.o infutil.o inffast.o 
make[2]: Leaving directory `/usr/src/rpm/BUILD/cvs-1.11.23/zlib'
Making all in diff
make[2]: Entering directory `/usr/src/rpm/BUILD/cvs-1.11.23/diff'
gcc -DHAVE_CONFIG_H -I. -I.. -I../lib    -Os -pipe -MT diff.o -MD -MP -MF .deps/diff.Tpo -c -o diff.o diff.c
gcc -DHAVE_CONFIG_H -I. -I.. -I../lib    -Os -pipe -MT diff3.o -MD -MP -MF .deps/diff3.Tpo -c -o diff3.o diff3.c
gcc -DHAVE_CONFIG_H -I. -I.. -I../lib    -Os -pipe -MT analyze.o -MD -MP -MF .deps/analyze.Tpo -c -o analyze.o analyze.c
gcc -DHAVE_CONFIG_H -I. -I.. -I../lib    -Os -pipe -MT cmpbuf.o -MD -MP -MF .deps/cmpbuf.Tpo -c -o cmpbuf.o cmpbuf.c
mv -f .deps/cmpbuf.Tpo .deps/cmpbuf.Po
gcc -DHAVE_CONFIG_H -I. -I.. -I../lib    -Os -pipe -MT io.o -MD -MP -MF .deps/io.Tpo -c -o io.o io.c
mv -f .deps/diff.Tpo .deps/diff.Po
gcc -DHAVE_CONFIG_H -I. -I.. -I../lib    -Os -pipe -MT context.o -MD -MP -MF .deps/context.Tpo -c -o context.o context.c
mv -f .deps/io.Tpo .deps/io.Po
gcc -DHAVE_CONFIG_H -I. -I.. -I../lib    -Os -pipe -MT ed.o -MD -MP -MF .deps/ed.Tpo -c -o ed.o ed.c
mv -f .deps/ed.Tpo .deps/ed.Po
gcc -DHAVE_CONFIG_H -I. -I.. -I../lib    -Os -pipe -MT normal.o -MD -MP -MF .deps/normal.Tpo -c -o normal.o normal.c
mv -f .deps/analyze.Tpo .deps/analyze.Po
gcc -DHAVE_CONFIG_H -I. -I.. -I../lib    -Os -pipe -MT ifdef.o -MD -MP -MF .deps/ifdef.Tpo -c -o ifdef.o ifdef.c
mv -f .deps/context.Tpo .deps/context.Po
gcc -DHAVE_CONFIG_H -I. -I.. -I../lib    -Os -pipe -MT util.o -MD -MP -MF .deps/util.Tpo -c -o util.o util.c
mv -f .deps/diff3.Tpo .deps/diff3.Po
gcc -DHAVE_CONFIG_H -I. -I.. -I../lib    -Os -pipe -MT dir.o -MD -MP -MF .deps/dir.Tpo -c -o dir.o dir.c
mv -f .deps/normal.Tpo .deps/normal.Po
gcc -DHAVE_CONFIG_H -I. -I.. -I../lib    -Os -pipe -MT version.o -MD -MP -MF .deps/version.Tpo -c -o version.o version.c
mv -f .deps/version.Tpo .deps/version.Po
gcc -DHAVE_CONFIG_H -I. -I.. -I../lib    -Os -pipe -MT side.o -MD -MP -MF .deps/side.Tpo -c -o side.o side.c
mv -f .deps/ifdef.Tpo .deps/ifdef.Po
mv -f .deps/dir.Tpo .deps/dir.Po
mv -f .deps/side.Tpo .deps/side.Po
mv -f .deps/util.Tpo .deps/util.Po
rm -f libdiff.a
ar cru libdiff.a diff.o diff3.o analyze.o cmpbuf.o io.o context.o ed.o normal.o ifdef.o util.o dir.o version.o side.o 
ranlib libdiff.a
make[2]: Leaving directory `/usr/src/rpm/BUILD/cvs-1.11.23/diff'
Making all in src
make[2]: Entering directory `/usr/src/rpm/BUILD/cvs-1.11.23/src'
gcc -DHAVE_CONFIG_H -I. -I.. -I../lib -I../diff     -Os -pipe -MT add.o -MD -MP -MF .deps/add.Tpo -c -o add.o add.c
gcc -DHAVE_CONFIG_H -I. -I.. -I../lib -I../diff     -Os -pipe -MT admin.o -MD -MP -MF .deps/admin.Tpo -c -o admin.o admin.c
gcc -DHAVE_CONFIG_H -I. -I.. -I../lib -I../diff     -Os -pipe -MT annotate.o -MD -MP -MF .deps/annotate.Tpo -c -o annotate.o annotate.c
gcc -DHAVE_CONFIG_H -I. -I.. -I../lib -I../diff     -Os -pipe -MT buffer.o -MD -MP -MF .deps/buffer.Tpo -c -o buffer.o buffer.c
mv -f .deps/annotate.Tpo .deps/annotate.Po
gcc -DHAVE_CONFIG_H -I. -I.. -I../lib -I../diff     -Os -pipe -MT checkin.o -MD -MP -MF .deps/checkin.Tpo -c -o checkin.o checkin.c
mv -f .deps/checkin.Tpo .deps/checkin.Po
gcc -DHAVE_CONFIG_H -I. -I.. -I../lib -I../diff     -Os -pipe -MT checkout.o -MD -MP -MF .deps/checkout.Tpo -c -o checkout.o checkout.c
mv -f .deps/admin.Tpo .deps/admin.Po
gcc -DHAVE_CONFIG_H -I. -I.. -I../lib -I../diff     -Os -pipe -MT classify.o -MD -MP -MF .deps/classify.Tpo -c -o classify.o classify.c
mv -f .deps/add.Tpo .deps/add.Po
gcc -DHAVE_CONFIG_H -I. -I.. -I../lib -I../diff     -Os -pipe -MT client.o -MD -MP -MF .deps/client.Tpo -c -o client.o client.c
mv -f .deps/buffer.Tpo .deps/buffer.Po
gcc -DHAVE_CONFIG_H -I. -I.. -I../lib -I../diff     -Os -pipe -MT commit.o -MD -MP -MF .deps/commit.Tpo -c -o commit.o commit.c
mv -f .deps/classify.Tpo .deps/classify.Po
gcc -DHAVE_CONFIG_H -I. -I.. -I../lib -I../diff     -Os -pipe -MT create_adm.o -MD -MP -MF .deps/create_adm.Tpo -c -o create_adm.o create_adm.c
mv -f .deps/create_adm.Tpo .deps/create_adm.Po
gcc -DHAVE_CONFIG_H -I. -I.. -I../lib -I../diff     -Os -pipe -MT cvsrc.o -MD -MP -MF .deps/cvsrc.Tpo -c -o cvsrc.o cvsrc.c
mv -f .deps/checkout.Tpo .deps/checkout.Po
gcc -DHAVE_CONFIG_H -I. -I.. -I../lib -I../diff     -Os -pipe -MT diff.o -MD -MP -MF .deps/diff.Tpo -c -o diff.o diff.c
mv -f .deps/cvsrc.Tpo .deps/cvsrc.Po
gcc -DHAVE_CONFIG_H -I. -I.. -I../lib -I../diff     -Os -pipe -MT edit.o -MD -MP -MF .deps/edit.Tpo -c -o edit.o edit.c
mv -f .deps/diff.Tpo .deps/diff.Po
gcc -DHAVE_CONFIG_H -I. -I.. -I../lib -I../diff     -Os -pipe -MT entries.o -MD -MP -MF .deps/entries.Tpo -c -o entries.o entries.c
mv -f .deps/edit.Tpo .deps/edit.Po
gcc -DHAVE_CONFIG_H -I. -I.. -I../lib -I../diff     -Os -pipe -MT error.o -MD -MP -MF .deps/error.Tpo -c -o error.o error.c
mv -f .deps/commit.Tpo .deps/commit.Po
gcc -DHAVE_CONFIG_H -I. -I.. -I../lib -I../diff     -Os -pipe -MT expand_path.o -MD -MP -MF .deps/expand_path.Tpo -c -o expand_path.o expand_path.c
mv -f .deps/error.Tpo .deps/error.Po
gcc -DHAVE_CONFIG_H -I. -I.. -I../lib -I../diff     -Os -pipe -MT fileattr.o -MD -MP -MF .deps/fileattr.Tpo -c -o fileattr.o fileattr.c
mv -f .deps/entries.Tpo .deps/entries.Po
mv -f .deps/expand_path.Tpo .deps/expand_path.Po
gcc -DHAVE_CONFIG_H -I. -I.. -I../lib -I../diff     -Os -pipe -MT filesubr.o -MD -MP -MF .deps/filesubr.Tpo -c -o filesubr.o filesubr.c
gcc -DHAVE_CONFIG_H -I. -I.. -I../lib -I../diff     -Os -pipe -MT find_names.o -MD -MP -MF .deps/find_names.Tpo -c -o find_names.o find_names.c
mv -f .deps/fileattr.Tpo .deps/fileattr.Po
gcc -DHAVE_CONFIG_H -I. -I.. -I../lib -I../diff     -Os -pipe -MT hardlink.o -MD -MP -MF .deps/hardlink.Tpo -c -o hardlink.o hardlink.c
mv -f .deps/find_names.Tpo .deps/find_names.Po
gcc -DHAVE_CONFIG_H -I. -I.. -I../lib -I../diff     -Os -pipe -MT hash.o -MD -MP -MF .deps/hash.Tpo -c -o hash.o hash.c
mv -f .deps/hardlink.Tpo .deps/hardlink.Po
gcc -DHAVE_CONFIG_H -I. -I.. -I../lib -I../diff     -Os -pipe -MT history.o -MD -MP -MF .deps/history.Tpo -c -o history.o history.c
mv -f .deps/client.Tpo .deps/client.Po
gcc -DHAVE_CONFIG_H -I. -I.. -I../lib -I../diff     -Os -pipe -MT ignore.o -MD -MP -MF .deps/ignore.Tpo -c -o ignore.o ignore.c
mv -f .deps/filesubr.Tpo .deps/filesubr.Po
gcc -DHAVE_CONFIG_H -I. -I.. -I../lib -I../diff     -Os -pipe -MT import.o -MD -MP -MF .deps/import.Tpo -c -o import.o import.c
mv -f .deps/hash.Tpo .deps/hash.Po
gcc -DHAVE_CONFIG_H -I. -I.. -I../lib -I../diff     -Os -pipe -MT lock.o -MD -MP -MF .deps/lock.Tpo -c -o lock.o lock.c
mv -f .deps/ignore.Tpo .deps/ignore.Po
gcc -DHAVE_CONFIG_H -I. -I.. -I../lib -I../diff     -Os -pipe -MT log.o -MD -MP -MF .deps/log.Tpo -c -o log.o log.c
mv -f .deps/lock.Tpo .deps/lock.Po
gcc -DHAVE_CONFIG_H -I. -I.. -I../lib -I../diff     -Os -pipe -MT login.o -MD -MP -MF .deps/login.Tpo -c -o login.o login.c
mv -f .deps/import.Tpo .deps/import.Po
gcc -DHAVE_CONFIG_H -I. -I.. -I../lib -I../diff     -Os -pipe -MT logmsg.o -MD -MP -MF .deps/logmsg.Tpo -c -o logmsg.o logmsg.c
mv -f .deps/login.Tpo .deps/login.Po
gcc -DHAVE_CONFIG_H -I. -I.. -I../lib -I../diff     -Os -pipe -MT main.o -MD -MP -MF .deps/main.Tpo -c -o main.o main.c
mv -f .deps/history.Tpo .deps/history.Po
gcc -DHAVE_CONFIG_H -I. -I.. -I../lib -I../diff     -Os -pipe -MT mkmodules.o -MD -MP -MF .deps/mkmodules.Tpo -c -o mkmodules.o mkmodules.c
mv -f .deps/log.Tpo .deps/log.Po
gcc -DHAVE_CONFIG_H -I. -I.. -I../lib -I../diff     -Os -pipe -MT modules.o -MD -MP -MF .deps/modules.Tpo -c -o modules.o modules.c
mv -f .deps/mkmodules.Tpo .deps/mkmodules.Po
gcc -DHAVE_CONFIG_H -I. -I.. -I../lib -I../diff     -Os -pipe -MT myndbm.o -MD -MP -MF .deps/myndbm.Tpo -c -o myndbm.o myndbm.c
mv -f .deps/main.Tpo .deps/main.Po
gcc -DHAVE_CONFIG_H -I. -I.. -I../lib -I../diff     -Os -pipe -MT no_diff.o -MD -MP -MF .deps/no_diff.Tpo -c -o no_diff.o no_diff.c
mv -f .deps/logmsg.Tpo .deps/logmsg.Po
gcc -DHAVE_CONFIG_H -I. -I.. -I../lib -I../diff     -Os -pipe -MT parseinfo.o -MD -MP -MF .deps/parseinfo.Tpo -c -o parseinfo.o parseinfo.c
mv -f .deps/no_diff.Tpo .deps/no_diff.Po
gcc -DHAVE_CONFIG_H -I. -I.. -I../lib -I../diff     -Os -pipe -MT patch.o -MD -MP -MF .deps/patch.Tpo -c -o patch.o patch.c
mv -f .deps/myndbm.Tpo .deps/myndbm.Po
gcc -DHAVE_CONFIG_H -I. -I.. -I../lib -I../diff     -Os -pipe -MT rcs.o -MD -MP -MF .deps/rcs.Tpo -c -o rcs.o rcs.c
mv -f .deps/parseinfo.Tpo .deps/parseinfo.Po
gcc -DHAVE_CONFIG_H -I. -I.. -I../lib -I../diff     -Os -pipe -MT rcscmds.o -MD -MP -MF .deps/rcscmds.Tpo -c -o rcscmds.o rcscmds.c
mv -f .deps/modules.Tpo .deps/modules.Po
gcc -DHAVE_CONFIG_H -I. -I.. -I../lib -I../diff     -Os -pipe -MT recurse.o -MD -MP -MF .deps/recurse.Tpo -c -o recurse.o recurse.c
mv -f .deps/patch.Tpo .deps/patch.Po
gcc -DHAVE_CONFIG_H -I. -I.. -I../lib -I../diff     -Os -pipe -MT release.o -MD -MP -MF .deps/release.Tpo -c -o release.o release.c
mv -f .deps/rcscmds.Tpo .deps/rcscmds.Po
gcc -DHAVE_CONFIG_H -I. -I.. -I../lib -I../diff     -Os -pipe -MT remove.o -MD -MP -MF .deps/remove.Tpo -c -o remove.o remove.c
mv -f .deps/release.Tpo .deps/release.Po
gcc -DHAVE_CONFIG_H -I. -I.. -I../lib -I../diff     -Os -pipe -MT repos.o -MD -MP -MF .deps/repos.Tpo -c -o repos.o repos.c
mv -f .deps/remove.Tpo .deps/remove.Po
gcc -DHAVE_CONFIG_H -I. -I.. -I../lib -I../diff     -Os -pipe -MT root.o -MD -MP -MF .deps/root.Tpo -c -o root.o root.c
mv -f .deps/recurse.Tpo .deps/recurse.Po
gcc -DHAVE_CONFIG_H -I. -I.. -I../lib -I../diff     -Os -pipe -MT run.o -MD -MP -MF .deps/run.Tpo -c -o run.o run.c
mv -f .deps/repos.Tpo .deps/repos.Po
gcc -DHAVE_CONFIG_H -I. -I.. -I../lib -I../diff     -Os -pipe -MT scramble.o -MD -MP -MF .deps/scramble.Tpo -c -o scramble.o scramble.c
mv -f .deps/scramble.Tpo .deps/scramble.Po
gcc -DHAVE_CONFIG_H -I. -I.. -I../lib -I../diff     -Os -pipe -MT server.o -MD -MP -MF .deps/server.Tpo -c -o server.o server.c
mv -f .deps/root.Tpo .deps/root.Po
gcc -DHAVE_CONFIG_H -I. -I.. -I../lib -I../diff     -Os -pipe -MT stack.o -MD -MP -MF .deps/stack.Tpo -c -o stack.o stack.c
mv -f .deps/run.Tpo .deps/run.Po
gcc -DHAVE_CONFIG_H -I. -I.. -I../lib -I../diff     -Os -pipe -MT status.o -MD -MP -MF .deps/status.Tpo -c -o status.o status.c
mv -f .deps/stack.Tpo .deps/stack.Po
gcc -DHAVE_CONFIG_H -I. -I.. -I../lib -I../diff     -Os -pipe -MT subr.o -MD -MP -MF .deps/subr.Tpo -c -o subr.o subr.c
mv -f .deps/status.Tpo .deps/status.Po
gcc -DHAVE_CONFIG_H -I. -I.. -I../lib -I../diff     -Os -pipe -MT tag.o -MD -MP -MF .deps/tag.Tpo -c -o tag.o tag.c
mv -f .deps/subr.Tpo .deps/subr.Po
gcc -DHAVE_CONFIG_H -I. -I.. -I../lib -I../diff     -Os -pipe -MT update.o -MD -MP -MF .deps/update.Tpo -c -o update.o update.c
mv -f .deps/tag.Tpo .deps/tag.Po
gcc -DHAVE_CONFIG_H -I. -I.. -I../lib -I../diff     -Os -pipe -MT version.o -MD -MP -MF .deps/version.Tpo -c -o version.o version.c
mv -f .deps/version.Tpo .deps/version.Po
gcc -DHAVE_CONFIG_H -I. -I.. -I../lib -I../diff     -Os -pipe -MT vers_ts.o -MD -MP -MF .deps/vers_ts.Tpo -c -o vers_ts.o vers_ts.c
mv -f .deps/vers_ts.Tpo .deps/vers_ts.Po
gcc -DHAVE_CONFIG_H -I. -I.. -I../lib -I../diff     -Os -pipe -MT watch.o -MD -MP -MF .deps/watch.Tpo -c -o watch.o watch.c
mv -f .deps/watch.Tpo .deps/watch.Po
gcc -DHAVE_CONFIG_H -I. -I.. -I../lib -I../diff     -Os -pipe -MT wrapper.o -MD -MP -MF .deps/wrapper.Tpo -c -o wrapper.o wrapper.c
mv -f .deps/update.Tpo .deps/update.Po
gcc -DHAVE_CONFIG_H -I. -I.. -I../lib -I../diff     -Os -pipe -MT zlib.o -MD -MP -MF .deps/zlib.Tpo -c -o zlib.o zlib.c
mv -f .deps/wrapper.Tpo .deps/wrapper.Po
mv -f .deps/zlib.Tpo .deps/zlib.Po
mv -f .deps/server.Tpo .deps/server.Po
mv -f .deps/rcs.Tpo .deps/rcs.Po
gcc  -Os -pipe   -o cvs add.o admin.o annotate.o buffer.o checkin.o checkout.o classify.o client.o commit.o create_adm.o cvsrc.o diff.o edit.o entries.o error.o expand_path.o fileattr.o filesubr.o find_names.o hardlink.o hash.o history.o ignore.o import.o lock.o log.o login.o logmsg.o main.o mkmodules.o modules.o myndbm.o no_diff.o parseinfo.o patch.o rcs.o rcscmds.o recurse.o release.o remove.o repos.o root.o run.o scramble.o server.o stack.o status.o subr.o tag.o update.o version.o vers_ts.o watch.o wrapper.o zlib.o ../diff/libdiff.a ../lib/libcvs.a -lz -lcrypt -lnsl 
make[2]: Leaving directory `/usr/src/rpm/BUILD/cvs-1.11.23/src'
Making all in man
make[2]: Entering directory `/usr/src/rpm/BUILD/cvs-1.11.23/man'
make[2]: Nothing to be done for `all'.
make[2]: Leaving directory `/usr/src/rpm/BUILD/cvs-1.11.23/man'
Making all in doc
make[2]: Entering directory `/usr/src/rpm/BUILD/cvs-1.11.23/doc'
make[2]: Nothing to be done for `all'.
make[2]: Leaving directory `/usr/src/rpm/BUILD/cvs-1.11.23/doc'
Making all in contrib
make[2]: Entering directory `/usr/src/rpm/BUILD/cvs-1.11.23/contrib'
rm -f cvs2vendor
rm -f cvscheck
rm -f debug_check_log
cp cvs2vendor.sh cvs2vendor
rm -f rcs-to-cvs
cp cvscheck.sh cvscheck
cp debug_check_log.sh debug_check_log
chmod +x cvs2vendor
cp rcs-to-cvs.sh rcs-to-cvs
chmod +x cvscheck
chmod +x debug_check_log
chmod +x rcs-to-cvs
make[2]: Leaving directory `/usr/src/rpm/BUILD/cvs-1.11.23/contrib'
Making all in tools
make[2]: Entering directory `/usr/src/rpm/BUILD/cvs-1.11.23/tools'
make[2]: Nothing to be done for `all'.
make[2]: Leaving directory `/usr/src/rpm/BUILD/cvs-1.11.23/tools'
Making all in windows-NT
make[2]: Entering directory `/usr/src/rpm/BUILD/cvs-1.11.23/windows-NT'
Making all in SCC
make[3]: Entering directory `/usr/src/rpm/BUILD/cvs-1.11.23/windows-NT/SCC'
make[3]: Nothing to be done for `all'.
make[3]: Leaving directory `/usr/src/rpm/BUILD/cvs-1.11.23/windows-NT/SCC'
make[3]: Entering directory `/usr/src/rpm/BUILD/cvs-1.11.23/windows-NT'
make[3]: Nothing to be done for `all-am'.
make[3]: Leaving directory `/usr/src/rpm/BUILD/cvs-1.11.23/windows-NT'
make[2]: Leaving directory `/usr/src/rpm/BUILD/cvs-1.11.23/windows-NT'
Making all in os2
make[2]: Entering directory `/usr/src/rpm/BUILD/cvs-1.11.23/os2'
make[2]: Nothing to be done for `all'.
make[2]: Leaving directory `/usr/src/rpm/BUILD/cvs-1.11.23/os2'
Making all in emx
make[2]: Entering directory `/usr/src/rpm/BUILD/cvs-1.11.23/emx'
make[2]: Nothing to be done for `all'.
make[2]: Leaving directory `/usr/src/rpm/BUILD/cvs-1.11.23/emx'
Making all in vms
make[2]: Entering directory `/usr/src/rpm/BUILD/cvs-1.11.23/vms'
sed -e "s/%PACKAGE_STRING%/Concurrent Versions System (CVS) 1.11.23/"  \
    -e "s/%PACKAGE_BUGREPORT%/bug-cvs@nongnu.org/" \
  <./config.h.in >>config.tmp
make[2]: Leaving directory `/usr/src/rpm/BUILD/cvs-1.11.23/vms'
make[2]: Entering directory `/usr/src/rpm/BUILD/cvs-1.11.23'
make[2]: Leaving directory `/usr/src/rpm/BUILD/cvs-1.11.23'
make[1]: Leaving directory `/usr/src/rpm/BUILD/cvs-1.11.23'
+ exit 0
Executing(%install): /bin/sh -e /var/tmp/rpm-tmp.50372
+ umask 022
+ cd /usr/src/rpm/BUILD
+ /bin/rm -rf /var/tmp/cvs-root
+ /bin/mkdir -p /var/tmp/cvs-root
+ cd cvs-1.11.23
+ make DESTDIR=/var/tmp/cvs-root install
Making install in lib
make[1]: Entering directory `/usr/src/rpm/BUILD/cvs-1.11.23/lib'
make[2]: Entering directory `/usr/src/rpm/BUILD/cvs-1.11.23/lib'
make[2]: Nothing to be done for `install-exec-am'.
make[2]: Nothing to be done for `install-data-am'.
make[2]: Leaving directory `/usr/src/rpm/BUILD/cvs-1.11.23/lib'
make[1]: Leaving directory `/usr/src/rpm/BUILD/cvs-1.11.23/lib'
Making install in zlib
make[1]: Entering directory `/usr/src/rpm/BUILD/cvs-1.11.23/zlib'
make[1]: Nothing to be done for `install'.
make[1]: Leaving directory `/usr/src/rpm/BUILD/cvs-1.11.23/zlib'
Making install in diff
make[1]: Entering directory `/usr/src/rpm/BUILD/cvs-1.11.23/diff'
make[2]: Entering directory `/usr/src/rpm/BUILD/cvs-1.11.23/diff'
make[2]: Nothing to be done for `install-exec-am'.
make[2]: Nothing to be done for `install-data-am'.
make[2]: Leaving directory `/usr/src/rpm/BUILD/cvs-1.11.23/diff'
make[1]: Leaving directory `/usr/src/rpm/BUILD/cvs-1.11.23/diff'
Making install in src
make[1]: Entering directory `/usr/src/rpm/BUILD/cvs-1.11.23/src'
make[2]: Entering directory `/usr/src/rpm/BUILD/cvs-1.11.23/src'
test -z "/usr/bin" || /bin/mkdir -p "/var/tmp/cvs-root/usr/bin"
  /usr/bin/install -c 'cvs' '/var/tmp/cvs-root/usr/bin/cvs'
test -z "/usr/bin" || /bin/mkdir -p "/var/tmp/cvs-root/usr/bin"
 /usr/bin/install -c 'cvsbug' '/var/tmp/cvs-root/usr/bin/cvsbug'
make[2]: Nothing to be done for `install-data-am'.
make[2]: Leaving directory `/usr/src/rpm/BUILD/cvs-1.11.23/src'
make[1]: Leaving directory `/usr/src/rpm/BUILD/cvs-1.11.23/src'
Making install in man
make[1]: Entering directory `/usr/src/rpm/BUILD/cvs-1.11.23/man'
make[2]: Entering directory `/usr/src/rpm/BUILD/cvs-1.11.23/man'
make[2]: Nothing to be done for `install-exec-am'.
test -z "/usr/share/man/man5" || /bin/mkdir -p "/var/tmp/cvs-root/usr/share/man/man5"
 /usr/bin/install -c -m 644 './cvs.5' '/var/tmp/cvs-root/usr/share/man/man5/cvs.5'
test -z "/usr/share/man/man8" || /bin/mkdir -p "/var/tmp/cvs-root/usr/share/man/man8"
 /usr/bin/install -c -m 644 './cvsbug.8' '/var/tmp/cvs-root/usr/share/man/man8/cvsbug.8'
make[2]: Leaving directory `/usr/src/rpm/BUILD/cvs-1.11.23/man'
make[1]: Leaving directory `/usr/src/rpm/BUILD/cvs-1.11.23/man'
Making install in doc
make[1]: Entering directory `/usr/src/rpm/BUILD/cvs-1.11.23/doc'
make[2]: Entering directory `/usr/src/rpm/BUILD/cvs-1.11.23/doc'
make[2]: Nothing to be done for `install-exec-am'.
test -z "/usr/share/info" || /bin/mkdir -p "/var/tmp/cvs-root/usr/share/info"
 /usr/bin/install -c -m 644 './cvs.info' '/var/tmp/cvs-root/usr/share/info/cvs.info'
 /usr/bin/install -c -m 644 './cvs.info-1' '/var/tmp/cvs-root/usr/share/info/cvs.info-1'
 /usr/bin/install -c -m 644 './cvs.info-2' '/var/tmp/cvs-root/usr/share/info/cvs.info-2'
 /usr/bin/install -c -m 644 './cvsclient.info' '/var/tmp/cvs-root/usr/share/info/cvsclient.info'
 install-info --info-dir='/var/tmp/cvs-root/usr/share/info' '/var/tmp/cvs-root/usr/share/info/cvs.info'
 install-info --info-dir='/var/tmp/cvs-root/usr/share/info' '/var/tmp/cvs-root/usr/share/info/cvsclient.info'
test -z "/usr/share/man/man1" || /bin/mkdir -p "/var/tmp/cvs-root/usr/share/man/man1"
 /usr/bin/install -c -m 644 '././cvs.1' '/var/tmp/cvs-root/usr/share/man/man1/cvs.1'
make[2]: Leaving directory `/usr/src/rpm/BUILD/cvs-1.11.23/doc'
make[1]: Leaving directory `/usr/src/rpm/BUILD/cvs-1.11.23/doc'
Making install in contrib
make[1]: Entering directory `/usr/src/rpm/BUILD/cvs-1.11.23/contrib'
make[2]: Entering directory `/usr/src/rpm/BUILD/cvs-1.11.23/contrib'
make[2]: Nothing to be done for `install-exec-am'.
test -z "/usr/share/cvs/contrib" || /bin/mkdir -p "/var/tmp/cvs-root/usr/share/cvs/contrib"
 /usr/bin/install -c -m 644 'README' '/var/tmp/cvs-root/usr/share/cvs/contrib/README'
 /usr/bin/install -c -m 644 'intro.doc' '/var/tmp/cvs-root/usr/share/cvs/contrib/intro.doc'
test -z "/usr/share/cvs/contrib" || /bin/mkdir -p "/var/tmp/cvs-root/usr/share/cvs/contrib"
 /usr/bin/install -c 'check_cvs' '/var/tmp/cvs-root/usr/share/cvs/contrib/check_cvs'
 /usr/bin/install -c 'clmerge' '/var/tmp/cvs-root/usr/share/cvs/contrib/clmerge'
 /usr/bin/install -c 'cln_hist' '/var/tmp/cvs-root/usr/share/cvs/contrib/cln_hist'
 /usr/bin/install -c 'commit_prep' '/var/tmp/cvs-root/usr/share/cvs/contrib/commit_prep'
 /usr/bin/install -c 'cvs2vendor' '/var/tmp/cvs-root/usr/share/cvs/contrib/cvs2vendor'
 /usr/bin/install -c 'cvs_acls' '/var/tmp/cvs-root/usr/share/cvs/contrib/cvs_acls'
 /usr/bin/install -c 'cvscheck' '/var/tmp/cvs-root/usr/share/cvs/contrib/cvscheck'
 /usr/bin/install -c 'debug_check_log' '/var/tmp/cvs-root/usr/share/cvs/contrib/debug_check_log'
 /usr/bin/install -c 'log' '/var/tmp/cvs-root/usr/share/cvs/contrib/log'
 /usr/bin/install -c 'log_accum' '/var/tmp/cvs-root/usr/share/cvs/contrib/log_accum'
 /usr/bin/install -c 'mfpipe' '/var/tmp/cvs-root/usr/share/cvs/contrib/mfpipe'
 /usr/bin/install -c 'pvcs2rcs' '/var/tmp/cvs-root/usr/share/cvs/contrib/pvcs2rcs'
 /usr/bin/install -c 'rcs-to-cvs' '/var/tmp/cvs-root/usr/share/cvs/contrib/rcs-to-cvs'
 /usr/bin/install -c 'rcs2log' '/var/tmp/cvs-root/usr/share/cvs/contrib/rcs2log'
 /usr/bin/install -c 'rcslock' '/var/tmp/cvs-root/usr/share/cvs/contrib/rcslock'
 /usr/bin/install -c 'sccs2rcs' '/var/tmp/cvs-root/usr/share/cvs/contrib/sccs2rcs'
: FIXME - this path should be determined dynamically from bindir
: and contribdir
/bin/sh ../mkinstalldirs /var/tmp/cvs-root/usr/bin
test ! -f /var/tmp/cvs-root/usr/bin/rcs2log
  && cd /var/tmp/cvs-root/usr/bin && ln -s ../share/cvs/contrib/rcs2log .
make[2]: Leaving directory `/usr/src/rpm/BUILD/cvs-1.11.23/contrib'
make[1]: Leaving directory `/usr/src/rpm/BUILD/cvs-1.11.23/contrib'
Making install in tools
make[1]: Entering directory `/usr/src/rpm/BUILD/cvs-1.11.23/tools'
make[2]: Entering directory `/usr/src/rpm/BUILD/cvs-1.11.23/tools'
make[2]: Nothing to be done for `install-exec-am'.
make[2]: Nothing to be done for `install-data-am'.
make[2]: Leaving directory `/usr/src/rpm/BUILD/cvs-1.11.23/tools'
make[1]: Leaving directory `/usr/src/rpm/BUILD/cvs-1.11.23/tools'
Making install in windows-NT
make[1]: Entering directory `/usr/src/rpm/BUILD/cvs-1.11.23/windows-NT'
Making install in SCC
make[2]: Entering directory `/usr/src/rpm/BUILD/cvs-1.11.23/windows-NT/SCC'
make[3]: Entering directory `/usr/src/rpm/BUILD/cvs-1.11.23/windows-NT/SCC'
make[3]: Nothing to be done for `install-exec-am'.
make[3]: Nothing to be done for `install-data-am'.
make[3]: Leaving directory `/usr/src/rpm/BUILD/cvs-1.11.23/windows-NT/SCC'
make[2]: Leaving directory `/usr/src/rpm/BUILD/cvs-1.11.23/windows-NT/SCC'
make[2]: Entering directory `/usr/src/rpm/BUILD/cvs-1.11.23/windows-NT'
make[3]: Entering directory `/usr/src/rpm/BUILD/cvs-1.11.23/windows-NT'
make[3]: Nothing to be done for `install-exec-am'.
make[3]: Nothing to be done for `install-data-am'.
make[3]: Leaving directory `/usr/src/rpm/BUILD/cvs-1.11.23/windows-NT'
make[2]: Leaving directory `/usr/src/rpm/BUILD/cvs-1.11.23/windows-NT'
make[1]: Leaving directory `/usr/src/rpm/BUILD/cvs-1.11.23/windows-NT'
Making install in os2
make[1]: Entering directory `/usr/src/rpm/BUILD/cvs-1.11.23/os2'
make[1]: Nothing to be done for `install'.
make[1]: Leaving directory `/usr/src/rpm/BUILD/cvs-1.11.23/os2'
Making install in emx
make[1]: Entering directory `/usr/src/rpm/BUILD/cvs-1.11.23/emx'
make[1]: Nothing to be done for `install'.
make[1]: Leaving directory `/usr/src/rpm/BUILD/cvs-1.11.23/emx'
Making install in vms
make[1]: Entering directory `/usr/src/rpm/BUILD/cvs-1.11.23/vms'
make[2]: Entering directory `/usr/src/rpm/BUILD/cvs-1.11.23/vms'
make[2]: Nothing to be done for `install-exec-am'.
make[2]: Nothing to be done for `install-data-am'.
make[2]: Leaving directory `/usr/src/rpm/BUILD/cvs-1.11.23/vms'
make[1]: Leaving directory `/usr/src/rpm/BUILD/cvs-1.11.23/vms'
make[1]: Entering directory `/usr/src/rpm/BUILD/cvs-1.11.23'
make[2]: Entering directory `/usr/src/rpm/BUILD/cvs-1.11.23'
make[2]: Nothing to be done for `install-exec-am'.
make[2]: Nothing to be done for `install-data-am'.
make[2]: Leaving directory `/usr/src/rpm/BUILD/cvs-1.11.23'
make[1]: Leaving directory `/usr/src/rpm/BUILD/cvs-1.11.23'
+ rm -f /var/tmp/cvs-root/usr/share/info/dir
+ /usr/lib/rpm/compress_man.sh /var/tmp/cvs-root
+ /usr/lib/rpm/strip.sh /var/tmp/cvs-root
+ exit 0
Processing files: cvs-1.11.23-1.x86_64
Requires(interp): /bin/sh /bin/sh
Requires(post): /bin/sh /usr/bin/install-info
Requires(preun): /bin/sh /usr/bin/install-info
Requires: /bin/sh /usr/bin/install-info /usr/bin/install-info /usr/bin/perl libc.so.6()(64bit) libc.so.6(GLIBC_2.2.5)(64bit) libc.so.6(GLIBC_2.3)(64bit) libc.so.6(GLIBC_2.7)(64bit) libcrypt.so.1()(64bit) libcrypt.so.1(GLIBC_2.2.5)(64bit) libnsl.so.1()(64bit) libz.so.1()(64bit) perl(Cwd) perl(File::Basename) perl(File::Find) perl(File::Path) perl(Getopt::Long) perl(IO::File) perl(getopts.pl) perl(strict)
Checking for unpackaged file(s): /usr/lib/rpm/check-files /var/tmp/cvs-root
Wrote: /usr/src/rpm/SRPMS/cvs-1.11.23-1.src.rpm
Wrote: /usr/src/rpm/RPMS/x86_64/cvs-1.11.23-1.x86_64.rpm
Executing(%clean): /bin/sh -e /var/tmp/rpm-tmp.14236
+ umask 022
+ cd /usr/src/rpm/BUILD
+ cd cvs-1.11.23
+ /bin/rm -rf /var/tmp/cvs-root
