Fetching(Source0): ftp://ftp.gnu.org/gnu/which/which-2.20.tar.gz
Executing(%prep): /bin/sh -e /var/tmp/rpm-tmp.41022
+ umask 022
+ cd /usr/src/rpm/BUILD
+ cd /usr/src/rpm/BUILD
+ rm -rf which-2.20
+ /bin/gzip -dc /usr/src/rpm/SOURCES/which-2.20.tar.gz
+ /bin/tar -xf -
+ STATUS=0
+ '[' 0 -ne 0 ']'
+ cd which-2.20
+ exit 0
Executing(%build): /bin/sh -e /var/tmp/rpm-tmp.41022
+ umask 022
+ cd /usr/src/rpm/BUILD
+ cd which-2.20
+ export 'CFLAGS=-Os -pipe'
+ CFLAGS='-Os -pipe'
+ ./configure --prefix=/usr
checking for a BSD-compatible install... /usr/bin/install -c
checking whether build environment is sane... yes
checking for a thread-safe mkdir -p... /bin/mkdir -p
checking for gawk... gawk
checking whether make sets $(MAKE)... yes
checking whether to enable maintainer-specific portions of Makefiles... no
checking for gcc... gcc
checking for C compiler default output file name... a.out
checking whether the C compiler works... yes
checking whether we are cross compiling... no
checking for suffix of executables... 
checking for suffix of object files... o
checking whether we are using the GNU C compiler... yes
checking whether gcc accepts -g... yes
checking for gcc option to accept ISO C89... none needed
checking for style of include used by make... GNU
checking dependency style of gcc... pch
checking for a BSD-compatible install... /usr/bin/install -c
checking how to run the C preprocessor... gcc -E
checking for grep that handles long lines and -e... /bin/grep
checking for egrep... /bin/grep -E
checking for ANSI C header files... yes
checking for sys/types.h... yes
checking for sys/stat.h... yes
checking for stdlib.h... yes
checking for string.h... yes
checking for memory.h... yes
checking for strings.h... yes
checking for inttypes.h... yes
checking for stdint.h... yes
checking for unistd.h... yes
checking minix/config.h usability... no
checking minix/config.h presence... no
checking for minix/config.h... no
checking for xmalloc in libiberty.a... no
checking for ANSI C header files... (cached) yes
checking for unistd.h... (cached) yes
checking for string.h... (cached) yes
checking libiberty.h usability... yes
checking libiberty.h presence... yes
checking for libiberty.h... yes
checking whether stat file-mode macros are broken... no
checking for an ANSI C-conforming const... yes
checking for size_t... yes
checking for uid_t in sys/types.h... yes
checking type of array argument to getgroups... gid_t
checking for strchr... yes
checking for memcpy... yes
checking for getopt_long... yes
checking for getcwd... yes
checking for getwd... yes
checking for ar... ar
checking for ranlib... ranlib
checking for stdlib.h... (cached) yes
checking for memory.h... (cached) yes
checking pwd.h usability... yes
checking pwd.h presence... yes
checking for pwd.h... yes
checking for strings.h... (cached) yes
checking for getpwent... yes
checking for getpwnam... yes
checking for getpwuid... yes
checking whether programs are able to redeclare getpw functions... yes
configure: creating ./config.status
config.status: creating Makefile
config.status: creating maintMakefile
config.status: creating tilde/Makefile
config.status: creating config.h
config.status: executing depfiles commands
+ make -j4
make  all-recursive
make[1]: Entering directory `/usr/src/rpm/BUILD/which-2.20'
Making all in tilde
make[2]: Entering directory `/usr/src/rpm/BUILD/which-2.20/tilde'
source='tilde.c' object='tilde.o' libtool=no \
DEPDIR=.deps depmode=pch /bin/sh ../depcomp \
gcc -DHAVE_CONFIG_H -I. -I..     -Os -pipe -c tilde.c
source='shell.c' object='shell.o' libtool=no \
DEPDIR=.deps depmode=pch /bin/sh ../depcomp \
gcc -DHAVE_CONFIG_H -I. -I..     -Os -pipe -c shell.c
rm -f libtilde.a
ar cru libtilde.a tilde.o shell.o 
ranlib libtilde.a
make[2]: Leaving directory `/usr/src/rpm/BUILD/which-2.20/tilde'
Making all in .
make[2]: Entering directory `/usr/src/rpm/BUILD/which-2.20'
source='getopt.c' object='getopt.o' libtool=no \
DEPDIR=.deps depmode=pch /bin/sh ./depcomp \
gcc -DHAVE_CONFIG_H -I.     -Os -pipe -c getopt.c
source='getopt1.c' object='getopt1.o' libtool=no \
DEPDIR=.deps depmode=pch /bin/sh ./depcomp \
gcc -DHAVE_CONFIG_H -I.     -Os -pipe -c getopt1.c
source='bash.c' object='bash.o' libtool=no \
DEPDIR=.deps depmode=pch /bin/sh ./depcomp \
gcc -DHAVE_CONFIG_H -I.     -Os -pipe -c bash.c
source='which.c' object='which.o' libtool=no \
DEPDIR=.deps depmode=pch /bin/sh ./depcomp \
gcc -DHAVE_CONFIG_H -I.     -Os -pipe -c which.c
gcc  -Os -pipe   -o which getopt.o getopt1.o bash.o which.o ./tilde/libtilde.a 
make[2]: Leaving directory `/usr/src/rpm/BUILD/which-2.20'
make[1]: Leaving directory `/usr/src/rpm/BUILD/which-2.20'
+ exit 0
Executing(%install): /bin/sh -e /var/tmp/rpm-tmp.92877
+ umask 022
+ cd /usr/src/rpm/BUILD
+ /bin/rm -rf /var/tmp/which-root
+ /bin/mkdir -p /var/tmp/which-root
+ cd which-2.20
+ make DESTDIR=/var/tmp/which-root install
make  install-recursive
make[1]: Entering directory `/usr/src/rpm/BUILD/which-2.20'
Making install in tilde
make[2]: Entering directory `/usr/src/rpm/BUILD/which-2.20/tilde'
make[3]: Entering directory `/usr/src/rpm/BUILD/which-2.20/tilde'
make[3]: Nothing to be done for `install-exec-am'.
make[3]: Nothing to be done for `install-data-am'.
make[3]: Leaving directory `/usr/src/rpm/BUILD/which-2.20/tilde'
make[2]: Leaving directory `/usr/src/rpm/BUILD/which-2.20/tilde'
Making install in .
make[2]: Entering directory `/usr/src/rpm/BUILD/which-2.20'
make[3]: Entering directory `/usr/src/rpm/BUILD/which-2.20'
test -z "/usr/bin" || /bin/mkdir -p "/var/tmp/which-root/usr/bin"
  /usr/bin/install -c 'which' '/var/tmp/which-root/usr/bin/which'
test -z "/usr/share/info" || /bin/mkdir -p "/var/tmp/which-root/usr/share/info"
 /usr/bin/install -c -m 644 './which.info' '/var/tmp/which-root/usr/share/info/which.info'
 install-info --info-dir='/var/tmp/which-root/usr/share/info' '/var/tmp/which-root/usr/share/info/which.info'
test -z "/usr/share/man/man1" || /bin/mkdir -p "/var/tmp/which-root/usr/share/man/man1"
 /usr/bin/install -c -m 644 './which.1' '/var/tmp/which-root/usr/share/man/man1/which.1'
make[3]: Leaving directory `/usr/src/rpm/BUILD/which-2.20'
make[2]: Leaving directory `/usr/src/rpm/BUILD/which-2.20'
make[1]: Leaving directory `/usr/src/rpm/BUILD/which-2.20'
+ rm -f /var/tmp/which-root/usr/share/info/dir
+ /usr/lib/rpm/compress_man.sh /var/tmp/which-root
+ /usr/lib/rpm/strip.sh /var/tmp/which-root
+ exit 0
Processing files: which-2.20-2.x86_64
Requires(interp): /bin/sh /bin/sh
Requires(post): /bin/sh /usr/bin/install-info
Requires(preun): /bin/sh /usr/bin/install-info
Requires: /usr/bin/install-info /usr/bin/install-info libc.so.6()(64bit) libc.so.6(GLIBC_2.2.5)(64bit) libc.so.6(GLIBC_2.3)(64bit)
Checking for unpackaged file(s): /usr/lib/rpm/check-files /var/tmp/which-root
Wrote: /usr/src/rpm/SRPMS/which-2.20-2.src.rpm
Wrote: /usr/src/rpm/RPMS/x86_64/which-2.20-2.x86_64.rpm
Executing(%clean): /bin/sh -e /var/tmp/rpm-tmp.92877
+ umask 022
+ cd /usr/src/rpm/BUILD
+ cd which-2.20
+ /bin/rm -rf /var/tmp/which-root
