Fetching(Source0): http://dev.lightcube.us/sources/fontconfig/fontconfig-2.8.0.tar.gz
Executing(%prep): /bin/sh -e /var/tmp/rpm-tmp.29771
+ umask 022
+ cd /usr/src/rpm/BUILD
+ cd /usr/src/rpm/BUILD
+ rm -rf fontconfig-2.8.0
+ /bin/gzip -dc /usr/src/rpm/SOURCES/fontconfig-2.8.0.tar.gz
+ /bin/tar -xf -
+ STATUS=0
+ '[' 0 -ne 0 ']'
+ cd fontconfig-2.8.0
+ exit 0
Executing(%build): /bin/sh -e /var/tmp/rpm-tmp.29771
+ umask 022
+ cd /usr/src/rpm/BUILD
+ cd fontconfig-2.8.0
+ ./configure --prefix=/usr --sysconfdir=/etc --libdir=/usr/lib64 --localstatedir=/var --disable-silent-rules --enable-libxml2
checking for a BSD-compatible install... /usr/bin/install -c
checking whether build environment is sane... yes
checking for a thread-safe mkdir -p... /bin/mkdir -p
checking for gawk... gawk
checking whether make sets $(MAKE)... yes
checking whether to enable maintainer-specific portions of Makefiles... no
checking for gcc... gcc
checking for C compiler default output file name... a.out
checking whether the C compiler works... yes
checking whether we are cross compiling... no
checking for suffix of executables... 
checking for suffix of object files... o
checking whether we are using the GNU C compiler... yes
checking whether gcc accepts -g... yes
checking for gcc option to accept ISO C89... none needed
checking for style of include used by make... GNU
checking dependency style of gcc... gcc3
checking for a BSD-compatible install... /usr/bin/install -c
checking whether ln -s works... yes
checking build system type... x86_64-unknown-linux-gnu
checking host system type... x86_64-unknown-linux-gnu
checking for a sed that does not truncate output... /bin/sed
checking for grep that handles long lines and -e... /bin/grep
checking for egrep... /bin/grep -E
checking for fgrep... /bin/grep -F
checking for ld used by gcc... /usr/bin/ld
checking if the linker (/usr/bin/ld) is GNU ld... yes
checking for BSD- or MS-compatible name lister (nm)... /usr/bin/nm -B
checking the name lister (/usr/bin/nm -B) interface... BSD nm
checking the maximum length of command line arguments... 1572864
checking whether the shell understands some XSI constructs... yes
checking whether the shell understands "+="... yes
checking for /usr/bin/ld option to reload object files... -r
checking for objdump... objdump
checking how to recognize dependent libraries... pass_all
checking for ar... ar
checking for strip... strip
checking for ranlib... ranlib
checking command to parse /usr/bin/nm -B output from gcc object... ok
checking how to run the C preprocessor... gcc -E
checking for ANSI C header files... yes
checking for sys/types.h... yes
checking for sys/stat.h... yes
checking for stdlib.h... yes
checking for string.h... yes
checking for memory.h... yes
checking for strings.h... yes
checking for inttypes.h... yes
checking for stdint.h... yes
checking for unistd.h... yes
checking for dlfcn.h... yes
checking for objdir... .libs
checking if gcc supports -fno-rtti -fno-exceptions... no
checking for gcc option to produce PIC... -fPIC -DPIC
checking if gcc PIC flag -fPIC -DPIC works... yes
checking if gcc static flag -static works... yes
checking if gcc supports -c -o file.o... yes
checking if gcc supports -c -o file.o... (cached) yes
checking whether the gcc linker (/usr/bin/ld -m elf_x86_64) supports shared libraries... yes
checking whether -lc should be explicitly linked in... no
checking dynamic linker characteristics... GNU/Linux ld.so
checking how to hardcode library paths into programs... immediate
checking whether stripping libraries is possible... yes
checking if libtool supports shared libraries... yes
checking whether to build shared libraries... yes
checking whether to build static libraries... yes
checking for bash... /bin/bash
checking if dolt supports this host... yes, replacing libtool
checking whether make sets $(MAKE)... (cached) yes
checking for a C compiler for build tools... gcc
checking for suffix of executable build tools... 
checking for dirent.h that defines DIR... yes
checking for library containing opendir... none required
checking for ANSI C header files... (cached) yes
checking fcntl.h usability... yes
checking fcntl.h presence... yes
checking for fcntl.h... yes
checking for stdlib.h... (cached) yes
checking for string.h... (cached) yes
checking for unistd.h... (cached) yes
checking for an ANSI C-conforming const... yes
checking for inline... inline
checking for pid_t... yes
checking for vprintf... yes
checking for _doprnt... no
checking for stdlib.h... (cached) yes
checking for unistd.h... (cached) yes
checking for getpagesize... yes
checking for working mmap... yes
checking for geteuid... yes
checking for getuid... yes
checking for link... yes
checking for memmove... yes
checking for memset... yes
checking for mkstemp... yes
checking for strchr... yes
checking for strrchr... yes
checking for strtol... yes
checking for getopt... yes
checking for getopt_long... yes
checking for sysconf... yes
checking for ftruncate... yes
checking for chsize... no
checking for rand... yes
checking for random... yes
checking for lrand48... yes
checking for a usable iconv... libc
checking for freetype-config... /usr/bin/freetype-config
checking for FT_Get_Next_Char... yes
checking for FT_Get_BDF_Property... yes
checking for FT_Get_PS_Font_Info... yes
checking for FT_Has_PS_Glyph_Names... yes
checking for FT_Get_X11_Font_Format... yes
checking for FT_Select_Size... yes
checking for FT_Bitmap_Size.y_ppem... yes
checking for pkg-config... /usr/bin/pkg-config
checking pkg-config is at least version 0.9.0... yes
checking for LIBXML2... yes
checking for docbook2html... no
DOCMAN3 FcAtomicCreate.3 FcAtomicLock.3 FcAtomicNewFile.3 FcAtomicOrigFile.3 FcAtomicReplaceOrig.3 FcAtomicDeleteNew.3 FcAtomicUnlock.3 FcAtomicDestroy.3 FcBlanksCreate.3 FcBlanksDestroy.3 FcBlanksAdd.3 FcBlanksIsMember.3 FcCacheDir.3 FcCacheCopySet.3 FcCacheSubdir.3 FcCacheNumSubdir.3 FcCacheNumFont.3 FcCharSetCreate.3 FcCharSetDestroy.3 FcCharSetAddChar.3 FcCharSetCopy.3 FcCharSetEqual.3 FcCharSetIntersect.3 FcCharSetUnion.3 FcCharSetSubtract.3 FcCharSetMerge.3 FcCharSetHasChar.3 FcCharSetCount.3 FcCharSetIntersectCount.3 FcCharSetSubtractCount.3 FcCharSetIsSubset.3 FcCharSetFirstPage.3 FcCharSetNextPage.3 FcCharSetCoverage.3 FcCharSetNew.3 FcConfigCreate.3 FcConfigReference.3 FcConfigDestroy.3 FcConfigSetCurrent.3 FcConfigGetCurrent.3 FcConfigUptoDate.3 FcConfigHome.3 FcConfigEnableHome.3 FcConfigBuildFonts.3 FcConfigGetConfigDirs.3 FcConfigGetFontDirs.3 FcConfigGetConfigFiles.3 FcConfigGetCache.3 FcConfigGetCacheDirs.3 FcConfigGetFonts.3 FcConfigGetBlanks.3 FcConfigGetRescanInterval.3 FcConfigSetRescanInterval.3 FcConfigAppFontAddFile.3 FcConfigAppFontAddDir.3 FcConfigAppFontClear.3 FcConfigSubstituteWithPat.3 FcConfigSubstitute.3 FcFontMatch.3 FcFontSort.3 FcFontRenderPrepare.3 FcFontList.3 FcConfigFilename.3 FcConfigParseAndLoad.3 FcNameRegisterConstants.3 FcNameUnregisterConstants.3 FcNameGetConstant.3 FcNameConstant.3 FcDirCacheUnlink.3 FcDirCacheValid.3 FcDirCacheLoad.3 FcDirCacheRead.3 FcDirCacheLoadFile.3 FcDirCacheUnload.3 FcFileScan.3 FcFileIsDir.3 FcDirScan.3 FcDirSave.3 FcFontSetCreate.3 FcFontSetDestroy.3 FcFontSetAdd.3 FcFontSetList.3 FcFontSetMatch.3 FcFontSetPrint.3 FcFontSetSort.3 FcFontSetSortDestroy.3 FcPatternFormat.3 FcFreeTypeCharIndex.3 FcFreeTypeCharSet.3 FcFreeTypeCharSetAndSpacing.3 FcFreeTypeQuery.3 FcFreeTypeQueryFace.3 FcInitLoadConfig.3 FcInitLoadConfigAndFonts.3 FcInit.3 FcFini.3 FcGetVersion.3 FcInitReinitialize.3 FcInitBringUptoDate.3 FcLangSetCreate.3 FcLangSetDestroy.3 FcLangSetCopy.3 FcLangSetAdd.3 FcLangSetCompare.3 FcLangSetContains.3 FcLangSetEqual.3 FcLangSetHash.3 FcLangSetHasLang.3 FcLangSetGetLangs.3 FcGetLangs.3 FcLangGetCharSet.3 FcMatrixInit.3 FcMatrixCopy.3 FcMatrixEqual.3 FcMatrixMultiply.3 FcMatrixRotate.3 FcMatrixScale.3 FcMatrixShear.3 FcObjectSetCreate.3 FcObjectSetAdd.3 FcObjectSetDestroy.3 FcObjectSetBuild.3 FcNameRegisterObjectTypes.3 FcNameUnregisterObjectTypes.3 FcNameGetObjectType.3 FcPatternCreate.3 FcPatternDuplicate.3 FcPatternReference.3 FcPatternDestroy.3 FcPatternEqual.3 FcPatternEqualSubset.3 FcPatternFilter.3 FcPatternHash.3 FcPatternAdd.3 FcPatternAddWeak.3 FcPatternAdd-Type.3 FcPatternGet.3 FcPatternGet-Type.3 FcPatternBuild.3 FcPatternDel.3 FcPatternRemove.3 FcPatternPrint.3 FcDefaultSubstitute.3 FcNameParse.3 FcNameUnparse.3 FcUtf8ToUcs4.3 FcUcs4ToUtf8.3 FcUtf8Len.3 FcUtf16ToUcs4.3 FcUtf16Len.3 FcIsLower.3 FcIsUpper.3 FcToLower.3 FcStrCopy.3 FcStrDowncase.3 FcStrCopyFilename.3 FcStrCmp.3 FcStrCmpIgnoreCase.3 FcStrStr.3 FcStrStrIgnoreCase.3 FcStrPlus.3 FcStrFree.3 FcStrDirname.3 FcStrBasename.3 FcStrSetCreate.3 FcStrSetMember.3 FcStrSetEqual.3 FcStrSetAdd.3 FcStrSetAddFilename.3 FcStrSetDel.3 FcStrSetDestroy.3 FcStrListCreate.3 FcStrListNext.3 FcStrListDone.3 FcValueDestroy.3 FcValueSave.3 FcValuePrint.3 FcValueEqual.3
configure: creating ./config.status
config.status: creating Makefile
config.status: creating fontconfig/Makefile
config.status: creating fc-lang/Makefile
config.status: creating fc-glyphname/Makefile
config.status: creating fc-case/Makefile
config.status: creating fc-arch/Makefile
config.status: creating src/Makefile
config.status: creating conf.d/Makefile
config.status: creating fc-cache/Makefile
config.status: creating fc-cat/Makefile
config.status: creating fc-list/Makefile
config.status: creating fc-match/Makefile
config.status: creating fc-query/Makefile
config.status: creating fc-scan/Makefile
config.status: creating doc/Makefile
config.status: creating doc/version.sgml
config.status: creating test/Makefile
config.status: creating fontconfig.spec
config.status: creating fontconfig.pc
config.status: creating fontconfig-zip
config.status: creating config.h
config.status: executing depfiles commands
config.status: executing libtool commands
+ make
make  all-recursive
make[1]: Entering directory `/usr/src/rpm/BUILD/fontconfig-2.8.0'
Making all in fontconfig
make[2]: Entering directory `/usr/src/rpm/BUILD/fontconfig-2.8.0/fontconfig'
make[2]: Nothing to be done for `all'.
make[2]: Leaving directory `/usr/src/rpm/BUILD/fontconfig-2.8.0/fontconfig'
Making all in fc-case
make[2]: Entering directory `/usr/src/rpm/BUILD/fontconfig-2.8.0/fc-case'
touch fcalias.h fcaliastail.h
make  all-am
make[3]: Entering directory `/usr/src/rpm/BUILD/fontconfig-2.8.0/fc-case'
gcc -DHAVE_CONFIG_H -I. -I.. -I../src -I.. -Wall -Wpointer-arith -Wstrict-prototypes 	-Wmissing-prototypes -Wmissing-declarations 	-Wnested-externs -fno-strict-aliasing    -g -O2 -MT fc-case.o -MD -MP -MF .deps/fc-case.Tpo -c -o fc-case.o fc-case.c
mv -f .deps/fc-case.Tpo .deps/fc-case.Po
gcc  -g -O2   -o fc-case fc-case.o  
rm -f fccase.h; \
./fc-case ../fc-case/CaseFolding.txt < ../fc-case/fccase.tmpl.h > fccase.h.tmp && \
mv fccase.h.tmp fccase.h
make[3]: Leaving directory `/usr/src/rpm/BUILD/fontconfig-2.8.0/fc-case'
make[2]: Leaving directory `/usr/src/rpm/BUILD/fontconfig-2.8.0/fc-case'
Making all in fc-lang
make[2]: Entering directory `/usr/src/rpm/BUILD/fontconfig-2.8.0/fc-lang'
touch fcalias.h fcaliastail.h
gcc -DHAVE_CONFIG_H -I. -I.. -I../src -I.. -Wall -Wpointer-arith -Wstrict-prototypes 	-Wmissing-prototypes -Wmissing-declarations 	-Wnested-externs -fno-strict-aliasing    -g -O2 -MT fc-lang.o -MD -MP -MF .deps/fc-lang.Tpo -c -o fc-lang.o fc-lang.c
fc-lang.c: In function 'scan':
fc-lang.c:152:8: warning: assignment discards qualifiers from pointer target type
fc-lang.c:180:7: warning: assignment discards qualifiers from pointer target type
fc-lang.c: In function 'compare':
fc-lang.c:235:5: warning: pointer targets in passing argument 1 of 'FcStrCmpIgnoreCase' differ in signedness
../src/fcstr.c:212:1: note: expected 'const FcChar8 *' but argument is of type 'char * const'
fc-lang.c:235:5: warning: pointer targets in passing argument 2 of 'FcStrCmpIgnoreCase' differ in signedness
../src/fcstr.c:212:1: note: expected 'const FcChar8 *' but argument is of type 'char * const'
mv -f .deps/fc-lang.Tpo .deps/fc-lang.Po
gcc  -g -O2   -o fc-lang fc-lang.o  
rm -f fclang.h; \
./fc-lang -d . aa.orth ab.orth af.orth am.orth ar.orth as.orth ast.orth av.orth ay.orth az_az.orth az_ir.orth ba.orth bm.orth be.orth bg.orth bh.orth bho.orth bi.orth bin.orth bn.orth bo.orth br.orth bs.orth bua.orth ca.orth ce.orth ch.orth chm.orth chr.orth co.orth cs.orth cu.orth cv.orth cy.orth da.orth de.orth dz.orth el.orth en.orth eo.orth es.orth et.orth eu.orth fa.orth fi.orth fj.orth fo.orth fr.orth ff.orth fur.orth fy.orth ga.orth gd.orth gez.orth gl.orth gn.orth gu.orth gv.orth ha.orth haw.orth he.orth hi.orth ho.orth hr.orth hu.orth hy.orth ia.orth ig.orth id.orth ie.orth ik.orth io.orth is.orth it.orth iu.orth ja.orth ka.orth kaa.orth ki.orth kk.orth kl.orth km.orth kn.orth ko.orth kok.orth ks.orth ku_am.orth ku_ir.orth kum.orth kv.orth kw.orth ky.orth la.orth lb.orth lez.orth ln.orth lo.orth lt.orth lv.orth mg.orth mh.orth mi.orth mk.orth ml.orth mn_cn.orth mo.orth mr.orth mt.orth my.orth nb.orth nds.orth ne.orth nl.orth nn.orth no.orth nr.orth nso.orth ny.orth oc.orth om.orth or.orth os.orth pa.orth pl.orth ps_af.orth ps_pk.orth pt.orth rm.orth ro.orth ru.orth sa.orth sah.orth sco.orth se.orth sel.orth sh.orth shs.orth si.orth sk.orth sl.orth sm.orth sma.orth smj.orth smn.orth sms.orth so.orth sq.orth sr.orth ss.orth st.orth sv.orth sw.orth syr.orth ta.orth te.orth tg.orth th.orth ti_er.orth ti_et.orth tig.orth tk.orth tl.orth tn.orth to.orth tr.orth ts.orth tt.orth tw.orth tyv.orth ug.orth uk.orth ur.orth uz.orth ve.orth vi.orth vo.orth vot.orth wa.orth wen.orth wo.orth xh.orth yap.orth yi.orth yo.orth zh_cn.orth zh_hk.orth zh_mo.orth zh_sg.orth zh_tw.orth zu.orth ak.orth an.orth ber_dz.orth ber_ma.orth byn.orth crh.orth csb.orth dv.orth ee.orth fat.orth fil.orth hne.orth hsb.orth ht.orth hz.orth ii.orth jv.orth kab.orth kj.orth kr.orth ku_iq.orth ku_tr.orth kwm.orth lg.orth li.orth mai.orth mn_mn.orth ms.orth na.orth ng.orth nv.orth ota.orth pa_pk.orth pap_an.orth pap_aw.orth qu.orth rn.orth rw.orth sc.orth sd.orth sg.orth sid.orth sn.orth su.orth ty.orth wal.orth za.orth lah.orth < ../fc-lang/fclang.tmpl.h > fclang.h.tmp && \
mv fclang.h.tmp fclang.h
make  all-am
make[3]: Entering directory `/usr/src/rpm/BUILD/fontconfig-2.8.0/fc-lang'
make[3]: Nothing to be done for `all-am'.
make[3]: Leaving directory `/usr/src/rpm/BUILD/fontconfig-2.8.0/fc-lang'
make[2]: Leaving directory `/usr/src/rpm/BUILD/fontconfig-2.8.0/fc-lang'
Making all in fc-glyphname
make[2]: Entering directory `/usr/src/rpm/BUILD/fontconfig-2.8.0/fc-glyphname'
touch fcalias.h fcaliastail.h
gcc -DHAVE_CONFIG_H -I. -I.. -I../src -I.. -Wall -Wpointer-arith -Wstrict-prototypes 	-Wmissing-prototypes -Wmissing-declarations 	-Wnested-externs -fno-strict-aliasing    -g -O2 -MT fc-glyphname.o -MD -MP -MF .deps/fc-glyphname.Tpo -c -o fc-glyphname.o fc-glyphname.c
mv -f .deps/fc-glyphname.Tpo .deps/fc-glyphname.Po
gcc  -g -O2   -o fc-glyphname fc-glyphname.o  
rm -f fcglyphname.h; \
./fc-glyphname ../fc-glyphname/zapfdingbats.txt < ../fc-glyphname/fcglyphname.tmpl.h > fcglyphname.h.tmp && \
mv fcglyphname.h.tmp fcglyphname.h
make  all-am
make[3]: Entering directory `/usr/src/rpm/BUILD/fontconfig-2.8.0/fc-glyphname'
make[3]: Nothing to be done for `all-am'.
make[3]: Leaving directory `/usr/src/rpm/BUILD/fontconfig-2.8.0/fc-glyphname'
make[2]: Leaving directory `/usr/src/rpm/BUILD/fontconfig-2.8.0/fc-glyphname'
Making all in fc-arch
make[2]: Entering directory `/usr/src/rpm/BUILD/fontconfig-2.8.0/fc-arch'
touch fcalias.h fcaliastail.h
gcc -DHAVE_CONFIG_H -I. -I.. -I../src -I.. -Wall -Wpointer-arith -Wstrict-prototypes 	-Wmissing-prototypes -Wmissing-declarations 	-Wnested-externs -fno-strict-aliasing    -g -O2 -MT fc-arch.o -MD -MP -MF .deps/fc-arch.Tpo -c -o fc-arch.o fc-arch.c
mv -f .deps/fc-arch.Tpo .deps/fc-arch.Po
gcc  -g -O2   -o fc-arch fc-arch.o  
rm -f fcarch.h; \
./fc-arch auto < ../fc-arch/fcarch.tmpl.h > fcarch.h.tmp && \
mv fcarch.h.tmp fcarch.h
make  all-am
make[3]: Entering directory `/usr/src/rpm/BUILD/fontconfig-2.8.0/fc-arch'
make[3]: Nothing to be done for `all-am'.
make[3]: Leaving directory `/usr/src/rpm/BUILD/fontconfig-2.8.0/fc-arch'
make[2]: Leaving directory `/usr/src/rpm/BUILD/fontconfig-2.8.0/fc-arch'
Making all in src
make[2]: Entering directory `/usr/src/rpm/BUILD/fontconfig-2.8.0/src'
sh ../src/makealias "../src" fcalias.h fcaliastail.h ../fontconfig/fontconfig.h ../src/fcdeprecate.h ../fontconfig/fcprivate.h
sh ../src/makealias "../src" fcftalias.h fcftaliastail.h ../fontconfig/fcfreetype.h
make  all-am
make[3]: Entering directory `/usr/src/rpm/BUILD/fontconfig-2.8.0/src'
../doltcompile gcc -DHAVE_CONFIG_H -I. -I.. -I.. -I../src -I/usr/include/freetype2 -I/usr/include/libxml2    -Wall -Wpointer-arith -Wstrict-prototypes 	-Wmissing-prototypes -Wmissing-declarations 	-Wnested-externs -fno-strict-aliasing -DFC_CACHEDIR='"/var/cache/fontconfig"' -DFONTCONFIG_PATH='"/etc/fonts"'    -g -O2 -MT fcatomic.lo -MD -MP -MF .deps/fcatomic.Tpo -c -o fcatomic.lo fcatomic.c
mv -f .deps/fcatomic.Tpo .deps/fcatomic.Plo
../doltcompile gcc -DHAVE_CONFIG_H -I. -I.. -I.. -I../src -I/usr/include/freetype2 -I/usr/include/libxml2    -Wall -Wpointer-arith -Wstrict-prototypes 	-Wmissing-prototypes -Wmissing-declarations 	-Wnested-externs -fno-strict-aliasing -DFC_CACHEDIR='"/var/cache/fontconfig"' -DFONTCONFIG_PATH='"/etc/fonts"'    -g -O2 -MT fcblanks.lo -MD -MP -MF .deps/fcblanks.Tpo -c -o fcblanks.lo fcblanks.c
mv -f .deps/fcblanks.Tpo .deps/fcblanks.Plo
../doltcompile gcc -DHAVE_CONFIG_H -I. -I.. -I.. -I../src -I/usr/include/freetype2 -I/usr/include/libxml2    -Wall -Wpointer-arith -Wstrict-prototypes 	-Wmissing-prototypes -Wmissing-declarations 	-Wnested-externs -fno-strict-aliasing -DFC_CACHEDIR='"/var/cache/fontconfig"' -DFONTCONFIG_PATH='"/etc/fonts"'    -g -O2 -MT fccache.lo -MD -MP -MF .deps/fccache.Tpo -c -o fccache.lo fccache.c
fccache.c: In function 'FcDirCacheWrite':
fccache.c:943:2: warning: pointer targets in passing argument 1 of 'stat' differ in signedness
/usr/include/sys/stat.h:455:1: note: expected 'const char *' but argument is of type 'FcChar8 *'
mv -f .deps/fccache.Tpo .deps/fccache.Plo
../doltcompile gcc -DHAVE_CONFIG_H -I. -I.. -I.. -I../src -I/usr/include/freetype2 -I/usr/include/libxml2    -Wall -Wpointer-arith -Wstrict-prototypes 	-Wmissing-prototypes -Wmissing-declarations 	-Wnested-externs -fno-strict-aliasing -DFC_CACHEDIR='"/var/cache/fontconfig"' -DFONTCONFIG_PATH='"/etc/fonts"'    -g -O2 -MT fccfg.lo -MD -MP -MF .deps/fccfg.Tpo -c -o fccfg.lo fccfg.c
mv -f .deps/fccfg.Tpo .deps/fccfg.Plo
../doltcompile gcc -DHAVE_CONFIG_H -I. -I.. -I.. -I../src -I/usr/include/freetype2 -I/usr/include/libxml2    -Wall -Wpointer-arith -Wstrict-prototypes 	-Wmissing-prototypes -Wmissing-declarations 	-Wnested-externs -fno-strict-aliasing -DFC_CACHEDIR='"/var/cache/fontconfig"' -DFONTCONFIG_PATH='"/etc/fonts"'    -g -O2 -MT fccharset.lo -MD -MP -MF .deps/fccharset.Tpo -c -o fccharset.lo fccharset.c
mv -f .deps/fccharset.Tpo .deps/fccharset.Plo
../doltcompile gcc -DHAVE_CONFIG_H -I. -I.. -I.. -I../src -I/usr/include/freetype2 -I/usr/include/libxml2    -Wall -Wpointer-arith -Wstrict-prototypes 	-Wmissing-prototypes -Wmissing-declarations 	-Wnested-externs -fno-strict-aliasing -DFC_CACHEDIR='"/var/cache/fontconfig"' -DFONTCONFIG_PATH='"/etc/fonts"'    -g -O2 -MT fcdbg.lo -MD -MP -MF .deps/fcdbg.Tpo -c -o fcdbg.lo fcdbg.c
mv -f .deps/fcdbg.Tpo .deps/fcdbg.Plo
../doltcompile gcc -DHAVE_CONFIG_H -I. -I.. -I.. -I../src -I/usr/include/freetype2 -I/usr/include/libxml2    -Wall -Wpointer-arith -Wstrict-prototypes 	-Wmissing-prototypes -Wmissing-declarations 	-Wnested-externs -fno-strict-aliasing -DFC_CACHEDIR='"/var/cache/fontconfig"' -DFONTCONFIG_PATH='"/etc/fonts"'    -g -O2 -MT fcdefault.lo -MD -MP -MF .deps/fcdefault.Tpo -c -o fcdefault.lo fcdefault.c
mv -f .deps/fcdefault.Tpo .deps/fcdefault.Plo
../doltcompile gcc -DHAVE_CONFIG_H -I. -I.. -I.. -I../src -I/usr/include/freetype2 -I/usr/include/libxml2    -Wall -Wpointer-arith -Wstrict-prototypes 	-Wmissing-prototypes -Wmissing-declarations 	-Wnested-externs -fno-strict-aliasing -DFC_CACHEDIR='"/var/cache/fontconfig"' -DFONTCONFIG_PATH='"/etc/fonts"'    -g -O2 -MT fcdir.lo -MD -MP -MF .deps/fcdir.Tpo -c -o fcdir.lo fcdir.c
mv -f .deps/fcdir.Tpo .deps/fcdir.Plo
../doltcompile gcc -DHAVE_CONFIG_H -I. -I.. -I.. -I../src -I/usr/include/freetype2 -I/usr/include/libxml2    -Wall -Wpointer-arith -Wstrict-prototypes 	-Wmissing-prototypes -Wmissing-declarations 	-Wnested-externs -fno-strict-aliasing -DFC_CACHEDIR='"/var/cache/fontconfig"' -DFONTCONFIG_PATH='"/etc/fonts"'    -g -O2 -MT fcformat.lo -MD -MP -MF .deps/fcformat.Tpo -c -o fcformat.lo fcformat.c
mv -f .deps/fcformat.Tpo .deps/fcformat.Plo
../doltcompile gcc -DHAVE_CONFIG_H -I. -I.. -I.. -I../src -I/usr/include/freetype2 -I/usr/include/libxml2    -Wall -Wpointer-arith -Wstrict-prototypes 	-Wmissing-prototypes -Wmissing-declarations 	-Wnested-externs -fno-strict-aliasing -DFC_CACHEDIR='"/var/cache/fontconfig"' -DFONTCONFIG_PATH='"/etc/fonts"'    -g -O2 -MT fcfreetype.lo -MD -MP -MF .deps/fcfreetype.Tpo -c -o fcfreetype.lo fcfreetype.c
mv -f .deps/fcfreetype.Tpo .deps/fcfreetype.Plo
../doltcompile gcc -DHAVE_CONFIG_H -I. -I.. -I.. -I../src -I/usr/include/freetype2 -I/usr/include/libxml2    -Wall -Wpointer-arith -Wstrict-prototypes 	-Wmissing-prototypes -Wmissing-declarations 	-Wnested-externs -fno-strict-aliasing -DFC_CACHEDIR='"/var/cache/fontconfig"' -DFONTCONFIG_PATH='"/etc/fonts"'    -g -O2 -MT fcfs.lo -MD -MP -MF .deps/fcfs.Tpo -c -o fcfs.lo fcfs.c
mv -f .deps/fcfs.Tpo .deps/fcfs.Plo
../doltcompile gcc -DHAVE_CONFIG_H -I. -I.. -I.. -I../src -I/usr/include/freetype2 -I/usr/include/libxml2    -Wall -Wpointer-arith -Wstrict-prototypes 	-Wmissing-prototypes -Wmissing-declarations 	-Wnested-externs -fno-strict-aliasing -DFC_CACHEDIR='"/var/cache/fontconfig"' -DFONTCONFIG_PATH='"/etc/fonts"'    -g -O2 -MT fcinit.lo -MD -MP -MF .deps/fcinit.Tpo -c -o fcinit.lo fcinit.c
mv -f .deps/fcinit.Tpo .deps/fcinit.Plo
../doltcompile gcc -DHAVE_CONFIG_H -I. -I.. -I.. -I../src -I/usr/include/freetype2 -I/usr/include/libxml2    -Wall -Wpointer-arith -Wstrict-prototypes 	-Wmissing-prototypes -Wmissing-declarations 	-Wnested-externs -fno-strict-aliasing -DFC_CACHEDIR='"/var/cache/fontconfig"' -DFONTCONFIG_PATH='"/etc/fonts"'    -g -O2 -MT fclang.lo -MD -MP -MF .deps/fclang.Tpo -c -o fclang.lo fclang.c
mv -f .deps/fclang.Tpo .deps/fclang.Plo
../doltcompile gcc -DHAVE_CONFIG_H -I. -I.. -I.. -I../src -I/usr/include/freetype2 -I/usr/include/libxml2    -Wall -Wpointer-arith -Wstrict-prototypes 	-Wmissing-prototypes -Wmissing-declarations 	-Wnested-externs -fno-strict-aliasing -DFC_CACHEDIR='"/var/cache/fontconfig"' -DFONTCONFIG_PATH='"/etc/fonts"'    -g -O2 -MT fclist.lo -MD -MP -MF .deps/fclist.Tpo -c -o fclist.lo fclist.c
mv -f .deps/fclist.Tpo .deps/fclist.Plo
../doltcompile gcc -DHAVE_CONFIG_H -I. -I.. -I.. -I../src -I/usr/include/freetype2 -I/usr/include/libxml2    -Wall -Wpointer-arith -Wstrict-prototypes 	-Wmissing-prototypes -Wmissing-declarations 	-Wnested-externs -fno-strict-aliasing -DFC_CACHEDIR='"/var/cache/fontconfig"' -DFONTCONFIG_PATH='"/etc/fonts"'    -g -O2 -MT fcmatch.lo -MD -MP -MF .deps/fcmatch.Tpo -c -o fcmatch.lo fcmatch.c
mv -f .deps/fcmatch.Tpo .deps/fcmatch.Plo
../doltcompile gcc -DHAVE_CONFIG_H -I. -I.. -I.. -I../src -I/usr/include/freetype2 -I/usr/include/libxml2    -Wall -Wpointer-arith -Wstrict-prototypes 	-Wmissing-prototypes -Wmissing-declarations 	-Wnested-externs -fno-strict-aliasing -DFC_CACHEDIR='"/var/cache/fontconfig"' -DFONTCONFIG_PATH='"/etc/fonts"'    -g -O2 -MT fcmatrix.lo -MD -MP -MF .deps/fcmatrix.Tpo -c -o fcmatrix.lo fcmatrix.c
mv -f .deps/fcmatrix.Tpo .deps/fcmatrix.Plo
../doltcompile gcc -DHAVE_CONFIG_H -I. -I.. -I.. -I../src -I/usr/include/freetype2 -I/usr/include/libxml2    -Wall -Wpointer-arith -Wstrict-prototypes 	-Wmissing-prototypes -Wmissing-declarations 	-Wnested-externs -fno-strict-aliasing -DFC_CACHEDIR='"/var/cache/fontconfig"' -DFONTCONFIG_PATH='"/etc/fonts"'    -g -O2 -MT fcname.lo -MD -MP -MF .deps/fcname.Tpo -c -o fcname.lo fcname.c
fcname.c: In function 'FcObjectValidType':
fcname.c:299:2: warning: case value '4294967295' not in enumerated type 'FcType'
mv -f .deps/fcname.Tpo .deps/fcname.Plo
../doltcompile gcc -DHAVE_CONFIG_H -I. -I.. -I.. -I../src -I/usr/include/freetype2 -I/usr/include/libxml2    -Wall -Wpointer-arith -Wstrict-prototypes 	-Wmissing-prototypes -Wmissing-declarations 	-Wnested-externs -fno-strict-aliasing -DFC_CACHEDIR='"/var/cache/fontconfig"' -DFONTCONFIG_PATH='"/etc/fonts"'    -g -O2 -MT fcpat.lo -MD -MP -MF .deps/fcpat.Tpo -c -o fcpat.lo fcpat.c
mv -f .deps/fcpat.Tpo .deps/fcpat.Plo
../doltcompile gcc -DHAVE_CONFIG_H -I. -I.. -I.. -I../src -I/usr/include/freetype2 -I/usr/include/libxml2    -Wall -Wpointer-arith -Wstrict-prototypes 	-Wmissing-prototypes -Wmissing-declarations 	-Wnested-externs -fno-strict-aliasing -DFC_CACHEDIR='"/var/cache/fontconfig"' -DFONTCONFIG_PATH='"/etc/fonts"'    -g -O2 -MT fcserialize.lo -MD -MP -MF .deps/fcserialize.Tpo -c -o fcserialize.lo fcserialize.c
mv -f .deps/fcserialize.Tpo .deps/fcserialize.Plo
../doltcompile gcc -DHAVE_CONFIG_H -I. -I.. -I.. -I../src -I/usr/include/freetype2 -I/usr/include/libxml2    -Wall -Wpointer-arith -Wstrict-prototypes 	-Wmissing-prototypes -Wmissing-declarations 	-Wnested-externs -fno-strict-aliasing -DFC_CACHEDIR='"/var/cache/fontconfig"' -DFONTCONFIG_PATH='"/etc/fonts"'    -g -O2 -MT fcstr.lo -MD -MP -MF .deps/fcstr.Tpo -c -o fcstr.lo fcstr.c
mv -f .deps/fcstr.Tpo .deps/fcstr.Plo
../doltcompile gcc -DHAVE_CONFIG_H -I. -I.. -I.. -I../src -I/usr/include/freetype2 -I/usr/include/libxml2    -Wall -Wpointer-arith -Wstrict-prototypes 	-Wmissing-prototypes -Wmissing-declarations 	-Wnested-externs -fno-strict-aliasing -DFC_CACHEDIR='"/var/cache/fontconfig"' -DFONTCONFIG_PATH='"/etc/fonts"'    -g -O2 -MT fcxml.lo -MD -MP -MF .deps/fcxml.Tpo -c -o fcxml.lo fcxml.c
fcxml.c: In function 'FcExprCreateString':
fcxml.c:107:12: warning: assignment discards qualifiers from pointer target type
fcxml.c: In function 'FcExprCreateConst':
fcxml.c:155:16: warning: assignment discards qualifiers from pointer target type
mv -f .deps/fcxml.Tpo .deps/fcxml.Plo
../doltcompile gcc -DHAVE_CONFIG_H -I. -I.. -I.. -I../src -I/usr/include/freetype2 -I/usr/include/libxml2    -Wall -Wpointer-arith -Wstrict-prototypes 	-Wmissing-prototypes -Wmissing-declarations 	-Wnested-externs -fno-strict-aliasing -DFC_CACHEDIR='"/var/cache/fontconfig"' -DFONTCONFIG_PATH='"/etc/fonts"'    -g -O2 -MT ftglue.lo -MD -MP -MF .deps/ftglue.Tpo -c -o ftglue.lo ftglue.c
mv -f .deps/ftglue.Tpo .deps/ftglue.Plo
/bin/sh ../libtool  --tag=CC   --mode=link gcc  -g -O2 -version-info 5:4:4 -no-undefined   -o libfontconfig.la -rpath /usr/lib64 fcatomic.lo fcblanks.lo fccache.lo fccfg.lo fccharset.lo fcdbg.lo fcdefault.lo fcdir.lo fcformat.lo fcfreetype.lo fcfs.lo fcinit.lo fclang.lo fclist.lo fcmatch.lo fcmatrix.lo fcname.lo fcpat.lo fcserialize.lo fcstr.lo fcxml.lo ftglue.lo  -lfreetype -L/usr/lib64 -lxml2    
libtool: link: gcc -shared  .libs/fcatomic.o .libs/fcblanks.o .libs/fccache.o .libs/fccfg.o .libs/fccharset.o .libs/fcdbg.o .libs/fcdefault.o .libs/fcdir.o .libs/fcformat.o .libs/fcfreetype.o .libs/fcfs.o .libs/fcinit.o .libs/fclang.o .libs/fclist.o .libs/fcmatch.o .libs/fcmatrix.o .libs/fcname.o .libs/fcpat.o .libs/fcserialize.o .libs/fcstr.o .libs/fcxml.o .libs/ftglue.o   /usr/lib64/libfreetype.so -L/usr/lib64 /usr/lib64/libxml2.so -ldl -lm    -Wl,-soname -Wl,libfontconfig.so.1 -o .libs/libfontconfig.so.1.4.4
libtool: link: (cd ".libs" && rm -f "libfontconfig.so.1" && ln -s "libfontconfig.so.1.4.4" "libfontconfig.so.1")
libtool: link: (cd ".libs" && rm -f "libfontconfig.so" && ln -s "libfontconfig.so.1.4.4" "libfontconfig.so")
libtool: link: ar cru .libs/libfontconfig.a  fcatomic.o fcblanks.o fccache.o fccfg.o fccharset.o fcdbg.o fcdefault.o fcdir.o fcformat.o fcfreetype.o fcfs.o fcinit.o fclang.o fclist.o fcmatch.o fcmatrix.o fcname.o fcpat.o fcserialize.o fcstr.o fcxml.o ftglue.o
libtool: link: ranlib .libs/libfontconfig.a
libtool: link: ( cd ".libs" && rm -f "libfontconfig.la" && ln -s "../libfontconfig.la" "libfontconfig.la" )
make[3]: Leaving directory `/usr/src/rpm/BUILD/fontconfig-2.8.0/src'
make[2]: Leaving directory `/usr/src/rpm/BUILD/fontconfig-2.8.0/src'
Making all in fc-cache
make[2]: Entering directory `/usr/src/rpm/BUILD/fontconfig-2.8.0/fc-cache'
gcc -DHAVE_CONFIG_H -I. -I.. -I.. -I../src -Wall -Wpointer-arith -Wstrict-prototypes 	-Wmissing-prototypes -Wmissing-declarations 	-Wnested-externs -fno-strict-aliasing    -g -O2 -MT fc-cache.o -MD -MP -MF .deps/fc-cache.Tpo -c -o fc-cache.o fc-cache.c
mv -f .deps/fc-cache.Tpo .deps/fc-cache.Po
/bin/sh ../libtool  --tag=CC   --mode=link gcc  -g -O2   -o fc-cache fc-cache.o ../src/libfontconfig.la 
libtool: link: gcc -g -O2 -o .libs/fc-cache fc-cache.o  ../src/.libs/libfontconfig.so -L/usr/lib64 /usr/lib64/libfreetype.so /usr/lib64/libxml2.so -ldl -lm
make[2]: Leaving directory `/usr/src/rpm/BUILD/fontconfig-2.8.0/fc-cache'
Making all in fc-cat
make[2]: Entering directory `/usr/src/rpm/BUILD/fontconfig-2.8.0/fc-cat'
gcc -DHAVE_CONFIG_H -I. -I.. -I.. -Wall -Wpointer-arith -Wstrict-prototypes 	-Wmissing-prototypes -Wmissing-declarations 	-Wnested-externs -fno-strict-aliasing    -g -O2 -MT fc-cat.o -MD -MP -MF .deps/fc-cat.Tpo -c -o fc-cat.o fc-cat.c
mv -f .deps/fc-cat.Tpo .deps/fc-cat.Po
/bin/sh ../libtool  --tag=CC   --mode=link gcc  -g -O2   -o fc-cat fc-cat.o ../src/libfontconfig.la 
libtool: link: gcc -g -O2 -o .libs/fc-cat fc-cat.o  ../src/.libs/libfontconfig.so -L/usr/lib64 /usr/lib64/libfreetype.so /usr/lib64/libxml2.so -ldl -lm
make[2]: Leaving directory `/usr/src/rpm/BUILD/fontconfig-2.8.0/fc-cat'
Making all in fc-list
make[2]: Entering directory `/usr/src/rpm/BUILD/fontconfig-2.8.0/fc-list'
gcc -DHAVE_CONFIG_H -I. -I.. -I.. -Wall -Wpointer-arith -Wstrict-prototypes 	-Wmissing-prototypes -Wmissing-declarations 	-Wnested-externs -fno-strict-aliasing    -g -O2 -MT fc-list.o -MD -MP -MF .deps/fc-list.Tpo -c -o fc-list.o fc-list.c
mv -f .deps/fc-list.Tpo .deps/fc-list.Po
/bin/sh ../libtool  --tag=CC   --mode=link gcc  -g -O2   -o fc-list fc-list.o ../src/libfontconfig.la 
libtool: link: gcc -g -O2 -o .libs/fc-list fc-list.o  ../src/.libs/libfontconfig.so -L/usr/lib64 /usr/lib64/libfreetype.so /usr/lib64/libxml2.so -ldl -lm
make[2]: Leaving directory `/usr/src/rpm/BUILD/fontconfig-2.8.0/fc-list'
Making all in fc-match
make[2]: Entering directory `/usr/src/rpm/BUILD/fontconfig-2.8.0/fc-match'
gcc -DHAVE_CONFIG_H -I. -I.. -I.. -Wall -Wpointer-arith -Wstrict-prototypes 	-Wmissing-prototypes -Wmissing-declarations 	-Wnested-externs -fno-strict-aliasing    -g -O2 -MT fc-match.o -MD -MP -MF .deps/fc-match.Tpo -c -o fc-match.o fc-match.c
mv -f .deps/fc-match.Tpo .deps/fc-match.Po
/bin/sh ../libtool  --tag=CC   --mode=link gcc  -g -O2   -o fc-match fc-match.o ../src/libfontconfig.la 
libtool: link: gcc -g -O2 -o .libs/fc-match fc-match.o  ../src/.libs/libfontconfig.so -L/usr/lib64 /usr/lib64/libfreetype.so /usr/lib64/libxml2.so -ldl -lm
make[2]: Leaving directory `/usr/src/rpm/BUILD/fontconfig-2.8.0/fc-match'
Making all in fc-query
make[2]: Entering directory `/usr/src/rpm/BUILD/fontconfig-2.8.0/fc-query'
gcc -DHAVE_CONFIG_H -I. -I.. -I.. -I/usr/include/freetype2 -Wall -Wpointer-arith -Wstrict-prototypes 	-Wmissing-prototypes -Wmissing-declarations 	-Wnested-externs -fno-strict-aliasing    -g -O2 -MT fc-query.o -MD -MP -MF .deps/fc-query.Tpo -c -o fc-query.o fc-query.c
mv -f .deps/fc-query.Tpo .deps/fc-query.Po
/bin/sh ../libtool  --tag=CC   --mode=link gcc  -g -O2   -o fc-query fc-query.o ../src/libfontconfig.la 
libtool: link: gcc -g -O2 -o .libs/fc-query fc-query.o  ../src/.libs/libfontconfig.so -L/usr/lib64 /usr/lib64/libfreetype.so /usr/lib64/libxml2.so -ldl -lm
make[2]: Leaving directory `/usr/src/rpm/BUILD/fontconfig-2.8.0/fc-query'
Making all in fc-scan
make[2]: Entering directory `/usr/src/rpm/BUILD/fontconfig-2.8.0/fc-scan'
gcc -DHAVE_CONFIG_H -I. -I.. -I.. -I/usr/include/freetype2 -Wall -Wpointer-arith -Wstrict-prototypes 	-Wmissing-prototypes -Wmissing-declarations 	-Wnested-externs -fno-strict-aliasing    -g -O2 -MT fc-scan.o -MD -MP -MF .deps/fc-scan.Tpo -c -o fc-scan.o fc-scan.c
mv -f .deps/fc-scan.Tpo .deps/fc-scan.Po
/bin/sh ../libtool  --tag=CC   --mode=link gcc  -g -O2   -o fc-scan fc-scan.o ../src/libfontconfig.la 
libtool: link: gcc -g -O2 -o .libs/fc-scan fc-scan.o  ../src/.libs/libfontconfig.so -L/usr/lib64 /usr/lib64/libfreetype.so /usr/lib64/libxml2.so -ldl -lm
make[2]: Leaving directory `/usr/src/rpm/BUILD/fontconfig-2.8.0/fc-scan'
Making all in conf.d
make[2]: Entering directory `/usr/src/rpm/BUILD/fontconfig-2.8.0/conf.d'
make[2]: Nothing to be done for `all'.
make[2]: Leaving directory `/usr/src/rpm/BUILD/fontconfig-2.8.0/conf.d'
Making all in doc
make[2]: Entering directory `/usr/src/rpm/BUILD/fontconfig-2.8.0/doc'
gcc -DHAVE_CONFIG_H -I. -I..     -g -O2 -MT edit-sgml.o -MD -MP -MF .deps/edit-sgml.Tpo -c -o edit-sgml.o edit-sgml.c
mv -f .deps/edit-sgml.Tpo .deps/edit-sgml.Po
gcc  -g -O2   -o edit-sgml edit-sgml.o  
make[2]: Leaving directory `/usr/src/rpm/BUILD/fontconfig-2.8.0/doc'
Making all in test
make[2]: Entering directory `/usr/src/rpm/BUILD/fontconfig-2.8.0/test'
make[2]: Nothing to be done for `all'.
make[2]: Leaving directory `/usr/src/rpm/BUILD/fontconfig-2.8.0/test'
make[2]: Entering directory `/usr/src/rpm/BUILD/fontconfig-2.8.0'
make[2]: Leaving directory `/usr/src/rpm/BUILD/fontconfig-2.8.0'
make[1]: Leaving directory `/usr/src/rpm/BUILD/fontconfig-2.8.0'
+ exit 0
Executing(%install): /bin/sh -e /var/tmp/rpm-tmp.15137
+ umask 022
+ cd /usr/src/rpm/BUILD
+ /bin/rm -rf /var/tmp/fontconfig-root
+ /bin/mkdir -p /var/tmp/fontconfig-root
+ cd fontconfig-2.8.0
+ make DESTDIR=/var/tmp/fontconfig-root install
Making install in fontconfig
make[1]: Entering directory `/usr/src/rpm/BUILD/fontconfig-2.8.0/fontconfig'
make[2]: Entering directory `/usr/src/rpm/BUILD/fontconfig-2.8.0/fontconfig'
make[2]: Nothing to be done for `install-exec-am'.
test -z "/usr/include/fontconfig" || /bin/mkdir -p "/var/tmp/fontconfig-root/usr/include/fontconfig"
 /usr/bin/install -c -m 644 fontconfig.h fcfreetype.h fcprivate.h '/var/tmp/fontconfig-root/usr/include/fontconfig'
make[2]: Leaving directory `/usr/src/rpm/BUILD/fontconfig-2.8.0/fontconfig'
make[1]: Leaving directory `/usr/src/rpm/BUILD/fontconfig-2.8.0/fontconfig'
Making install in fc-case
make[1]: Entering directory `/usr/src/rpm/BUILD/fontconfig-2.8.0/fc-case'
make  install-am
make[2]: Entering directory `/usr/src/rpm/BUILD/fontconfig-2.8.0/fc-case'
make[3]: Entering directory `/usr/src/rpm/BUILD/fontconfig-2.8.0/fc-case'
make[3]: Nothing to be done for `install-exec-am'.
make[3]: Nothing to be done for `install-data-am'.
make[3]: Leaving directory `/usr/src/rpm/BUILD/fontconfig-2.8.0/fc-case'
make[2]: Leaving directory `/usr/src/rpm/BUILD/fontconfig-2.8.0/fc-case'
make[1]: Leaving directory `/usr/src/rpm/BUILD/fontconfig-2.8.0/fc-case'
Making install in fc-lang
make[1]: Entering directory `/usr/src/rpm/BUILD/fontconfig-2.8.0/fc-lang'
make  install-am
make[2]: Entering directory `/usr/src/rpm/BUILD/fontconfig-2.8.0/fc-lang'
make[3]: Entering directory `/usr/src/rpm/BUILD/fontconfig-2.8.0/fc-lang'
make[3]: Nothing to be done for `install-exec-am'.
make[3]: Nothing to be done for `install-data-am'.
make[3]: Leaving directory `/usr/src/rpm/BUILD/fontconfig-2.8.0/fc-lang'
make[2]: Leaving directory `/usr/src/rpm/BUILD/fontconfig-2.8.0/fc-lang'
make[1]: Leaving directory `/usr/src/rpm/BUILD/fontconfig-2.8.0/fc-lang'
Making install in fc-glyphname
make[1]: Entering directory `/usr/src/rpm/BUILD/fontconfig-2.8.0/fc-glyphname'
make  install-am
make[2]: Entering directory `/usr/src/rpm/BUILD/fontconfig-2.8.0/fc-glyphname'
make[3]: Entering directory `/usr/src/rpm/BUILD/fontconfig-2.8.0/fc-glyphname'
make[3]: Nothing to be done for `install-exec-am'.
make[3]: Nothing to be done for `install-data-am'.
make[3]: Leaving directory `/usr/src/rpm/BUILD/fontconfig-2.8.0/fc-glyphname'
make[2]: Leaving directory `/usr/src/rpm/BUILD/fontconfig-2.8.0/fc-glyphname'
make[1]: Leaving directory `/usr/src/rpm/BUILD/fontconfig-2.8.0/fc-glyphname'
Making install in fc-arch
make[1]: Entering directory `/usr/src/rpm/BUILD/fontconfig-2.8.0/fc-arch'
make  install-am
make[2]: Entering directory `/usr/src/rpm/BUILD/fontconfig-2.8.0/fc-arch'
make[3]: Entering directory `/usr/src/rpm/BUILD/fontconfig-2.8.0/fc-arch'
make[3]: Nothing to be done for `install-exec-am'.
make[3]: Nothing to be done for `install-data-am'.
make[3]: Leaving directory `/usr/src/rpm/BUILD/fontconfig-2.8.0/fc-arch'
make[2]: Leaving directory `/usr/src/rpm/BUILD/fontconfig-2.8.0/fc-arch'
make[1]: Leaving directory `/usr/src/rpm/BUILD/fontconfig-2.8.0/fc-arch'
Making install in src
make[1]: Entering directory `/usr/src/rpm/BUILD/fontconfig-2.8.0/src'
make  install-am
make[2]: Entering directory `/usr/src/rpm/BUILD/fontconfig-2.8.0/src'
make[3]: Entering directory `/usr/src/rpm/BUILD/fontconfig-2.8.0/src'
test -z "/usr/lib64" || /bin/mkdir -p "/var/tmp/fontconfig-root/usr/lib64"
 /bin/sh ../libtool   --mode=install /usr/bin/install -c   libfontconfig.la '/var/tmp/fontconfig-root/usr/lib64'
libtool: install: /usr/bin/install -c .libs/libfontconfig.so.1.4.4 /var/tmp/fontconfig-root/usr/lib64/libfontconfig.so.1.4.4
libtool: install: (cd /var/tmp/fontconfig-root/usr/lib64 && { ln -s -f libfontconfig.so.1.4.4 libfontconfig.so.1 || { rm -f libfontconfig.so.1 && ln -s libfontconfig.so.1.4.4 libfontconfig.so.1; }; })
libtool: install: (cd /var/tmp/fontconfig-root/usr/lib64 && { ln -s -f libfontconfig.so.1.4.4 libfontconfig.so || { rm -f libfontconfig.so && ln -s libfontconfig.so.1.4.4 libfontconfig.so; }; })
libtool: install: /usr/bin/install -c .libs/libfontconfig.lai /var/tmp/fontconfig-root/usr/lib64/libfontconfig.la
libtool: install: /usr/bin/install -c .libs/libfontconfig.a /var/tmp/fontconfig-root/usr/lib64/libfontconfig.a
libtool: install: chmod 644 /var/tmp/fontconfig-root/usr/lib64/libfontconfig.a
libtool: install: ranlib /var/tmp/fontconfig-root/usr/lib64/libfontconfig.a
libtool: install: warning: remember to run `libtool --finish /usr/lib64'
make[3]: Nothing to be done for `install-data-am'.
make[3]: Leaving directory `/usr/src/rpm/BUILD/fontconfig-2.8.0/src'
make[2]: Leaving directory `/usr/src/rpm/BUILD/fontconfig-2.8.0/src'
make[1]: Leaving directory `/usr/src/rpm/BUILD/fontconfig-2.8.0/src'
Making install in fc-cache
make[1]: Entering directory `/usr/src/rpm/BUILD/fontconfig-2.8.0/fc-cache'
make[2]: Entering directory `/usr/src/rpm/BUILD/fontconfig-2.8.0/fc-cache'
test -z "/usr/bin" || /bin/mkdir -p "/var/tmp/fontconfig-root/usr/bin"
  /bin/sh ../libtool   --mode=install /usr/bin/install -c fc-cache '/var/tmp/fontconfig-root/usr/bin'
libtool: install: warning: `../src/libfontconfig.la' has not been installed in `/usr/lib64'
libtool: install: /usr/bin/install -c .libs/fc-cache /var/tmp/fontconfig-root/usr/bin/fc-cache
/bin/sh /usr/src/rpm/BUILD/fontconfig-2.8.0/install-sh -d "/var/tmp/fontconfig-root/var/cache/fontconfig"
test -z "/usr/share/man/man1" || /bin/mkdir -p "/var/tmp/fontconfig-root/usr/share/man/man1"
 /usr/bin/install -c -m 644 fc-cache.1 '/var/tmp/fontconfig-root/usr/share/man/man1'
make[2]: Leaving directory `/usr/src/rpm/BUILD/fontconfig-2.8.0/fc-cache'
make[1]: Leaving directory `/usr/src/rpm/BUILD/fontconfig-2.8.0/fc-cache'
Making install in fc-cat
make[1]: Entering directory `/usr/src/rpm/BUILD/fontconfig-2.8.0/fc-cat'
make[2]: Entering directory `/usr/src/rpm/BUILD/fontconfig-2.8.0/fc-cat'
test -z "/usr/bin" || /bin/mkdir -p "/var/tmp/fontconfig-root/usr/bin"
  /bin/sh ../libtool   --mode=install /usr/bin/install -c fc-cat '/var/tmp/fontconfig-root/usr/bin'
libtool: install: warning: `../src/libfontconfig.la' has not been installed in `/usr/lib64'
libtool: install: /usr/bin/install -c .libs/fc-cat /var/tmp/fontconfig-root/usr/bin/fc-cat
test -z "/usr/share/man/man1" || /bin/mkdir -p "/var/tmp/fontconfig-root/usr/share/man/man1"
 /usr/bin/install -c -m 644 fc-cat.1 '/var/tmp/fontconfig-root/usr/share/man/man1'
make[2]: Leaving directory `/usr/src/rpm/BUILD/fontconfig-2.8.0/fc-cat'
make[1]: Leaving directory `/usr/src/rpm/BUILD/fontconfig-2.8.0/fc-cat'
Making install in fc-list
make[1]: Entering directory `/usr/src/rpm/BUILD/fontconfig-2.8.0/fc-list'
make[2]: Entering directory `/usr/src/rpm/BUILD/fontconfig-2.8.0/fc-list'
test -z "/usr/bin" || /bin/mkdir -p "/var/tmp/fontconfig-root/usr/bin"
  /bin/sh ../libtool   --mode=install /usr/bin/install -c fc-list '/var/tmp/fontconfig-root/usr/bin'
libtool: install: warning: `../src/libfontconfig.la' has not been installed in `/usr/lib64'
libtool: install: /usr/bin/install -c .libs/fc-list /var/tmp/fontconfig-root/usr/bin/fc-list
test -z "/usr/share/man/man1" || /bin/mkdir -p "/var/tmp/fontconfig-root/usr/share/man/man1"
 /usr/bin/install -c -m 644 fc-list.1 '/var/tmp/fontconfig-root/usr/share/man/man1'
make[2]: Leaving directory `/usr/src/rpm/BUILD/fontconfig-2.8.0/fc-list'
make[1]: Leaving directory `/usr/src/rpm/BUILD/fontconfig-2.8.0/fc-list'
Making install in fc-match
make[1]: Entering directory `/usr/src/rpm/BUILD/fontconfig-2.8.0/fc-match'
make[2]: Entering directory `/usr/src/rpm/BUILD/fontconfig-2.8.0/fc-match'
test -z "/usr/bin" || /bin/mkdir -p "/var/tmp/fontconfig-root/usr/bin"
  /bin/sh ../libtool   --mode=install /usr/bin/install -c fc-match '/var/tmp/fontconfig-root/usr/bin'
libtool: install: warning: `../src/libfontconfig.la' has not been installed in `/usr/lib64'
libtool: install: /usr/bin/install -c .libs/fc-match /var/tmp/fontconfig-root/usr/bin/fc-match
test -z "/usr/share/man/man1" || /bin/mkdir -p "/var/tmp/fontconfig-root/usr/share/man/man1"
 /usr/bin/install -c -m 644 fc-match.1 '/var/tmp/fontconfig-root/usr/share/man/man1'
make[2]: Leaving directory `/usr/src/rpm/BUILD/fontconfig-2.8.0/fc-match'
make[1]: Leaving directory `/usr/src/rpm/BUILD/fontconfig-2.8.0/fc-match'
Making install in fc-query
make[1]: Entering directory `/usr/src/rpm/BUILD/fontconfig-2.8.0/fc-query'
make[2]: Entering directory `/usr/src/rpm/BUILD/fontconfig-2.8.0/fc-query'
test -z "/usr/bin" || /bin/mkdir -p "/var/tmp/fontconfig-root/usr/bin"
  /bin/sh ../libtool   --mode=install /usr/bin/install -c fc-query '/var/tmp/fontconfig-root/usr/bin'
libtool: install: warning: `../src/libfontconfig.la' has not been installed in `/usr/lib64'
libtool: install: /usr/bin/install -c .libs/fc-query /var/tmp/fontconfig-root/usr/bin/fc-query
test -z "/usr/share/man/man1" || /bin/mkdir -p "/var/tmp/fontconfig-root/usr/share/man/man1"
 /usr/bin/install -c -m 644 fc-query.1 '/var/tmp/fontconfig-root/usr/share/man/man1'
make[2]: Leaving directory `/usr/src/rpm/BUILD/fontconfig-2.8.0/fc-query'
make[1]: Leaving directory `/usr/src/rpm/BUILD/fontconfig-2.8.0/fc-query'
Making install in fc-scan
make[1]: Entering directory `/usr/src/rpm/BUILD/fontconfig-2.8.0/fc-scan'
make[2]: Entering directory `/usr/src/rpm/BUILD/fontconfig-2.8.0/fc-scan'
test -z "/usr/bin" || /bin/mkdir -p "/var/tmp/fontconfig-root/usr/bin"
  /bin/sh ../libtool   --mode=install /usr/bin/install -c fc-scan '/var/tmp/fontconfig-root/usr/bin'
libtool: install: warning: `../src/libfontconfig.la' has not been installed in `/usr/lib64'
libtool: install: /usr/bin/install -c .libs/fc-scan /var/tmp/fontconfig-root/usr/bin/fc-scan
test -z "/usr/share/man/man1" || /bin/mkdir -p "/var/tmp/fontconfig-root/usr/share/man/man1"
 /usr/bin/install -c -m 644 fc-scan.1 '/var/tmp/fontconfig-root/usr/share/man/man1'
make[2]: Leaving directory `/usr/src/rpm/BUILD/fontconfig-2.8.0/fc-scan'
make[1]: Leaving directory `/usr/src/rpm/BUILD/fontconfig-2.8.0/fc-scan'
Making install in conf.d
make[1]: Entering directory `/usr/src/rpm/BUILD/fontconfig-2.8.0/conf.d'
make[2]: Entering directory `/usr/src/rpm/BUILD/fontconfig-2.8.0/conf.d'
make[2]: Nothing to be done for `install-exec-am'.
test -z "/etc/fonts/conf.avail" || /bin/mkdir -p "/var/tmp/fontconfig-root/etc/fonts/conf.avail"
 /usr/bin/install -c -m 644 10-autohint.conf 10-no-sub-pixel.conf 10-sub-pixel-bgr.conf 10-sub-pixel-rgb.conf 10-sub-pixel-vbgr.conf 10-sub-pixel-vrgb.conf 10-unhinted.conf 20-fix-globaladvance.conf 20-unhint-small-vera.conf 25-unhint-nonlatin.conf 30-urw-aliases.conf 30-metric-aliases.conf 40-nonlatin.conf 45-latin.conf 49-sansserif.conf 50-user.conf 51-local.conf 60-latin.conf 65-fonts-persian.conf 65-khmer.conf 65-nonlatin.conf 69-unifont.conf 70-no-bitmaps.conf 70-yes-bitmaps.conf 80-delicious.conf 90-synthetic.conf '/var/tmp/fontconfig-root/etc/fonts/conf.avail'
test -z "/etc/fonts/conf.d" || /bin/mkdir -p "/var/tmp/fontconfig-root/etc/fonts/conf.d"
 /usr/bin/install -c -m 644 README '/var/tmp/fontconfig-root/etc/fonts/conf.d'
mkdir -p /var/tmp/fontconfig-root/etc/fonts/conf.d
cd /var/tmp/fontconfig-root/etc/fonts/conf.d
rm -f 20-fix-globaladvance.conf; ln -s ../conf.avail/20-fix-globaladvance.conf .
rm -f 20-unhint-small-vera.conf; ln -s ../conf.avail/20-unhint-small-vera.conf .
rm -f 30-urw-aliases.conf; ln -s ../conf.avail/30-urw-aliases.conf .
rm -f 30-metric-aliases.conf; ln -s ../conf.avail/30-metric-aliases.conf .
rm -f 40-nonlatin.conf; ln -s ../conf.avail/40-nonlatin.conf .
rm -f 45-latin.conf; ln -s ../conf.avail/45-latin.conf .
rm -f 49-sansserif.conf; ln -s ../conf.avail/49-sansserif.conf .
rm -f 50-user.conf; ln -s ../conf.avail/50-user.conf .
rm -f 51-local.conf; ln -s ../conf.avail/51-local.conf .
rm -f 60-latin.conf; ln -s ../conf.avail/60-latin.conf .
rm -f 65-fonts-persian.conf; ln -s ../conf.avail/65-fonts-persian.conf .
rm -f 65-nonlatin.conf; ln -s ../conf.avail/65-nonlatin.conf .
rm -f 69-unifont.conf; ln -s ../conf.avail/69-unifont.conf .
rm -f 80-delicious.conf; ln -s ../conf.avail/80-delicious.conf .
rm -f 90-synthetic.conf; ln -s ../conf.avail/90-synthetic.conf .
make[2]: Leaving directory `/usr/src/rpm/BUILD/fontconfig-2.8.0/conf.d'
make[1]: Leaving directory `/usr/src/rpm/BUILD/fontconfig-2.8.0/conf.d'
Making install in doc
make[1]: Entering directory `/usr/src/rpm/BUILD/fontconfig-2.8.0/doc'
make[2]: Entering directory `/usr/src/rpm/BUILD/fontconfig-2.8.0/doc'
make[2]: Nothing to be done for `install-exec-am'.
test -z "/usr/share/doc/fontconfig" || /bin/mkdir -p "/var/tmp/fontconfig-root/usr/share/doc/fontconfig"
 /usr/bin/install -c -m 644 fontconfig-user.txt fontconfig-devel.txt fontconfig-user.pdf fontconfig-devel.pdf fontconfig-user.html '/var/tmp/fontconfig-root/usr/share/doc/fontconfig'
test -z "/usr/share/doc/fontconfig/fontconfig-devel" || /bin/mkdir -p "/var/tmp/fontconfig-root/usr/share/doc/fontconfig/fontconfig-devel"
 /usr/bin/install -c -m 644 ./fontconfig-devel/fcatomiccreate.html ./fontconfig-devel/fcatomicdeletenew.html ./fontconfig-devel/fcatomicdestroy.html ./fontconfig-devel/fcatomiclock.html ./fontconfig-devel/fcatomicnewfile.html ./fontconfig-devel/fcatomicorigfile.html ./fontconfig-devel/fcatomicreplaceorig.html ./fontconfig-devel/fcatomicunlock.html ./fontconfig-devel/fcblanksadd.html ./fontconfig-devel/fcblankscreate.html ./fontconfig-devel/fcblanksdestroy.html ./fontconfig-devel/fcblanksismember.html ./fontconfig-devel/fccachecopyset.html ./fontconfig-devel/fccachedir.html ./fontconfig-devel/fccachenumfont.html ./fontconfig-devel/fccachenumsubdir.html ./fontconfig-devel/fccachesubdir.html ./fontconfig-devel/fccharsetaddchar.html ./fontconfig-devel/fccharsetcopy.html ./fontconfig-devel/fccharsetcount.html ./fontconfig-devel/fccharsetcoverage.html ./fontconfig-devel/fccharsetcreate.html ./fontconfig-devel/fccharsetdestroy.html ./fontconfig-devel/fccharsetequal.html ./fontconfig-devel/fccharsetfirstpage.html ./fontconfig-devel/fccharsethaschar.html ./fontconfig-devel/fccharsetintersect.html ./fontconfig-devel/fccharsetintersectcount.html ./fontconfig-devel/fccharsetissubset.html ./fontconfig-devel/fccharsetmerge.html ./fontconfig-devel/fccharsetnew.html ./fontconfig-devel/fccharsetnextpage.html ./fontconfig-devel/fccharsetsubtract.html ./fontconfig-devel/fccharsetsubtractcount.html ./fontconfig-devel/fccharsetunion.html ./fontconfig-devel/fcconfigappfontadddir.html ./fontconfig-devel/fcconfigappfontaddfile.html ./fontconfig-devel/fcconfigappfontclear.html ./fontconfig-devel/fcconfigbuildfonts.html ./fontconfig-devel/fcconfigcreate.html '/var/tmp/fontconfig-root/usr/share/doc/fontconfig/fontconfig-devel'
 /usr/bin/install -c -m 644 ./fontconfig-devel/fcconfigdestroy.html ./fontconfig-devel/fcconfigenablehome.html ./fontconfig-devel/fcconfigfilename.html ./fontconfig-devel/fcconfiggetblanks.html ./fontconfig-devel/fcconfiggetcache.html ./fontconfig-devel/fcconfiggetcachedirs.html ./fontconfig-devel/fcconfiggetconfigdirs.html ./fontconfig-devel/fcconfiggetconfigfiles.html ./fontconfig-devel/fcconfiggetcurrent.html ./fontconfig-devel/fcconfiggetfontdirs.html ./fontconfig-devel/fcconfiggetfonts.html ./fontconfig-devel/fcconfiggetrescaninterval.html ./fontconfig-devel/fcconfighome.html ./fontconfig-devel/fcconfigparseandload.html ./fontconfig-devel/fcconfigreference.html ./fontconfig-devel/fcconfigsetcurrent.html ./fontconfig-devel/fcconfigsetrescaninterval.html ./fontconfig-devel/fcconfigsubstitute.html ./fontconfig-devel/fcconfigsubstitutewithpat.html ./fontconfig-devel/fcconfiguptodate.html ./fontconfig-devel/fcdefaultsubstitute.html ./fontconfig-devel/fcdircacheload.html ./fontconfig-devel/fcdircacheloadfile.html ./fontconfig-devel/fcdircacheread.html ./fontconfig-devel/fcdircacheunlink.html ./fontconfig-devel/fcdircacheunload.html ./fontconfig-devel/fcdircachevalid.html ./fontconfig-devel/fcdirsave.html ./fontconfig-devel/fcdirscan.html ./fontconfig-devel/fcfileisdir.html ./fontconfig-devel/fcfilescan.html ./fontconfig-devel/fcfini.html ./fontconfig-devel/fcfontlist.html ./fontconfig-devel/fcfontmatch.html ./fontconfig-devel/fcfontrenderprepare.html ./fontconfig-devel/fcfontsetadd.html ./fontconfig-devel/fcfontsetcreate.html ./fontconfig-devel/fcfontsetdestroy.html ./fontconfig-devel/fcfontsetlist.html ./fontconfig-devel/fcfontsetmatch.html '/var/tmp/fontconfig-root/usr/share/doc/fontconfig/fontconfig-devel'
 /usr/bin/install -c -m 644 ./fontconfig-devel/fcfontsetprint.html ./fontconfig-devel/fcfontsetsort.html ./fontconfig-devel/fcfontsetsortdestroy.html ./fontconfig-devel/fcfontsort.html ./fontconfig-devel/fcfreetypecharindex.html ./fontconfig-devel/fcfreetypecharset.html ./fontconfig-devel/fcfreetypecharsetandspacing.html ./fontconfig-devel/fcfreetypequery.html ./fontconfig-devel/fcfreetypequeryface.html ./fontconfig-devel/fcgetlangs.html ./fontconfig-devel/fcgetversion.html ./fontconfig-devel/fcinit.html ./fontconfig-devel/fcinitbringuptodate.html ./fontconfig-devel/fcinitloadconfig.html ./fontconfig-devel/fcinitloadconfigandfonts.html ./fontconfig-devel/fcinitreinitialize.html ./fontconfig-devel/fcislower.html ./fontconfig-devel/fcisupper.html ./fontconfig-devel/fclanggetcharset.html ./fontconfig-devel/fclangsetadd.html ./fontconfig-devel/fclangsetcompare.html ./fontconfig-devel/fclangsetcontains.html ./fontconfig-devel/fclangsetcopy.html ./fontconfig-devel/fclangsetcreate.html ./fontconfig-devel/fclangsetdestroy.html ./fontconfig-devel/fclangsetequal.html ./fontconfig-devel/fclangsetgetlangs.html ./fontconfig-devel/fclangsethash.html ./fontconfig-devel/fclangsethaslang.html ./fontconfig-devel/fcmatrixcopy.html ./fontconfig-devel/fcmatrixequal.html ./fontconfig-devel/fcmatrixinit.html ./fontconfig-devel/fcmatrixmultiply.html ./fontconfig-devel/fcmatrixrotate.html ./fontconfig-devel/fcmatrixscale.html ./fontconfig-devel/fcmatrixshear.html ./fontconfig-devel/fcnameconstant.html ./fontconfig-devel/fcnamegetconstant.html ./fontconfig-devel/fcnamegetobjecttype.html ./fontconfig-devel/fcnameparse.html '/var/tmp/fontconfig-root/usr/share/doc/fontconfig/fontconfig-devel'
 /usr/bin/install -c -m 644 ./fontconfig-devel/fcnameregisterconstants.html ./fontconfig-devel/fcnameregisterobjecttypes.html ./fontconfig-devel/fcnameunparse.html ./fontconfig-devel/fcnameunregisterconstants.html ./fontconfig-devel/fcnameunregisterobjecttypes.html ./fontconfig-devel/fcobjectsetadd.html ./fontconfig-devel/fcobjectsetbuild.html ./fontconfig-devel/fcobjectsetcreate.html ./fontconfig-devel/fcobjectsetdestroy.html ./fontconfig-devel/fcpatternadd-type.html ./fontconfig-devel/fcpatternadd.html ./fontconfig-devel/fcpatternaddweak.html ./fontconfig-devel/fcpatternbuild.html ./fontconfig-devel/fcpatterncreate.html ./fontconfig-devel/fcpatterndel.html ./fontconfig-devel/fcpatterndestroy.html ./fontconfig-devel/fcpatternduplicate.html ./fontconfig-devel/fcpatternequal.html ./fontconfig-devel/fcpatternequalsubset.html ./fontconfig-devel/fcpatternfilter.html ./fontconfig-devel/fcpatternformat.html ./fontconfig-devel/fcpatternget-type.html ./fontconfig-devel/fcpatternget.html ./fontconfig-devel/fcpatternhash.html ./fontconfig-devel/fcpatternprint.html ./fontconfig-devel/fcpatternreference.html ./fontconfig-devel/fcpatternremove.html ./fontconfig-devel/fcstrbasename.html ./fontconfig-devel/fcstrcmp.html ./fontconfig-devel/fcstrcmpignorecase.html ./fontconfig-devel/fcstrcopy.html ./fontconfig-devel/fcstrcopyfilename.html ./fontconfig-devel/fcstrdirname.html ./fontconfig-devel/fcstrdowncase.html ./fontconfig-devel/fcstrfree.html ./fontconfig-devel/fcstrlistcreate.html ./fontconfig-devel/fcstrlistdone.html ./fontconfig-devel/fcstrlistnext.html ./fontconfig-devel/fcstrplus.html ./fontconfig-devel/fcstrsetadd.html '/var/tmp/fontconfig-root/usr/share/doc/fontconfig/fontconfig-devel'
 /usr/bin/install -c -m 644 ./fontconfig-devel/fcstrsetaddfilename.html ./fontconfig-devel/fcstrsetcreate.html ./fontconfig-devel/fcstrsetdel.html ./fontconfig-devel/fcstrsetdestroy.html ./fontconfig-devel/fcstrsetequal.html ./fontconfig-devel/fcstrsetmember.html ./fontconfig-devel/fcstrstr.html ./fontconfig-devel/fcstrstrignorecase.html ./fontconfig-devel/fctolower.html ./fontconfig-devel/fcucs4toutf8.html ./fontconfig-devel/fcutf16len.html ./fontconfig-devel/fcutf16toucs4.html ./fontconfig-devel/fcutf8len.html ./fontconfig-devel/fcutf8toucs4.html ./fontconfig-devel/fcvaluedestroy.html ./fontconfig-devel/fcvalueequal.html ./fontconfig-devel/fcvalueprint.html ./fontconfig-devel/fcvaluesave.html ./fontconfig-devel/ln12.html ./fontconfig-devel/t1.html ./fontconfig-devel/x102.html ./fontconfig-devel/x19.html ./fontconfig-devel/x31.html '/var/tmp/fontconfig-root/usr/share/doc/fontconfig/fontconfig-devel'
test -z "/usr/share/man/man3" || /bin/mkdir -p "/var/tmp/fontconfig-root/usr/share/man/man3"
 /usr/bin/install -c -m 644 FcAtomicCreate.3 FcAtomicLock.3 FcAtomicNewFile.3 FcAtomicOrigFile.3 FcAtomicReplaceOrig.3 FcAtomicDeleteNew.3 FcAtomicUnlock.3 FcAtomicDestroy.3 FcBlanksCreate.3 FcBlanksDestroy.3 FcBlanksAdd.3 FcBlanksIsMember.3 FcCacheDir.3 FcCacheCopySet.3 FcCacheSubdir.3 FcCacheNumSubdir.3 FcCacheNumFont.3 FcCharSetCreate.3 FcCharSetDestroy.3 FcCharSetAddChar.3 FcCharSetCopy.3 FcCharSetEqual.3 FcCharSetIntersect.3 FcCharSetUnion.3 FcCharSetSubtract.3 FcCharSetMerge.3 FcCharSetHasChar.3 FcCharSetCount.3 FcCharSetIntersectCount.3 FcCharSetSubtractCount.3 FcCharSetIsSubset.3 FcCharSetFirstPage.3 FcCharSetNextPage.3 FcCharSetCoverage.3 FcCharSetNew.3 FcConfigCreate.3 FcConfigReference.3 FcConfigDestroy.3 FcConfigSetCurrent.3 FcConfigGetCurrent.3 '/var/tmp/fontconfig-root/usr/share/man/man3'
 /usr/bin/install -c -m 644 FcConfigUptoDate.3 FcConfigHome.3 FcConfigEnableHome.3 FcConfigBuildFonts.3 FcConfigGetConfigDirs.3 FcConfigGetFontDirs.3 FcConfigGetConfigFiles.3 FcConfigGetCache.3 FcConfigGetCacheDirs.3 FcConfigGetFonts.3 FcConfigGetBlanks.3 FcConfigGetRescanInterval.3 FcConfigSetRescanInterval.3 FcConfigAppFontAddFile.3 FcConfigAppFontAddDir.3 FcConfigAppFontClear.3 FcConfigSubstituteWithPat.3 FcConfigSubstitute.3 FcFontMatch.3 FcFontSort.3 FcFontRenderPrepare.3 FcFontList.3 FcConfigFilename.3 FcConfigParseAndLoad.3 FcNameRegisterConstants.3 FcNameUnregisterConstants.3 FcNameGetConstant.3 FcNameConstant.3 FcDirCacheUnlink.3 FcDirCacheValid.3 FcDirCacheLoad.3 FcDirCacheRead.3 FcDirCacheLoadFile.3 FcDirCacheUnload.3 FcFileScan.3 FcFileIsDir.3 FcDirScan.3 FcDirSave.3 FcFontSetCreate.3 FcFontSetDestroy.3 '/var/tmp/fontconfig-root/usr/share/man/man3'
 /usr/bin/install -c -m 644 FcFontSetAdd.3 FcFontSetList.3 FcFontSetMatch.3 FcFontSetPrint.3 FcFontSetSort.3 FcFontSetSortDestroy.3 FcPatternFormat.3 FcFreeTypeCharIndex.3 FcFreeTypeCharSet.3 FcFreeTypeCharSetAndSpacing.3 FcFreeTypeQuery.3 FcFreeTypeQueryFace.3 FcInitLoadConfig.3 FcInitLoadConfigAndFonts.3 FcInit.3 FcFini.3 FcGetVersion.3 FcInitReinitialize.3 FcInitBringUptoDate.3 FcLangSetCreate.3 FcLangSetDestroy.3 FcLangSetCopy.3 FcLangSetAdd.3 FcLangSetCompare.3 FcLangSetContains.3 FcLangSetEqual.3 FcLangSetHash.3 FcLangSetHasLang.3 FcLangSetGetLangs.3 FcGetLangs.3 FcLangGetCharSet.3 FcMatrixInit.3 FcMatrixCopy.3 FcMatrixEqual.3 FcMatrixMultiply.3 FcMatrixRotate.3 FcMatrixScale.3 FcMatrixShear.3 FcObjectSetCreate.3 FcObjectSetAdd.3 '/var/tmp/fontconfig-root/usr/share/man/man3'
 /usr/bin/install -c -m 644 FcObjectSetDestroy.3 FcObjectSetBuild.3 FcNameRegisterObjectTypes.3 FcNameUnregisterObjectTypes.3 FcNameGetObjectType.3 FcPatternCreate.3 FcPatternDuplicate.3 FcPatternReference.3 FcPatternDestroy.3 FcPatternEqual.3 FcPatternEqualSubset.3 FcPatternFilter.3 FcPatternHash.3 FcPatternAdd.3 FcPatternAddWeak.3 FcPatternAdd-Type.3 FcPatternGet.3 FcPatternGet-Type.3 FcPatternBuild.3 FcPatternDel.3 FcPatternRemove.3 FcPatternPrint.3 FcDefaultSubstitute.3 FcNameParse.3 FcNameUnparse.3 FcUtf8ToUcs4.3 FcUcs4ToUtf8.3 FcUtf8Len.3 FcUtf16ToUcs4.3 FcUtf16Len.3 FcIsLower.3 FcIsUpper.3 FcToLower.3 FcStrCopy.3 FcStrDowncase.3 FcStrCopyFilename.3 FcStrCmp.3 FcStrCmpIgnoreCase.3 FcStrStr.3 FcStrStrIgnoreCase.3 '/var/tmp/fontconfig-root/usr/share/man/man3'
 /usr/bin/install -c -m 644 FcStrPlus.3 FcStrFree.3 FcStrDirname.3 FcStrBasename.3 FcStrSetCreate.3 FcStrSetMember.3 FcStrSetEqual.3 FcStrSetAdd.3 FcStrSetAddFilename.3 FcStrSetDel.3 FcStrSetDestroy.3 FcStrListCreate.3 FcStrListNext.3 FcStrListDone.3 FcValueDestroy.3 FcValueSave.3 FcValuePrint.3 FcValueEqual.3 '/var/tmp/fontconfig-root/usr/share/man/man3'
test -z "/usr/share/man/man5" || /bin/mkdir -p "/var/tmp/fontconfig-root/usr/share/man/man5"
 /usr/bin/install -c -m 644 fonts-conf.5 '/var/tmp/fontconfig-root/usr/share/man/man5'
make[2]: Leaving directory `/usr/src/rpm/BUILD/fontconfig-2.8.0/doc'
make[1]: Leaving directory `/usr/src/rpm/BUILD/fontconfig-2.8.0/doc'
Making install in test
make[1]: Entering directory `/usr/src/rpm/BUILD/fontconfig-2.8.0/test'
make[2]: Entering directory `/usr/src/rpm/BUILD/fontconfig-2.8.0/test'
make[2]: Nothing to be done for `install-exec-am'.
make[2]: Nothing to be done for `install-data-am'.
make[2]: Leaving directory `/usr/src/rpm/BUILD/fontconfig-2.8.0/test'
make[1]: Leaving directory `/usr/src/rpm/BUILD/fontconfig-2.8.0/test'
make[1]: Entering directory `/usr/src/rpm/BUILD/fontconfig-2.8.0'
make[2]: Entering directory `/usr/src/rpm/BUILD/fontconfig-2.8.0'
make[2]: Nothing to be done for `install-exec-am'.
test -z "/etc/fonts" || /bin/mkdir -p "/var/tmp/fontconfig-root/etc/fonts"
 /usr/bin/install -c -m 644 fonts.dtd '/var/tmp/fontconfig-root/etc/fonts'
sed \
	-e 's,@FC_CACHEDIR\@,/var/cache/fontconfig,g' \
	-e 's,@FC_DEFAULT_FONTS\@,/usr/share/fonts,g' \
	-e 's,@FC_FONTPATH\@,,g' \
	-e 's,@PACKAGE\@,fontconfig,g' \
	-e 's,@VERSION\@,2.8.0,g' \
	fonts.conf.in > fonts.conf.tmp && \
mv fonts.conf.tmp fonts.conf
/bin/sh /usr/src/rpm/BUILD/fontconfig-2.8.0/install-sh -d /var/tmp/fontconfig-root/etc/fonts /var/tmp/fontconfig-root/var/cache/fontconfig
if [ -f /var/tmp/fontconfig-root/etc/fonts/fonts.conf ]; then \
  echo "backing up existing /var/tmp/fontconfig-root/etc/fonts/fonts.conf"; \
  mv /var/tmp/fontconfig-root/etc/fonts/fonts.conf /var/tmp/fontconfig-root/etc/fonts/fonts.conf.bak; \
fi
if [ -f ./fonts.conf ]; then \
  echo " /usr/bin/install -c -m 644 ./fonts.conf /var/tmp/fontconfig-root/etc/fonts/fonts.conf"; \
  /usr/bin/install -c -m 644 ./fonts.conf /var/tmp/fontconfig-root/etc/fonts/fonts.conf; \
else if [ -f fonts.conf ]; then \
  echo " /usr/bin/install -c -m 644 fonts.conf /var/tmp/fontconfig-root/etc/fonts/fonts.conf"; \
  /usr/bin/install -c -m 644 fonts.conf /var/tmp/fontconfig-root/etc/fonts/fonts.conf; \
fi; fi
 /usr/bin/install -c -m 644 ./fonts.conf /var/tmp/fontconfig-root/etc/fonts/fonts.conf
***
*** Warning: fonts.cache not built
***
*** Generate this file manually on host system using fc-cache
***
test -z "/usr/lib64/pkgconfig" || /bin/mkdir -p "/var/tmp/fontconfig-root/usr/lib64/pkgconfig"
 /usr/bin/install -c -m 644 fontconfig.pc '/var/tmp/fontconfig-root/usr/lib64/pkgconfig'
make[2]: Leaving directory `/usr/src/rpm/BUILD/fontconfig-2.8.0'
make[1]: Leaving directory `/usr/src/rpm/BUILD/fontconfig-2.8.0'
+ exit 0
Processing files: fontconfig-2.8.0-1.x86_64
Provides: libfontconfig.so.1()(64bit)
Requires: libc.so.6()(64bit) libc.so.6(GLIBC_2.2.5)(64bit) libc.so.6(GLIBC_2.7)(64bit) libdl.so.2()(64bit) libfontconfig.so.1()(64bit) libfreetype.so.6()(64bit) libm.so.6()(64bit) libxml2.so.2()(64bit) libxml2.so.2(LIBXML2_2.4.30)(64bit) libxml2.so.2(LIBXML2_2.6.0)(64bit)
Processing files: fontconfig-devel-2.8.0-1.x86_64
Provides: libtool(/usr/lib64/libfontconfig.la) pkgconfig(fontconfig) = 2.8.0
Requires(rpmlib): rpmlib(VersionedDependencies) <= 3.0.3-1
Requires: pkgconfig
Processing files: fontconfig-doc-2.8.0-1.x86_64
Checking for unpackaged file(s): /usr/lib/rpm/check-files /var/tmp/fontconfig-root
warning: Could not canonicalize hostname: build2
Wrote: /usr/src/rpm/SRPMS/fontconfig-2.8.0-1.src.rpm
Wrote: /usr/src/rpm/RPMS/x86_64/fontconfig-2.8.0-1.x86_64.rpm
Wrote: /usr/src/rpm/RPMS/x86_64/fontconfig-devel-2.8.0-1.x86_64.rpm
Wrote: /usr/src/rpm/RPMS/x86_64/fontconfig-doc-2.8.0-1.x86_64.rpm
Executing(%clean): /bin/sh -e /var/tmp/rpm-tmp.99285
+ umask 022
+ cd /usr/src/rpm/BUILD
+ cd fontconfig-2.8.0
+ /bin/rm -rf /var/tmp/fontconfig-root
