Fetching(Source0): ftp://ftp.gnu.org/gnu/ed/ed-1.5.tar.gz
Executing(%prep): /bin/sh -e /var/tmp/rpm-tmp.90075
+ umask 022
+ cd /usr/src/rpm/BUILD
+ cd /usr/src/rpm/BUILD
+ rm -rf ed-1.5
+ /bin/gzip -dc /usr/src/rpm/SOURCES/ed-1.5.tar.gz
+ /bin/tar -xf -
+ STATUS=0
+ '[' 0 -ne 0 ']'
+ cd ed-1.5
+ exit 0
Executing(%build): /bin/sh -e /var/tmp/rpm-tmp.90075
+ umask 022
+ cd /usr/src/rpm/BUILD
+ cd ed-1.5
+ ./configure --prefix=/usr

creating config.status
creating Makefile
VPATH = .
prefix = /usr
exec_prefix = $(prefix)
bindir = $(exec_prefix)/bin
datadir = $(prefix)/share
infodir = $(datadir)/info
mandir = $(datadir)/man
sysconfdir = $(prefix)/etc
program_prefix = 
CC = gcc
CPPFLAGS = 
CFLAGS = -Wall -W -O2
LDFLAGS = 
OK. Now you can run make.
+ make -j4 'CFLAGS=-Os -pipe -Wall -W'
gcc  -Os -pipe -Wall -W -c -o buffer.o buffer.c
gcc  -Os -pipe -Wall -W -c -o carg_parser.o carg_parser.c
gcc  -Os -pipe -Wall -W -c -o global.o global.c
gcc  -Os -pipe -Wall -W -c -o io.o io.c
gcc  -Os -pipe -Wall -W -DPROGVERSION=\"1.5\" -c -o main.o main.c
gcc  -Os -pipe -Wall -W -c -o main_loop.o main_loop.c
gcc  -Os -pipe -Wall -W -c -o regex.o regex.c
gcc  -Os -pipe -Wall -W -c -o signal.o signal.c
cat ./red.in > red
chmod a+x red
gcc  -o ed buffer.o carg_parser.o global.o io.o main.o main_loop.o regex.o signal.o
+ make check
building test scripts for ed-1.5...
testing ed-1.5...
tests completed successfully.
+ exit 0
Executing(%install): /bin/sh -e /var/tmp/rpm-tmp.3132
+ umask 022
+ cd /usr/src/rpm/BUILD
+ /bin/rm -rf /var/tmp/ed-root
+ /bin/mkdir -p /var/tmp/ed-root
+ cd ed-1.5
+ make DESTDIR=/var/tmp/ed-root install
if [ ! -d "/var/tmp/ed-root/usr/share/info" ] ; then install -d -m 755 "/var/tmp/ed-root/usr/share/info" ; fi
install -p -m 644 ./doc/ed.info "/var/tmp/ed-root/usr/share/info/ed.info"
install-info --info-dir="/var/tmp/ed-root/usr/share/info" "/var/tmp/ed-root/usr/share/info/ed.info"
if [ ! -d "/var/tmp/ed-root/usr/share/man/man1" ] ; then install -d -m 755 "/var/tmp/ed-root/usr/share/man/man1" ; fi
install -p -m 644 ./doc/ed.1 "/var/tmp/ed-root/usr/share/man/man1/ed.1"
rm -f "/var/tmp/ed-root/usr/share/man/man1/red.1"
cd "/var/tmp/ed-root/usr/share/man/man1" && ln -s "ed.1" "red.1"
if [ ! -d "/var/tmp/ed-root/usr/bin" ] ; then install -d -m 755 "/var/tmp/ed-root/usr/bin" ; fi
install -p -m 755 ./ed "/var/tmp/ed-root/usr/bin/ed"
install -p -m 755 ./red "/var/tmp/ed-root/usr/bin/red"
+ rm -f /var/tmp/ed-root/usr/share/info/dir
+ /usr/lib/rpm/compress_man.sh /var/tmp/ed-root
removed `/var/tmp/ed-root/usr/share/man/man1/red.1'
`/var/tmp/ed-root/usr/share/man/man1/red.1.bz2' -> `ed.1.bz2'
+ /usr/lib/rpm/strip.sh /var/tmp/ed-root
+ exit 0
Processing files: ed-1.5-1.x86_64
Requires(interp): /bin/sh /bin/sh
Requires(post): /bin/sh /usr/bin/install-info
Requires(preun): /bin/sh /usr/bin/install-info
Requires: /bin/sh /usr/bin/install-info /usr/bin/install-info libc.so.6()(64bit) libc.so.6(GLIBC_2.2.5)(64bit) libc.so.6(GLIBC_2.3)(64bit) libc.so.6(GLIBC_2.3.4)(64bit)
Checking for unpackaged file(s): /usr/lib/rpm/check-files /var/tmp/ed-root
Wrote: /usr/src/rpm/SRPMS/ed-1.5-1.src.rpm
Wrote: /usr/src/rpm/RPMS/x86_64/ed-1.5-1.x86_64.rpm
Executing(%clean): /bin/sh -e /var/tmp/rpm-tmp.53821
+ umask 022
+ cd /usr/src/rpm/BUILD
+ cd ed-1.5
+ /bin/rm -rf /var/tmp/ed-root
