Fetching(Source1): http://iweb.dl.sourceforge.net/project/cracklib/cracklib-words/2008-05-07/cracklib-words-20080507.gz
Fetching(Source0): http://iweb.dl.sourceforge.net/project/cracklib/cracklib/2.8.18/cracklib-2.8.18.tar.gz
Executing(%prep): /bin/sh -e /var/tmp/rpm-tmp.82922
+ umask 022
+ cd /usr/src/rpm/BUILD
+ cd /usr/src/rpm/BUILD
+ rm -rf cracklib-2.8.18
+ /bin/gzip -dc /usr/src/rpm/SOURCES/cracklib-2.8.18.tar.gz
+ /bin/tar -xf -
+ STATUS=0
+ '[' 0 -ne 0 ']'
+ cd cracklib-2.8.18
+ exit 0
Executing(%build): /bin/sh -e /var/tmp/rpm-tmp.82922
+ umask 022
+ cd /usr/src/rpm/BUILD
+ cd cracklib-2.8.18
+ export 'CFLAGS=-Os -pipe'
+ CFLAGS='-Os -pipe'
+ ./configure --prefix=/usr --libdir=/usr/lib64 --with-default-dict=/lib64/cracklib/pw_dict
checking for a BSD-compatible install... /usr/bin/install -c
checking whether build environment is sane... yes
checking for a thread-safe mkdir -p... /bin/mkdir -p
checking for gawk... gawk
checking whether make sets $(MAKE)... yes
checking build system type... x86_64-unknown-linux-gnu
checking host system type... x86_64-unknown-linux-gnu
checking for style of include used by make... GNU
checking for gcc... gcc
checking for C compiler default output file name... a.out
checking whether the C compiler works... yes
checking whether we are cross compiling... no
checking for suffix of executables... 
checking for suffix of object files... o
checking whether we are using the GNU C compiler... yes
checking whether gcc accepts -g... yes
checking for gcc option to accept ISO C89... none needed
checking dependency style of gcc... gcc3
checking for a sed that does not truncate output... /bin/sed
checking for grep that handles long lines and -e... /bin/grep
checking for egrep... /bin/grep -E
checking for fgrep... /bin/grep -F
checking for ld used by gcc... /usr/bin/ld
checking if the linker (/usr/bin/ld) is GNU ld... yes
checking for BSD- or MS-compatible name lister (nm)... /usr/bin/nm -B
checking the name lister (/usr/bin/nm -B) interface... BSD nm
checking whether ln -s works... yes
checking the maximum length of command line arguments... 1572864
checking whether the shell understands some XSI constructs... yes
checking whether the shell understands "+="... yes
checking for /usr/bin/ld option to reload object files... -r
checking for objdump... objdump
checking how to recognize dependent libraries... pass_all
checking for ar... ar
checking for strip... strip
checking for ranlib... ranlib
checking command to parse /usr/bin/nm -B output from gcc object... ok
checking how to run the C preprocessor... gcc -E
checking for ANSI C header files... yes
checking for sys/types.h... yes
checking for sys/stat.h... yes
checking for stdlib.h... yes
checking for string.h... yes
checking for memory.h... yes
checking for strings.h... yes
checking for inttypes.h... yes
checking for stdint.h... yes
checking for unistd.h... yes
checking for dlfcn.h... yes
checking for objdir... .libs
checking if gcc supports -fno-rtti -fno-exceptions... no
checking for gcc option to produce PIC... -fPIC -DPIC
checking if gcc PIC flag -fPIC -DPIC works... yes
checking if gcc static flag -static works... yes
checking if gcc supports -c -o file.o... yes
checking if gcc supports -c -o file.o... (cached) yes
checking whether the gcc linker (/usr/bin/ld -m elf_x86_64) supports shared libraries... yes
checking whether -lc should be explicitly linked in... no
checking dynamic linker characteristics... GNU/Linux ld.so
checking how to hardcode library paths into programs... immediate
checking whether stripping libraries is possible... yes
checking if libtool supports shared libraries... yes
checking whether to build shared libraries... yes
checking whether to build static libraries... yes
checking for gcc... (cached) gcc
checking whether we are using the GNU C compiler... (cached) yes
checking whether gcc accepts -g... (cached) yes
checking for gcc option to accept ISO C89... (cached) none needed
checking dependency style of gcc... (cached) gcc3
checking how to run the C preprocessor... gcc -E
checking for a BSD-compatible install... /usr/bin/install -c
checking whether ln -s works... yes
checking whether make sets $(MAKE)... (cached) yes
checking for ranlib... (cached) ranlib
checking for X... no
checking for unistd.h... (cached) yes
checking fcntl.h usability... yes
checking fcntl.h presence... yes
checking for fcntl.h... yes
checking for inttypes.h... (cached) yes
checking for stdint.h... (cached) yes
checking pthread.h usability... yes
checking pthread.h presence... yes
checking for pthread.h... yes
checking zlib.h usability... yes
checking zlib.h presence... yes
checking for zlib.h... yes
checking for library containing gzopen... -lz
checking if LINE_MAX is defined... yes
checking for an ANSI C-conforming const... yes
checking for strdup... yes
checking for getpwuid_r... yes
checking whether NLS is requested... yes
checking for msgfmt... /usr/bin/msgfmt
checking for gmsgfmt... /usr/bin/msgfmt
checking for xgettext... /usr/bin/xgettext
checking for msgmerge... /usr/bin/msgmerge
checking for ld used by GCC... /usr/bin/ld -m elf_x86_64
checking if the linker (/usr/bin/ld -m elf_x86_64) is GNU ld... yes
checking for shared library run path origin... done
checking whether NLS is requested... yes
checking for GNU gettext in libc... yes
checking whether to use NLS... yes
checking where the gettext function comes from... libc
checking default dict filename... /lib64/cracklib/pw_dict
checking for python... /usr/bin/python
checking for python version... 2.7
checking for python platform... linux2
checking for python script directory... ${prefix}/lib/python2.7/site-packages
checking for python extension module directory... ${exec_prefix}/lib/python2.7/site-packages
checking python2.7/Python.h usability... yes
checking python2.7/Python.h presence... yes
checking for python2.7/Python.h... yes
configure: creating ./config.status
config.status: creating util/Makefile
config.status: creating lib/Makefile
config.status: creating doc/Makefile
config.status: creating python/Makefile
config.status: creating Makefile
config.status: creating python/setup.py
config.status: creating po/Makefile.in
config.status: WARNING:  'po/Makefile.in.in' seems to ignore the --datarootdir setting
config.status: creating m4/Makefile
config.status: creating dicts/Makefile
config.status: creating cracklib.spec
config.status: creating config.h
config.status: executing depfiles commands
config.status: executing libtool commands
config.status: executing default-1 commands
config.status: creating po/POTFILES
config.status: creating po/Makefile
+ make -j24
make  all-recursive
make[1]: Entering directory `/usr/src/rpm/BUILD/cracklib-2.8.18'
Making all in m4
make[2]: Entering directory `/usr/src/rpm/BUILD/cracklib-2.8.18/m4'
make[2]: Nothing to be done for `all'.
make[2]: Leaving directory `/usr/src/rpm/BUILD/cracklib-2.8.18/m4'
Making all in lib
make[2]: Entering directory `/usr/src/rpm/BUILD/cracklib-2.8.18/lib'
/bin/sh ../libtool --tag=CC   --mode=compile gcc -DHAVE_CONFIG_H -I. -I..  -I. -I.. -I../lib -DIN_CRACKLIB '-DDEFAULT_CRACKLIB_DICT="/lib64/cracklib/pw_dict"' -Wall   -Os -pipe -MT fascist.lo -MD -MP -MF .deps/fascist.Tpo -c -o fascist.lo fascist.c
/bin/sh ../libtool --tag=CC   --mode=compile gcc -DHAVE_CONFIG_H -I. -I..  -I. -I.. -I../lib -DIN_CRACKLIB '-DDEFAULT_CRACKLIB_DICT="/lib64/cracklib/pw_dict"' -Wall   -Os -pipe -MT packlib.lo -MD -MP -MF .deps/packlib.Tpo -c -o packlib.lo packlib.c
/bin/sh ../libtool --tag=CC   --mode=compile gcc -DHAVE_CONFIG_H -I. -I..  -I. -I.. -I../lib -DIN_CRACKLIB '-DDEFAULT_CRACKLIB_DICT="/lib64/cracklib/pw_dict"' -Wall   -Os -pipe -MT rules.lo -MD -MP -MF .deps/rules.Tpo -c -o rules.lo rules.c
/bin/sh ../libtool --tag=CC   --mode=compile gcc -DHAVE_CONFIG_H -I. -I..  -I. -I.. -I../lib -DIN_CRACKLIB '-DDEFAULT_CRACKLIB_DICT="/lib64/cracklib/pw_dict"' -Wall   -Os -pipe -MT stringlib.lo -MD -MP -MF .deps/stringlib.Tpo -c -o stringlib.lo stringlib.c
libtool: compile:  gcc -DHAVE_CONFIG_H -I. -I.. -I. -I.. -I../lib -DIN_CRACKLIB -DDEFAULT_CRACKLIB_DICT=\"/lib64/cracklib/pw_dict\" -Wall -Os -pipe -MT fascist.lo -MD -MP -MF .deps/fascist.Tpo -c fascist.c  -fPIC -DPIC -o .libs/fascist.o
libtool: compile:  gcc -DHAVE_CONFIG_H -I. -I.. -I. -I.. -I../lib -DIN_CRACKLIB -DDEFAULT_CRACKLIB_DICT=\"/lib64/cracklib/pw_dict\" -Wall -Os -pipe -MT stringlib.lo -MD -MP -MF .deps/stringlib.Tpo -c stringlib.c  -fPIC -DPIC -o .libs/stringlib.o
libtool: compile:  gcc -DHAVE_CONFIG_H -I. -I.. -I. -I.. -I../lib -DIN_CRACKLIB -DDEFAULT_CRACKLIB_DICT=\"/lib64/cracklib/pw_dict\" -Wall -Os -pipe -MT rules.lo -MD -MP -MF .deps/rules.Tpo -c rules.c  -fPIC -DPIC -o .libs/rules.o
libtool: compile:  gcc -DHAVE_CONFIG_H -I. -I.. -I. -I.. -I../lib -DIN_CRACKLIB -DDEFAULT_CRACKLIB_DICT=\"/lib64/cracklib/pw_dict\" -Wall -Os -pipe -MT packlib.lo -MD -MP -MF .deps/packlib.Tpo -c packlib.c  -fPIC -DPIC -o .libs/packlib.o
libtool: compile:  gcc -DHAVE_CONFIG_H -I. -I.. -I. -I.. -I../lib -DIN_CRACKLIB -DDEFAULT_CRACKLIB_DICT=\"/lib64/cracklib/pw_dict\" -Wall -Os -pipe -MT stringlib.lo -MD -MP -MF .deps/stringlib.Tpo -c stringlib.c -o stringlib.o >/dev/null 2>&1
mv -f .deps/stringlib.Tpo .deps/stringlib.Plo
libtool: compile:  gcc -DHAVE_CONFIG_H -I. -I.. -I. -I.. -I../lib -DIN_CRACKLIB -DDEFAULT_CRACKLIB_DICT=\"/lib64/cracklib/pw_dict\" -Wall -Os -pipe -MT fascist.lo -MD -MP -MF .deps/fascist.Tpo -c fascist.c -o fascist.o >/dev/null 2>&1
libtool: compile:  gcc -DHAVE_CONFIG_H -I. -I.. -I. -I.. -I../lib -DIN_CRACKLIB -DDEFAULT_CRACKLIB_DICT=\"/lib64/cracklib/pw_dict\" -Wall -Os -pipe -MT packlib.lo -MD -MP -MF .deps/packlib.Tpo -c packlib.c -o packlib.o >/dev/null 2>&1
libtool: compile:  gcc -DHAVE_CONFIG_H -I. -I.. -I. -I.. -I../lib -DIN_CRACKLIB -DDEFAULT_CRACKLIB_DICT=\"/lib64/cracklib/pw_dict\" -Wall -Os -pipe -MT rules.lo -MD -MP -MF .deps/rules.Tpo -c rules.c -o rules.o >/dev/null 2>&1
mv -f .deps/fascist.Tpo .deps/fascist.Plo
mv -f .deps/packlib.Tpo .deps/packlib.Plo
mv -f .deps/rules.Tpo .deps/rules.Plo
/bin/sh ../libtool --tag=CC   --mode=link gcc  -Os -pipe -version-info 10:1:8  -o libcrack.la -rpath /usr/lib64 fascist.lo packlib.lo rules.lo stringlib.lo  -lz 
libtool: link: gcc -shared  .libs/fascist.o .libs/packlib.o .libs/rules.o .libs/stringlib.o   -lz    -Wl,-soname -Wl,libcrack.so.2 -o .libs/libcrack.so.2.8.1
libtool: link: (cd ".libs" && rm -f "libcrack.so.2" && ln -s "libcrack.so.2.8.1" "libcrack.so.2")
libtool: link: (cd ".libs" && rm -f "libcrack.so" && ln -s "libcrack.so.2.8.1" "libcrack.so")
libtool: link: ar cru .libs/libcrack.a  fascist.o packlib.o rules.o stringlib.o
libtool: link: ranlib .libs/libcrack.a
libtool: link: ( cd ".libs" && rm -f "libcrack.la" && ln -s "../libcrack.la" "libcrack.la" )
make[2]: Leaving directory `/usr/src/rpm/BUILD/cracklib-2.8.18/lib'
Making all in util
make[2]: Entering directory `/usr/src/rpm/BUILD/cracklib-2.8.18/util'
gcc -DHAVE_CONFIG_H -I. -I..  -I. -I.. -I../lib '-DDEFAULT_CRACKLIB_DICT="/lib64/cracklib/pw_dict"' -Wall   -Os -pipe -MT testlib.o -MD -MP -MF .deps/testlib.Tpo -c -o testlib.o testlib.c
gcc -DHAVE_CONFIG_H -I. -I..  -I. -I.. -I../lib '-DDEFAULT_CRACKLIB_DICT="/lib64/cracklib/pw_dict"' -Wall   -Os -pipe -MT testnum.o -MD -MP -MF .deps/testnum.Tpo -c -o testnum.o testnum.c
gcc -DHAVE_CONFIG_H -I. -I..  -I. -I.. -I../lib '-DDEFAULT_CRACKLIB_DICT="/lib64/cracklib/pw_dict"' -Wall   -Os -pipe -MT teststr.o -MD -MP -MF .deps/teststr.Tpo -c -o teststr.o teststr.c
gcc -DHAVE_CONFIG_H -I. -I..  -I. -I.. -I../lib '-DDEFAULT_CRACKLIB_DICT="/lib64/cracklib/pw_dict"' -Wall   -Os -pipe -MT packer.o -MD -MP -MF .deps/packer.Tpo -c -o packer.o packer.c
gcc -DHAVE_CONFIG_H -I. -I..  -I. -I.. -I../lib '-DDEFAULT_CRACKLIB_DICT="/lib64/cracklib/pw_dict"' -Wall   -Os -pipe -MT unpacker.o -MD -MP -MF .deps/unpacker.Tpo -c -o unpacker.o unpacker.c
gcc -DHAVE_CONFIG_H -I. -I..  -I. -I.. -I../lib '-DDEFAULT_CRACKLIB_DICT="/lib64/cracklib/pw_dict"' -Wall   -Os -pipe -MT check.o -MD -MP -MF .deps/check.Tpo -c -o check.o check.c
mv -f .deps/testlib.Tpo .deps/testlib.Po
/bin/sh ../libtool --tag=CC   --mode=link gcc  -Os -pipe   -o testlib testlib.o ../lib/libcrack.la -lz 
mv -f .deps/teststr.Tpo .deps/teststr.Po
mv -f .deps/unpacker.Tpo .deps/unpacker.Po
/bin/sh ../libtool --tag=CC   --mode=link gcc  -Os -pipe   -o teststr teststr.o ../lib/libcrack.la -lz 
/bin/sh ../libtool --tag=CC   --mode=link gcc  -Os -pipe   -o cracklib-unpacker unpacker.o ../lib/libcrack.la -lz 
mv -f .deps/testnum.Tpo .deps/testnum.Po
mv -f .deps/check.Tpo .deps/check.Po
mv -f .deps/packer.Tpo .deps/packer.Po
/bin/sh ../libtool --tag=CC   --mode=link gcc  -Os -pipe   -o testnum testnum.o ../lib/libcrack.la -lz 
/bin/sh ../libtool --tag=CC   --mode=link gcc  -Os -pipe   -o cracklib-check check.o ../lib/libcrack.la -lz 
/bin/sh ../libtool --tag=CC   --mode=link gcc  -Os -pipe   -o cracklib-packer packer.o ../lib/libcrack.la -lz 
libtool: link: gcc -Os -pipe -o .libs/testlib testlib.o  ../lib/.libs/libcrack.so -lz
libtool: link: gcc -Os -pipe -o .libs/cracklib-unpacker unpacker.o  ../lib/.libs/libcrack.so -lz
libtool: link: gcc -Os -pipe -o .libs/teststr teststr.o  ../lib/.libs/libcrack.so -lz
libtool: link: gcc -Os -pipe -o .libs/testnum testnum.o  ../lib/.libs/libcrack.so -lz
libtool: link: gcc -Os -pipe -o .libs/cracklib-packer packer.o  ../lib/.libs/libcrack.so -lz
libtool: link: gcc -Os -pipe -o .libs/cracklib-check check.o  ../lib/.libs/libcrack.so -lz
make[2]: Leaving directory `/usr/src/rpm/BUILD/cracklib-2.8.18/util'
Making all in po
make[2]: Entering directory `/usr/src/rpm/BUILD/cracklib-2.8.18/po'
make[2]: Nothing to be done for `all'.
make[2]: Leaving directory `/usr/src/rpm/BUILD/cracklib-2.8.18/po'
Making all in doc
make[2]: Entering directory `/usr/src/rpm/BUILD/cracklib-2.8.18/doc'
make[2]: Nothing to be done for `all'.
make[2]: Leaving directory `/usr/src/rpm/BUILD/cracklib-2.8.18/doc'
Making all in python
make[2]: Entering directory `/usr/src/rpm/BUILD/cracklib-2.8.18/python'
/bin/sh ../libtool --tag=CC   --mode=compile gcc -DHAVE_CONFIG_H '-DDEFAULT_CRACKLIB_DICT="/lib64/cracklib/pw_dict"' '-DPYTHON_H="python2.7/Python.h"' -I. -I..    -I../lib -Wall -Os -pipe -MT _cracklibmodule.lo -MD -MP -MF .deps/_cracklibmodule.Tpo -c -o _cracklibmodule.lo _cracklibmodule.c
libtool: compile:  gcc -DHAVE_CONFIG_H -DDEFAULT_CRACKLIB_DICT=\"/lib64/cracklib/pw_dict\" -DPYTHON_H=\"python2.7/Python.h\" -I. -I.. -I../lib -Wall -Os -pipe -MT _cracklibmodule.lo -MD -MP -MF .deps/_cracklibmodule.Tpo -c _cracklibmodule.c  -fPIC -DPIC -o .libs/_cracklibmodule.o
libtool: compile:  gcc -DHAVE_CONFIG_H -DDEFAULT_CRACKLIB_DICT=\"/lib64/cracklib/pw_dict\" -DPYTHON_H=\"python2.7/Python.h\" -I. -I.. -I../lib -Wall -Os -pipe -MT _cracklibmodule.lo -MD -MP -MF .deps/_cracklibmodule.Tpo -c _cracklibmodule.c -o _cracklibmodule.o >/dev/null 2>&1
mv -f .deps/_cracklibmodule.Tpo .deps/_cracklibmodule.Plo
/bin/sh ../libtool --tag=CC   --mode=link gcc -I../lib -Wall -Os -pipe -module -avoid-version ../lib/libcrack.la  -o _cracklibmodule.la -rpath /usr/lib/python2.7/site-packages _cracklibmodule.lo  -lz 
libtool: link: gcc -shared  .libs/_cracklibmodule.o   -Wl,-rpath -Wl,/usr/src/rpm/BUILD/cracklib-2.8.18/lib/.libs ../lib/.libs/libcrack.so -lz    -Wl,-soname -Wl,_cracklibmodule.so -o .libs/_cracklibmodule.so
libtool: link: ar cru .libs/_cracklibmodule.a  _cracklibmodule.o
libtool: link: ranlib .libs/_cracklibmodule.a
libtool: link: ( cd ".libs" && rm -f "_cracklibmodule.la" && ln -s "../_cracklibmodule.la" "_cracklibmodule.la" )
make[2]: Leaving directory `/usr/src/rpm/BUILD/cracklib-2.8.18/python'
Making all in dicts
make[2]: Entering directory `/usr/src/rpm/BUILD/cracklib-2.8.18/dicts'
make[2]: Nothing to be done for `all'.
make[2]: Leaving directory `/usr/src/rpm/BUILD/cracklib-2.8.18/dicts'
make[2]: Entering directory `/usr/src/rpm/BUILD/cracklib-2.8.18'

=======================================================
Be sure and obtain a large wordlist file and run
make install and make dict to generate the word
list index file. See the README file for more details.
=======================================================

make[2]: Leaving directory `/usr/src/rpm/BUILD/cracklib-2.8.18'
make[1]: Leaving directory `/usr/src/rpm/BUILD/cracklib-2.8.18'
+ exit 0
Executing(%install): /bin/sh -e /var/tmp/rpm-tmp.60315
+ umask 022
+ cd /usr/src/rpm/BUILD
+ /bin/rm -rf /var/tmp/cracklib-root
+ /bin/mkdir -p /var/tmp/cracklib-root
+ cd cracklib-2.8.18
+ make DESTDIR=/var/tmp/cracklib-root install
Making install in m4
make[1]: Entering directory `/usr/src/rpm/BUILD/cracklib-2.8.18/m4'
make[2]: Entering directory `/usr/src/rpm/BUILD/cracklib-2.8.18/m4'
make[2]: Nothing to be done for `install-exec-am'.
make[2]: Nothing to be done for `install-data-am'.
make[2]: Leaving directory `/usr/src/rpm/BUILD/cracklib-2.8.18/m4'
make[1]: Leaving directory `/usr/src/rpm/BUILD/cracklib-2.8.18/m4'
Making install in lib
make[1]: Entering directory `/usr/src/rpm/BUILD/cracklib-2.8.18/lib'
make[2]: Entering directory `/usr/src/rpm/BUILD/cracklib-2.8.18/lib'
test -z "/usr/lib64" || /bin/mkdir -p "/var/tmp/cracklib-root/usr/lib64"
 /bin/sh ../libtool   --mode=install /usr/bin/install -c   libcrack.la '/var/tmp/cracklib-root/usr/lib64'
libtool: install: /usr/bin/install -c .libs/libcrack.so.2.8.1 /var/tmp/cracklib-root/usr/lib64/libcrack.so.2.8.1
libtool: install: (cd /var/tmp/cracklib-root/usr/lib64 && { ln -s -f libcrack.so.2.8.1 libcrack.so.2 || { rm -f libcrack.so.2 && ln -s libcrack.so.2.8.1 libcrack.so.2; }; })
libtool: install: (cd /var/tmp/cracklib-root/usr/lib64 && { ln -s -f libcrack.so.2.8.1 libcrack.so || { rm -f libcrack.so && ln -s libcrack.so.2.8.1 libcrack.so; }; })
libtool: install: /usr/bin/install -c .libs/libcrack.lai /var/tmp/cracklib-root/usr/lib64/libcrack.la
libtool: install: /usr/bin/install -c .libs/libcrack.a /var/tmp/cracklib-root/usr/lib64/libcrack.a
libtool: install: chmod 644 /var/tmp/cracklib-root/usr/lib64/libcrack.a
libtool: install: ranlib /var/tmp/cracklib-root/usr/lib64/libcrack.a
libtool: install: warning: remember to run `libtool --finish /usr/lib64'
test -z "/usr/include" || /bin/mkdir -p "/var/tmp/cracklib-root/usr/include"
 /usr/bin/install -c -m 644 crack.h packer.h '/var/tmp/cracklib-root/usr/include'
make[2]: Leaving directory `/usr/src/rpm/BUILD/cracklib-2.8.18/lib'
make[1]: Leaving directory `/usr/src/rpm/BUILD/cracklib-2.8.18/lib'
Making install in util
make[1]: Entering directory `/usr/src/rpm/BUILD/cracklib-2.8.18/util'
make[2]: Entering directory `/usr/src/rpm/BUILD/cracklib-2.8.18/util'
test -z "/usr/sbin" || /bin/mkdir -p "/var/tmp/cracklib-root/usr/sbin"
  /bin/sh ../libtool   --mode=install /usr/bin/install -c cracklib-packer cracklib-unpacker cracklib-check '/var/tmp/cracklib-root/usr/sbin'
libtool: install: warning: `../lib/libcrack.la' has not been installed in `/usr/lib64'
libtool: install: /usr/bin/install -c .libs/cracklib-packer /var/tmp/cracklib-root/usr/sbin/cracklib-packer
libtool: install: warning: `../lib/libcrack.la' has not been installed in `/usr/lib64'
libtool: install: /usr/bin/install -c .libs/cracklib-unpacker /var/tmp/cracklib-root/usr/sbin/cracklib-unpacker
libtool: install: warning: `../lib/libcrack.la' has not been installed in `/usr/lib64'
libtool: install: /usr/bin/install -c .libs/cracklib-check /var/tmp/cracklib-root/usr/sbin/cracklib-check
test -z "/usr/sbin" || /bin/mkdir -p "/var/tmp/cracklib-root/usr/sbin"
 /usr/bin/install -c create-cracklib-dict cracklib-format '/var/tmp/cracklib-root/usr/sbin'
make[2]: Nothing to be done for `install-data-am'.
make[2]: Leaving directory `/usr/src/rpm/BUILD/cracklib-2.8.18/util'
make[1]: Leaving directory `/usr/src/rpm/BUILD/cracklib-2.8.18/util'
Making install in po
make[1]: Entering directory `/usr/src/rpm/BUILD/cracklib-2.8.18/po'
/bin/sh .././mkinstalldirs /var/tmp/cracklib-root/usr/share
mkdir /var/tmp/cracklib-root/usr/share
mkdir /var/tmp/cracklib-root/usr/share/locale
mkdir /var/tmp/cracklib-root/usr/share/locale/as
mkdir /var/tmp/cracklib-root/usr/share/locale/as/LC_MESSAGES
installing as.gmo as /var/tmp/cracklib-root/usr/share/locale/as/LC_MESSAGES/cracklib.mo
mkdir /var/tmp/cracklib-root/usr/share/locale/bn_IN
mkdir /var/tmp/cracklib-root/usr/share/locale/bn_IN/LC_MESSAGES
installing bn_IN.gmo as /var/tmp/cracklib-root/usr/share/locale/bn_IN/LC_MESSAGES/cracklib.mo
mkdir /var/tmp/cracklib-root/usr/share/locale/cs
mkdir /var/tmp/cracklib-root/usr/share/locale/cs/LC_MESSAGES
installing cs.gmo as /var/tmp/cracklib-root/usr/share/locale/cs/LC_MESSAGES/cracklib.mo
mkdir /var/tmp/cracklib-root/usr/share/locale/da
mkdir /var/tmp/cracklib-root/usr/share/locale/da/LC_MESSAGES
installing da.gmo as /var/tmp/cracklib-root/usr/share/locale/da/LC_MESSAGES/cracklib.mo
mkdir /var/tmp/cracklib-root/usr/share/locale/de
mkdir /var/tmp/cracklib-root/usr/share/locale/de/LC_MESSAGES
installing de.gmo as /var/tmp/cracklib-root/usr/share/locale/de/LC_MESSAGES/cracklib.mo
mkdir /var/tmp/cracklib-root/usr/share/locale/el
mkdir /var/tmp/cracklib-root/usr/share/locale/el/LC_MESSAGES
installing el.gmo as /var/tmp/cracklib-root/usr/share/locale/el/LC_MESSAGES/cracklib.mo
mkdir /var/tmp/cracklib-root/usr/share/locale/es
mkdir /var/tmp/cracklib-root/usr/share/locale/es/LC_MESSAGES
installing es.gmo as /var/tmp/cracklib-root/usr/share/locale/es/LC_MESSAGES/cracklib.mo
mkdir /var/tmp/cracklib-root/usr/share/locale/fi
mkdir /var/tmp/cracklib-root/usr/share/locale/fi/LC_MESSAGES
installing fi.gmo as /var/tmp/cracklib-root/usr/share/locale/fi/LC_MESSAGES/cracklib.mo
mkdir /var/tmp/cracklib-root/usr/share/locale/fr
mkdir /var/tmp/cracklib-root/usr/share/locale/fr/LC_MESSAGES
installing fr.gmo as /var/tmp/cracklib-root/usr/share/locale/fr/LC_MESSAGES/cracklib.mo
mkdir /var/tmp/cracklib-root/usr/share/locale/gu
mkdir /var/tmp/cracklib-root/usr/share/locale/gu/LC_MESSAGES
installing gu.gmo as /var/tmp/cracklib-root/usr/share/locale/gu/LC_MESSAGES/cracklib.mo
mkdir /var/tmp/cracklib-root/usr/share/locale/hi
mkdir /var/tmp/cracklib-root/usr/share/locale/hi/LC_MESSAGES
installing hi.gmo as /var/tmp/cracklib-root/usr/share/locale/hi/LC_MESSAGES/cracklib.mo
mkdir /var/tmp/cracklib-root/usr/share/locale/hu
mkdir /var/tmp/cracklib-root/usr/share/locale/hu/LC_MESSAGES
installing hu.gmo as /var/tmp/cracklib-root/usr/share/locale/hu/LC_MESSAGES/cracklib.mo
mkdir /var/tmp/cracklib-root/usr/share/locale/it
mkdir /var/tmp/cracklib-root/usr/share/locale/it/LC_MESSAGES
installing it.gmo as /var/tmp/cracklib-root/usr/share/locale/it/LC_MESSAGES/cracklib.mo
mkdir /var/tmp/cracklib-root/usr/share/locale/ja
mkdir /var/tmp/cracklib-root/usr/share/locale/ja/LC_MESSAGES
installing ja.gmo as /var/tmp/cracklib-root/usr/share/locale/ja/LC_MESSAGES/cracklib.mo
mkdir /var/tmp/cracklib-root/usr/share/locale/kn
mkdir /var/tmp/cracklib-root/usr/share/locale/kn/LC_MESSAGES
installing kn.gmo as /var/tmp/cracklib-root/usr/share/locale/kn/LC_MESSAGES/cracklib.mo
mkdir /var/tmp/cracklib-root/usr/share/locale/ko
mkdir /var/tmp/cracklib-root/usr/share/locale/ko/LC_MESSAGES
installing ko.gmo as /var/tmp/cracklib-root/usr/share/locale/ko/LC_MESSAGES/cracklib.mo
mkdir /var/tmp/cracklib-root/usr/share/locale/lt
mkdir /var/tmp/cracklib-root/usr/share/locale/lt/LC_MESSAGES
installing lt.gmo as /var/tmp/cracklib-root/usr/share/locale/lt/LC_MESSAGES/cracklib.mo
mkdir /var/tmp/cracklib-root/usr/share/locale/nb
mkdir /var/tmp/cracklib-root/usr/share/locale/nb/LC_MESSAGES
installing nb.gmo as /var/tmp/cracklib-root/usr/share/locale/nb/LC_MESSAGES/cracklib.mo
mkdir /var/tmp/cracklib-root/usr/share/locale/nl
mkdir /var/tmp/cracklib-root/usr/share/locale/nl/LC_MESSAGES
installing nl.gmo as /var/tmp/cracklib-root/usr/share/locale/nl/LC_MESSAGES/cracklib.mo
mkdir /var/tmp/cracklib-root/usr/share/locale/ml
mkdir /var/tmp/cracklib-root/usr/share/locale/ml/LC_MESSAGES
installing ml.gmo as /var/tmp/cracklib-root/usr/share/locale/ml/LC_MESSAGES/cracklib.mo
mkdir /var/tmp/cracklib-root/usr/share/locale/mr
mkdir /var/tmp/cracklib-root/usr/share/locale/mr/LC_MESSAGES
installing mr.gmo as /var/tmp/cracklib-root/usr/share/locale/mr/LC_MESSAGES/cracklib.mo
mkdir /var/tmp/cracklib-root/usr/share/locale/or
mkdir /var/tmp/cracklib-root/usr/share/locale/or/LC_MESSAGES
installing or.gmo as /var/tmp/cracklib-root/usr/share/locale/or/LC_MESSAGES/cracklib.mo
mkdir /var/tmp/cracklib-root/usr/share/locale/pa
mkdir /var/tmp/cracklib-root/usr/share/locale/pa/LC_MESSAGES
installing pa.gmo as /var/tmp/cracklib-root/usr/share/locale/pa/LC_MESSAGES/cracklib.mo
mkdir /var/tmp/cracklib-root/usr/share/locale/pl
mkdir /var/tmp/cracklib-root/usr/share/locale/pl/LC_MESSAGES
installing pl.gmo as /var/tmp/cracklib-root/usr/share/locale/pl/LC_MESSAGES/cracklib.mo
mkdir /var/tmp/cracklib-root/usr/share/locale/pt_BR
mkdir /var/tmp/cracklib-root/usr/share/locale/pt_BR/LC_MESSAGES
installing pt_BR.gmo as /var/tmp/cracklib-root/usr/share/locale/pt_BR/LC_MESSAGES/cracklib.mo
mkdir /var/tmp/cracklib-root/usr/share/locale/pt
mkdir /var/tmp/cracklib-root/usr/share/locale/pt/LC_MESSAGES
installing pt.gmo as /var/tmp/cracklib-root/usr/share/locale/pt/LC_MESSAGES/cracklib.mo
mkdir /var/tmp/cracklib-root/usr/share/locale/ru
mkdir /var/tmp/cracklib-root/usr/share/locale/ru/LC_MESSAGES
installing ru.gmo as /var/tmp/cracklib-root/usr/share/locale/ru/LC_MESSAGES/cracklib.mo
mkdir /var/tmp/cracklib-root/usr/share/locale/sl_SI
mkdir /var/tmp/cracklib-root/usr/share/locale/sl_SI/LC_MESSAGES
installing sl_SI.gmo as /var/tmp/cracklib-root/usr/share/locale/sl_SI/LC_MESSAGES/cracklib.mo
mkdir /var/tmp/cracklib-root/usr/share/locale/sk
mkdir /var/tmp/cracklib-root/usr/share/locale/sk/LC_MESSAGES
installing sk.gmo as /var/tmp/cracklib-root/usr/share/locale/sk/LC_MESSAGES/cracklib.mo
mkdir /var/tmp/cracklib-root/usr/share/locale/ta
mkdir /var/tmp/cracklib-root/usr/share/locale/ta/LC_MESSAGES
installing ta.gmo as /var/tmp/cracklib-root/usr/share/locale/ta/LC_MESSAGES/cracklib.mo
mkdir /var/tmp/cracklib-root/usr/share/locale/te
mkdir /var/tmp/cracklib-root/usr/share/locale/te/LC_MESSAGES
installing te.gmo as /var/tmp/cracklib-root/usr/share/locale/te/LC_MESSAGES/cracklib.mo
mkdir /var/tmp/cracklib-root/usr/share/locale/tr
mkdir /var/tmp/cracklib-root/usr/share/locale/tr/LC_MESSAGES
installing tr.gmo as /var/tmp/cracklib-root/usr/share/locale/tr/LC_MESSAGES/cracklib.mo
mkdir /var/tmp/cracklib-root/usr/share/locale/uk
mkdir /var/tmp/cracklib-root/usr/share/locale/uk/LC_MESSAGES
installing uk.gmo as /var/tmp/cracklib-root/usr/share/locale/uk/LC_MESSAGES/cracklib.mo
mkdir /var/tmp/cracklib-root/usr/share/locale/zh_CN
mkdir /var/tmp/cracklib-root/usr/share/locale/zh_CN/LC_MESSAGES
installing zh_CN.gmo as /var/tmp/cracklib-root/usr/share/locale/zh_CN/LC_MESSAGES/cracklib.mo
mkdir /var/tmp/cracklib-root/usr/share/locale/zh_TW
mkdir /var/tmp/cracklib-root/usr/share/locale/zh_TW/LC_MESSAGES
installing zh_TW.gmo as /var/tmp/cracklib-root/usr/share/locale/zh_TW/LC_MESSAGES/cracklib.mo
if test "cracklib" = "gettext-tools"; then \
  /bin/sh .././mkinstalldirs /var/tmp/cracklib-root/usr/share/gettext/po; \
  for file in Makefile.in.in remove-potcdate.sin quot.sed boldquot.sed en@quot.header en@boldquot.header insert-header.sin Rules-quot   Makevars.template; do \
    /usr/bin/install -c -m 644 ./$file \
		    /var/tmp/cracklib-root/usr/share/gettext/po/$file; \
  done; \
  for file in Makevars; do \
    rm -f /var/tmp/cracklib-root/usr/share/gettext/po/$file; \
  done; \
else \
  : ; \
fi
make[1]: Leaving directory `/usr/src/rpm/BUILD/cracklib-2.8.18/po'
Making install in doc
make[1]: Entering directory `/usr/src/rpm/BUILD/cracklib-2.8.18/doc'
make[2]: Entering directory `/usr/src/rpm/BUILD/cracklib-2.8.18/doc'
make[2]: Nothing to be done for `install-exec-am'.
test -z "/usr/share/cracklib" || /bin/mkdir -p "/var/tmp/cracklib-root/usr/share/cracklib"
 /usr/bin/install -c -m 644 cracklib.magic '/var/tmp/cracklib-root/usr/share/cracklib'
make[2]: Leaving directory `/usr/src/rpm/BUILD/cracklib-2.8.18/doc'
make[1]: Leaving directory `/usr/src/rpm/BUILD/cracklib-2.8.18/doc'
Making install in python
make[1]: Entering directory `/usr/src/rpm/BUILD/cracklib-2.8.18/python'
make[2]: Entering directory `/usr/src/rpm/BUILD/cracklib-2.8.18/python'
test -z "/usr/lib/python2.7/site-packages" || /bin/mkdir -p "/var/tmp/cracklib-root/usr/lib/python2.7/site-packages"
 /bin/sh ../libtool   --mode=install /usr/bin/install -c   _cracklibmodule.la '/var/tmp/cracklib-root/usr/lib/python2.7/site-packages'
libtool: install: warning: relinking `_cracklibmodule.la'
libtool: install: (cd /usr/src/rpm/BUILD/cracklib-2.8.18/python; /bin/sh /usr/src/rpm/BUILD/cracklib-2.8.18/libtool  --tag CC --mode=relink gcc -I../lib -Wall -Os -pipe -module -avoid-version ../lib/libcrack.la -o _cracklibmodule.la -rpath /usr/lib/python2.7/site-packages _cracklibmodule.lo -lz -inst-prefix-dir /var/tmp/cracklib-root)
libtool: relink: gcc -shared  .libs/_cracklibmodule.o   -L/var/tmp/cracklib-root/usr/lib64 -L/usr/lib64 -lcrack -lz    -Wl,-soname -Wl,_cracklibmodule.so -o .libs/_cracklibmodule.so
libtool: install: /usr/bin/install -c .libs/_cracklibmodule.soT /var/tmp/cracklib-root/usr/lib/python2.7/site-packages/_cracklibmodule.so
libtool: install: /usr/bin/install -c .libs/_cracklibmodule.lai /var/tmp/cracklib-root/usr/lib/python2.7/site-packages/_cracklibmodule.la
libtool: install: /usr/bin/install -c .libs/_cracklibmodule.a /var/tmp/cracklib-root/usr/lib/python2.7/site-packages/_cracklibmodule.a
libtool: install: chmod 644 /var/tmp/cracklib-root/usr/lib/python2.7/site-packages/_cracklibmodule.a
libtool: install: ranlib /var/tmp/cracklib-root/usr/lib/python2.7/site-packages/_cracklibmodule.a
libtool: install: warning: remember to run `libtool --finish /usr/lib/python2.7/site-packages'
test -z "/usr/lib/python2.7/site-packages" || /bin/mkdir -p "/var/tmp/cracklib-root/usr/lib/python2.7/site-packages"
 /usr/bin/install -c -m 644 cracklib.py '/var/tmp/cracklib-root/usr/lib/python2.7/site-packages'
Byte-compiling python modules...
cracklib.py
Byte-compiling python modules (optimized versions) ...
cracklib.py
make[2]: Leaving directory `/usr/src/rpm/BUILD/cracklib-2.8.18/python'
make[1]: Leaving directory `/usr/src/rpm/BUILD/cracklib-2.8.18/python'
Making install in dicts
make[1]: Entering directory `/usr/src/rpm/BUILD/cracklib-2.8.18/dicts'
make[2]: Entering directory `/usr/src/rpm/BUILD/cracklib-2.8.18/dicts'
make[2]: Nothing to be done for `install-exec-am'.
test -z "/usr/share/cracklib" || /bin/mkdir -p "/var/tmp/cracklib-root/usr/share/cracklib"
 /usr/bin/install -c -m 644 cracklib-small '/var/tmp/cracklib-root/usr/share/cracklib'
make[2]: Leaving directory `/usr/src/rpm/BUILD/cracklib-2.8.18/dicts'
make[1]: Leaving directory `/usr/src/rpm/BUILD/cracklib-2.8.18/dicts'
make[1]: Entering directory `/usr/src/rpm/BUILD/cracklib-2.8.18'

=======================================================
Be sure and obtain a large wordlist file and run
make install and make dict to generate the word
list index file. See the README file for more details.
=======================================================

make[2]: Entering directory `/usr/src/rpm/BUILD/cracklib-2.8.18'
make[2]: Nothing to be done for `install-exec-am'.
make[2]: Nothing to be done for `install-data-am'.
make[2]: Leaving directory `/usr/src/rpm/BUILD/cracklib-2.8.18'
make[1]: Leaving directory `/usr/src/rpm/BUILD/cracklib-2.8.18'
+ mkdir -p /var/tmp/cracklib-root/lib64/cracklib
+ mv -v /var/tmp/cracklib-root/usr/lib64/libcrack.so.2 /var/tmp/cracklib-root/usr/lib64/libcrack.so.2.8.1 /var/tmp/cracklib-root/lib64
`/var/tmp/cracklib-root/usr/lib64/libcrack.so.2' -> `/var/tmp/cracklib-root/lib64/libcrack.so.2'
`/var/tmp/cracklib-root/usr/lib64/libcrack.so.2.8.1' -> `/var/tmp/cracklib-root/lib64/libcrack.so.2.8.1'
+ ln -v -sf ../../lib64/libcrack.so.2.8.1 /var/tmp/cracklib-root/usr/lib64/libcrack.so
`/var/tmp/cracklib-root/usr/lib64/libcrack.so' -> `../../lib64/libcrack.so.2.8.1'
+ install -v -m644 -D /usr/src/rpm/SOURCES/cracklib-words-20080507.gz /var/tmp/cracklib-root/usr/share/dict/cracklib-words.gz
install: creating directory `/var/tmp/cracklib-root/usr/share/dict'
`/usr/src/rpm/SOURCES/cracklib-words-20080507.gz' -> `/var/tmp/cracklib-root/usr/share/dict/cracklib-words.gz'
+ gunzip -fv /var/tmp/cracklib-root/usr/share/dict/cracklib-words.gz
/var/tmp/cracklib-root/usr/share/dict/cracklib-words.gz:	 73.2% -- replaced with /var/tmp/cracklib-root/usr/share/dict/cracklib-words
+ ln -svf cracklib-words /var/tmp/cracklib-root/usr/share/dict/words
`/var/tmp/cracklib-root/usr/share/dict/words' -> `cracklib-words'
+ /usr/lib/rpm/find-lang.sh /var/tmp/cracklib-root cracklib
+ /usr/lib/rpm/strip.sh /var/tmp/cracklib-root
copy from `/var/tmp/cracklib-root/lib64/libcrack.so.2.8.1' [elf64-x86-64] to `/var/tmp/cracklib-root/lib64/stAUZfQj' [elf64-x86-64]
copy from `/var/tmp/cracklib-root/usr/lib/python2.7/site-packages/_cracklibmodule.a(_cracklibmodule.o)' [elf64-x86-64] to `/var/tmp/cracklib-root/usr/lib/python2.7/site-packages/stSqJPRQ/_cracklibmodule.o' [elf64-x86-64]
copy from `/var/tmp/cracklib-root/usr/lib/python2.7/site-packages/_cracklibmodule.so' [elf64-x86-64] to `/var/tmp/cracklib-root/usr/lib/python2.7/site-packages/stcXnfUj' [elf64-x86-64]
copy from `/var/tmp/cracklib-root/usr/sbin/cracklib-check' [elf64-x86-64] to `/var/tmp/cracklib-root/usr/sbin/stnilq8k' [elf64-x86-64]
copy from `/var/tmp/cracklib-root/usr/sbin/cracklib-unpacker' [elf64-x86-64] to `/var/tmp/cracklib-root/usr/sbin/stSHn74k' [elf64-x86-64]
copy from `/var/tmp/cracklib-root/usr/sbin/cracklib-packer' [elf64-x86-64] to `/var/tmp/cracklib-root/usr/sbin/stxmCZYk' [elf64-x86-64]
copy from `/var/tmp/cracklib-root/usr/lib64/libcrack.a(fascist.o)' [elf64-x86-64] to `/var/tmp/cracklib-root/usr/lib64/stw79fdS/fascist.o' [elf64-x86-64]
copy from `/var/tmp/cracklib-root/usr/lib64/libcrack.a(packlib.o)' [elf64-x86-64] to `/var/tmp/cracklib-root/usr/lib64/stw79fdS/packlib.o' [elf64-x86-64]
copy from `/var/tmp/cracklib-root/usr/lib64/libcrack.a(rules.o)' [elf64-x86-64] to `/var/tmp/cracklib-root/usr/lib64/stw79fdS/rules.o' [elf64-x86-64]
copy from `/var/tmp/cracklib-root/usr/lib64/libcrack.a(stringlib.o)' [elf64-x86-64] to `/var/tmp/cracklib-root/usr/lib64/stw79fdS/stringlib.o' [elf64-x86-64]
+ exit 0
Processing files: cracklib-2.8.18-3.x86_64
Provides: libcrack.so.2()(64bit)
Requires(interp): /bin/sh /bin/sh
Requires(post): /bin/sh /usr/sbin/create-cracklib-dict grep
Requires(postun): /bin/rm /bin/sh
Requires: /bin/rm /bin/sh /usr/sbin/create-cracklib-dict libc.so.6()(64bit) libc.so.6(GLIBC_2.2.5)(64bit) libc.so.6(GLIBC_2.3)(64bit) libcrack.so.2()(64bit) libz.so.1()(64bit)
Processing files: cracklib-python-2.8.18-3.x86_64
Provides: _cracklibmodule.so()(64bit)
Requires: libc.so.6()(64bit) libc.so.6(GLIBC_2.2.5)(64bit) libcrack.so.2()(64bit) libz.so.1()(64bit) python(abi) = 2.7
Processing files: cracklib-devel-2.8.18-3.x86_64
Provides: libtool(/usr/lib64/libcrack.la)
Checking for unpackaged file(s): /usr/lib/rpm/check-files /var/tmp/cracklib-root
Wrote: /usr/src/rpm/SRPMS/cracklib-2.8.18-3.src.rpm
Wrote: /usr/src/rpm/RPMS/x86_64/cracklib-2.8.18-3.x86_64.rpm
Wrote: /usr/src/rpm/RPMS/x86_64/cracklib-python-2.8.18-3.x86_64.rpm
Wrote: /usr/src/rpm/RPMS/x86_64/cracklib-devel-2.8.18-3.x86_64.rpm
Executing(%clean): /bin/sh -e /var/tmp/rpm-tmp.17420
+ umask 022
+ cd /usr/src/rpm/BUILD
+ cd cracklib-2.8.18
+ /bin/rm -rf /var/tmp/cracklib-root
