Fetching(Source0): http://apache.tradebit.com/pub//apr/apr-util-1.3.12.tar.bz2
Executing(%prep): /bin/sh -e /var/tmp/rpm-tmp.81595
+ umask 022
+ cd /usr/src/rpm/BUILD
+ cd /usr/src/rpm/BUILD
+ rm -rf apr-util-1.3.12
+ /bin/bzip2 -dc /usr/src/rpm/SOURCES/apr-util-1.3.12.tar.bz2
+ /bin/tar -xf -
+ STATUS=0
+ '[' 0 -ne 0 ']'
+ cd apr-util-1.3.12
+ exit 0
Executing(%build): /bin/sh -e /var/tmp/rpm-tmp.52889
+ umask 022
+ cd /usr/src/rpm/BUILD
+ cd apr-util-1.3.12
+ export 'CFLAGS=-Os -pipe'
+ CFLAGS='-Os -pipe'
+ ./configure --prefix=/usr --libdir=/usr/lib64 --with-apr=/usr --with-dbm=db4 --with-berkeley-db
checking build system type... x86_64-unknown-linux-gnu
checking host system type... x86_64-unknown-linux-gnu
checking target system type... x86_64-unknown-linux-gnu
checking for a BSD-compatible install... /usr/bin/install -c
checking for working mkdir -p... yes
APR-util Version: 1.3.12
checking for chosen layout... apr-util
checking for gcc... gcc
checking for C compiler default output file name... a.out
checking whether the C compiler works... yes
checking whether we are cross compiling... no
checking for suffix of executables... 
checking for suffix of object files... o
checking whether we are using the GNU C compiler... yes
checking whether gcc accepts -g... yes
checking for gcc option to accept ISO C89... none needed
Applying apr-util hints file rules for x86_64-unknown-linux-gnu
checking for APR... yes
  setting CPP to "gcc -E"
  adding "-pthread" to CFLAGS
  setting CPPFLAGS to " -DLINUX=2 -D_REENTRANT -D_GNU_SOURCE"
checking how to run the C preprocessor... gcc -E
checking for grep that handles long lines and -e... /bin/grep
checking for egrep... /bin/grep -E
checking for ANSI C header files... yes
checking for sys/types.h... yes
checking for sys/stat.h... yes
checking for stdlib.h... yes
checking for string.h... yes
checking for memory.h... yes
checking for strings.h... yes
checking for inttypes.h... yes
checking for stdint.h... yes
checking for unistd.h... yes
checking for ldap support...
checking for Berkeley DB 4.0 in the standard places... 
checking db4/db.h usability... no
checking db4/db.h presence... no
checking for db4/db.h... no
checking db.h usability... yes
checking db.h presence... yes
checking for db.h... yes
checking for -ldb-4.0... no
checking db4/db.h usability... no
checking db4/db.h presence... no
checking for db4/db.h... no
checking db.h usability... yes
checking db.h presence... yes
checking for db.h... yes
checking for -ldb4... no
checking db4/db.h usability... no
checking db4/db.h presence... no
checking for db4/db.h... no
checking db.h usability... yes
checking db.h presence... yes
checking for db.h... yes
checking for -ldb... yes
checking for default DBM... db4
checking for pg_config... no
checking libpq-fe.h usability... no
checking libpq-fe.h presence... no
checking for libpq-fe.h... no
checking postgresql/libpq-fe.h usability... no
checking postgresql/libpq-fe.h presence... no
checking for postgresql/libpq-fe.h... no
checking sqlite3.h usability... no
checking sqlite3.h presence... no
checking for sqlite3.h... no
checking sqlite.h usability... no
checking sqlite.h presence... no
checking for sqlite.h... no
checking sybdb.h usability... no
checking sybdb.h presence... no
checking for sybdb.h... no
checking freetds/sybdb.h usability... no
checking freetds/sybdb.h presence... no
checking for freetds/sybdb.h... no
checking for odbc_config... no
checking sql.h usability... no
checking sql.h presence... no
checking for sql.h... no
checking odbc/sql.h usability... no
checking odbc/sql.h presence... no
checking for odbc/sql.h... no
checking Expat 1.95.x... yes
  setting APRUTIL_EXPORT_LIBS to "-lexpat"
  setting APRUTIL_LIBS to "-lexpat"
checking iconv.h usability... yes
checking iconv.h presence... yes
checking for iconv.h... yes
checking for type of inbuf parameter to iconv... char **
checking for iconv.h... (cached) yes
checking langinfo.h usability... yes
checking langinfo.h presence... yes
checking for langinfo.h... yes
checking for nl_langinfo... yes
checking for CODESET in langinfo.h... yes
checking whether APR has DSO support... yes
checking for library containing crypt... -lcrypt
checking if system crypt() function is threadsafe... no
checking for crypt_r... yes
checking style of crypt_r... struct_crypt_data
  adding "/usr/lib64/libapr-1.la" to APRUTIL_LIBS
  adding "-lrt" to APRUTIL_LIBS
  adding "-lcrypt" to APRUTIL_LIBS
  adding "-lpthread" to APRUTIL_LIBS
  adding "-ldl" to APRUTIL_LIBS
configure: creating ./config.status
config.status: creating Makefile
config.status: creating export_vars.sh
config.status: creating build/pkg/pkginfo
config.status: creating apr-util.pc
config.status: creating apu-1-config
config.status: creating include/private/apu_select_dbm.h
config.status: creating include/apr_ldap.h
config.status: creating include/apu.h
config.status: creating include/apu_want.h
config.status: creating test/Makefile
config.status: creating include/private/apu_config.h
config.status: executing default commands
+ make -j4
make[1]: Entering directory `/usr/src/rpm/BUILD/apr-util-1.3.12'
gawk -f /usr/share/apr-1/make_exports.awk /usr/src/rpm/BUILD/apr-util-1.3.12/include/apr_anylock.h /usr/src/rpm/BUILD/apr-util-1.3.12/include/apr_base64.h /usr/src/rpm/BUILD/apr-util-1.3.12/include/apr_buckets.h /usr/src/rpm/BUILD/apr-util-1.3.12/include/apr_date.h /usr/src/rpm/BUILD/apr-util-1.3.12/include/apr_dbd.h /usr/src/rpm/BUILD/apr-util-1.3.12/include/apr_dbm.h /usr/src/rpm/BUILD/apr-util-1.3.12/include/apr_hooks.h /usr/src/rpm/BUILD/apr-util-1.3.12/include/apr_ldap_init.h /usr/src/rpm/BUILD/apr-util-1.3.12/include/apr_ldap_option.h /usr/src/rpm/BUILD/apr-util-1.3.12/include/apr_ldap_rebind.h /usr/src/rpm/BUILD/apr-util-1.3.12/include/apr_ldap_url.h /usr/src/rpm/BUILD/apr-util-1.3.12/include/apr_md4.h /usr/src/rpm/BUILD/apr-util-1.3.12/include/apr_md5.h /usr/src/rpm/BUILD/apr-util-1.3.12/include/apr_memcache.h /usr/src/rpm/BUILD/apr-util-1.3.12/include/apr_optional.h /usr/src/rpm/BUILD/apr-util-1.3.12/include/apr_optional_hooks.h /usr/src/rpm/BUILD/apr-util-1.3.12/include/apr_queue.h /usr/src/rpm/BUILD/apr-util-1.3.12/include/apr_reslist.h /usr/src/rpm/BUILD/apr-util-1.3.12/include/apr_rmm.h /usr/src/rpm/BUILD/apr-util-1.3.12/include/apr_sdbm.h /usr/src/rpm/BUILD/apr-util-1.3.12/include/apr_sha1.h /usr/src/rpm/BUILD/apr-util-1.3.12/include/apr_strmatch.h /usr/src/rpm/BUILD/apr-util-1.3.12/include/apr_thread_pool.h /usr/src/rpm/BUILD/apr-util-1.3.12/include/apr_uri.h /usr/src/rpm/BUILD/apr-util-1.3.12/include/apr_uuid.h /usr/src/rpm/BUILD/apr-util-1.3.12/include/apr_xlate.h /usr/src/rpm/BUILD/apr-util-1.3.12/include/apr_xml.h /usr/src/rpm/BUILD/apr-util-1.3.12/include/apu_version.h /usr/src/rpm/BUILD/apr-util-1.3.12/include/private/apr_dbd_internal.h /usr/src/rpm/BUILD/apr-util-1.3.12/include/private/apr_dbd_odbc_v2.h /usr/src/rpm/BUILD/apr-util-1.3.12/include/private/apr_dbm_private.h /usr/src/rpm/BUILD/apr-util-1.3.12/include/private/apu_internal.h > exports.c
gawk -f /usr/share/apr-1/make_var_export.awk /usr/src/rpm/BUILD/apr-util-1.3.12/include/apr_anylock.h /usr/src/rpm/BUILD/apr-util-1.3.12/include/apr_base64.h /usr/src/rpm/BUILD/apr-util-1.3.12/include/apr_buckets.h /usr/src/rpm/BUILD/apr-util-1.3.12/include/apr_date.h /usr/src/rpm/BUILD/apr-util-1.3.12/include/apr_dbd.h /usr/src/rpm/BUILD/apr-util-1.3.12/include/apr_dbm.h /usr/src/rpm/BUILD/apr-util-1.3.12/include/apr_hooks.h /usr/src/rpm/BUILD/apr-util-1.3.12/include/apr_ldap_init.h /usr/src/rpm/BUILD/apr-util-1.3.12/include/apr_ldap_option.h /usr/src/rpm/BUILD/apr-util-1.3.12/include/apr_ldap_rebind.h /usr/src/rpm/BUILD/apr-util-1.3.12/include/apr_ldap_url.h /usr/src/rpm/BUILD/apr-util-1.3.12/include/apr_md4.h /usr/src/rpm/BUILD/apr-util-1.3.12/include/apr_md5.h /usr/src/rpm/BUILD/apr-util-1.3.12/include/apr_memcache.h /usr/src/rpm/BUILD/apr-util-1.3.12/include/apr_optional.h /usr/src/rpm/BUILD/apr-util-1.3.12/include/apr_optional_hooks.h /usr/src/rpm/BUILD/apr-util-1.3.12/include/apr_queue.h /usr/src/rpm/BUILD/apr-util-1.3.12/include/apr_reslist.h /usr/src/rpm/BUILD/apr-util-1.3.12/include/apr_rmm.h /usr/src/rpm/BUILD/apr-util-1.3.12/include/apr_sdbm.h /usr/src/rpm/BUILD/apr-util-1.3.12/include/apr_sha1.h /usr/src/rpm/BUILD/apr-util-1.3.12/include/apr_strmatch.h /usr/src/rpm/BUILD/apr-util-1.3.12/include/apr_thread_pool.h /usr/src/rpm/BUILD/apr-util-1.3.12/include/apr_uri.h /usr/src/rpm/BUILD/apr-util-1.3.12/include/apr_uuid.h /usr/src/rpm/BUILD/apr-util-1.3.12/include/apr_xlate.h /usr/src/rpm/BUILD/apr-util-1.3.12/include/apr_xml.h /usr/src/rpm/BUILD/apr-util-1.3.12/include/apu_version.h /usr/src/rpm/BUILD/apr-util-1.3.12/include/private/apr_dbd_internal.h /usr/src/rpm/BUILD/apr-util-1.3.12/include/private/apr_dbd_odbc_v2.h /usr/src/rpm/BUILD/apr-util-1.3.12/include/private/apr_dbm_private.h /usr/src/rpm/BUILD/apr-util-1.3.12/include/private/apu_internal.h > export_vars.c
sed 's,^\(location=\).*$,\1installed,' < apu-1-config > apu-config.out
/bin/sh /usr/share/apr-1/libtool --silent --mode=compile gcc -pthread  -Os -pipe -DHAVE_CONFIG_H -DLINUX=2 -D_REENTRANT -D_GNU_SOURCE   -I/usr/src/rpm/BUILD/apr-util-1.3.12/include -I/usr/src/rpm/BUILD/apr-util-1.3.12/include/private  -I/usr/include/apr-1    -o buckets/apr_brigade.lo -c buckets/apr_brigade.c && touch buckets/apr_brigade.lo
/bin/sh /usr/share/apr-1/libtool --silent --mode=compile gcc -pthread  -Os -pipe -DHAVE_CONFIG_H -DLINUX=2 -D_REENTRANT -D_GNU_SOURCE   -I/usr/src/rpm/BUILD/apr-util-1.3.12/include -I/usr/src/rpm/BUILD/apr-util-1.3.12/include/private  -I/usr/include/apr-1    -o buckets/apr_buckets.lo -c buckets/apr_buckets.c && touch buckets/apr_buckets.lo
/bin/sh /usr/share/apr-1/libtool --silent --mode=compile gcc -pthread  -Os -pipe -DHAVE_CONFIG_H -DLINUX=2 -D_REENTRANT -D_GNU_SOURCE   -I/usr/src/rpm/BUILD/apr-util-1.3.12/include -I/usr/src/rpm/BUILD/apr-util-1.3.12/include/private  -I/usr/include/apr-1    -o buckets/apr_buckets_alloc.lo -c buckets/apr_buckets_alloc.c && touch buckets/apr_buckets_alloc.lo
/bin/sh /usr/share/apr-1/libtool --silent --mode=compile gcc -pthread  -Os -pipe -DHAVE_CONFIG_H -DLINUX=2 -D_REENTRANT -D_GNU_SOURCE   -I/usr/src/rpm/BUILD/apr-util-1.3.12/include -I/usr/src/rpm/BUILD/apr-util-1.3.12/include/private  -I/usr/include/apr-1    -o buckets/apr_buckets_eos.lo -c buckets/apr_buckets_eos.c && touch buckets/apr_buckets_eos.lo
/bin/sh /usr/share/apr-1/libtool --silent --mode=compile gcc -pthread  -Os -pipe -DHAVE_CONFIG_H -DLINUX=2 -D_REENTRANT -D_GNU_SOURCE   -I/usr/src/rpm/BUILD/apr-util-1.3.12/include -I/usr/src/rpm/BUILD/apr-util-1.3.12/include/private  -I/usr/include/apr-1    -o buckets/apr_buckets_file.lo -c buckets/apr_buckets_file.c && touch buckets/apr_buckets_file.lo
/bin/sh /usr/share/apr-1/libtool --silent --mode=compile gcc -pthread  -Os -pipe -DHAVE_CONFIG_H -DLINUX=2 -D_REENTRANT -D_GNU_SOURCE   -I/usr/src/rpm/BUILD/apr-util-1.3.12/include -I/usr/src/rpm/BUILD/apr-util-1.3.12/include/private  -I/usr/include/apr-1    -o buckets/apr_buckets_flush.lo -c buckets/apr_buckets_flush.c && touch buckets/apr_buckets_flush.lo
/bin/sh /usr/share/apr-1/libtool --silent --mode=compile gcc -pthread  -Os -pipe -DHAVE_CONFIG_H -DLINUX=2 -D_REENTRANT -D_GNU_SOURCE   -I/usr/src/rpm/BUILD/apr-util-1.3.12/include -I/usr/src/rpm/BUILD/apr-util-1.3.12/include/private  -I/usr/include/apr-1    -o buckets/apr_buckets_heap.lo -c buckets/apr_buckets_heap.c && touch buckets/apr_buckets_heap.lo
/bin/sh /usr/share/apr-1/libtool --silent --mode=compile gcc -pthread  -Os -pipe -DHAVE_CONFIG_H -DLINUX=2 -D_REENTRANT -D_GNU_SOURCE   -I/usr/src/rpm/BUILD/apr-util-1.3.12/include -I/usr/src/rpm/BUILD/apr-util-1.3.12/include/private  -I/usr/include/apr-1    -o buckets/apr_buckets_mmap.lo -c buckets/apr_buckets_mmap.c && touch buckets/apr_buckets_mmap.lo
/bin/sh /usr/share/apr-1/libtool --silent --mode=compile gcc -pthread  -Os -pipe -DHAVE_CONFIG_H -DLINUX=2 -D_REENTRANT -D_GNU_SOURCE   -I/usr/src/rpm/BUILD/apr-util-1.3.12/include -I/usr/src/rpm/BUILD/apr-util-1.3.12/include/private  -I/usr/include/apr-1    -o buckets/apr_buckets_pipe.lo -c buckets/apr_buckets_pipe.c && touch buckets/apr_buckets_pipe.lo
/bin/sh /usr/share/apr-1/libtool --silent --mode=compile gcc -pthread  -Os -pipe -DHAVE_CONFIG_H -DLINUX=2 -D_REENTRANT -D_GNU_SOURCE   -I/usr/src/rpm/BUILD/apr-util-1.3.12/include -I/usr/src/rpm/BUILD/apr-util-1.3.12/include/private  -I/usr/include/apr-1    -o buckets/apr_buckets_pool.lo -c buckets/apr_buckets_pool.c && touch buckets/apr_buckets_pool.lo
/bin/sh /usr/share/apr-1/libtool --silent --mode=compile gcc -pthread  -Os -pipe -DHAVE_CONFIG_H -DLINUX=2 -D_REENTRANT -D_GNU_SOURCE   -I/usr/src/rpm/BUILD/apr-util-1.3.12/include -I/usr/src/rpm/BUILD/apr-util-1.3.12/include/private  -I/usr/include/apr-1    -o buckets/apr_buckets_refcount.lo -c buckets/apr_buckets_refcount.c && touch buckets/apr_buckets_refcount.lo
/bin/sh /usr/share/apr-1/libtool --silent --mode=compile gcc -pthread  -Os -pipe -DHAVE_CONFIG_H -DLINUX=2 -D_REENTRANT -D_GNU_SOURCE   -I/usr/src/rpm/BUILD/apr-util-1.3.12/include -I/usr/src/rpm/BUILD/apr-util-1.3.12/include/private  -I/usr/include/apr-1    -o buckets/apr_buckets_simple.lo -c buckets/apr_buckets_simple.c && touch buckets/apr_buckets_simple.lo
/bin/sh /usr/share/apr-1/libtool --silent --mode=compile gcc -pthread  -Os -pipe -DHAVE_CONFIG_H -DLINUX=2 -D_REENTRANT -D_GNU_SOURCE   -I/usr/src/rpm/BUILD/apr-util-1.3.12/include -I/usr/src/rpm/BUILD/apr-util-1.3.12/include/private  -I/usr/include/apr-1    -o buckets/apr_buckets_socket.lo -c buckets/apr_buckets_socket.c && touch buckets/apr_buckets_socket.lo
/bin/sh /usr/share/apr-1/libtool --silent --mode=compile gcc -pthread  -Os -pipe -DHAVE_CONFIG_H -DLINUX=2 -D_REENTRANT -D_GNU_SOURCE   -I/usr/src/rpm/BUILD/apr-util-1.3.12/include -I/usr/src/rpm/BUILD/apr-util-1.3.12/include/private  -I/usr/include/apr-1    -o crypto/apr_md4.lo -c crypto/apr_md4.c && touch crypto/apr_md4.lo
/bin/sh /usr/share/apr-1/libtool --silent --mode=compile gcc -pthread  -Os -pipe -DHAVE_CONFIG_H -DLINUX=2 -D_REENTRANT -D_GNU_SOURCE   -I/usr/src/rpm/BUILD/apr-util-1.3.12/include -I/usr/src/rpm/BUILD/apr-util-1.3.12/include/private  -I/usr/include/apr-1    -o crypto/apr_md5.lo -c crypto/apr_md5.c && touch crypto/apr_md5.lo
/bin/sh /usr/share/apr-1/libtool --silent --mode=compile gcc -pthread  -Os -pipe -DHAVE_CONFIG_H -DLINUX=2 -D_REENTRANT -D_GNU_SOURCE   -I/usr/src/rpm/BUILD/apr-util-1.3.12/include -I/usr/src/rpm/BUILD/apr-util-1.3.12/include/private  -I/usr/include/apr-1    -o crypto/apr_sha1.lo -c crypto/apr_sha1.c && touch crypto/apr_sha1.lo
/bin/sh /usr/share/apr-1/libtool --silent --mode=compile gcc -pthread  -Os -pipe -DHAVE_CONFIG_H -DLINUX=2 -D_REENTRANT -D_GNU_SOURCE   -I/usr/src/rpm/BUILD/apr-util-1.3.12/include -I/usr/src/rpm/BUILD/apr-util-1.3.12/include/private  -I/usr/include/apr-1    -o crypto/getuuid.lo -c crypto/getuuid.c && touch crypto/getuuid.lo
/bin/sh /usr/share/apr-1/libtool --silent --mode=compile gcc -pthread  -Os -pipe -DHAVE_CONFIG_H -DLINUX=2 -D_REENTRANT -D_GNU_SOURCE   -I/usr/src/rpm/BUILD/apr-util-1.3.12/include -I/usr/src/rpm/BUILD/apr-util-1.3.12/include/private  -I/usr/include/apr-1    -o crypto/uuid.lo -c crypto/uuid.c && touch crypto/uuid.lo
/bin/sh /usr/share/apr-1/libtool --silent --mode=compile gcc -pthread  -Os -pipe -DHAVE_CONFIG_H -DLINUX=2 -D_REENTRANT -D_GNU_SOURCE   -I/usr/src/rpm/BUILD/apr-util-1.3.12/include -I/usr/src/rpm/BUILD/apr-util-1.3.12/include/private  -I/usr/include/apr-1    -o dbd/apr_dbd.lo -c dbd/apr_dbd.c && touch dbd/apr_dbd.lo
/bin/sh /usr/share/apr-1/libtool --silent --mode=compile gcc -pthread  -Os -pipe -DHAVE_CONFIG_H -DLINUX=2 -D_REENTRANT -D_GNU_SOURCE   -I/usr/src/rpm/BUILD/apr-util-1.3.12/include -I/usr/src/rpm/BUILD/apr-util-1.3.12/include/private  -I/usr/include/apr-1    -o dbm/apr_dbm.lo -c dbm/apr_dbm.c && touch dbm/apr_dbm.lo
/bin/sh /usr/share/apr-1/libtool --silent --mode=compile gcc -pthread  -Os -pipe -DHAVE_CONFIG_H -DLINUX=2 -D_REENTRANT -D_GNU_SOURCE   -I/usr/src/rpm/BUILD/apr-util-1.3.12/include -I/usr/src/rpm/BUILD/apr-util-1.3.12/include/private  -I/usr/include/apr-1    -o dbm/apr_dbm_sdbm.lo -c dbm/apr_dbm_sdbm.c && touch dbm/apr_dbm_sdbm.lo
/bin/sh /usr/share/apr-1/libtool --silent --mode=compile gcc -pthread  -Os -pipe -DHAVE_CONFIG_H -DLINUX=2 -D_REENTRANT -D_GNU_SOURCE   -I/usr/src/rpm/BUILD/apr-util-1.3.12/include -I/usr/src/rpm/BUILD/apr-util-1.3.12/include/private  -I/usr/include/apr-1    -o dbm/sdbm/sdbm.lo -c dbm/sdbm/sdbm.c && touch dbm/sdbm/sdbm.lo
/bin/sh /usr/share/apr-1/libtool --silent --mode=compile gcc -pthread  -Os -pipe -DHAVE_CONFIG_H -DLINUX=2 -D_REENTRANT -D_GNU_SOURCE   -I/usr/src/rpm/BUILD/apr-util-1.3.12/include -I/usr/src/rpm/BUILD/apr-util-1.3.12/include/private  -I/usr/include/apr-1    -o dbm/sdbm/sdbm_hash.lo -c dbm/sdbm/sdbm_hash.c && touch dbm/sdbm/sdbm_hash.lo
/bin/sh /usr/share/apr-1/libtool --silent --mode=compile gcc -pthread  -Os -pipe -DHAVE_CONFIG_H -DLINUX=2 -D_REENTRANT -D_GNU_SOURCE   -I/usr/src/rpm/BUILD/apr-util-1.3.12/include -I/usr/src/rpm/BUILD/apr-util-1.3.12/include/private  -I/usr/include/apr-1    -o dbm/sdbm/sdbm_lock.lo -c dbm/sdbm/sdbm_lock.c && touch dbm/sdbm/sdbm_lock.lo
/bin/sh /usr/share/apr-1/libtool --silent --mode=compile gcc -pthread  -Os -pipe -DHAVE_CONFIG_H -DLINUX=2 -D_REENTRANT -D_GNU_SOURCE   -I/usr/src/rpm/BUILD/apr-util-1.3.12/include -I/usr/src/rpm/BUILD/apr-util-1.3.12/include/private  -I/usr/include/apr-1    -o dbm/sdbm/sdbm_pair.lo -c dbm/sdbm/sdbm_pair.c && touch dbm/sdbm/sdbm_pair.lo
/bin/sh /usr/share/apr-1/libtool --silent --mode=compile gcc -pthread  -Os -pipe -DHAVE_CONFIG_H -DLINUX=2 -D_REENTRANT -D_GNU_SOURCE   -I/usr/src/rpm/BUILD/apr-util-1.3.12/include -I/usr/src/rpm/BUILD/apr-util-1.3.12/include/private  -I/usr/include/apr-1    -o encoding/apr_base64.lo -c encoding/apr_base64.c && touch encoding/apr_base64.lo
/bin/sh /usr/share/apr-1/libtool --silent --mode=compile gcc -pthread  -Os -pipe -DHAVE_CONFIG_H -DLINUX=2 -D_REENTRANT -D_GNU_SOURCE   -I/usr/src/rpm/BUILD/apr-util-1.3.12/include -I/usr/src/rpm/BUILD/apr-util-1.3.12/include/private  -I/usr/include/apr-1    -o hooks/apr_hooks.lo -c hooks/apr_hooks.c && touch hooks/apr_hooks.lo
/bin/sh /usr/share/apr-1/libtool --silent --mode=compile gcc -pthread  -Os -pipe -DHAVE_CONFIG_H -DLINUX=2 -D_REENTRANT -D_GNU_SOURCE   -I/usr/src/rpm/BUILD/apr-util-1.3.12/include -I/usr/src/rpm/BUILD/apr-util-1.3.12/include/private  -I/usr/include/apr-1    -o ldap/apr_ldap_stub.lo -c ldap/apr_ldap_stub.c && touch ldap/apr_ldap_stub.lo
/bin/sh /usr/share/apr-1/libtool --silent --mode=compile gcc -pthread  -Os -pipe -DHAVE_CONFIG_H -DLINUX=2 -D_REENTRANT -D_GNU_SOURCE   -I/usr/src/rpm/BUILD/apr-util-1.3.12/include -I/usr/src/rpm/BUILD/apr-util-1.3.12/include/private  -I/usr/include/apr-1    -o ldap/apr_ldap_url.lo -c ldap/apr_ldap_url.c && touch ldap/apr_ldap_url.lo
/bin/sh /usr/share/apr-1/libtool --silent --mode=compile gcc -pthread  -Os -pipe -DHAVE_CONFIG_H -DLINUX=2 -D_REENTRANT -D_GNU_SOURCE   -I/usr/src/rpm/BUILD/apr-util-1.3.12/include -I/usr/src/rpm/BUILD/apr-util-1.3.12/include/private  -I/usr/include/apr-1    -o memcache/apr_memcache.lo -c memcache/apr_memcache.c && touch memcache/apr_memcache.lo
/bin/sh /usr/share/apr-1/libtool --silent --mode=compile gcc -pthread  -Os -pipe -DHAVE_CONFIG_H -DLINUX=2 -D_REENTRANT -D_GNU_SOURCE   -I/usr/src/rpm/BUILD/apr-util-1.3.12/include -I/usr/src/rpm/BUILD/apr-util-1.3.12/include/private  -I/usr/include/apr-1    -o misc/apr_date.lo -c misc/apr_date.c && touch misc/apr_date.lo
/bin/sh /usr/share/apr-1/libtool --silent --mode=compile gcc -pthread  -Os -pipe -DHAVE_CONFIG_H -DLINUX=2 -D_REENTRANT -D_GNU_SOURCE   -I/usr/src/rpm/BUILD/apr-util-1.3.12/include -I/usr/src/rpm/BUILD/apr-util-1.3.12/include/private  -I/usr/include/apr-1    -o misc/apr_queue.lo -c misc/apr_queue.c && touch misc/apr_queue.lo
/bin/sh /usr/share/apr-1/libtool --silent --mode=compile gcc -pthread  -Os -pipe -DHAVE_CONFIG_H -DLINUX=2 -D_REENTRANT -D_GNU_SOURCE   -I/usr/src/rpm/BUILD/apr-util-1.3.12/include -I/usr/src/rpm/BUILD/apr-util-1.3.12/include/private  -I/usr/include/apr-1    -o misc/apr_reslist.lo -c misc/apr_reslist.c && touch misc/apr_reslist.lo
/bin/sh /usr/share/apr-1/libtool --silent --mode=compile gcc -pthread  -Os -pipe -DHAVE_CONFIG_H -DLINUX=2 -D_REENTRANT -D_GNU_SOURCE   -I/usr/src/rpm/BUILD/apr-util-1.3.12/include -I/usr/src/rpm/BUILD/apr-util-1.3.12/include/private  -I/usr/include/apr-1    -o misc/apr_rmm.lo -c misc/apr_rmm.c && touch misc/apr_rmm.lo
/bin/sh /usr/share/apr-1/libtool --silent --mode=compile gcc -pthread  -Os -pipe -DHAVE_CONFIG_H -DLINUX=2 -D_REENTRANT -D_GNU_SOURCE   -I/usr/src/rpm/BUILD/apr-util-1.3.12/include -I/usr/src/rpm/BUILD/apr-util-1.3.12/include/private  -I/usr/include/apr-1    -o misc/apr_thread_pool.lo -c misc/apr_thread_pool.c && touch misc/apr_thread_pool.lo
/bin/sh /usr/share/apr-1/libtool --silent --mode=compile gcc -pthread  -Os -pipe -DHAVE_CONFIG_H -DLINUX=2 -D_REENTRANT -D_GNU_SOURCE   -I/usr/src/rpm/BUILD/apr-util-1.3.12/include -I/usr/src/rpm/BUILD/apr-util-1.3.12/include/private  -I/usr/include/apr-1    -o misc/apu_dso.lo -c misc/apu_dso.c && touch misc/apu_dso.lo
/bin/sh /usr/share/apr-1/libtool --silent --mode=compile gcc -pthread  -Os -pipe -DHAVE_CONFIG_H -DLINUX=2 -D_REENTRANT -D_GNU_SOURCE   -I/usr/src/rpm/BUILD/apr-util-1.3.12/include -I/usr/src/rpm/BUILD/apr-util-1.3.12/include/private  -I/usr/include/apr-1    -o misc/apu_version.lo -c misc/apu_version.c && touch misc/apu_version.lo
/bin/sh /usr/share/apr-1/libtool --silent --mode=compile gcc -pthread  -Os -pipe -DHAVE_CONFIG_H -DLINUX=2 -D_REENTRANT -D_GNU_SOURCE   -I/usr/src/rpm/BUILD/apr-util-1.3.12/include -I/usr/src/rpm/BUILD/apr-util-1.3.12/include/private  -I/usr/include/apr-1    -o strmatch/apr_strmatch.lo -c strmatch/apr_strmatch.c && touch strmatch/apr_strmatch.lo
/bin/sh /usr/share/apr-1/libtool --silent --mode=compile gcc -pthread  -Os -pipe -DHAVE_CONFIG_H -DLINUX=2 -D_REENTRANT -D_GNU_SOURCE   -I/usr/src/rpm/BUILD/apr-util-1.3.12/include -I/usr/src/rpm/BUILD/apr-util-1.3.12/include/private  -I/usr/include/apr-1    -o uri/apr_uri.lo -c uri/apr_uri.c && touch uri/apr_uri.lo
/bin/sh /usr/share/apr-1/libtool --silent --mode=compile gcc -pthread  -Os -pipe -DHAVE_CONFIG_H -DLINUX=2 -D_REENTRANT -D_GNU_SOURCE   -I/usr/src/rpm/BUILD/apr-util-1.3.12/include -I/usr/src/rpm/BUILD/apr-util-1.3.12/include/private  -I/usr/include/apr-1    -o xlate/xlate.lo -c xlate/xlate.c && touch xlate/xlate.lo
/bin/sh /usr/share/apr-1/libtool --silent --mode=compile gcc -pthread  -Os -pipe -DHAVE_CONFIG_H -DLINUX=2 -D_REENTRANT -D_GNU_SOURCE   -I/usr/src/rpm/BUILD/apr-util-1.3.12/include -I/usr/src/rpm/BUILD/apr-util-1.3.12/include/private  -I/usr/include/apr-1    -o xml/apr_xml.lo -c xml/apr_xml.c && touch xml/apr_xml.lo
gcc -E -DHAVE_CONFIG_H -DLINUX=2 -D_REENTRANT -D_GNU_SOURCE   -I/usr/src/rpm/BUILD/apr-util-1.3.12/include -I/usr/src/rpm/BUILD/apr-util-1.3.12/include/private  -I/usr/include/apr-1    exports.c | grep "ap_hack_" | sed -e 's/^.*[)]\(.*\);$/\1/' >> aprutil.exp
gcc -E -DHAVE_CONFIG_H -DLINUX=2 -D_REENTRANT -D_GNU_SOURCE   -I/usr/src/rpm/BUILD/apr-util-1.3.12/include -I/usr/src/rpm/BUILD/apr-util-1.3.12/include/private  -I/usr/include/apr-1    export_vars.c | sed -e 's/^\#[^!]*//' | sed -e '/^$/d' >> aprutil.exp
/bin/sh /usr/share/apr-1/libtool --silent --mode=compile gcc -pthread  -Os -pipe -DHAVE_CONFIG_H -DLINUX=2 -D_REENTRANT -D_GNU_SOURCE   -I/usr/src/rpm/BUILD/apr-util-1.3.12/include -I/usr/src/rpm/BUILD/apr-util-1.3.12/include/private  -I/usr/include/apr-1    -o dbm/apr_dbm_berkeleydb.lo -c dbm/apr_dbm_berkeleydb.c && touch dbm/apr_dbm_berkeleydb.lo
/bin/sh /usr/share/apr-1/libtool --silent --mode=link gcc  -pthread  -Os -pipe     -release 1 -module -rpath /usr/lib64/apr-util-1 -o dbm/apr_dbm_db.la dbm/apr_dbm_berkeleydb.lo -ldb 
/bin/sh /usr/share/apr-1/libtool --silent --mode=link  gcc -pthread  -Os -pipe -DHAVE_CONFIG_H -DLINUX=2 -D_REENTRANT -D_GNU_SOURCE   -I/usr/src/rpm/BUILD/apr-util-1.3.12/include -I/usr/src/rpm/BUILD/apr-util-1.3.12/include/private  -I/usr/include/apr-1    -version-info 3:12:3    -o libaprutil-1.la -rpath /usr/lib64 buckets/apr_brigade.lo buckets/apr_buckets.lo buckets/apr_buckets_alloc.lo buckets/apr_buckets_eos.lo buckets/apr_buckets_file.lo buckets/apr_buckets_flush.lo buckets/apr_buckets_heap.lo buckets/apr_buckets_mmap.lo buckets/apr_buckets_pipe.lo buckets/apr_buckets_pool.lo buckets/apr_buckets_refcount.lo buckets/apr_buckets_simple.lo buckets/apr_buckets_socket.lo crypto/apr_md4.lo crypto/apr_md5.lo crypto/apr_sha1.lo crypto/getuuid.lo crypto/uuid.lo dbd/apr_dbd.lo dbm/apr_dbm.lo dbm/apr_dbm_sdbm.lo dbm/sdbm/sdbm.lo dbm/sdbm/sdbm_hash.lo dbm/sdbm/sdbm_lock.lo dbm/sdbm/sdbm_pair.lo encoding/apr_base64.lo hooks/apr_hooks.lo ldap/apr_ldap_stub.lo ldap/apr_ldap_url.lo memcache/apr_memcache.lo misc/apr_date.lo misc/apr_queue.lo misc/apr_reslist.lo misc/apr_rmm.lo misc/apr_thread_pool.lo misc/apu_dso.lo misc/apu_version.lo strmatch/apr_strmatch.lo uri/apr_uri.lo xlate/xlate.lo xml/apr_xml.lo    -lrt -lcrypt  -lpthread -ldl  -lexpat /usr/lib64/libapr-1.la -lrt -lcrypt -lpthread -ldl
make[1]: Leaving directory `/usr/src/rpm/BUILD/apr-util-1.3.12'
+ exit 0
Executing(%install): /bin/sh -e /var/tmp/rpm-tmp.48725
+ umask 022
+ cd /usr/src/rpm/BUILD
+ /bin/rm -rf /var/tmp/apr-util-root
+ /bin/mkdir -p /var/tmp/apr-util-root
+ cd apr-util-1.3.12
+ make DESTDIR=/var/tmp/apr-util-root install
/usr/share/apr-1/mkdir.sh /var/tmp/apr-util-root/usr/lib64/apr-util-1
mkdir /var/tmp/apr-util-root/usr
mkdir /var/tmp/apr-util-root/usr/lib64
mkdir /var/tmp/apr-util-root/usr/lib64/apr-util-1
libtool: install: warning: remember to run `libtool --finish /usr/lib64/apr-util-1'
make[1]: Entering directory `/usr/src/rpm/BUILD/apr-util-1.3.12'
make[1]: Nothing to be done for `local-all'.
make[1]: Leaving directory `/usr/src/rpm/BUILD/apr-util-1.3.12'
/usr/share/apr-1/mkdir.sh /var/tmp/apr-util-root/usr/include/apr-1 /var/tmp/apr-util-root/usr/lib64/pkgconfig \
	     /var/tmp/apr-util-root/usr/lib64 /var/tmp/apr-util-root/usr/bin
mkdir /var/tmp/apr-util-root/usr/include
mkdir /var/tmp/apr-util-root/usr/include/apr-1
mkdir /var/tmp/apr-util-root/usr/lib64/pkgconfig
mkdir /var/tmp/apr-util-root/usr/bin
for f in /usr/src/rpm/BUILD/apr-util-1.3.12/include/*.h /usr/src/rpm/BUILD/apr-util-1.3.12/include/*.h; do \
	/usr/bin/install -c -m 644 ${f} /var/tmp/apr-util-root/usr/include/apr-1; \
done
/usr/bin/install -c -m 644 apr-util.pc /var/tmp/apr-util-root/usr/lib64/pkgconfig/apr-util-1.pc
list=''; for i in $list; do \
	( cd $i ; make DESTDIR=/var/tmp/apr-util-root install ); \
done
/bin/sh /usr/share/apr-1/libtool --mode=install /usr/bin/install -c -m 755 libaprutil-1.la /var/tmp/apr-util-root/usr/lib64
/usr/bin/install -c -m 755 .libs/libaprutil-1.so.0.3.12 /var/tmp/apr-util-root/usr/lib64/libaprutil-1.so.0.3.12
(cd /var/tmp/apr-util-root/usr/lib64 && { ln -s -f libaprutil-1.so.0.3.12 libaprutil-1.so.0 || { rm -f libaprutil-1.so.0 && ln -s libaprutil-1.so.0.3.12 libaprutil-1.so.0; }; })
(cd /var/tmp/apr-util-root/usr/lib64 && { ln -s -f libaprutil-1.so.0.3.12 libaprutil-1.so || { rm -f libaprutil-1.so && ln -s libaprutil-1.so.0.3.12 libaprutil-1.so; }; })
/usr/bin/install -c -m 755 .libs/libaprutil-1.lai /var/tmp/apr-util-root/usr/lib64/libaprutil-1.la
/usr/bin/install -c -m 755 .libs/libaprutil-1.a /var/tmp/apr-util-root/usr/lib64/libaprutil-1.a
chmod 644 /var/tmp/apr-util-root/usr/lib64/libaprutil-1.a
ranlib /var/tmp/apr-util-root/usr/lib64/libaprutil-1.a
libtool: install: warning: remember to run `libtool --finish /usr/lib64'
/usr/bin/install -c -m 644 aprutil.exp /var/tmp/apr-util-root/usr/lib64
/usr/bin/install -c -m 755 apu-config.out /var/tmp/apr-util-root/usr/bin/apu-1-config
+ /usr/lib/rpm/strip.sh /var/tmp/apr-util-root
+ exit 0
Processing files: apr-util-1.3.12-1.x86_64
Provides: apr_dbm_db-1.so()(64bit) libaprutil-1.so.0()(64bit)
Requires(interp): /sbin/ldconfig /sbin/ldconfig
Requires(post): /sbin/ldconfig
Requires(postun): /sbin/ldconfig
Requires: libapr-1.so.0()(64bit) libc.so.6()(64bit) libc.so.6(GLIBC_2.2.5)(64bit) libc.so.6(GLIBC_2.3)(64bit) libcrypt.so.1()(64bit) libcrypt.so.1(GLIBC_2.2.5)(64bit) libdb-5.1.so()(64bit) libdl.so.2()(64bit) libexpat.so.1()(64bit) libpthread.so.0()(64bit) libpthread.so.0(GLIBC_2.2.5)(64bit) librt.so.1()(64bit)
Processing files: apr-util-devel-1.3.12-1.x86_64
Provides: libtool(/usr/lib64/apr-util-1/apr_dbm_db.la) libtool(/usr/lib64/libaprutil-1.la) pkgconfig(apr-util-1) = 1.3.12
Requires(rpmlib): rpmlib(VersionedDependencies) <= 3.0.3-1
Requires: /bin/sh pkgconfig pkgconfig(apr-1)
Checking for unpackaged file(s): /usr/lib/rpm/check-files /var/tmp/apr-util-root
Wrote: /usr/src/rpm/SRPMS/apr-util-1.3.12-1.src.rpm
Wrote: /usr/src/rpm/RPMS/x86_64/apr-util-1.3.12-1.x86_64.rpm
Wrote: /usr/src/rpm/RPMS/x86_64/apr-util-devel-1.3.12-1.x86_64.rpm
Executing(%clean): /bin/sh -e /var/tmp/rpm-tmp.80372
+ umask 022
+ cd /usr/src/rpm/BUILD
+ cd apr-util-1.3.12
+ /bin/rm -rf /var/tmp/apr-util-root
