Fetching(Patch0): http://ftp.gnu.org/gnu/readline/readline-6.2-patches/readline62-001
Fetching(Source0): http://ftp.gnu.org/gnu/readline/readline-6.2.tar.gz
Executing(%prep): /bin/sh -e /var/tmp/rpm-tmp.52562
+ umask 022
+ cd /usr/src/rpm/BUILD
+ cd /usr/src/rpm/BUILD
+ rm -rf readline-6.2
+ /bin/gzip -dc /usr/src/rpm/SOURCES/readline-6.2.tar.gz
+ /bin/tar -xf -
+ STATUS=0
+ '[' 0 -ne 0 ']'
+ cd readline-6.2
+ echo 'Patch #0 (readline62-001):'
Patch #0 (readline62-001):
+ /bin/cat /usr/src/rpm/SOURCES/readline62-001
+ /usr/bin/patch -s -p0
+ sed -i '/MV.*old/d' Makefile.in
+ sed -i '/{OLDSUFF}/c:' support/shlib-install
+ exit 0
Executing(%build): /bin/sh -e /var/tmp/rpm-tmp.52562
+ umask 022
+ cd /usr/src/rpm/BUILD
+ cd readline-6.2
+ export 'CFLAGS=-Os -pipe'
+ CFLAGS='-Os -pipe'
+ ./configure --prefix=/usr --libdir=/lib64
checking build system type... x86_64-unknown-linux-gnu
checking host system type... x86_64-unknown-linux-gnu

Beginning configuration for readline-6.2 for x86_64-unknown-linux-gnu

checking whether make sets $(MAKE)... yes
checking for gcc... gcc
checking for C compiler default output file name... a.out
checking whether the C compiler works... yes
checking whether we are cross compiling... no
checking for suffix of executables... 
checking for suffix of object files... o
checking whether we are using the GNU C compiler... yes
checking whether gcc accepts -g... yes
checking for gcc option to accept ISO C89... none needed
checking how to run the C preprocessor... gcc -E
checking for grep that handles long lines and -e... /bin/grep
checking for egrep... /bin/grep -E
checking for ANSI C header files... yes
checking for sys/types.h... yes
checking for sys/stat.h... yes
checking for stdlib.h... yes
checking for string.h... yes
checking for memory.h... yes
checking for strings.h... yes
checking for inttypes.h... yes
checking for stdint.h... yes
checking for unistd.h... yes
checking minix/config.h usability... no
checking minix/config.h presence... no
checking for minix/config.h... no
checking whether it is safe to define __EXTENSIONS__... yes
checking whether gcc needs -traditional... no
checking for a BSD-compatible install... /usr/bin/install -c
checking for ar... ar
checking for ranlib... ranlib
checking for an ANSI C-conforming const... yes
checking for function prototypes... yes
checking whether char is unsigned... no
checking for working volatile... yes
checking return type of signal handlers... void
checking for size_t... yes
checking for ssize_t... yes
checking for ANSI C header files... (cached) yes
checking whether stat file-mode macros are broken... no
checking for dirent.h that defines DIR... yes
checking for library containing opendir... none required
checking for fcntl... yes
checking for kill... yes
checking for lstat... yes
checking for memmove... yes
checking for putenv... yes
checking for select... yes
checking for setenv... yes
checking for setlocale... yes
checking for strcasecmp... yes
checking for strpbrk... yes
checking for tcgetattr... yes
checking for vsnprintf... yes
checking for isascii... yes
checking for isxdigit... yes
checking for getpwent... yes
checking for getpwnam... yes
checking for getpwuid... yes
checking for working strcoll... yes
checking fcntl.h usability... yes
checking fcntl.h presence... yes
checking for fcntl.h... yes
checking for unistd.h... (cached) yes
checking for stdlib.h... (cached) yes
checking varargs.h usability... no
checking varargs.h presence... no
checking for varargs.h... no
checking stdarg.h usability... yes
checking stdarg.h presence... yes
checking for stdarg.h... yes
checking for string.h... (cached) yes
checking for strings.h... (cached) yes
checking limits.h usability... yes
checking limits.h presence... yes
checking for limits.h... yes
checking locale.h usability... yes
checking locale.h presence... yes
checking for locale.h... yes
checking pwd.h usability... yes
checking pwd.h presence... yes
checking for pwd.h... yes
checking for memory.h... (cached) yes
checking termcap.h usability... yes
checking termcap.h presence... yes
checking for termcap.h... yes
checking termios.h usability... yes
checking termios.h presence... yes
checking for termios.h... yes
checking termio.h usability... yes
checking termio.h presence... yes
checking for termio.h... yes
checking sys/pte.h usability... no
checking sys/pte.h presence... no
checking for sys/pte.h... no
checking sys/stream.h usability... no
checking sys/stream.h presence... no
checking for sys/stream.h... no
checking sys/select.h usability... yes
checking sys/select.h presence... yes
checking for sys/select.h... yes
checking sys/file.h usability... yes
checking sys/file.h presence... yes
checking for sys/file.h... yes
checking for sys/ptem.h... no
checking for special C compiler options needed for large files... no
checking for _FILE_OFFSET_BITS value needed for large files... no
checking for type of signal functions... posix
checking if signal handlers must be reinstalled when invoked... no
checking for presence of POSIX-style sigsetjmp/siglongjmp... present
checking for lstat... yes
checking whether or not strcoll and strcmp differ... no
checking whether the ctype macros accept non-ascii characters... yes
checking whether getpw functions are declared in pwd.h... yes
checking whether termios.h defines TIOCGWINSZ... no
checking whether sys/ioctl.h defines TIOCGWINSZ... yes
checking for sig_atomic_t in signal.h... yes
checking whether signal handlers are of type void... yes
checking for TIOCSTAT in sys/ioctl.h... no
checking for FIONREAD in sys/ioctl.h... yes
checking for speed_t in sys/types.h... no
checking for struct winsize in sys/ioctl.h and termios.h... sys/ioctl.h
checking for struct dirent.d_ino... yes
checking for struct dirent.d_fileno... yes
checking for tgetent... no
checking for tgetent in -ltermcap... no
checking for tgetent in -ltinfo... no
checking for tgetent in -lcurses... yes
checking which library has the termcap functions... using libcurses
checking wctype.h usability... yes
checking wctype.h presence... yes
checking for wctype.h... yes
checking wchar.h usability... yes
checking wchar.h presence... yes
checking for wchar.h... yes
checking langinfo.h usability... yes
checking langinfo.h presence... yes
checking for langinfo.h... yes
checking for mbrlen... yes
checking for mbscasecmp... no
checking for mbscmp... no
checking for mbsnrtowcs... yes
checking for mbsrtowcs... yes
checking for mbschr... no
checking for wcrtomb... yes
checking for wcscoll... yes
checking for wcsdup... yes
checking for wcwidth... yes
checking for wctype... yes
checking for wcswidth... yes
checking whether mbrtowc and mbstate_t are properly declared... yes
checking for iswlower... yes
checking for iswupper... yes
checking for towlower... yes
checking for towupper... yes
checking for iswctype... yes
checking for nl_langinfo and CODESET... yes
checking for wchar_t in wchar.h... yes
checking for wctype_t in wctype.h... yes
checking for wint_t in wctype.h... yes
checking configuration for building shared libraries... supported
configure: creating ./config.status
config.status: creating Makefile
config.status: creating doc/Makefile
config.status: creating examples/Makefile
config.status: creating shlib/Makefile
config.status: creating config.h
config.status: executing default commands
+ make -j24 SHLIB_LIBS=-lncurses
rm -f readline.o
rm -f vi_mode.o
rm -f funmap.o
gcc -c -DHAVE_CONFIG_H    -I. -I. -DRL_LIBRARY_VERSION='"6.2"' -Os -pipe readline.c
gcc -c -DHAVE_CONFIG_H    -I. -I. -DRL_LIBRARY_VERSION='"6.2"' -Os -pipe vi_mode.c
gcc -c -DHAVE_CONFIG_H    -I. -I. -DRL_LIBRARY_VERSION='"6.2"' -Os -pipe funmap.c
rm -f keymaps.o
rm -f parens.o
rm -f search.o
gcc -c -DHAVE_CONFIG_H    -I. -I. -DRL_LIBRARY_VERSION='"6.2"' -Os -pipe keymaps.c
gcc -c -DHAVE_CONFIG_H    -I. -I. -DRL_LIBRARY_VERSION='"6.2"' -Os -pipe parens.c
gcc -c -DHAVE_CONFIG_H    -I. -I. -DRL_LIBRARY_VERSION='"6.2"' -Os -pipe search.c
rm -f rltty.o
rm -f complete.o
rm -f bind.o
gcc -c -DHAVE_CONFIG_H    -I. -I. -DRL_LIBRARY_VERSION='"6.2"' -Os -pipe rltty.c
gcc -c -DHAVE_CONFIG_H    -I. -I. -DRL_LIBRARY_VERSION='"6.2"' -Os -pipe complete.c
rm -f isearch.o
gcc -c -DHAVE_CONFIG_H    -I. -I. -DRL_LIBRARY_VERSION='"6.2"' -Os -pipe bind.c
rm -f display.o
gcc -c -DHAVE_CONFIG_H    -I. -I. -DRL_LIBRARY_VERSION='"6.2"' -Os -pipe isearch.c
rm -f signals.o
rm -f util.o
gcc -c -DHAVE_CONFIG_H    -I. -I. -DRL_LIBRARY_VERSION='"6.2"' -Os -pipe display.c
gcc -c -DHAVE_CONFIG_H    -I. -I. -DRL_LIBRARY_VERSION='"6.2"' -Os -pipe signals.c
rm -f kill.o
gcc -c -DHAVE_CONFIG_H    -I. -I. -DRL_LIBRARY_VERSION='"6.2"' -Os -pipe util.c
rm -f undo.o
gcc -c -DHAVE_CONFIG_H    -I. -I. -DRL_LIBRARY_VERSION='"6.2"' -Os -pipe kill.c
rm -f macro.o
gcc -c -DHAVE_CONFIG_H    -I. -I. -DRL_LIBRARY_VERSION='"6.2"' -Os -pipe undo.c
rm -f input.o
gcc -c -DHAVE_CONFIG_H    -I. -I. -DRL_LIBRARY_VERSION='"6.2"' -Os -pipe macro.c
gcc -c -DHAVE_CONFIG_H    -I. -I. -DRL_LIBRARY_VERSION='"6.2"' -Os -pipe input.c
rm -f callback.o
rm -f terminal.o
gcc -c -DHAVE_CONFIG_H    -I. -I. -DRL_LIBRARY_VERSION='"6.2"' -Os -pipe callback.c
rm -f text.o
gcc -c -DHAVE_CONFIG_H    -I. -I. -DRL_LIBRARY_VERSION='"6.2"' -Os -pipe terminal.c
gcc -c -DHAVE_CONFIG_H    -I. -I. -DRL_LIBRARY_VERSION='"6.2"' -Os -pipe text.c
rm -f nls.o
rm -f misc.o
rm -f compat.o
gcc -c -DHAVE_CONFIG_H    -I. -I. -DRL_LIBRARY_VERSION='"6.2"' -Os -pipe nls.c
gcc -c -DHAVE_CONFIG_H    -I. -I. -DRL_LIBRARY_VERSION='"6.2"' -Os -pipe misc.c
rm -f xfree.o
gcc -c -DHAVE_CONFIG_H    -I. -I. -DRL_LIBRARY_VERSION='"6.2"' -Os -pipe compat.c
gcc -c -DHAVE_CONFIG_H    -I. -I. -DRL_LIBRARY_VERSION='"6.2"' -Os -pipe xfree.c
rm -f xmalloc.o
rm -f history.o
gcc -c -DHAVE_CONFIG_H    -I. -I. -DRL_LIBRARY_VERSION='"6.2"' -Os -pipe xmalloc.c
gcc -c -DHAVE_CONFIG_H    -I. -I. -DRL_LIBRARY_VERSION='"6.2"' -Os -pipe history.c
rm -f histexpand.o
gcc -c -DHAVE_CONFIG_H    -I. -I. -DRL_LIBRARY_VERSION='"6.2"' -Os -pipe histexpand.c
rm -f histfile.o
rm -f histsearch.o
gcc -c -DHAVE_CONFIG_H    -I. -I. -DRL_LIBRARY_VERSION='"6.2"' -Os -pipe histfile.c
gcc -c -DHAVE_CONFIG_H    -I. -I. -DRL_LIBRARY_VERSION='"6.2"' -Os -pipe histsearch.c
rm -f shell.o
gcc -c -DHAVE_CONFIG_H    -I. -I. -DRL_LIBRARY_VERSION='"6.2"' -Os -pipe shell.c
rm -f mbutil.o
gcc -c -DHAVE_CONFIG_H    -I. -I. -DRL_LIBRARY_VERSION='"6.2"' -Os -pipe mbutil.c
rm -f tilde.o
gcc -DHAVE_CONFIG_H    -I. -I. -DRL_LIBRARY_VERSION='"6.2"' -Os -pipe -DREADLINE_LIBRARY -c ./tilde.c
test -d shlib || mkdir shlib
( cd shlib ; make - --jobserver-fds=3,4 -j all )
make[1]: Entering directory `/usr/src/rpm/BUILD/readline-6.2/shlib'
rm -f readline.so
rm -f vi_mode.so
gcc -c -DHAVE_CONFIG_H    -I. -I.. -I.. -DRL_LIBRARY_VERSION='"6.2"' -Os -pipe -fPIC -o readline.o ../readline.c 
gcc -c -DHAVE_CONFIG_H    -I. -I.. -I.. -DRL_LIBRARY_VERSION='"6.2"' -Os -pipe -fPIC -o vi_mode.o ../vi_mode.c 
rm -f funmap.so
rm -f keymaps.so
gcc -c -DHAVE_CONFIG_H    -I. -I.. -I.. -DRL_LIBRARY_VERSION='"6.2"' -Os -pipe -fPIC -o funmap.o ../funmap.c 
gcc -c -DHAVE_CONFIG_H    -I. -I.. -I.. -DRL_LIBRARY_VERSION='"6.2"' -Os -pipe -fPIC -o keymaps.o ../keymaps.c 
rm -f parens.so
gcc -c -DHAVE_CONFIG_H    -I. -I.. -I.. -DRL_LIBRARY_VERSION='"6.2"' -Os -pipe -fPIC -o parens.o ../parens.c 
rm -f search.so
rm -f rltty.so
gcc -c -DHAVE_CONFIG_H    -I. -I.. -I.. -DRL_LIBRARY_VERSION='"6.2"' -Os -pipe -fPIC -o search.o ../search.c 
rm -f complete.so
gcc -c -DHAVE_CONFIG_H    -I. -I.. -I.. -DRL_LIBRARY_VERSION='"6.2"' -Os -pipe -fPIC -o rltty.o ../rltty.c 
gcc -c -DHAVE_CONFIG_H    -I. -I.. -I.. -DRL_LIBRARY_VERSION='"6.2"' -Os -pipe -fPIC -o complete.o ../complete.c 
rm -f bind.so
gcc -c -DHAVE_CONFIG_H    -I. -I.. -I.. -DRL_LIBRARY_VERSION='"6.2"' -Os -pipe -fPIC -o bind.o ../bind.c 
rm -f isearch.so
gcc -c -DHAVE_CONFIG_H    -I. -I.. -I.. -DRL_LIBRARY_VERSION='"6.2"' -Os -pipe -fPIC -o isearch.o ../isearch.c 
rm -f display.so
gcc -c -DHAVE_CONFIG_H    -I. -I.. -I.. -DRL_LIBRARY_VERSION='"6.2"' -Os -pipe -fPIC -o display.o ../display.c 
mv funmap.o funmap.so
rm -f signals.so
rm -f util.so
gcc -c -DHAVE_CONFIG_H    -I. -I.. -I.. -DRL_LIBRARY_VERSION='"6.2"' -Os -pipe -fPIC -o signals.o ../signals.c 
gcc -c -DHAVE_CONFIG_H    -I. -I.. -I.. -DRL_LIBRARY_VERSION='"6.2"' -Os -pipe -fPIC -o util.o ../util.c 
rm -f kill.so
mv keymaps.o keymaps.so
gcc -c -DHAVE_CONFIG_H    -I. -I.. -I.. -DRL_LIBRARY_VERSION='"6.2"' -Os -pipe -fPIC -o kill.o ../kill.c 
rm -f undo.so
gcc -c -DHAVE_CONFIG_H    -I. -I.. -I.. -DRL_LIBRARY_VERSION='"6.2"' -Os -pipe -fPIC -o undo.o ../undo.c 
rm -f macro.so
mv parens.o parens.so
gcc -c -DHAVE_CONFIG_H    -I. -I.. -I.. -DRL_LIBRARY_VERSION='"6.2"' -Os -pipe -fPIC -o macro.o ../macro.c 
rm -f input.so
rm -f callback.so
gcc -c -DHAVE_CONFIG_H    -I. -I.. -I.. -DRL_LIBRARY_VERSION='"6.2"' -Os -pipe -fPIC -o input.o ../input.c 
rm -f terminal.so
rm -f text.so
gcc -c -DHAVE_CONFIG_H    -I. -I.. -I.. -DRL_LIBRARY_VERSION='"6.2"' -Os -pipe -fPIC -o callback.o ../callback.c 
gcc -c -DHAVE_CONFIG_H    -I. -I.. -I.. -DRL_LIBRARY_VERSION='"6.2"' -Os -pipe -fPIC -o terminal.o ../terminal.c 
gcc -c -DHAVE_CONFIG_H    -I. -I.. -I.. -DRL_LIBRARY_VERSION='"6.2"' -Os -pipe -fPIC -o text.o ../text.c 
rm -f nls.so
gcc -c -DHAVE_CONFIG_H    -I. -I.. -I.. -DRL_LIBRARY_VERSION='"6.2"' -Os -pipe -fPIC -o nls.o ../nls.c 
mv nls.o nls.so
rm -f misc.so
mv rltty.o rltty.so
gcc -c -DHAVE_CONFIG_H    -I. -I.. -I.. -DRL_LIBRARY_VERSION='"6.2"' -Os -pipe -fPIC -o misc.o ../misc.c 
rm -f xmalloc.so
gcc -c -DHAVE_CONFIG_H    -I. -I.. -I.. -DRL_LIBRARY_VERSION='"6.2"' -Os -pipe -fPIC -o xmalloc.o ../xmalloc.c 
mv search.o search.so
rm -f xfree.so
gcc -c -DHAVE_CONFIG_H    -I. -I.. -I.. -DRL_LIBRARY_VERSION='"6.2"' -Os -pipe -fPIC -o xfree.o ../xfree.c 
mv undo.o undo.so
rm -f history.so
gcc -c -DHAVE_CONFIG_H    -I. -I.. -I.. -DRL_LIBRARY_VERSION='"6.2"' -Os -pipe -fPIC -o history.o ../history.c 
mv macro.o macro.so
mv callback.o callback.so
rm -f histexpand.so
gcc -c -DHAVE_CONFIG_H    -I. -I.. -I.. -DRL_LIBRARY_VERSION='"6.2"' -Os -pipe -fPIC -o histexpand.o ../histexpand.c 
rm -f histfile.so
gcc -c -DHAVE_CONFIG_H    -I. -I.. -I.. -DRL_LIBRARY_VERSION='"6.2"' -Os -pipe -fPIC -o histfile.o ../histfile.c 
mv xmalloc.o xmalloc.so
mv signals.o signals.so
mv xfree.o xfree.so
rm -f histsearch.so
rm -f shell.so
gcc -c -DHAVE_CONFIG_H    -I. -I.. -I.. -DRL_LIBRARY_VERSION='"6.2"' -Os -pipe -fPIC -o histsearch.o ../histsearch.c 
rm -f mbutil.so
gcc -c -DHAVE_CONFIG_H    -I. -I.. -I.. -DRL_LIBRARY_VERSION='"6.2"' -Os -pipe -fPIC -o shell.o ../shell.c 
gcc -c -DHAVE_CONFIG_H    -I. -I.. -I.. -DRL_LIBRARY_VERSION='"6.2"' -Os -pipe -fPIC -o mbutil.o ../mbutil.c 
mv util.o util.so
mv readline.o readline.so
rm -f tilde.so
rm -f compat.so
gcc -c -DHAVE_CONFIG_H    -I. -I.. -I.. -DRL_LIBRARY_VERSION='"6.2"' -Os -pipe -fPIC -DREADLINE_LIBRARY -c -o tilde.o ../tilde.c
gcc -c -DHAVE_CONFIG_H    -I. -I.. -I.. -DRL_LIBRARY_VERSION='"6.2"' -Os -pipe -fPIC -o compat.o ../compat.c 
mv input.o input.so
mv terminal.o terminal.so
mv shell.o shell.so
mv compat.o compat.so
mv kill.o kill.so
mv isearch.o isearch.so
mv histsearch.o histsearch.so
mv mbutil.o mbutil.so
mv tilde.o tilde.so
mv histfile.o histfile.so
mv history.o history.so
mv misc.o misc.so
rm -f libhistory.a
ar cr libhistory.a history.o histexpand.o histfile.o histsearch.o shell.o mbutil.o xmalloc.o xfree.o
test -n "ranlib" && ranlib libhistory.a
mv text.o text.so
rm -f libreadline.a
ar cr libreadline.a readline.o vi_mode.o funmap.o keymaps.o parens.o search.o rltty.o complete.o bind.o isearch.o display.o signals.o util.o kill.o undo.o macro.o input.o callback.o terminal.o text.o nls.o misc.o compat.o xfree.o xmalloc.o history.o histexpand.o histfile.o histsearch.o shell.o mbutil.o tilde.o
test -n "ranlib" && ranlib libreadline.a
mv vi_mode.o vi_mode.so
mv histexpand.o histexpand.so
rm -f libhistory.so.6.2
gcc -shared -Wl,-soname,libhistory.so.6.2 -Wl,-rpath,/lib64 -Wl,-soname,`basename libhistory.so.6.2 .2` -o libhistory.so.6.2 history.so histexpand.so histfile.so histsearch.so shell.so mbutil.so xmalloc.so xfree.so -lncurses
mv bind.o bind.so
mv complete.o complete.so
mv display.o display.so
rm -f libreadline.so.6.2
gcc -shared -Wl,-soname,libreadline.so.6.2 -Wl,-rpath,/lib64 -Wl,-soname,`basename libreadline.so.6.2 .2` -o libreadline.so.6.2 readline.so vi_mode.so funmap.so keymaps.so parens.so search.so rltty.so complete.so bind.so isearch.so display.so signals.so util.so kill.so undo.so macro.so input.so callback.so terminal.so text.so nls.so misc.so xmalloc.so xfree.so history.so histexpand.so histfile.so histsearch.so shell.so mbutil.so tilde.so compat.so -lncurses
make[1]: Leaving directory `/usr/src/rpm/BUILD/readline-6.2/shlib'
+ exit 0
Executing(%install): /bin/sh -e /var/tmp/rpm-tmp.90381
+ umask 022
+ cd /usr/src/rpm/BUILD
+ /bin/rm -rf /var/tmp/readline-root
+ /bin/mkdir -p /var/tmp/readline-root
+ cd readline-6.2
+ make DESTDIR=/var/tmp/readline-root install
/bin/sh ./support/mkinstalldirs /var/tmp/readline-root/usr/include \
	/var/tmp/readline-root/usr/include/readline /var/tmp/readline-root/lib64 \
	/var/tmp/readline-root/usr/share/info /var/tmp/readline-root/usr/share/man/man3
mkdir -p -- /var/tmp/readline-root/usr/include /var/tmp/readline-root/usr/include/readline /var/tmp/readline-root/lib64 /var/tmp/readline-root/usr/share/info /var/tmp/readline-root/usr/share/man/man3
for f in readline.h chardefs.h keymaps.h history.h tilde.h rlstdc.h rlconf.h rltypedefs.h; do \
	/usr/bin/install -c -m 644 ./$f /var/tmp/readline-root/usr/include/readline ; \
done
( if test -d doc ; then \
	cd doc && \
	make  infodir=/usr/share/info DESTDIR=/var/tmp/readline-root install; \
  fi )
make[1]: Entering directory `/usr/src/rpm/BUILD/readline-6.2/doc'
/bin/sh ../support/mkdirs /var/tmp/readline-root/usr/share/info /var/tmp/readline-root/usr/share/man/man3
if test -n "" ; then \
	/bin/sh ../support/mkdirs /var/tmp/readline-root ; \
fi
if test -f readline.info; then \
	/usr/bin/install -c -m 644 readline.info /var/tmp/readline-root/usr/share/info/readline.info; \
else \
	/usr/bin/install -c -m 644 ./readline.info /var/tmp/readline-root/usr/share/info/readline.info; \
fi
if test -f rluserman.info; then \
	/usr/bin/install -c -m 644 rluserman.info /var/tmp/readline-root/usr/share/info/rluserman.info; \
else \
	/usr/bin/install -c -m 644 ./rluserman.info /var/tmp/readline-root/usr/share/info/rluserman.info; \
fi
if test -f history.info; then \
	/usr/bin/install -c -m 644 history.info /var/tmp/readline-root/usr/share/info/history.info; \
else \
	/usr/bin/install -c -m 644 ./history.info /var/tmp/readline-root/usr/share/info/history.info; \
fi
if /bin/sh -c 'install-info --version' >/dev/null 2>&1; then \
	install-info --dir-file=/var/tmp/readline-root/usr/share/info/dir \
		/var/tmp/readline-root/usr/share/info/readline.info ; \
	install-info --dir-file=/var/tmp/readline-root/usr/share/info/dir \
		/var/tmp/readline-root/usr/share/info/history.info ; \
	install-info --dir-file=/var/tmp/readline-root/usr/share/info/dir \
		/var/tmp/readline-root/usr/share/info/rluserman.info ; \
else true; fi
/usr/bin/install -c -m 644 ./readline.3 /var/tmp/readline-root/usr/share/man/man3/readline.3
/usr/bin/install -c -m 644 ./history.3 /var/tmp/readline-root/usr/share/man/man3/history.3
if test -n "" ; then \
	if test -f readline.html; then \
		/usr/bin/install -c -m 644 readline.html /var/tmp/readline-root/readline.html; \
	else \
		/usr/bin/install -c -m 644 ./readline.html /var/tmp/readline-root/readline.html; \
	fi ; \
	if test -f history.html; then \
		/usr/bin/install -c -m 644 history.html /var/tmp/readline-root/history.html; \
	else \
		/usr/bin/install -c -m 644 ./history.html /var/tmp/readline-root/history.html; \
	fi ; \
	if test -f rluserman.html; then \
		/usr/bin/install -c -m 644 rluserman.html /var/tmp/readline-root/rluserman.html; \
	else \
		/usr/bin/install -c -m 644 ./rluserman.html /var/tmp/readline-root/rluserman.html; \
	fi ; \
fi
make[1]: Leaving directory `/usr/src/rpm/BUILD/readline-6.2/doc'
test -d shlib || mkdir shlib
( cd shlib ; make  all )
make[1]: Entering directory `/usr/src/rpm/BUILD/readline-6.2/shlib'
make[1]: Nothing to be done for `all'.
make[1]: Leaving directory `/usr/src/rpm/BUILD/readline-6.2/shlib'
( cd examples ; make  DESTDIR=/var/tmp/readline-root install )
make[1]: Entering directory `/usr/src/rpm/BUILD/readline-6.2/examples'
/bin/sh ../support/mkdirs /var/tmp/readline-root/usr/share/readline
mkdir /var/tmp/readline-root/usr/share/readline
make[1]: Leaving directory `/usr/src/rpm/BUILD/readline-6.2/examples'
/usr/bin/install -c -m 644 libreadline.a /var/tmp/readline-root/lib64/libreadline.a
test -n "ranlib" && ranlib /var/tmp/readline-root/lib64/libreadline.a
/usr/bin/install -c -m 644 libhistory.a /var/tmp/readline-root/lib64/libhistory.a
test -n "ranlib" && ranlib /var/tmp/readline-root/lib64/libhistory.a
( cd shlib ; make  DESTDIR=/var/tmp/readline-root install )
make[1]: Entering directory `/usr/src/rpm/BUILD/readline-6.2/shlib'
/bin/sh ../support/mkdirs /var/tmp/readline-root/lib64
/bin/sh ../support/mkdirs /var/tmp/readline-root/usr/bin
mkdir /var/tmp/readline-root/usr/bin
/bin/sh ../support/shlib-install -O linux-gnu -V unknown -d /var/tmp/readline-root/lib64 -b /var/tmp/readline-root/usr/bin -i "/usr/bin/install -c -m 644" libhistory.so.6.2
/bin/sh ../support/shlib-install -O linux-gnu -V unknown -d /var/tmp/readline-root/lib64 -b /var/tmp/readline-root/usr/bin -i "/usr/bin/install -c -m 644" libreadline.so.6.2
install: you may need to run ldconfig
make[1]: Leaving directory `/usr/src/rpm/BUILD/readline-6.2/shlib'
+ mkdir -pv /var/tmp/readline-root/usr/lib64
mkdir: created directory `/var/tmp/readline-root/usr/lib64'
+ mv -v /var/tmp/readline-root/lib64/libreadline.a /var/tmp/readline-root/lib64/libhistory.a /var/tmp/readline-root/usr/lib64
`/var/tmp/readline-root/lib64/libreadline.a' -> `/var/tmp/readline-root/usr/lib64/libreadline.a'
`/var/tmp/readline-root/lib64/libhistory.a' -> `/var/tmp/readline-root/usr/lib64/libhistory.a'
+ rm -v /var/tmp/readline-root/lib64/libreadline.so /var/tmp/readline-root/lib64/libhistory.so
removed `/var/tmp/readline-root/lib64/libreadline.so'
removed `/var/tmp/readline-root/lib64/libhistory.so'
+ ln -sfv ../../lib64/libreadline.so.6 /var/tmp/readline-root/usr/lib64/libreadline.so
`/var/tmp/readline-root/usr/lib64/libreadline.so' -> `../../lib64/libreadline.so.6'
+ ln -sfv ../../lib64/libhistory.so.6 /var/tmp/readline-root/usr/lib64/libhistory.so
`/var/tmp/readline-root/usr/lib64/libhistory.so' -> `../../lib64/libhistory.so.6'
+ rm -f /var/tmp/readline-root/usr/share/info/dir
+ /usr/lib/rpm/compress_man.sh /var/tmp/readline-root
+ /usr/lib/rpm/strip.sh /var/tmp/readline-root
copy from `/var/tmp/readline-root/lib64/libreadline.so.6.2' [elf64-x86-64] to `/var/tmp/readline-root/lib64/stxkukWs' [elf64-x86-64]
copy from `/var/tmp/readline-root/lib64/libhistory.so.6.2' [elf64-x86-64] to `/var/tmp/readline-root/lib64/stiqAlNs' [elf64-x86-64]
copy from `/var/tmp/readline-root/usr/lib64/libhistory.a(history.o)' [elf64-x86-64] to `/var/tmp/readline-root/usr/lib64/st2B2zoW/history.o' [elf64-x86-64]
copy from `/var/tmp/readline-root/usr/lib64/libhistory.a(histexpand.o)' [elf64-x86-64] to `/var/tmp/readline-root/usr/lib64/st2B2zoW/histexpand.o' [elf64-x86-64]
copy from `/var/tmp/readline-root/usr/lib64/libhistory.a(histfile.o)' [elf64-x86-64] to `/var/tmp/readline-root/usr/lib64/st2B2zoW/histfile.o' [elf64-x86-64]
copy from `/var/tmp/readline-root/usr/lib64/libhistory.a(histsearch.o)' [elf64-x86-64] to `/var/tmp/readline-root/usr/lib64/st2B2zoW/histsearch.o' [elf64-x86-64]
copy from `/var/tmp/readline-root/usr/lib64/libhistory.a(shell.o)' [elf64-x86-64] to `/var/tmp/readline-root/usr/lib64/st2B2zoW/shell.o' [elf64-x86-64]
copy from `/var/tmp/readline-root/usr/lib64/libhistory.a(mbutil.o)' [elf64-x86-64] to `/var/tmp/readline-root/usr/lib64/st2B2zoW/mbutil.o' [elf64-x86-64]
copy from `/var/tmp/readline-root/usr/lib64/libhistory.a(xmalloc.o)' [elf64-x86-64] to `/var/tmp/readline-root/usr/lib64/st2B2zoW/xmalloc.o' [elf64-x86-64]
copy from `/var/tmp/readline-root/usr/lib64/libhistory.a(xfree.o)' [elf64-x86-64] to `/var/tmp/readline-root/usr/lib64/st2B2zoW/xfree.o' [elf64-x86-64]
copy from `/var/tmp/readline-root/usr/lib64/libreadline.a(readline.o)' [elf64-x86-64] to `/var/tmp/readline-root/usr/lib64/stSvZpdW/readline.o' [elf64-x86-64]
copy from `/var/tmp/readline-root/usr/lib64/libreadline.a(vi_mode.o)' [elf64-x86-64] to `/var/tmp/readline-root/usr/lib64/stSvZpdW/vi_mode.o' [elf64-x86-64]
copy from `/var/tmp/readline-root/usr/lib64/libreadline.a(funmap.o)' [elf64-x86-64] to `/var/tmp/readline-root/usr/lib64/stSvZpdW/funmap.o' [elf64-x86-64]
copy from `/var/tmp/readline-root/usr/lib64/libreadline.a(keymaps.o)' [elf64-x86-64] to `/var/tmp/readline-root/usr/lib64/stSvZpdW/keymaps.o' [elf64-x86-64]
copy from `/var/tmp/readline-root/usr/lib64/libreadline.a(parens.o)' [elf64-x86-64] to `/var/tmp/readline-root/usr/lib64/stSvZpdW/parens.o' [elf64-x86-64]
copy from `/var/tmp/readline-root/usr/lib64/libreadline.a(search.o)' [elf64-x86-64] to `/var/tmp/readline-root/usr/lib64/stSvZpdW/search.o' [elf64-x86-64]
copy from `/var/tmp/readline-root/usr/lib64/libreadline.a(rltty.o)' [elf64-x86-64] to `/var/tmp/readline-root/usr/lib64/stSvZpdW/rltty.o' [elf64-x86-64]
copy from `/var/tmp/readline-root/usr/lib64/libreadline.a(complete.o)' [elf64-x86-64] to `/var/tmp/readline-root/usr/lib64/stSvZpdW/complete.o' [elf64-x86-64]
copy from `/var/tmp/readline-root/usr/lib64/libreadline.a(bind.o)' [elf64-x86-64] to `/var/tmp/readline-root/usr/lib64/stSvZpdW/bind.o' [elf64-x86-64]
copy from `/var/tmp/readline-root/usr/lib64/libreadline.a(isearch.o)' [elf64-x86-64] to `/var/tmp/readline-root/usr/lib64/stSvZpdW/isearch.o' [elf64-x86-64]
copy from `/var/tmp/readline-root/usr/lib64/libreadline.a(display.o)' [elf64-x86-64] to `/var/tmp/readline-root/usr/lib64/stSvZpdW/display.o' [elf64-x86-64]
copy from `/var/tmp/readline-root/usr/lib64/libreadline.a(signals.o)' [elf64-x86-64] to `/var/tmp/readline-root/usr/lib64/stSvZpdW/signals.o' [elf64-x86-64]
copy from `/var/tmp/readline-root/usr/lib64/libreadline.a(util.o)' [elf64-x86-64] to `/var/tmp/readline-root/usr/lib64/stSvZpdW/util.o' [elf64-x86-64]
copy from `/var/tmp/readline-root/usr/lib64/libreadline.a(kill.o)' [elf64-x86-64] to `/var/tmp/readline-root/usr/lib64/stSvZpdW/kill.o' [elf64-x86-64]
copy from `/var/tmp/readline-root/usr/lib64/libreadline.a(undo.o)' [elf64-x86-64] to `/var/tmp/readline-root/usr/lib64/stSvZpdW/undo.o' [elf64-x86-64]
copy from `/var/tmp/readline-root/usr/lib64/libreadline.a(macro.o)' [elf64-x86-64] to `/var/tmp/readline-root/usr/lib64/stSvZpdW/macro.o' [elf64-x86-64]
copy from `/var/tmp/readline-root/usr/lib64/libreadline.a(input.o)' [elf64-x86-64] to `/var/tmp/readline-root/usr/lib64/stSvZpdW/input.o' [elf64-x86-64]
copy from `/var/tmp/readline-root/usr/lib64/libreadline.a(callback.o)' [elf64-x86-64] to `/var/tmp/readline-root/usr/lib64/stSvZpdW/callback.o' [elf64-x86-64]
copy from `/var/tmp/readline-root/usr/lib64/libreadline.a(terminal.o)' [elf64-x86-64] to `/var/tmp/readline-root/usr/lib64/stSvZpdW/terminal.o' [elf64-x86-64]
copy from `/var/tmp/readline-root/usr/lib64/libreadline.a(text.o)' [elf64-x86-64] to `/var/tmp/readline-root/usr/lib64/stSvZpdW/text.o' [elf64-x86-64]
copy from `/var/tmp/readline-root/usr/lib64/libreadline.a(nls.o)' [elf64-x86-64] to `/var/tmp/readline-root/usr/lib64/stSvZpdW/nls.o' [elf64-x86-64]
copy from `/var/tmp/readline-root/usr/lib64/libreadline.a(misc.o)' [elf64-x86-64] to `/var/tmp/readline-root/usr/lib64/stSvZpdW/misc.o' [elf64-x86-64]
copy from `/var/tmp/readline-root/usr/lib64/libreadline.a(compat.o)' [elf64-x86-64] to `/var/tmp/readline-root/usr/lib64/stSvZpdW/compat.o' [elf64-x86-64]
copy from `/var/tmp/readline-root/usr/lib64/libreadline.a(xfree.o)' [elf64-x86-64] to `/var/tmp/readline-root/usr/lib64/stSvZpdW/xfree.o' [elf64-x86-64]
copy from `/var/tmp/readline-root/usr/lib64/libreadline.a(xmalloc.o)' [elf64-x86-64] to `/var/tmp/readline-root/usr/lib64/stSvZpdW/xmalloc.o' [elf64-x86-64]
copy from `/var/tmp/readline-root/usr/lib64/libreadline.a(history.o)' [elf64-x86-64] to `/var/tmp/readline-root/usr/lib64/stSvZpdW/history.o' [elf64-x86-64]
copy from `/var/tmp/readline-root/usr/lib64/libreadline.a(histexpand.o)' [elf64-x86-64] to `/var/tmp/readline-root/usr/lib64/stSvZpdW/histexpand.o' [elf64-x86-64]
copy from `/var/tmp/readline-root/usr/lib64/libreadline.a(histfile.o)' [elf64-x86-64] to `/var/tmp/readline-root/usr/lib64/stSvZpdW/histfile.o' [elf64-x86-64]
copy from `/var/tmp/readline-root/usr/lib64/libreadline.a(histsearch.o)' [elf64-x86-64] to `/var/tmp/readline-root/usr/lib64/stSvZpdW/histsearch.o' [elf64-x86-64]
copy from `/var/tmp/readline-root/usr/lib64/libreadline.a(shell.o)' [elf64-x86-64] to `/var/tmp/readline-root/usr/lib64/stSvZpdW/shell.o' [elf64-x86-64]
copy from `/var/tmp/readline-root/usr/lib64/libreadline.a(mbutil.o)' [elf64-x86-64] to `/var/tmp/readline-root/usr/lib64/stSvZpdW/mbutil.o' [elf64-x86-64]
copy from `/var/tmp/readline-root/usr/lib64/libreadline.a(tilde.o)' [elf64-x86-64] to `/var/tmp/readline-root/usr/lib64/stSvZpdW/tilde.o' [elf64-x86-64]
+ exit 0
Processing files: readline-6.2-2.x86_64
Provides: libhistory.so.6()(64bit) libreadline.so.6()(64bit)
Requires(interp): /sbin/ldconfig /sbin/ldconfig
Requires(post): /sbin/ldconfig
Requires(postun): /sbin/ldconfig
Requires: libc.so.6()(64bit) libc.so.6(GLIBC_2.2.5)(64bit) libc.so.6(GLIBC_2.3)(64bit) libncursesw.so.5()(64bit)
Processing files: readline-devel-6.2-2.x86_64
Requires(interp): /bin/sh /bin/sh
Requires(post): /bin/sh /usr/bin/install-info
Requires(preun): /bin/sh /usr/bin/install-info
Requires: /usr/bin/install-info /usr/bin/install-info
Checking for unpackaged file(s): /usr/lib/rpm/check-files /var/tmp/readline-root
Wrote: /usr/src/rpm/SRPMS/readline-6.2-2.src.rpm
Wrote: /usr/src/rpm/RPMS/x86_64/readline-6.2-2.x86_64.rpm
Wrote: /usr/src/rpm/RPMS/x86_64/readline-devel-6.2-2.x86_64.rpm
Executing(%clean): /bin/sh -e /var/tmp/rpm-tmp.5725
+ umask 022
+ cd /usr/src/rpm/BUILD
+ cd readline-6.2
+ /bin/rm -rf /var/tmp/readline-root
