Executing(%prep): /bin/sh -e /var/tmp/rpm-tmp.46379
+ umask 022
+ cd /usr/src/rpm/BUILD
+ cd /usr/src/rpm/BUILD
+ rm -rf iputils-s20101006
+ /bin/bzip2 -dc /usr/src/rpm/SOURCES/iputils-s20101006.tar.bz2
+ /bin/tar -xf -
+ STATUS=0
+ '[' 0 -ne 0 ']'
+ cd iputils-s20101006
+ echo 'Patch #0 (iputils-s20101006-debian_fixes-1.patch):'
Patch #0 (iputils-s20101006-debian_fixes-1.patch):
+ /bin/cat /usr/src/rpm/SOURCES/iputils-s20101006-debian_fixes-1.patch
+ /usr/bin/patch -s -p1
+ exit 0
Executing(%build): /bin/sh -e /var/tmp/rpm-tmp.46379
+ umask 022
+ cd /usr/src/rpm/BUILD
+ cd iputils-s20101006
+ make
gcc -D_GNU_SOURCE -O2 -Wstrict-prototypes -Wall -g       tracepath.c   -o tracepath
tracepath.c: In function 'print_host':
tracepath.c:80:2: warning: field width should have type 'int', but argument 2 has type 'size_t'
tracepath.c: In function 'recverr':
tracepath.c:148:5: warning: dereferencing type-punned pointer will break strict-aliasing rules
gcc -D_GNU_SOURCE -O2 -Wstrict-prototypes -Wall -g      -c -o ping.o ping.c
gcc -D_GNU_SOURCE -O2 -Wstrict-prototypes -Wall -g      -c -o ping_common.o ping_common.c
gcc   ping.o ping_common.o   -o ping
gcc -D_GNU_SOURCE -O2 -Wstrict-prototypes -Wall -g       clockdiff.c   -o clockdiff
gcc -D_GNU_SOURCE -O2 -Wstrict-prototypes -Wall -g       rdisc.c   -o rdisc
gcc -D_GNU_SOURCE -O2 -Wstrict-prototypes -Wall -g      -c -o tftpd.o tftpd.c
gcc -D_GNU_SOURCE -O2 -Wstrict-prototypes -Wall -g      -c -o tftpsubs.o tftpsubs.c
gcc   tftpd.o tftpsubs.o   -o tftpd
gcc -D_GNU_SOURCE -O2 -Wstrict-prototypes -Wall -g       rarpd.c   -o rarpd
gcc -D_GNU_SOURCE -O2 -Wstrict-prototypes -Wall -g       tracepath6.c   -o tracepath6
tracepath6.c: In function 'print_host':
tracepath6.c:92:2: warning: field width should have type 'int', but argument 2 has type 'size_t'
tracepath6.c: In function 'recverr':
tracepath6.c:176:5: warning: dereferencing type-punned pointer will break strict-aliasing rules
gcc -D_GNU_SOURCE -O2 -Wstrict-prototypes -Wall -g       traceroute6.c   -o traceroute6
gcc -D_GNU_SOURCE -O2 -Wstrict-prototypes -Wall -g      -c -o ping6.o ping6.c
ping6.c: In function 'build_niquery':
ping6.c:1111:2: warning: dereferencing type-punned pointer will break strict-aliasing rules
ping6.c:1111:2: warning: dereferencing type-punned pointer will break strict-aliasing rules
ping6.c:1118:2: warning: dereferencing type-punned pointer will break strict-aliasing rules
ping6.c: In function 'parse_reply':
ping6.c:1334:4: warning: dereferencing type-punned pointer will break strict-aliasing rules
ping6.c:1358:3: warning: dereferencing type-punned pointer will break strict-aliasing rules
gcc -D_GNU_SOURCE -O2 -Wstrict-prototypes -Wall -g    -o ping6 ping6.o ping_common.o -lresolv -lcrypto
+ exit 0
Executing(%install): /bin/sh -e /var/tmp/rpm-tmp.49595
+ umask 022
+ cd /usr/src/rpm/BUILD
+ /bin/rm -rf /var/tmp/iputils-root
+ /bin/mkdir -p /var/tmp/iputils-root
+ cd iputils-s20101006
+ install -dv /var/tmp/iputils-root/bin /var/tmp/iputils-root/sbin
install: creating directory `/var/tmp/iputils-root/bin'
install: creating directory `/var/tmp/iputils-root/sbin'
+ install -dv /var/tmp/iputils-root/usr/sbin
install: creating directory `/var/tmp/iputils-root/usr'
install: creating directory `/var/tmp/iputils-root/usr/sbin'
+ install ping ping6 /var/tmp/iputils-root/bin/
+ install tracepath tracepath6 /var/tmp/iputils-root/bin/
+ install rdisc /var/tmp/iputils-root/sbin/
+ install clockdiff /var/tmp/iputils-root/usr/sbin/
+ exit 0
Processing files: iputils-20101006-1.x86_64
Requires: libc.so.6()(64bit) libc.so.6(GLIBC_2.2.5)(64bit) libc.so.6(GLIBC_2.3)(64bit) libcrypto.so.1.0.0()(64bit) libresolv.so.2()(64bit) libresolv.so.2(GLIBC_2.2.5)(64bit)
Checking for unpackaged file(s): /usr/lib/rpm/check-files /var/tmp/iputils-root
Wrote: /usr/src/rpm/SRPMS/iputils-20101006-1.src.rpm
Wrote: /usr/src/rpm/RPMS/x86_64/iputils-20101006-1.x86_64.rpm
Executing(%clean): /bin/sh -e /var/tmp/rpm-tmp.49595
+ umask 022
+ cd /usr/src/rpm/BUILD
+ cd iputils-s20101006
+ /bin/rm -rf /var/tmp/iputils-root
