Fetching(Source0): http://dev.lightcube.us/sources/expat/expat-2.0.1.tar.gz
Executing(%prep): /bin/sh -e /var/tmp/rpm-tmp.77933
+ umask 022
+ cd /usr/src/rpm/BUILD
+ cd /usr/src/rpm/BUILD
+ rm -rf expat-2.0.1
+ /bin/gzip -dc /usr/src/rpm/SOURCES/expat-2.0.1.tar.gz
+ /bin/tar -xf -
+ STATUS=0
+ '[' 0 -ne 0 ']'
+ cd expat-2.0.1
+ exit 0
Executing(%build): /bin/sh -e /var/tmp/rpm-tmp.77933
+ umask 022
+ cd /usr/src/rpm/BUILD
+ cd expat-2.0.1
+ export 'CFLAGS=-Os -pipe'
+ CFLAGS='-Os -pipe'
+ ./configure --prefix=/usr --libdir=/usr/lib64 --mandir=/usr/share/man
checking build system type... x86_64-unknown-linux-gnu
checking host system type... x86_64-unknown-linux-gnu
checking for gcc... gcc
checking for C compiler default output file name... a.out
checking whether the C compiler works... yes
checking whether we are cross compiling... no
checking for suffix of executables... 
checking for suffix of object files... o
checking whether we are using the GNU C compiler... yes
checking whether gcc accepts -g... yes
checking for gcc option to accept ANSI C... none needed
checking for a sed that does not truncate output... /bin/sed
checking for egrep... grep -E
checking for ld used by gcc... /usr/bin/ld
checking if the linker (/usr/bin/ld) is GNU ld... yes
checking for /usr/bin/ld option to reload object files... -r
checking for BSD-compatible nm... /usr/bin/nm -B
checking whether ln -s works... yes
checking how to recognise dependent libraries... pass_all
checking how to run the C preprocessor... gcc -E
checking for ANSI C header files... yes
checking for sys/types.h... yes
checking for sys/stat.h... yes
checking for stdlib.h... yes
checking for string.h... yes
checking for memory.h... yes
checking for strings.h... yes
checking for inttypes.h... yes
checking for stdint.h... yes
checking for unistd.h... yes
checking dlfcn.h usability... yes
checking dlfcn.h presence... yes
checking for dlfcn.h... yes
checking for g++... g++
checking whether we are using the GNU C++ compiler... yes
checking whether g++ accepts -g... yes
checking how to run the C++ preprocessor... g++ -E
checking for g77... no
checking for f77... no
checking for xlf... no
checking for frt... no
checking for pgf77... no
checking for fort77... no
checking for fl32... no
checking for af77... no
checking for f90... no
checking for xlf90... no
checking for pgf90... no
checking for epcf90... no
checking for f95... no
checking for fort... no
checking for xlf95... no
checking for ifc... no
checking for efc... no
checking for pgf95... no
checking for lf95... no
checking for gfortran... no
checking whether we are using the GNU Fortran 77 compiler... no
checking whether  accepts -g... no
checking the maximum length of command line arguments... 32768
checking command to parse /usr/bin/nm -B output from gcc object... ok
checking for objdir... .libs
checking for ar... ar
checking for ranlib... ranlib
checking for strip... strip
checking if gcc supports -fno-rtti -fno-exceptions... no
checking for gcc option to produce PIC... -fPIC
checking if gcc PIC flag -fPIC works... yes
checking if gcc static flag -static works... yes
checking if gcc supports -c -o file.o... yes
checking whether the gcc linker (/usr/bin/ld -m elf_x86_64) supports shared libraries... yes
checking whether -lc should be explicitly linked in... no
checking dynamic linker characteristics... GNU/Linux ld.so
checking how to hardcode library paths into programs... immediate
checking whether stripping libraries is possible... yes
checking if libtool supports shared libraries... yes
checking whether to build shared libraries... yes
checking whether to build static libraries... yes
configure: creating libtool
appending configuration tag "CXX" to libtool
checking for ld used by g++... /usr/bin/ld -m elf_x86_64
checking if the linker (/usr/bin/ld -m elf_x86_64) is GNU ld... yes
checking whether the g++ linker (/usr/bin/ld -m elf_x86_64) supports shared libraries... yes
checking for g++ option to produce PIC... -fPIC
checking if g++ PIC flag -fPIC works... yes
checking if g++ static flag -static works... yes
checking if g++ supports -c -o file.o... yes
checking whether the g++ linker (/usr/bin/ld -m elf_x86_64) supports shared libraries... yes
checking dynamic linker characteristics... GNU/Linux ld.so
checking how to hardcode library paths into programs... immediate
appending configuration tag "F77" to libtool
checking for gcc... (cached) gcc
checking whether we are using the GNU C compiler... (cached) yes
checking whether gcc accepts -g... (cached) yes
checking for gcc option to accept ANSI C... (cached) none needed
checking for a BSD-compatible install... /usr/bin/install -c
checking whether gcc accepts -fexceptions... yes
checking for ANSI C header files... (cached) yes
checking whether byte ordering is bigendian... no
checking for an ANSI C-conforming const... yes
checking for size_t... yes
checking for memmove... yes
checking for bcopy... yes
checking fcntl.h usability... yes
checking fcntl.h presence... yes
checking for fcntl.h... yes
checking for unistd.h... (cached) yes
checking for off_t... yes
checking for stdlib.h... (cached) yes
checking for unistd.h... (cached) yes
checking for getpagesize... yes
checking for working mmap... yes
checking for an ANSI C99-conforming __func__... yes
configure: creating ./config.status
config.status: creating Makefile
config.status: creating expat_config.h
+ make -j4
/bin/sh ./libtool --silent --mode=compile gcc -I./lib -I. -Os -pipe -Wall -Wmissing-prototypes -Wstrict-prototypes -fexceptions  -DHAVE_EXPAT_CONFIG_H -o lib/xmlparse.lo -c lib/xmlparse.c
/bin/sh ./libtool --silent --mode=compile gcc -I./lib -I. -Os -pipe -Wall -Wmissing-prototypes -Wstrict-prototypes -fexceptions  -DHAVE_EXPAT_CONFIG_H -o lib/xmltok.lo -c lib/xmltok.c
/bin/sh ./libtool --silent --mode=compile gcc -I./lib -I. -Os -pipe -Wall -Wmissing-prototypes -Wstrict-prototypes -fexceptions  -DHAVE_EXPAT_CONFIG_H -o lib/xmlrole.lo -c lib/xmlrole.c
gcc -I./lib -I. -Os -pipe -Wall -Wmissing-prototypes -Wstrict-prototypes -fexceptions  -DHAVE_EXPAT_CONFIG_H -o xmlwf/xmlwf.o -c xmlwf/xmlwf.c
mkdir: cannot create directory `lib/.libs': File exists
gcc -I./lib -I. -Os -pipe -Wall -Wmissing-prototypes -Wstrict-prototypes -fexceptions  -DHAVE_EXPAT_CONFIG_H -o xmlwf/xmlfile.o -c xmlwf/xmlfile.c
gcc -I./lib -I. -Os -pipe -Wall -Wmissing-prototypes -Wstrict-prototypes -fexceptions  -DHAVE_EXPAT_CONFIG_H -o xmlwf/codepage.o -c xmlwf/codepage.c
gcc -I./lib -I. -Os -pipe -Wall -Wmissing-prototypes -Wstrict-prototypes -fexceptions  -DHAVE_EXPAT_CONFIG_H -o xmlwf/unixfilemap.o -c xmlwf/unixfilemap.c
/bin/sh ./libtool --silent --mode=link gcc -I./lib -I. -Os -pipe -Wall -Wmissing-prototypes -Wstrict-prototypes -fexceptions  -DHAVE_EXPAT_CONFIG_H -no-undefined -version-info 6:2:5 -rpath /usr/lib64  -o libexpat.la lib/xmlparse.lo lib/xmltok.lo lib/xmlrole.lo
/bin/sh ./libtool --silent --mode=link gcc -I./lib -I. -Os -pipe -Wall -Wmissing-prototypes -Wstrict-prototypes -fexceptions  -DHAVE_EXPAT_CONFIG_H  -o xmlwf/xmlwf xmlwf/xmlwf.o xmlwf/xmlfile.o xmlwf/codepage.o xmlwf/unixfilemap.o libexpat.la
+ exit 0
Executing(%install): /bin/sh -e /var/tmp/rpm-tmp.81873
+ umask 022
+ cd /usr/src/rpm/BUILD
+ /bin/rm -rf /var/tmp/expat-root
+ /bin/mkdir -p /var/tmp/expat-root
+ cd expat-2.0.1
+ make DESTDIR=/var/tmp/expat-root install
/bin/sh ./conftools/mkinstalldirs /var/tmp/expat-root/usr/lib64 /var/tmp/expat-root/usr/include
mkdir /var/tmp/expat-root/usr
mkdir /var/tmp/expat-root/usr/lib64
mkdir /var/tmp/expat-root/usr/include
/bin/sh ./libtool --mode=install /usr/bin/install -c libexpat.la /var/tmp/expat-root/usr/lib64/libexpat.la
/usr/bin/install -c .libs/libexpat.so.1.5.2 /var/tmp/expat-root/usr/lib64/libexpat.so.1.5.2
(cd /var/tmp/expat-root/usr/lib64 && { ln -s -f libexpat.so.1.5.2 libexpat.so.1 || { rm -f libexpat.so.1 && ln -s libexpat.so.1.5.2 libexpat.so.1; }; })
(cd /var/tmp/expat-root/usr/lib64 && { ln -s -f libexpat.so.1.5.2 libexpat.so || { rm -f libexpat.so && ln -s libexpat.so.1.5.2 libexpat.so; }; })
/usr/bin/install -c .libs/libexpat.lai /var/tmp/expat-root/usr/lib64/libexpat.la
/usr/bin/install -c .libs/libexpat.a /var/tmp/expat-root/usr/lib64/libexpat.a
chmod 644 /var/tmp/expat-root/usr/lib64/libexpat.a
ranlib /var/tmp/expat-root/usr/lib64/libexpat.a
libtool: install: warning: remember to run `libtool --finish /usr/lib64'
for FN in ./lib/expat.h ./lib/expat_external.h ; do /usr/bin/install -c -m 644 $FN /var/tmp/expat-root/usr/include ; done
/bin/sh ./conftools/mkinstalldirs /var/tmp/expat-root/usr/bin /var/tmp/expat-root/usr/share/man/man1
mkdir /var/tmp/expat-root/usr/bin
mkdir /var/tmp/expat-root/usr/share
mkdir /var/tmp/expat-root/usr/share/man
mkdir /var/tmp/expat-root/usr/share/man/man1
/bin/sh ./libtool --mode=install /usr/bin/install -c xmlwf/xmlwf /var/tmp/expat-root/usr/bin/xmlwf
libtool: install: warning: `libexpat.la' has not been installed in `/usr/lib64'
/usr/bin/install -c xmlwf/.libs/xmlwf /var/tmp/expat-root/usr/bin/xmlwf
/usr/bin/install -c -m 644 ./doc/xmlwf.1 /var/tmp/expat-root/usr/share/man/man1
+ /usr/lib/rpm/compress_man.sh /var/tmp/expat-root
+ /usr/lib/rpm/strip.sh /var/tmp/expat-root
+ exit 0
Processing files: expat-2.0.1-3.x86_64
Provides: libexpat.so.1()(64bit)
Requires(interp): /sbin/ldconfig /sbin/ldconfig
Requires(post): /sbin/ldconfig
Requires(postun): /sbin/ldconfig
Requires: libc.so.6()(64bit) libc.so.6(GLIBC_2.2.5)(64bit) libexpat.so.1()(64bit)
Processing files: expat-devel-2.0.1-3.x86_64
Provides: libtool(/usr/lib64/libexpat.la)
Checking for unpackaged file(s): /usr/lib/rpm/check-files /var/tmp/expat-root
Wrote: /usr/src/rpm/SRPMS/expat-2.0.1-3.src.rpm
Wrote: /usr/src/rpm/RPMS/x86_64/expat-2.0.1-3.x86_64.rpm
Wrote: /usr/src/rpm/RPMS/x86_64/expat-devel-2.0.1-3.x86_64.rpm
Executing(%clean): /bin/sh -e /var/tmp/rpm-tmp.62822
+ umask 022
+ cd /usr/src/rpm/BUILD
+ cd expat-2.0.1
+ /bin/rm -rf /var/tmp/expat-root
