Fetching(Source3): https://dev.lightcube.us/svn/lightcubeos/!svn/bc/419/lightcube_os/trunk/packages/mkinitramfs/mkinitramfs.orig
Fetching(Source2): https://dev.lightcube.us/svn/lightcubeos/!svn/bc/419/lightcube_os/trunk/packages/mkinitramfs/initcd.in
Fetching(Source1): https://dev.lightcube.us/svn/lightcubeos/!svn/bc/419/lightcube_os/trunk/packages/mkinitramfs/init.in
Fetching(Source0): https://dev.lightcube.us/svn/lightcubeos/!svn/bc/419/lightcube_os/trunk/packages/mkinitramfs/Makefile.mkinitramfs
Executing(%prep): /bin/sh -e /var/tmp/rpm-tmp.94697
+ umask 022
+ cd /usr/src/rpm/BUILD
+ cd /usr/src/rpm/BUILD
+ rm -rf mkinitramfs-0.5.2
+ /bin/mkdir -p mkinitramfs-0.5.2
+ cd mkinitramfs-0.5.2
+ cp /usr/src/rpm/SOURCES/Makefile.mkinitramfs /usr/src/rpm/SOURCES/init.in /usr/src/rpm/SOURCES/initcd.in /usr/src/rpm/SOURCES/mkinitramfs.orig .
+ exit 0
Executing(%build): /bin/sh -e /var/tmp/rpm-tmp.94697
+ umask 022
+ cd /usr/src/rpm/BUILD
+ cd mkinitramfs-0.5.2
+ exit 0
Executing(%install): /bin/sh -e /var/tmp/rpm-tmp.94697
+ umask 022
+ cd /usr/src/rpm/BUILD
+ /bin/rm -rf /var/tmp/mkinitramfs-root
+ /bin/mkdir -p /var/tmp/mkinitramfs-root
+ cd mkinitramfs-0.5.2
+ make -f /usr/src/rpm/SOURCES/Makefile.mkinitramfs DESTDIR=/var/tmp/mkinitramfs-root install
install -d -m0755 /var/tmp/mkinitramfs-root/usr/bin /var/tmp/mkinitramfs-root/usr/share/mkinitramfs
sed 's@DATADIR=.*@DATADIR=/usr/share/mkinitramfs@' mkinitramfs.orig > mkinitramfs
install -m0755 mkinitramfs /var/tmp/mkinitramfs-root/usr/bin
install -m0644 init.in /var/tmp/mkinitramfs-root/usr/share/mkinitramfs
install -m0644 initcd.in /var/tmp/mkinitramfs-root/usr/share/mkinitramfs
+ exit 0
Processing files: mkinitramfs-0.5.2-2.noarch
Requires: /bin/bash
Checking for unpackaged file(s): /usr/lib/rpm/check-files /var/tmp/mkinitramfs-root
Wrote: /usr/src/rpm/SRPMS/mkinitramfs-0.5.2-2.src.rpm
Wrote: /usr/src/rpm/RPMS/noarch/mkinitramfs-0.5.2-2.noarch.rpm
Executing(%clean): /bin/sh -e /var/tmp/rpm-tmp.94697
+ umask 022
+ cd /usr/src/rpm/BUILD
+ cd mkinitramfs-0.5.2
+ /bin/rm -rf /var/tmp/mkinitramfs-root
