Fetching(Source0): http://gnu.mirrors.pair.com/savannah/savannah/libpipeline/libpipeline-1.2.0.tar.gz
Executing(%prep): /bin/sh -e /var/tmp/rpm-tmp.76333
+ umask 022
+ cd /usr/src/rpm/BUILD
+ cd /usr/src/rpm/BUILD
+ rm -rf libpipeline-1.2.0
+ /bin/gzip -dc /usr/src/rpm/SOURCES/libpipeline-1.2.0.tar.gz
+ /bin/tar -xf -
+ STATUS=0
+ '[' 0 -ne 0 ']'
+ cd libpipeline-1.2.0
+ exit 0
Executing(%build): /bin/sh -e /var/tmp/rpm-tmp.76333
+ umask 022
+ cd /usr/src/rpm/BUILD
+ cd libpipeline-1.2.0
+ export 'CFLAGS=-Os -pipe'
+ CFLAGS='-Os -pipe'
+ ./configure --prefix=/usr --libdir=/usr/lib64
checking for a BSD-compatible install... /usr/bin/install -c
checking whether build environment is sane... yes
checking for a thread-safe mkdir -p... /bin/mkdir -p
checking for gawk... gawk
checking whether make sets $(MAKE)... yes
checking whether to enable maintainer-specific portions of Makefiles... no
checking build system type... x86_64-unknown-linux-gnu
checking host system type... x86_64-unknown-linux-gnu
checking for style of include used by make... GNU
checking for gcc... gcc
checking whether the C compiler works... yes
checking for C compiler default output file name... a.out
checking for suffix of executables... 
checking whether we are cross compiling... no
checking for suffix of object files... o
checking whether we are using the GNU C compiler... yes
checking whether gcc accepts -g... yes
checking for gcc option to accept ISO C89... none needed
checking dependency style of gcc... gcc3
checking how to run the C preprocessor... gcc -E
checking for grep that handles long lines and -e... /bin/grep
checking for egrep... /bin/grep -E
checking for ANSI C header files... yes
checking for sys/types.h... yes
checking for sys/stat.h... yes
checking for stdlib.h... yes
checking for string.h... yes
checking for memory.h... yes
checking for strings.h... yes
checking for inttypes.h... yes
checking for stdint.h... yes
checking for unistd.h... yes
checking minix/config.h usability... no
checking minix/config.h presence... no
checking for minix/config.h... no
checking whether it is safe to define __EXTENSIONS__... yes
checking for a sed that does not truncate output... /bin/sed
checking for fgrep... /bin/grep -F
checking for ld used by gcc... /usr/bin/ld
checking if the linker (/usr/bin/ld) is GNU ld... yes
checking for BSD- or MS-compatible name lister (nm)... /usr/bin/nm -B
checking the name lister (/usr/bin/nm -B) interface... BSD nm
checking whether ln -s works... yes
checking the maximum length of command line arguments... 1572864
checking whether the shell understands some XSI constructs... yes
checking whether the shell understands "+="... yes
checking for /usr/bin/ld option to reload object files... -r
checking for objdump... objdump
checking how to recognize dependent libraries... pass_all
checking for ar... ar
checking for strip... strip
checking for ranlib... ranlib
checking command to parse /usr/bin/nm -B output from gcc object... ok
checking for dlfcn.h... yes
checking for objdir... .libs
checking if gcc supports -fno-rtti -fno-exceptions... no
checking for gcc option to produce PIC... -fPIC -DPIC
checking if gcc PIC flag -fPIC -DPIC works... yes
checking if gcc static flag -static works... yes
checking if gcc supports -c -o file.o... yes
checking if gcc supports -c -o file.o... (cached) yes
checking whether the gcc linker (/usr/bin/ld -m elf_x86_64) supports shared libraries... yes
checking whether -lc should be explicitly linked in... no
checking dynamic linker characteristics... GNU/Linux ld.so
checking how to hardcode library paths into programs... immediate
checking whether stripping libraries is possible... yes
checking if libtool supports shared libraries... yes
checking whether to build shared libraries... yes
checking whether to build static libraries... no
checking for gcc... (cached) gcc
checking whether we are using the GNU C compiler... (cached) yes
checking whether gcc accepts -g... (cached) yes
checking for gcc option to accept ISO C89... (cached) none needed
checking dependency style of gcc... (cached) gcc3
checking for ranlib... (cached) ranlib
checking whether gcc and cc understand -c and -o together... yes
checking for gcc option to accept ISO C99... -std=gnu99
checking for gcc -std=gnu99 option to accept ISO Standard C... (cached) -std=gnu99
checking how to run the C preprocessor... gcc -E
checking that GCC supports -W... yes
checking that GCC supports -Wpointer-arith... yes
checking that GCC supports -Wwrite-strings... yes
checking that GCC supports -Wstrict-prototypes... yes
checking that GCC supports -Wshadow... yes
checking that GCC supports -Wformat-security... yes
checking that GCC supports -Wredundant-decls... yes
checking that GCC supports -Wno-missing-field-initializers... yes
checking whether ln -s works... yes
checking for pkg-config... /usr/bin/pkg-config
checking pkg-config is at least version 0.9.0... yes
checking for CHECK... no
checking for library containing strerror... none required
checking for working alloca.h... yes
checking for alloca... yes
checking whether system is Windows or MSDOS... no
checking whether // is distinct from /... no
checking if environ is properly declared... yes
checking whether the preprocessor supports include_next... yes
checking whether system header files limit the line length... no
checking for complete errno.h... yes
checking whether strerror_r is declared... yes
checking for strerror_r... yes
checking whether strerror_r returns char *... yes
checking for inline... inline
checking for ld used by GCC... /usr/bin/ld -m elf_x86_64
checking if the linker (/usr/bin/ld -m elf_x86_64) is GNU ld... yes
checking for shared library run path origin... done
checking whether imported symbols can be declared weak... yes
checking pthread.h usability... yes
checking pthread.h presence... yes
checking for pthread.h... yes
checking for pthread_kill in -lpthread... yes
checking for multithread API to use... posix
checking whether malloc, realloc, calloc are POSIX compliant... yes
checking for stdlib.h... (cached) yes
checking for GNU libc compatible malloc... yes
checking for long long int... yes
checking sys/mman.h usability... yes
checking sys/mman.h presence... yes
checking for sys/mman.h... yes
checking for unistd.h... (cached) yes
checking sys/socket.h usability... yes
checking sys/socket.h presence... yes
checking for sys/socket.h... yes
checking for stdint.h... (cached) yes
checking wchar.h usability... yes
checking wchar.h presence... yes
checking for wchar.h... yes
checking sys/select.h usability... yes
checking sys/select.h presence... yes
checking for sys/select.h... yes
checking for sys/stat.h... (cached) yes
checking sys/time.h usability... yes
checking sys/time.h presence... yes
checking for sys/time.h... yes
checking sys/wait.h usability... yes
checking sys/wait.h presence... yes
checking for sys/wait.h... yes
checking features.h usability... yes
checking features.h presence... yes
checking for features.h... yes
checking for mprotect... yes
checking for memchr... yes
checking for setenv... yes
checking for sigaction... yes
checking for sigaltstack... yes
checking for siginterrupt... yes
checking for strndup... yes
checking for vasnprintf... no
checking for mmap... yes
checking for MAP_ANONYMOUS... yes
checking whether memchr works... yes
checking whether setenv is declared... yes
checking whether setenv validates arguments... yes
checking search.h usability... yes
checking search.h presence... yes
checking for search.h... yes
checking for tsearch... yes
checking for C/C++ restrict keyword... __restrict
checking for uid_t in sys/types.h... yes
checking whether snprintf returns a byte count as in C99... yes
checking whether snprintf is declared... yes
checking whether <sys/socket.h> is self-contained... yes
checking for shutdown... yes
checking whether <sys/socket.h> defines the SHUT_* macros... yes
checking for struct sockaddr_storage... yes
checking for sa_family_t... yes
checking for struct sockaddr_storage.ss_family... yes
checking whether socket is declared without a macro... yes
checking whether connect is declared without a macro... yes
checking whether accept is declared without a macro... yes
checking whether bind is declared without a macro... yes
checking whether getpeername is declared without a macro... yes
checking whether getsockname is declared without a macro... yes
checking whether getsockopt is declared without a macro... yes
checking whether listen is declared without a macro... yes
checking whether recv is declared without a macro... yes
checking whether send is declared without a macro... yes
checking whether recvfrom is declared without a macro... yes
checking whether sendto is declared without a macro... yes
checking whether setsockopt is declared without a macro... yes
checking whether shutdown is declared without a macro... yes
checking whether accept4 is declared without a macro... yes
checking for stdbool.h that conforms to C99... yes
checking for _Bool... yes
checking for wchar_t... yes
checking for unsigned long long int... yes
checking whether C symbols are prefixed with underscore at the linker level... no
checking for working strerror function... yes
checking whether memmem is declared without a macro... yes
checking whether mempcpy is declared without a macro... yes
checking whether memrchr is declared without a macro... yes
checking whether rawmemchr is declared without a macro... yes
checking whether stpcpy is declared without a macro... yes
checking whether stpncpy is declared without a macro... yes
checking whether strchrnul is declared without a macro... yes
checking whether strdup is declared without a macro... yes
checking whether strncat is declared without a macro... yes
checking whether strndup is declared without a macro... yes
checking whether strnlen is declared without a macro... yes
checking whether strpbrk is declared without a macro... yes
checking whether strsep is declared without a macro... yes
checking whether strcasestr is declared without a macro... yes
checking whether strtok_r is declared without a macro... yes
checking whether strerror_r is declared without a macro... yes
checking whether strsignal is declared without a macro... yes
checking whether strverscmp is declared without a macro... yes
checking whether strndup is declared... (cached) yes
checking whether strnlen is declared... (cached) yes
checking whether strsignal is declared... (cached) yes
checking whether sys_siglist is declared... yes
checking whether stat file-mode macros are broken... no
checking for struct timeval... yes
checking whether gettimeofday is declared without a macro... yes
checking for struct timespec in <time.h>... yes
checking whether unsetenv is declared... yes
checking for wint_t... yes
checking for size_t... yes
checking for inttypes.h... yes
checking for stdint.h... yes
checking for intmax_t... yes
checking for snprintf... yes
checking for strnlen... yes
checking for wcslen... yes
checking for wcsnlen... yes
checking for mbrtowc... yes
checking for wcrtomb... yes
checking whether _snprintf is declared... no
checking whether <wchar.h> uses 'inline' correctly... yes
checking for alloca as a compiler built-in... yes
checking whether // is distinct from /... (cached) no
checking for error_at_line... yes
checking whether the compiler generally respects inline... yes
checking for C compiler flag to ignore unused libraries... -Wl,--as-needed
checking for pthread_rwlock_t... yes
checking for struct sigaction.sa_sigaction... yes
checking for volatile sig_atomic_t... yes
checking whether sigaction is declared without a macro... yes
checking whether sigaddset is declared without a macro... yes
checking whether sigdelset is declared without a macro... yes
checking whether sigemptyset is declared without a macro... yes
checking whether sigfillset is declared without a macro... yes
checking whether sigismember is declared without a macro... yes
checking whether sigpending is declared without a macro... yes
checking whether sigprocmask is declared without a macro... yes
checking for sigprocmask... yes
checking for stdint.h... (cached) yes
checking for SIZE_MAX... yes
checking for snprintf... (cached) yes
checking whether snprintf respects a size of 1... yes
checking for socklen_t... yes
checking for va_copy... yes
checking whether NULL can be used in arbitrary expressions... yes
checking whether stdint.h conforms to C99... yes
checking whether dprintf is declared without a macro... yes
checking whether fpurge is declared without a macro... no
checking whether fseeko is declared without a macro... yes
checking whether ftello is declared without a macro... yes
checking whether getdelim is declared without a macro... yes
checking whether getline is declared without a macro... yes
checking whether popen is declared without a macro... yes
checking whether renameat is declared without a macro... yes
checking whether snprintf is declared without a macro... yes
checking whether tmpfile is declared without a macro... yes
checking whether vdprintf is declared without a macro... yes
checking whether vsnprintf is declared without a macro... yes
checking whether _Exit is declared without a macro... yes
checking whether atoll is declared without a macro... yes
checking whether canonicalize_file_name is declared without a macro... yes
checking whether getloadavg is declared without a macro... yes
checking whether getsubopt is declared without a macro... yes
checking whether grantpt is declared without a macro... yes
checking whether mkdtemp is declared without a macro... yes
checking whether mkostemp is declared without a macro... yes
checking whether mkostemps is declared without a macro... yes
checking whether mkstemp is declared without a macro... yes
checking whether mkstemps is declared without a macro... yes
checking whether ptsname is declared without a macro... yes
checking whether random_r is declared without a macro... yes
checking whether initstat_r is declared without a macro... no
checking whether srandom_r is declared without a macro... yes
checking whether setstate_r is declared without a macro... yes
checking whether realpath is declared without a macro... yes
checking whether rpmatch is declared without a macro... yes
checking whether setenv is declared without a macro... yes
checking whether strtod is declared without a macro... yes
checking whether strtoll is declared without a macro... yes
checking whether strtoull is declared without a macro... yes
checking whether unlockpt is declared without a macro... yes
checking whether unsetenv is declared without a macro... yes
checking for working strndup... yes
checking for working strnlen... yes
checking for strsignal... yes
checking whether strsignal always returns a string... yes
checking whether <sys/select.h> is self-contained... yes
checking whether select is declared without a macro... yes
checking whether <sys/socket.h> is self-contained... (cached) yes
checking for shutdown... (cached) yes
checking whether <sys/socket.h> defines the SHUT_* macros... (cached) yes
checking for struct sockaddr_storage... (cached) yes
checking for sa_family_t... (cached) yes
checking for struct sockaddr_storage.ss_family... (cached) yes
checking whether socket is declared without a macro... (cached) yes
checking whether connect is declared without a macro... (cached) yes
checking whether accept is declared without a macro... (cached) yes
checking whether bind is declared without a macro... (cached) yes
checking whether getpeername is declared without a macro... (cached) yes
checking whether getsockname is declared without a macro... (cached) yes
checking whether getsockopt is declared without a macro... (cached) yes
checking whether listen is declared without a macro... (cached) yes
checking whether recv is declared without a macro... (cached) yes
checking whether send is declared without a macro... (cached) yes
checking whether recvfrom is declared without a macro... (cached) yes
checking whether sendto is declared without a macro... (cached) yes
checking whether setsockopt is declared without a macro... (cached) yes
checking whether shutdown is declared without a macro... (cached) yes
checking whether accept4 is declared without a macro... (cached) yes
checking for nlink_t... yes
checking whether fchmodat is declared without a macro... yes
checking whether fstatat is declared without a macro... yes
checking whether futimens is declared without a macro... yes
checking whether lchmod is declared without a macro... yes
checking whether lstat is declared without a macro... yes
checking whether mkdirat is declared without a macro... yes
checking whether mkfifo is declared without a macro... yes
checking whether mkfifoat is declared without a macro... yes
checking whether mknod is declared without a macro... yes
checking whether mknodat is declared without a macro... yes
checking whether stat is declared without a macro... yes
checking whether utimensat is declared without a macro... yes
checking whether waitpid is declared without a macro... yes
checking whether chown is declared without a macro... yes
checking whether dup2 is declared without a macro... yes
checking whether dup3 is declared without a macro... yes
checking whether environ is declared without a macro... yes
checking whether euidaccess is declared without a macro... yes
checking whether faccessat is declared without a macro... yes
checking whether fchdir is declared without a macro... yes
checking whether fchownat is declared without a macro... yes
checking whether fsync is declared without a macro... yes
checking whether ftruncate is declared without a macro... yes
checking whether getcwd is declared without a macro... yes
checking whether getdomainname is declared without a macro... yes
checking whether getdtablesize is declared without a macro... yes
checking whether getgroups is declared without a macro... yes
checking whether gethostname is declared without a macro... yes
checking whether getlogin is declared without a macro... yes
checking whether getlogin_r is declared without a macro... yes
checking whether getpagesize is declared without a macro... yes
checking whether getusershell is declared without a macro... yes
checking whether setusershell is declared without a macro... yes
checking whether endusershell is declared without a macro... yes
checking whether lchown is declared without a macro... yes
checking whether link is declared without a macro... yes
checking whether linkat is declared without a macro... yes
checking whether lseek is declared without a macro... yes
checking whether pipe is declared without a macro... yes
checking whether pipe2 is declared without a macro... yes
checking whether pread is declared without a macro... yes
checking whether pwrite is declared without a macro... yes
checking whether readlink is declared without a macro... yes
checking whether readlinkat is declared without a macro... yes
checking whether rmdir is declared without a macro... yes
checking whether sleep is declared without a macro... yes
checking whether symlink is declared without a macro... yes
checking whether symlinkat is declared without a macro... yes
checking whether ttyname_r is declared without a macro... yes
checking whether unlink is declared without a macro... yes
checking whether unlinkat is declared without a macro... yes
checking whether usleep is declared without a macro... yes
checking for unsetenv... yes
checking for unsetenv() return type... int
checking whether unsetenv obeys POSIX... yes
checking for ptrdiff_t... yes
checking for vasprintf... yes
checking whether btowc is declared without a macro... yes
checking whether wctob is declared without a macro... yes
checking whether mbsinit is declared without a macro... yes
checking whether mbrtowc is declared without a macro... yes
checking whether mbrlen is declared without a macro... yes
checking whether mbsrtowcs is declared without a macro... yes
checking whether mbsnrtowcs is declared without a macro... yes
checking whether wcrtomb is declared without a macro... yes
checking whether wcsrtombs is declared without a macro... yes
checking whether wcsnrtombs is declared without a macro... yes
checking whether wcwidth is declared without a macro... yes
checking whether wmemchr is declared without a macro... yes
checking whether wmemcmp is declared without a macro... yes
checking whether wmemcpy is declared without a macro... yes
checking whether wmemmove is declared without a macro... yes
checking whether wmemset is declared without a macro... yes
checking whether wcslen is declared without a macro... yes
checking whether wcsnlen is declared without a macro... yes
checking whether wcscpy is declared without a macro... yes
checking whether wcpcpy is declared without a macro... yes
checking whether wcsncpy is declared without a macro... yes
checking whether wcpncpy is declared without a macro... yes
checking whether wcscat is declared without a macro... yes
checking whether wcsncat is declared without a macro... yes
checking whether wcscmp is declared without a macro... yes
checking whether wcsncmp is declared without a macro... yes
checking whether wcscasecmp is declared without a macro... yes
checking whether wcsncasecmp is declared without a macro... yes
checking whether wcscoll is declared without a macro... yes
checking whether wcsxfrm is declared without a macro... yes
checking whether wcsdup is declared without a macro... yes
checking whether wcschr is declared without a macro... yes
checking whether wcsrchr is declared without a macro... yes
checking whether wcscspn is declared without a macro... yes
checking whether wcsspn is declared without a macro... yes
checking whether wcspbrk is declared without a macro... yes
checking whether wcsstr is declared without a macro... yes
checking whether wcstok is declared without a macro... yes
checking whether wcswidth is declared without a macro... yes
checking for stdint.h... (cached) yes
checking for sys/wait.h that is POSIX.1 compatible... (cached) yes
checking fcntl.h usability... yes
checking fcntl.h presence... yes
checking for fcntl.h... yes
checking for an ANSI C-conforming const... yes
checking for pid_t... yes
checking for size_t... (cached) yes
checking vfork.h usability... no
checking vfork.h presence... no
checking for vfork.h... no
checking for fork... yes
checking for vfork... yes
checking for working fork... yes
checking for working vfork... (cached) yes
configure: default CC = "gcc -std=gnu99"
configure: default CPP = "gcc -E"
configure: default CPPFLAGS = ""
configure: default CFLAGS = "-Os -pipe -Wall -W -Wpointer-arith -Wwrite-strings -Wstrict-prototypes -Wshadow -Wformat-security -Wredundant-decls -Wno-missing-field-initializers"
configure: default LDFLAGS = ""
configure: default LIBS = ""
configure: creating ./config.status
config.status: creating Makefile
config.status: creating gnulib/lib/Makefile
config.status: creating lib/Makefile
config.status: creating lib/libpipeline.pc
config.status: creating man/Makefile
config.status: creating tests/Makefile
config.status: creating config.h
config.status: executing depfiles commands
config.status: executing libtool commands
+ make -j4
make  all-recursive
make[1]: Entering directory `/usr/src/rpm/BUILD/libpipeline-1.2.0'
Making all in gnulib/lib
make[2]: Entering directory `/usr/src/rpm/BUILD/libpipeline-1.2.0/gnulib/lib'
  GEN    alloca.h
  GEN    arg-nonnull.h
  GEN    c++defs.h
  GEN    warn-on-use.h
  GEN    signal.h
  GEN    stdlib.h
  GEN    stdio.h
  GEN    string.h
  GEN    sys/select.h
  GEN    sys/socket.h
  GEN    sys/stat.h
  GEN    sys/time.h
  GEN    sys/wait.h
  GEN    time.h
  GEN    unistd.h
  GEN    wchar.h
make  all-recursive
make[3]: Entering directory `/usr/src/rpm/BUILD/libpipeline-1.2.0/gnulib/lib'
make[4]: Entering directory `/usr/src/rpm/BUILD/libpipeline-1.2.0/gnulib/lib'
  CC     exitfail.lo
  CC     malloca.lo
  CC     xalloc-die.lo
  CC     xstrndup.lo
  CC     xvasprintf.lo
  CC     xasprintf.lo
  CC     asnprintf.lo
  CC     basename.lo
  CC     basename-lgpl.lo
  CC     dirname.lo
  CC     dirname-lgpl.lo
  CC     printf-args.lo
  CC     printf-parse.lo
  CC     stripslash.lo
  CC     vasnprintf.lo
  CC     xmalloc.lo
vasnprintf.c: In function 'vasnprintf':
vasnprintf.c:5091:35: warning: comparison between signed and unsigned integer expressions
  CC     glthread/lock.lo
  CC     glthread/threadlib.lo
  CC     glthread/tls.lo
  CCLD   libgnu.la
make[4]: Leaving directory `/usr/src/rpm/BUILD/libpipeline-1.2.0/gnulib/lib'
make[3]: Leaving directory `/usr/src/rpm/BUILD/libpipeline-1.2.0/gnulib/lib'
make[2]: Leaving directory `/usr/src/rpm/BUILD/libpipeline-1.2.0/gnulib/lib'
Making all in lib
make[2]: Entering directory `/usr/src/rpm/BUILD/libpipeline-1.2.0/lib'
  CC     libpipeline_la-appendstr.lo
  CC     libpipeline_la-debug.lo
  CC     libpipeline_la-pipeline.lo
  CCLD   libpipeline.la
make[2]: Leaving directory `/usr/src/rpm/BUILD/libpipeline-1.2.0/lib'
Making all in man
make[2]: Entering directory `/usr/src/rpm/BUILD/libpipeline-1.2.0/man'
make[2]: Nothing to be done for `all'.
make[2]: Leaving directory `/usr/src/rpm/BUILD/libpipeline-1.2.0/man'
make[2]: Entering directory `/usr/src/rpm/BUILD/libpipeline-1.2.0'
make[2]: Leaving directory `/usr/src/rpm/BUILD/libpipeline-1.2.0'
make[1]: Leaving directory `/usr/src/rpm/BUILD/libpipeline-1.2.0'
+ make check
Making check in gnulib/lib
make[1]: Entering directory `/usr/src/rpm/BUILD/libpipeline-1.2.0/gnulib/lib'
make  check-recursive
make[2]: Entering directory `/usr/src/rpm/BUILD/libpipeline-1.2.0/gnulib/lib'
make[3]: Entering directory `/usr/src/rpm/BUILD/libpipeline-1.2.0/gnulib/lib'
make[3]: Nothing to be done for `check-am'.
make[3]: Leaving directory `/usr/src/rpm/BUILD/libpipeline-1.2.0/gnulib/lib'
make[2]: Leaving directory `/usr/src/rpm/BUILD/libpipeline-1.2.0/gnulib/lib'
make[1]: Leaving directory `/usr/src/rpm/BUILD/libpipeline-1.2.0/gnulib/lib'
Making check in lib
make[1]: Entering directory `/usr/src/rpm/BUILD/libpipeline-1.2.0/lib'
make[1]: Nothing to be done for `check'.
make[1]: Leaving directory `/usr/src/rpm/BUILD/libpipeline-1.2.0/lib'
Making check in man
make[1]: Entering directory `/usr/src/rpm/BUILD/libpipeline-1.2.0/man'
make[1]: Nothing to be done for `check'.
make[1]: Leaving directory `/usr/src/rpm/BUILD/libpipeline-1.2.0/man'
make[1]: Entering directory `/usr/src/rpm/BUILD/libpipeline-1.2.0'
make[1]: Leaving directory `/usr/src/rpm/BUILD/libpipeline-1.2.0'
+ exit 0
Executing(%install): /bin/sh -e /var/tmp/rpm-tmp.44432
+ umask 022
+ cd /usr/src/rpm/BUILD
+ /bin/rm -rf /var/tmp/libpipeline-root
+ /bin/mkdir -p /var/tmp/libpipeline-root
+ cd libpipeline-1.2.0
+ make DESTDIR=/var/tmp/libpipeline-root install
Making install in gnulib/lib
make[1]: Entering directory `/usr/src/rpm/BUILD/libpipeline-1.2.0/gnulib/lib'
make  install-recursive
make[2]: Entering directory `/usr/src/rpm/BUILD/libpipeline-1.2.0/gnulib/lib'
make[3]: Entering directory `/usr/src/rpm/BUILD/libpipeline-1.2.0/gnulib/lib'
make[4]: Entering directory `/usr/src/rpm/BUILD/libpipeline-1.2.0/gnulib/lib'
make[4]: Nothing to be done for `install-exec-am'.
make[4]: Nothing to be done for `install-data-am'.
make[4]: Leaving directory `/usr/src/rpm/BUILD/libpipeline-1.2.0/gnulib/lib'
make[3]: Leaving directory `/usr/src/rpm/BUILD/libpipeline-1.2.0/gnulib/lib'
make[2]: Leaving directory `/usr/src/rpm/BUILD/libpipeline-1.2.0/gnulib/lib'
make[1]: Leaving directory `/usr/src/rpm/BUILD/libpipeline-1.2.0/gnulib/lib'
Making install in lib
make[1]: Entering directory `/usr/src/rpm/BUILD/libpipeline-1.2.0/lib'
make[2]: Entering directory `/usr/src/rpm/BUILD/libpipeline-1.2.0/lib'
test -z "/usr/lib64" || /bin/mkdir -p "/var/tmp/libpipeline-root/usr/lib64"
 /bin/sh ../libtool   --mode=install /usr/bin/install -c   libpipeline.la '/var/tmp/libpipeline-root/usr/lib64'
libtool: install: /usr/bin/install -c .libs/libpipeline.so.1.2.0 /var/tmp/libpipeline-root/usr/lib64/libpipeline.so.1.2.0
libtool: install: (cd /var/tmp/libpipeline-root/usr/lib64 && { ln -s -f libpipeline.so.1.2.0 libpipeline.so.1 || { rm -f libpipeline.so.1 && ln -s libpipeline.so.1.2.0 libpipeline.so.1; }; })
libtool: install: (cd /var/tmp/libpipeline-root/usr/lib64 && { ln -s -f libpipeline.so.1.2.0 libpipeline.so || { rm -f libpipeline.so && ln -s libpipeline.so.1.2.0 libpipeline.so; }; })
libtool: install: /usr/bin/install -c .libs/libpipeline.lai /var/tmp/libpipeline-root/usr/lib64/libpipeline.la
libtool: install: warning: remember to run `libtool --finish /usr/lib64'
test -z "/usr/include" || /bin/mkdir -p "/var/tmp/libpipeline-root/usr/include"
 /usr/bin/install -c -m 644 pipeline.h '/var/tmp/libpipeline-root/usr/include'
test -z "/usr/lib64/pkgconfig" || /bin/mkdir -p "/var/tmp/libpipeline-root/usr/lib64/pkgconfig"
 /usr/bin/install -c -m 644 libpipeline.pc '/var/tmp/libpipeline-root/usr/lib64/pkgconfig'
make[2]: Leaving directory `/usr/src/rpm/BUILD/libpipeline-1.2.0/lib'
make[1]: Leaving directory `/usr/src/rpm/BUILD/libpipeline-1.2.0/lib'
Making install in man
make[1]: Entering directory `/usr/src/rpm/BUILD/libpipeline-1.2.0/man'
make[2]: Entering directory `/usr/src/rpm/BUILD/libpipeline-1.2.0/man'
make[2]: Nothing to be done for `install-exec-am'.
test -z "/usr/share/man/man3" || /bin/mkdir -p "/var/tmp/libpipeline-root/usr/share/man/man3"
 /usr/bin/install -c -m 644 libpipeline.3 '/var/tmp/libpipeline-root/usr/share/man/man3'
make  install-data-hook
make[3]: Entering directory `/usr/src/rpm/BUILD/libpipeline-1.2.0/man'
set -e; cd "/var/tmp/libpipeline-root/usr/share/man/man3"; for function in pipecmd_new pipecmd_new_argv pipecmd_new_args pipecmd_new_argstr pipecmd_new_function pipecmd_new_sequence pipecmd_new_passthrough pipecmd_dup pipecmd_arg pipecmd_argf pipecmd_argv pipecmd_args pipecmd_argstr pipecmd_get_nargs pipecmd_nice pipecmd_discard_err pipecmd_setenv pipecmd_unsetenv pipecmd_clearenv pipecmd_sequence_command pipecmd_dump pipecmd_tostring pipecmd_exec pipecmd_free pipeline_new pipeline_new_commandv pipeline_new_commands pipeline_new_command_args pipeline_join pipeline_connect pipeline_command pipeline_command_args pipeline_command_argstr pipeline_commandv pipeline_commands pipeline_get_ncommands pipeline_get_command pipeline_set_command pipeline_get_pid pipeline_want_in pipeline_want_out pipeline_want_infile pipeline_want_outfile pipeline_ignore_signals pipeline_get_infile pipeline_get_outfile pipeline_dump pipeline_tostring pipeline_free pipeline_install_post_fork pipeline_start pipeline_wait pipeline_pump pipeline_read pipeline_peek pipeline_peek_size pipeline_peek_skip pipeline_readline pipeline_peekline; do \
	rm -f $function.3; \
	ln -s libpipeline.3 $function.3; \
done
make[3]: Leaving directory `/usr/src/rpm/BUILD/libpipeline-1.2.0/man'
make[2]: Leaving directory `/usr/src/rpm/BUILD/libpipeline-1.2.0/man'
make[1]: Leaving directory `/usr/src/rpm/BUILD/libpipeline-1.2.0/man'
make[1]: Entering directory `/usr/src/rpm/BUILD/libpipeline-1.2.0'
make[2]: Entering directory `/usr/src/rpm/BUILD/libpipeline-1.2.0'
make[2]: Nothing to be done for `install-exec-am'.
make[2]: Nothing to be done for `install-data-am'.
make[2]: Leaving directory `/usr/src/rpm/BUILD/libpipeline-1.2.0'
make[1]: Leaving directory `/usr/src/rpm/BUILD/libpipeline-1.2.0'
+ /usr/lib/rpm/compress_man.sh /var/tmp/libpipeline-root
removed `/var/tmp/libpipeline-root/usr/share/man/man3/pipecmd_new.3'
`/var/tmp/libpipeline-root/usr/share/man/man3/pipecmd_new.3.bz2' -> `libpipeline.3.bz2'
removed `/var/tmp/libpipeline-root/usr/share/man/man3/pipecmd_new_argv.3'
`/var/tmp/libpipeline-root/usr/share/man/man3/pipecmd_new_argv.3.bz2' -> `libpipeline.3.bz2'
removed `/var/tmp/libpipeline-root/usr/share/man/man3/pipecmd_new_args.3'
`/var/tmp/libpipeline-root/usr/share/man/man3/pipecmd_new_args.3.bz2' -> `libpipeline.3.bz2'
removed `/var/tmp/libpipeline-root/usr/share/man/man3/pipecmd_new_argstr.3'
`/var/tmp/libpipeline-root/usr/share/man/man3/pipecmd_new_argstr.3.bz2' -> `libpipeline.3.bz2'
removed `/var/tmp/libpipeline-root/usr/share/man/man3/pipecmd_new_function.3'
`/var/tmp/libpipeline-root/usr/share/man/man3/pipecmd_new_function.3.bz2' -> `libpipeline.3.bz2'
removed `/var/tmp/libpipeline-root/usr/share/man/man3/pipecmd_new_sequence.3'
`/var/tmp/libpipeline-root/usr/share/man/man3/pipecmd_new_sequence.3.bz2' -> `libpipeline.3.bz2'
removed `/var/tmp/libpipeline-root/usr/share/man/man3/pipecmd_new_passthrough.3'
`/var/tmp/libpipeline-root/usr/share/man/man3/pipecmd_new_passthrough.3.bz2' -> `libpipeline.3.bz2'
removed `/var/tmp/libpipeline-root/usr/share/man/man3/pipecmd_dup.3'
`/var/tmp/libpipeline-root/usr/share/man/man3/pipecmd_dup.3.bz2' -> `libpipeline.3.bz2'
removed `/var/tmp/libpipeline-root/usr/share/man/man3/pipecmd_arg.3'
`/var/tmp/libpipeline-root/usr/share/man/man3/pipecmd_arg.3.bz2' -> `libpipeline.3.bz2'
removed `/var/tmp/libpipeline-root/usr/share/man/man3/pipecmd_argf.3'
`/var/tmp/libpipeline-root/usr/share/man/man3/pipecmd_argf.3.bz2' -> `libpipeline.3.bz2'
removed `/var/tmp/libpipeline-root/usr/share/man/man3/pipecmd_argv.3'
`/var/tmp/libpipeline-root/usr/share/man/man3/pipecmd_argv.3.bz2' -> `libpipeline.3.bz2'
removed `/var/tmp/libpipeline-root/usr/share/man/man3/pipecmd_args.3'
`/var/tmp/libpipeline-root/usr/share/man/man3/pipecmd_args.3.bz2' -> `libpipeline.3.bz2'
removed `/var/tmp/libpipeline-root/usr/share/man/man3/pipecmd_argstr.3'
`/var/tmp/libpipeline-root/usr/share/man/man3/pipecmd_argstr.3.bz2' -> `libpipeline.3.bz2'
removed `/var/tmp/libpipeline-root/usr/share/man/man3/pipecmd_get_nargs.3'
`/var/tmp/libpipeline-root/usr/share/man/man3/pipecmd_get_nargs.3.bz2' -> `libpipeline.3.bz2'
removed `/var/tmp/libpipeline-root/usr/share/man/man3/pipecmd_nice.3'
`/var/tmp/libpipeline-root/usr/share/man/man3/pipecmd_nice.3.bz2' -> `libpipeline.3.bz2'
removed `/var/tmp/libpipeline-root/usr/share/man/man3/pipecmd_discard_err.3'
`/var/tmp/libpipeline-root/usr/share/man/man3/pipecmd_discard_err.3.bz2' -> `libpipeline.3.bz2'
removed `/var/tmp/libpipeline-root/usr/share/man/man3/pipecmd_setenv.3'
`/var/tmp/libpipeline-root/usr/share/man/man3/pipecmd_setenv.3.bz2' -> `libpipeline.3.bz2'
removed `/var/tmp/libpipeline-root/usr/share/man/man3/pipecmd_unsetenv.3'
`/var/tmp/libpipeline-root/usr/share/man/man3/pipecmd_unsetenv.3.bz2' -> `libpipeline.3.bz2'
removed `/var/tmp/libpipeline-root/usr/share/man/man3/pipecmd_clearenv.3'
`/var/tmp/libpipeline-root/usr/share/man/man3/pipecmd_clearenv.3.bz2' -> `libpipeline.3.bz2'
removed `/var/tmp/libpipeline-root/usr/share/man/man3/pipecmd_sequence_command.3'
`/var/tmp/libpipeline-root/usr/share/man/man3/pipecmd_sequence_command.3.bz2' -> `libpipeline.3.bz2'
removed `/var/tmp/libpipeline-root/usr/share/man/man3/pipecmd_dump.3'
`/var/tmp/libpipeline-root/usr/share/man/man3/pipecmd_dump.3.bz2' -> `libpipeline.3.bz2'
removed `/var/tmp/libpipeline-root/usr/share/man/man3/pipecmd_tostring.3'
`/var/tmp/libpipeline-root/usr/share/man/man3/pipecmd_tostring.3.bz2' -> `libpipeline.3.bz2'
removed `/var/tmp/libpipeline-root/usr/share/man/man3/pipecmd_exec.3'
`/var/tmp/libpipeline-root/usr/share/man/man3/pipecmd_exec.3.bz2' -> `libpipeline.3.bz2'
removed `/var/tmp/libpipeline-root/usr/share/man/man3/pipecmd_free.3'
`/var/tmp/libpipeline-root/usr/share/man/man3/pipecmd_free.3.bz2' -> `libpipeline.3.bz2'
removed `/var/tmp/libpipeline-root/usr/share/man/man3/pipeline_new.3'
`/var/tmp/libpipeline-root/usr/share/man/man3/pipeline_new.3.bz2' -> `libpipeline.3.bz2'
removed `/var/tmp/libpipeline-root/usr/share/man/man3/pipeline_new_commandv.3'
`/var/tmp/libpipeline-root/usr/share/man/man3/pipeline_new_commandv.3.bz2' -> `libpipeline.3.bz2'
removed `/var/tmp/libpipeline-root/usr/share/man/man3/pipeline_new_commands.3'
`/var/tmp/libpipeline-root/usr/share/man/man3/pipeline_new_commands.3.bz2' -> `libpipeline.3.bz2'
removed `/var/tmp/libpipeline-root/usr/share/man/man3/pipeline_new_command_args.3'
`/var/tmp/libpipeline-root/usr/share/man/man3/pipeline_new_command_args.3.bz2' -> `libpipeline.3.bz2'
removed `/var/tmp/libpipeline-root/usr/share/man/man3/pipeline_join.3'
`/var/tmp/libpipeline-root/usr/share/man/man3/pipeline_join.3.bz2' -> `libpipeline.3.bz2'
removed `/var/tmp/libpipeline-root/usr/share/man/man3/pipeline_connect.3'
`/var/tmp/libpipeline-root/usr/share/man/man3/pipeline_connect.3.bz2' -> `libpipeline.3.bz2'
removed `/var/tmp/libpipeline-root/usr/share/man/man3/pipeline_command.3'
`/var/tmp/libpipeline-root/usr/share/man/man3/pipeline_command.3.bz2' -> `libpipeline.3.bz2'
removed `/var/tmp/libpipeline-root/usr/share/man/man3/pipeline_command_args.3'
`/var/tmp/libpipeline-root/usr/share/man/man3/pipeline_command_args.3.bz2' -> `libpipeline.3.bz2'
removed `/var/tmp/libpipeline-root/usr/share/man/man3/pipeline_command_argstr.3'
`/var/tmp/libpipeline-root/usr/share/man/man3/pipeline_command_argstr.3.bz2' -> `libpipeline.3.bz2'
removed `/var/tmp/libpipeline-root/usr/share/man/man3/pipeline_commandv.3'
`/var/tmp/libpipeline-root/usr/share/man/man3/pipeline_commandv.3.bz2' -> `libpipeline.3.bz2'
removed `/var/tmp/libpipeline-root/usr/share/man/man3/pipeline_commands.3'
`/var/tmp/libpipeline-root/usr/share/man/man3/pipeline_commands.3.bz2' -> `libpipeline.3.bz2'
removed `/var/tmp/libpipeline-root/usr/share/man/man3/pipeline_get_ncommands.3'
`/var/tmp/libpipeline-root/usr/share/man/man3/pipeline_get_ncommands.3.bz2' -> `libpipeline.3.bz2'
removed `/var/tmp/libpipeline-root/usr/share/man/man3/pipeline_get_command.3'
`/var/tmp/libpipeline-root/usr/share/man/man3/pipeline_get_command.3.bz2' -> `libpipeline.3.bz2'
removed `/var/tmp/libpipeline-root/usr/share/man/man3/pipeline_set_command.3'
`/var/tmp/libpipeline-root/usr/share/man/man3/pipeline_set_command.3.bz2' -> `libpipeline.3.bz2'
removed `/var/tmp/libpipeline-root/usr/share/man/man3/pipeline_get_pid.3'
`/var/tmp/libpipeline-root/usr/share/man/man3/pipeline_get_pid.3.bz2' -> `libpipeline.3.bz2'
removed `/var/tmp/libpipeline-root/usr/share/man/man3/pipeline_want_in.3'
`/var/tmp/libpipeline-root/usr/share/man/man3/pipeline_want_in.3.bz2' -> `libpipeline.3.bz2'
removed `/var/tmp/libpipeline-root/usr/share/man/man3/pipeline_want_out.3'
`/var/tmp/libpipeline-root/usr/share/man/man3/pipeline_want_out.3.bz2' -> `libpipeline.3.bz2'
removed `/var/tmp/libpipeline-root/usr/share/man/man3/pipeline_want_infile.3'
`/var/tmp/libpipeline-root/usr/share/man/man3/pipeline_want_infile.3.bz2' -> `libpipeline.3.bz2'
removed `/var/tmp/libpipeline-root/usr/share/man/man3/pipeline_want_outfile.3'
`/var/tmp/libpipeline-root/usr/share/man/man3/pipeline_want_outfile.3.bz2' -> `libpipeline.3.bz2'
removed `/var/tmp/libpipeline-root/usr/share/man/man3/pipeline_ignore_signals.3'
`/var/tmp/libpipeline-root/usr/share/man/man3/pipeline_ignore_signals.3.bz2' -> `libpipeline.3.bz2'
removed `/var/tmp/libpipeline-root/usr/share/man/man3/pipeline_get_infile.3'
`/var/tmp/libpipeline-root/usr/share/man/man3/pipeline_get_infile.3.bz2' -> `libpipeline.3.bz2'
removed `/var/tmp/libpipeline-root/usr/share/man/man3/pipeline_get_outfile.3'
`/var/tmp/libpipeline-root/usr/share/man/man3/pipeline_get_outfile.3.bz2' -> `libpipeline.3.bz2'
removed `/var/tmp/libpipeline-root/usr/share/man/man3/pipeline_dump.3'
`/var/tmp/libpipeline-root/usr/share/man/man3/pipeline_dump.3.bz2' -> `libpipeline.3.bz2'
removed `/var/tmp/libpipeline-root/usr/share/man/man3/pipeline_tostring.3'
`/var/tmp/libpipeline-root/usr/share/man/man3/pipeline_tostring.3.bz2' -> `libpipeline.3.bz2'
removed `/var/tmp/libpipeline-root/usr/share/man/man3/pipeline_free.3'
`/var/tmp/libpipeline-root/usr/share/man/man3/pipeline_free.3.bz2' -> `libpipeline.3.bz2'
removed `/var/tmp/libpipeline-root/usr/share/man/man3/pipeline_install_post_fork.3'
`/var/tmp/libpipeline-root/usr/share/man/man3/pipeline_install_post_fork.3.bz2' -> `libpipeline.3.bz2'
removed `/var/tmp/libpipeline-root/usr/share/man/man3/pipeline_start.3'
`/var/tmp/libpipeline-root/usr/share/man/man3/pipeline_start.3.bz2' -> `libpipeline.3.bz2'
removed `/var/tmp/libpipeline-root/usr/share/man/man3/pipeline_wait.3'
`/var/tmp/libpipeline-root/usr/share/man/man3/pipeline_wait.3.bz2' -> `libpipeline.3.bz2'
removed `/var/tmp/libpipeline-root/usr/share/man/man3/pipeline_pump.3'
`/var/tmp/libpipeline-root/usr/share/man/man3/pipeline_pump.3.bz2' -> `libpipeline.3.bz2'
removed `/var/tmp/libpipeline-root/usr/share/man/man3/pipeline_read.3'
`/var/tmp/libpipeline-root/usr/share/man/man3/pipeline_read.3.bz2' -> `libpipeline.3.bz2'
removed `/var/tmp/libpipeline-root/usr/share/man/man3/pipeline_peek.3'
`/var/tmp/libpipeline-root/usr/share/man/man3/pipeline_peek.3.bz2' -> `libpipeline.3.bz2'
removed `/var/tmp/libpipeline-root/usr/share/man/man3/pipeline_peek_size.3'
`/var/tmp/libpipeline-root/usr/share/man/man3/pipeline_peek_size.3.bz2' -> `libpipeline.3.bz2'
removed `/var/tmp/libpipeline-root/usr/share/man/man3/pipeline_peek_skip.3'
`/var/tmp/libpipeline-root/usr/share/man/man3/pipeline_peek_skip.3.bz2' -> `libpipeline.3.bz2'
removed `/var/tmp/libpipeline-root/usr/share/man/man3/pipeline_readline.3'
`/var/tmp/libpipeline-root/usr/share/man/man3/pipeline_readline.3.bz2' -> `libpipeline.3.bz2'
removed `/var/tmp/libpipeline-root/usr/share/man/man3/pipeline_peekline.3'
`/var/tmp/libpipeline-root/usr/share/man/man3/pipeline_peekline.3.bz2' -> `libpipeline.3.bz2'
+ /usr/lib/rpm/strip.sh /var/tmp/libpipeline-root
+ exit 0
Processing files: libpipeline-1.2.0-1.x86_64
Provides: libpipeline.so.1()(64bit)
Requires(interp): /sbin/ldconfig /sbin/ldconfig
Requires(post): /sbin/ldconfig
Requires(postun): /sbin/ldconfig
Requires: libc.so.6()(64bit) libc.so.6(GLIBC_2.2.5)(64bit)
Processing files: libpipeline-devel-1.2.0-1.x86_64
Provides: libtool(/usr/lib64/libpipeline.la) pkgconfig(libpipeline) = 1.2.0
Requires(rpmlib): rpmlib(VersionedDependencies) <= 3.0.3-1
Requires: pkgconfig
Checking for unpackaged file(s): /usr/lib/rpm/check-files /var/tmp/libpipeline-root
Wrote: /usr/src/rpm/SRPMS/libpipeline-1.2.0-1.src.rpm
Wrote: /usr/src/rpm/RPMS/x86_64/libpipeline-1.2.0-1.x86_64.rpm
Wrote: /usr/src/rpm/RPMS/x86_64/libpipeline-devel-1.2.0-1.x86_64.rpm
Executing(%clean): /bin/sh -e /var/tmp/rpm-tmp.11749
+ umask 022
+ cd /usr/src/rpm/BUILD
+ cd libpipeline-1.2.0
+ /bin/rm -rf /var/tmp/libpipeline-root
