Executing(%prep): /bin/sh -e /var/tmp/rpm-tmp.64136
+ umask 022
+ cd /usr/src/rpm/BUILD
+ cd /usr/src/rpm/BUILD
+ rm -rf expect5.45
+ /bin/gzip -dc /usr/src/rpm/SOURCES/expect5.45.tar.gz
+ /bin/tar -xf -
+ STATUS=0
+ '[' 0 -ne 0 ']'
+ cd expect5.45
+ exit 0
Executing(%build): /bin/sh -e /var/tmp/rpm-tmp.64136
+ umask 022
+ cd /usr/src/rpm/BUILD
+ cd expect5.45
+ export LDFLAGS=-s
+ LDFLAGS=-s
+ ./configure --prefix=/usr --libdir=/usr/lib64 --mandir=/usr/share/man
checking for correct TEA configuration... ok (TEA 3.9)
configure: configuring expect 5.45
checking for Tcl configuration... found /usr/src/rpm/BUILD/tcl8.5.9/unix/tclConfig.sh
checking for existence of /usr/src/rpm/BUILD/tcl8.5.9/unix/tclConfig.sh... loading
configure: --exec-prefix defaulting to TCL_EXEC_PREFIX /usr
checking for gcc... gcc
checking for C compiler default output file name... a.out
checking whether the C compiler works... yes
checking whether we are cross compiling... no
checking for suffix of executables... 
checking for suffix of object files... o
checking whether we are using the GNU C compiler... yes
checking whether gcc accepts -g... yes
checking for gcc option to accept ANSI C... none needed
checking how to run the C preprocessor... gcc -E
checking for a BSD-compatible install... /usr/bin/install -c
checking whether make sets $(MAKE)... yes
checking for ranlib... ranlib
checking for egrep... grep -E
checking for ANSI C header files... yes
checking for sys/types.h... yes
checking for sys/stat.h... yes
checking for stdlib.h... yes
checking for string.h... yes
checking for memory.h... yes
checking for strings.h... yes
checking for inttypes.h... yes
checking for stdint.h... yes
checking for unistd.h... yes
checking if the compiler understands -pipe... yes
checking whether byte ordering is bigendian... no
checking for sin... no
checking for main in -lieee... yes
checking for main in -linet... no
checking net/errno.h usability... no
checking net/errno.h presence... no
checking for net/errno.h... no
checking for connect... yes
checking for gethostbyname... yes
checking dirent.h... yes
checking errno.h usability... yes
checking errno.h presence... yes
checking for errno.h... yes
checking float.h usability... yes
checking float.h presence... yes
checking for float.h... yes
checking values.h usability... yes
checking values.h presence... yes
checking for values.h... yes
checking limits.h usability... yes
checking limits.h presence... yes
checking for limits.h... yes
checking for stdlib.h... (cached) yes
checking for string.h... (cached) yes
checking sys/wait.h usability... yes
checking sys/wait.h presence... yes
checking for sys/wait.h... yes
checking dlfcn.h usability... yes
checking dlfcn.h presence... yes
checking for dlfcn.h... yes
checking sys/param.h usability... yes
checking sys/param.h presence... yes
checking for sys/param.h... yes
checking for Tcl public headers... /usr/src/rpm/BUILD/tcl8.5.9/generic
checking for Tcl private include files... Using srcdir found in tclConfig.sh: /usr/src/rpm/BUILD/tcl8.5.9
checking for pthread_mutex_init in -lpthread... yes
checking for building with threads... yes (default)
configure: WARNING:
    --enable-threads requested, but building against a Tcl that is NOT
    thread-enabled.  This is an OK configuration that will also run in
    a thread-enabled core.
checking how to build libraries... shared
checking if 64bit support is requested... no
checking if 64bit Sparc VIS support is requested... no
checking if compiler supports visibility "hidden"... yes
checking if rpath support is requested... yes
checking system version... Linux-2.6.37.2-2
checking for ar... ar
checking for required early compiler flags...  _LARGEFILE64_SOURCE
checking for 64-bit integer type... using long
checking for build with symbols... no
checking sys/select.h usability... yes
checking sys/select.h presence... yes
checking for sys/select.h... yes
checking sys/sysmacros.h usability... yes
checking sys/sysmacros.h presence... yes
checking for sys/sysmacros.h... yes
checking varargs.h usability... no
checking varargs.h presence... no
checking for varargs.h... no
checking sys/stropts.h usability... yes
checking sys/stropts.h presence... yes
checking for sys/stropts.h... yes
checking sys/sysconfig.h usability... no
checking sys/sysconfig.h presence... no
checking for sys/sysconfig.h... no
checking sys/fcntl.h usability... yes
checking sys/fcntl.h presence... yes
checking for sys/fcntl.h... yes
checking sys/ptem.h usability... no
checking sys/ptem.h presence... no
checking for sys/ptem.h... no
checking sys/strredir.h usability... no
checking sys/strredir.h presence... no
checking for sys/strredir.h... no
checking sys/strpty.h usability... no
checking sys/strpty.h presence... no
checking for sys/strpty.h... no
checking for sys/bsdtypes.h... no
checking return type of signal handlers... void
checking whether struct tm is in sys/time.h or time.h... time.h
checking sys/time.h usability... yes
checking sys/time.h presence... yes
checking for sys/time.h... yes
checking whether time.h and sys/time.h may both be included... yes
checking for struct tm.tm_zone... yes
checking for gmtime_r... yes
checking for localtime_r... yes
checking tm_tzadj in struct tm... no
checking tm_gmtoff in struct tm... yes
checking long timezone variable... yes
checking union wait... yes
checking for gethostname... yes
checking for socket... yes
checking for select... yes
checking for getpseudotty... no
checking for getpseudotty in -lseq... no
checking for openpty... no
checking for openpty in -lutil... yes
checking if running Sequent running SVR4... no
checking build system type... x86_64-unknown-linux-gnu
checking host system type... x86_64-unknown-linux-gnu
checking target system type... x86_64-unknown-linux-gnu
checking for pid_t... yes
checking if running Mach... no
checking if running MachTen... no
checking if on Pyramid... no
checking if on Apollo... no
checking if on Interactive... no
checking stty to use... /bin/stty
checking if stty reads stdout... no
checking if running Solaris... no
checking for memmove... yes
checking for sysconf... yes
checking for strftime... yes
checking for strchr... yes
checking for timezone... yes
checking for siglongjmp... yes
checking for memcpy... yes
checking if WNOHANG requires _POSIX_SOURCE... no
checking if any value exists for WNOHANG... yes
checking mask type of select... none
checking if signals need to be re-armed... no
checking if on Convex... no
checking if on HP... no
checking sane default stty arguments... 
checking for HP style pty allocation... no
checking for HP style pty trapping... no
checking for AIX new-style pty allocation... no
checking for SGI old-style pty allocation... no
checking for SCO style pty allocation... no
checking for SVR4 style pty allocation... yes
checking for libpts="-lpt" in -lpt... no
checking for ptsname... yes
checking for OSF/1 style pty allocation... no
checking for tcgetattr... yes
checking for tcsetattr... yes
checking for struct sgttyb... no
checking for struct termio... yes
checking for struct termios... yes
checking if TCGETS or TCGETA in termios.h... no
checking if TIOCGWINSZ in termios.h... no
checking for Cray-style ptys... no
checking for select... yes
checking for poll... yes
checking event handling... via select
checking for _getpty... no
checking for getpty... no
checking whether setpgrp takes no argument... yes
checking for SV-style timezone... yes
checking for long file names... yes
checking for tclsh... /usr/src/rpm/BUILD/tcl8.5.9/unix/tclsh
configure: creating ./config.status
config.status: creating Makefile
config.status: executing default commands
chmod: cannot access `./install-sh': No such file or directory
configure: configuring in testsuite
configure: running /bin/sh './configure' --prefix=/usr  '--prefix=/usr' '--libdir=/usr/lib64' '--mandir=/usr/share/man' 'LDFLAGS=-s' --cache-file=/dev/null --srcdir=.
checking for correct TEA configuration... ok (TEA 3.9)
configure: configuring exp_test 0.43
checking for Tcl configuration... found /usr/src/rpm/BUILD/tcl8.5.9/unix/tclConfig.sh
checking for existence of /usr/src/rpm/BUILD/tcl8.5.9/unix/tclConfig.sh... loading
checking for gcc... gcc
checking for C compiler default output file name... a.out
checking whether the C compiler works... yes
checking whether we are cross compiling... no
checking for suffix of executables... 
checking for suffix of object files... o
checking whether we are using the GNU C compiler... yes
checking whether gcc accepts -g... yes
checking for gcc option to accept ANSI C... none needed
checking how to run the C preprocessor... gcc -E
checking for a BSD-compatible install... /usr/bin/install -c
checking whether make sets $(MAKE)... yes
checking for ranlib... ranlib
checking for egrep... grep -E
checking for ANSI C header files... yes
checking for sys/types.h... yes
checking for sys/stat.h... yes
checking for stdlib.h... yes
checking for string.h... yes
checking for memory.h... yes
checking for strings.h... yes
checking for inttypes.h... yes
checking for stdint.h... yes
checking for unistd.h... yes
checking if the compiler understands -pipe... yes
checking whether byte ordering is bigendian... no
checking for sin... no
checking for main in -lieee... yes
checking for main in -linet... no
checking net/errno.h usability... no
checking net/errno.h presence... no
checking for net/errno.h... no
checking for connect... yes
checking for gethostbyname... yes
checking dirent.h... yes
checking errno.h usability... yes
checking errno.h presence... yes
checking for errno.h... yes
checking float.h usability... yes
checking float.h presence... yes
checking for float.h... yes
checking values.h usability... yes
checking values.h presence... yes
checking for values.h... yes
checking limits.h usability... yes
checking limits.h presence... yes
checking for limits.h... yes
checking for stdlib.h... (cached) yes
checking for string.h... (cached) yes
checking sys/wait.h usability... yes
checking sys/wait.h presence... yes
checking for sys/wait.h... yes
checking dlfcn.h usability... yes
checking dlfcn.h presence... yes
checking for dlfcn.h... yes
checking sys/param.h usability... yes
checking sys/param.h presence... yes
checking for sys/param.h... yes
configure: creating ./config.status
config.status: creating Makefile
+ make -j24
gcc -DPACKAGE_NAME=\"expect\" -DPACKAGE_TARNAME=\"expect\" -DPACKAGE_VERSION=\"5.45\" -DPACKAGE_STRING=\"expect\ 5.45\" -DPACKAGE_BUGREPORT=\"\" -DBUILD_expect= -DSTDC_HEADERS=1 -DHAVE_SYS_TYPES_H=1 -DHAVE_SYS_STAT_H=1 -DHAVE_STDLIB_H=1 -DHAVE_STRING_H=1 -DHAVE_MEMORY_H=1 -DHAVE_STRINGS_H=1 -DHAVE_INTTYPES_H=1 -DHAVE_STDINT_H=1 -DHAVE_UNISTD_H=1 -DHAVE_LIMITS_H=1 -DHAVE_SYS_PARAM_H=1 -DUSE_THREAD_ALLOC=1 -D_REENTRANT=1 -D_THREAD_SAFE=1 -DTCL_THREADS=1 -DMODULE_SCOPE=extern\ __attribute__\(\(__visibility__\(\"hidden\"\)\)\) -D_LARGEFILE64_SOURCE=1 -DTCL_WIDE_INT_IS_LONG=1 -DUSE_TCL_STUBS=1 -DUSE_TCL_STUBS=1 -DHAVE_SYS_SELECT_H=1 -DHAVE_SYSMACROS_H=1 -DHAVE_STROPTS_H=1 -DHAVE_SYS_FCNTL_H=1 -DRETSIGTYPE=void -DHAVE_SYS_TIME_H=1 -DTIME_WITH_SYS_TIME=1 -DHAVE_STRUCT_TM_TM_ZONE=1 -DHAVE_TM_ZONE=1 -DHAVE_GMTIME_R=1 -DHAVE_LOCALTIME_R=1 -DHAVE_TM_GMTOFF=1 -DHAVE_TIMEZONE_VAR=1 -DHAVE_OPENPTY=1 -DHAVE_MEMMOVE=1 -DHAVE_SYSCONF=1 -DHAVE_STRFTIME=1 -DHAVE_STRCHR=1 -DHAVE_TIMEZONE=1 -DHAVE_SIGLONGJMP=1 -DHAVE_MEMCPY=1 -DWNOHANG_BACKUP_VALUE=1 -DSELECT_MASK_TYPE=fd_set -DHAVE_PTMX=1 -DHAVE_TCSETATTR=1 -DPOSIX=1 -DHAVE_TERMIO=1 -DHAVE_TERMIOS=1 -DSETPGRP_VOID=1 -DHAVE_SV_TIMEZONE=1 -DHAVE_LONG_FILE_NAMES=1  -DTCL_DEBUGGER -DUSE_NON_CONST -DSCRIPTDIR=\"/usr/lib/expect5.45\" -DEXECSCRIPTDIR=\"/usr/lib64/expect5.45\" -DSTTY_BIN=\"/bin/stty\" -DDFLT_STTY="\"sane\"" -I. -I"." -I"/usr/src/rpm/BUILD/tcl8.5.9/generic" -I"/usr/src/rpm/BUILD/tcl8.5.9/unix"    -pipe -O2 -fomit-frame-pointer -Wall -fPIC  -c `echo exp_command.c` -o exp_command.o
gcc -DPACKAGE_NAME=\"expect\" -DPACKAGE_TARNAME=\"expect\" -DPACKAGE_VERSION=\"5.45\" -DPACKAGE_STRING=\"expect\ 5.45\" -DPACKAGE_BUGREPORT=\"\" -DBUILD_expect= -DSTDC_HEADERS=1 -DHAVE_SYS_TYPES_H=1 -DHAVE_SYS_STAT_H=1 -DHAVE_STDLIB_H=1 -DHAVE_STRING_H=1 -DHAVE_MEMORY_H=1 -DHAVE_STRINGS_H=1 -DHAVE_INTTYPES_H=1 -DHAVE_STDINT_H=1 -DHAVE_UNISTD_H=1 -DHAVE_LIMITS_H=1 -DHAVE_SYS_PARAM_H=1 -DUSE_THREAD_ALLOC=1 -D_REENTRANT=1 -D_THREAD_SAFE=1 -DTCL_THREADS=1 -DMODULE_SCOPE=extern\ __attribute__\(\(__visibility__\(\"hidden\"\)\)\) -D_LARGEFILE64_SOURCE=1 -DTCL_WIDE_INT_IS_LONG=1 -DUSE_TCL_STUBS=1 -DUSE_TCL_STUBS=1 -DHAVE_SYS_SELECT_H=1 -DHAVE_SYSMACROS_H=1 -DHAVE_STROPTS_H=1 -DHAVE_SYS_FCNTL_H=1 -DRETSIGTYPE=void -DHAVE_SYS_TIME_H=1 -DTIME_WITH_SYS_TIME=1 -DHAVE_STRUCT_TM_TM_ZONE=1 -DHAVE_TM_ZONE=1 -DHAVE_GMTIME_R=1 -DHAVE_LOCALTIME_R=1 -DHAVE_TM_GMTOFF=1 -DHAVE_TIMEZONE_VAR=1 -DHAVE_OPENPTY=1 -DHAVE_MEMMOVE=1 -DHAVE_SYSCONF=1 -DHAVE_STRFTIME=1 -DHAVE_STRCHR=1 -DHAVE_TIMEZONE=1 -DHAVE_SIGLONGJMP=1 -DHAVE_MEMCPY=1 -DWNOHANG_BACKUP_VALUE=1 -DSELECT_MASK_TYPE=fd_set -DHAVE_PTMX=1 -DHAVE_TCSETATTR=1 -DPOSIX=1 -DHAVE_TERMIO=1 -DHAVE_TERMIOS=1 -DSETPGRP_VOID=1 -DHAVE_SV_TIMEZONE=1 -DHAVE_LONG_FILE_NAMES=1  -DTCL_DEBUGGER -DUSE_NON_CONST -DSCRIPTDIR=\"/usr/lib/expect5.45\" -DEXECSCRIPTDIR=\"/usr/lib64/expect5.45\" -DSTTY_BIN=\"/bin/stty\" -DDFLT_STTY="\"sane\"" -I. -I"." -I"/usr/src/rpm/BUILD/tcl8.5.9/generic" -I"/usr/src/rpm/BUILD/tcl8.5.9/unix"    -pipe -O2 -fomit-frame-pointer -Wall -fPIC  -c `echo expect.c` -o expect.o
gcc -DPACKAGE_NAME=\"expect\" -DPACKAGE_TARNAME=\"expect\" -DPACKAGE_VERSION=\"5.45\" -DPACKAGE_STRING=\"expect\ 5.45\" -DPACKAGE_BUGREPORT=\"\" -DBUILD_expect= -DSTDC_HEADERS=1 -DHAVE_SYS_TYPES_H=1 -DHAVE_SYS_STAT_H=1 -DHAVE_STDLIB_H=1 -DHAVE_STRING_H=1 -DHAVE_MEMORY_H=1 -DHAVE_STRINGS_H=1 -DHAVE_INTTYPES_H=1 -DHAVE_STDINT_H=1 -DHAVE_UNISTD_H=1 -DHAVE_LIMITS_H=1 -DHAVE_SYS_PARAM_H=1 -DUSE_THREAD_ALLOC=1 -D_REENTRANT=1 -D_THREAD_SAFE=1 -DTCL_THREADS=1 -DMODULE_SCOPE=extern\ __attribute__\(\(__visibility__\(\"hidden\"\)\)\) -D_LARGEFILE64_SOURCE=1 -DTCL_WIDE_INT_IS_LONG=1 -DUSE_TCL_STUBS=1 -DUSE_TCL_STUBS=1 -DHAVE_SYS_SELECT_H=1 -DHAVE_SYSMACROS_H=1 -DHAVE_STROPTS_H=1 -DHAVE_SYS_FCNTL_H=1 -DRETSIGTYPE=void -DHAVE_SYS_TIME_H=1 -DTIME_WITH_SYS_TIME=1 -DHAVE_STRUCT_TM_TM_ZONE=1 -DHAVE_TM_ZONE=1 -DHAVE_GMTIME_R=1 -DHAVE_LOCALTIME_R=1 -DHAVE_TM_GMTOFF=1 -DHAVE_TIMEZONE_VAR=1 -DHAVE_OPENPTY=1 -DHAVE_MEMMOVE=1 -DHAVE_SYSCONF=1 -DHAVE_STRFTIME=1 -DHAVE_STRCHR=1 -DHAVE_TIMEZONE=1 -DHAVE_SIGLONGJMP=1 -DHAVE_MEMCPY=1 -DWNOHANG_BACKUP_VALUE=1 -DSELECT_MASK_TYPE=fd_set -DHAVE_PTMX=1 -DHAVE_TCSETATTR=1 -DPOSIX=1 -DHAVE_TERMIO=1 -DHAVE_TERMIOS=1 -DSETPGRP_VOID=1 -DHAVE_SV_TIMEZONE=1 -DHAVE_LONG_FILE_NAMES=1  -DTCL_DEBUGGER -DUSE_NON_CONST -DSCRIPTDIR=\"/usr/lib/expect5.45\" -DEXECSCRIPTDIR=\"/usr/lib64/expect5.45\" -DSTTY_BIN=\"/bin/stty\" -DDFLT_STTY="\"sane\"" -I. -I"." -I"/usr/src/rpm/BUILD/tcl8.5.9/generic" -I"/usr/src/rpm/BUILD/tcl8.5.9/unix"    -pipe -O2 -fomit-frame-pointer -Wall -fPIC  -c `echo exp_inter.c` -o exp_inter.o
gcc -DPACKAGE_NAME=\"expect\" -DPACKAGE_TARNAME=\"expect\" -DPACKAGE_VERSION=\"5.45\" -DPACKAGE_STRING=\"expect\ 5.45\" -DPACKAGE_BUGREPORT=\"\" -DBUILD_expect= -DSTDC_HEADERS=1 -DHAVE_SYS_TYPES_H=1 -DHAVE_SYS_STAT_H=1 -DHAVE_STDLIB_H=1 -DHAVE_STRING_H=1 -DHAVE_MEMORY_H=1 -DHAVE_STRINGS_H=1 -DHAVE_INTTYPES_H=1 -DHAVE_STDINT_H=1 -DHAVE_UNISTD_H=1 -DHAVE_LIMITS_H=1 -DHAVE_SYS_PARAM_H=1 -DUSE_THREAD_ALLOC=1 -D_REENTRANT=1 -D_THREAD_SAFE=1 -DTCL_THREADS=1 -DMODULE_SCOPE=extern\ __attribute__\(\(__visibility__\(\"hidden\"\)\)\) -D_LARGEFILE64_SOURCE=1 -DTCL_WIDE_INT_IS_LONG=1 -DUSE_TCL_STUBS=1 -DUSE_TCL_STUBS=1 -DHAVE_SYS_SELECT_H=1 -DHAVE_SYSMACROS_H=1 -DHAVE_STROPTS_H=1 -DHAVE_SYS_FCNTL_H=1 -DRETSIGTYPE=void -DHAVE_SYS_TIME_H=1 -DTIME_WITH_SYS_TIME=1 -DHAVE_STRUCT_TM_TM_ZONE=1 -DHAVE_TM_ZONE=1 -DHAVE_GMTIME_R=1 -DHAVE_LOCALTIME_R=1 -DHAVE_TM_GMTOFF=1 -DHAVE_TIMEZONE_VAR=1 -DHAVE_OPENPTY=1 -DHAVE_MEMMOVE=1 -DHAVE_SYSCONF=1 -DHAVE_STRFTIME=1 -DHAVE_STRCHR=1 -DHAVE_TIMEZONE=1 -DHAVE_SIGLONGJMP=1 -DHAVE_MEMCPY=1 -DWNOHANG_BACKUP_VALUE=1 -DSELECT_MASK_TYPE=fd_set -DHAVE_PTMX=1 -DHAVE_TCSETATTR=1 -DPOSIX=1 -DHAVE_TERMIO=1 -DHAVE_TERMIOS=1 -DSETPGRP_VOID=1 -DHAVE_SV_TIMEZONE=1 -DHAVE_LONG_FILE_NAMES=1  -DTCL_DEBUGGER -DUSE_NON_CONST -DSCRIPTDIR=\"/usr/lib/expect5.45\" -DEXECSCRIPTDIR=\"/usr/lib64/expect5.45\" -DSTTY_BIN=\"/bin/stty\" -DDFLT_STTY="\"sane\"" -I. -I"." -I"/usr/src/rpm/BUILD/tcl8.5.9/generic" -I"/usr/src/rpm/BUILD/tcl8.5.9/unix"    -pipe -O2 -fomit-frame-pointer -Wall -fPIC  -c `echo exp_regexp.c` -o exp_regexp.o
gcc -DPACKAGE_NAME=\"expect\" -DPACKAGE_TARNAME=\"expect\" -DPACKAGE_VERSION=\"5.45\" -DPACKAGE_STRING=\"expect\ 5.45\" -DPACKAGE_BUGREPORT=\"\" -DBUILD_expect= -DSTDC_HEADERS=1 -DHAVE_SYS_TYPES_H=1 -DHAVE_SYS_STAT_H=1 -DHAVE_STDLIB_H=1 -DHAVE_STRING_H=1 -DHAVE_MEMORY_H=1 -DHAVE_STRINGS_H=1 -DHAVE_INTTYPES_H=1 -DHAVE_STDINT_H=1 -DHAVE_UNISTD_H=1 -DHAVE_LIMITS_H=1 -DHAVE_SYS_PARAM_H=1 -DUSE_THREAD_ALLOC=1 -D_REENTRANT=1 -D_THREAD_SAFE=1 -DTCL_THREADS=1 -DMODULE_SCOPE=extern\ __attribute__\(\(__visibility__\(\"hidden\"\)\)\) -D_LARGEFILE64_SOURCE=1 -DTCL_WIDE_INT_IS_LONG=1 -DUSE_TCL_STUBS=1 -DUSE_TCL_STUBS=1 -DHAVE_SYS_SELECT_H=1 -DHAVE_SYSMACROS_H=1 -DHAVE_STROPTS_H=1 -DHAVE_SYS_FCNTL_H=1 -DRETSIGTYPE=void -DHAVE_SYS_TIME_H=1 -DTIME_WITH_SYS_TIME=1 -DHAVE_STRUCT_TM_TM_ZONE=1 -DHAVE_TM_ZONE=1 -DHAVE_GMTIME_R=1 -DHAVE_LOCALTIME_R=1 -DHAVE_TM_GMTOFF=1 -DHAVE_TIMEZONE_VAR=1 -DHAVE_OPENPTY=1 -DHAVE_MEMMOVE=1 -DHAVE_SYSCONF=1 -DHAVE_STRFTIME=1 -DHAVE_STRCHR=1 -DHAVE_TIMEZONE=1 -DHAVE_SIGLONGJMP=1 -DHAVE_MEMCPY=1 -DWNOHANG_BACKUP_VALUE=1 -DSELECT_MASK_TYPE=fd_set -DHAVE_PTMX=1 -DHAVE_TCSETATTR=1 -DPOSIX=1 -DHAVE_TERMIO=1 -DHAVE_TERMIOS=1 -DSETPGRP_VOID=1 -DHAVE_SV_TIMEZONE=1 -DHAVE_LONG_FILE_NAMES=1  -DTCL_DEBUGGER -DUSE_NON_CONST -DSCRIPTDIR=\"/usr/lib/expect5.45\" -DEXECSCRIPTDIR=\"/usr/lib64/expect5.45\" -DSTTY_BIN=\"/bin/stty\" -DDFLT_STTY="\"sane\"" -I. -I"." -I"/usr/src/rpm/BUILD/tcl8.5.9/generic" -I"/usr/src/rpm/BUILD/tcl8.5.9/unix"    -pipe -O2 -fomit-frame-pointer -Wall -fPIC  -c `echo exp_tty.c` -o exp_tty.o
gcc -DPACKAGE_NAME=\"expect\" -DPACKAGE_TARNAME=\"expect\" -DPACKAGE_VERSION=\"5.45\" -DPACKAGE_STRING=\"expect\ 5.45\" -DPACKAGE_BUGREPORT=\"\" -DBUILD_expect= -DSTDC_HEADERS=1 -DHAVE_SYS_TYPES_H=1 -DHAVE_SYS_STAT_H=1 -DHAVE_STDLIB_H=1 -DHAVE_STRING_H=1 -DHAVE_MEMORY_H=1 -DHAVE_STRINGS_H=1 -DHAVE_INTTYPES_H=1 -DHAVE_STDINT_H=1 -DHAVE_UNISTD_H=1 -DHAVE_LIMITS_H=1 -DHAVE_SYS_PARAM_H=1 -DUSE_THREAD_ALLOC=1 -D_REENTRANT=1 -D_THREAD_SAFE=1 -DTCL_THREADS=1 -DMODULE_SCOPE=extern\ __attribute__\(\(__visibility__\(\"hidden\"\)\)\) -D_LARGEFILE64_SOURCE=1 -DTCL_WIDE_INT_IS_LONG=1 -DUSE_TCL_STUBS=1 -DUSE_TCL_STUBS=1 -DHAVE_SYS_SELECT_H=1 -DHAVE_SYSMACROS_H=1 -DHAVE_STROPTS_H=1 -DHAVE_SYS_FCNTL_H=1 -DRETSIGTYPE=void -DHAVE_SYS_TIME_H=1 -DTIME_WITH_SYS_TIME=1 -DHAVE_STRUCT_TM_TM_ZONE=1 -DHAVE_TM_ZONE=1 -DHAVE_GMTIME_R=1 -DHAVE_LOCALTIME_R=1 -DHAVE_TM_GMTOFF=1 -DHAVE_TIMEZONE_VAR=1 -DHAVE_OPENPTY=1 -DHAVE_MEMMOVE=1 -DHAVE_SYSCONF=1 -DHAVE_STRFTIME=1 -DHAVE_STRCHR=1 -DHAVE_TIMEZONE=1 -DHAVE_SIGLONGJMP=1 -DHAVE_MEMCPY=1 -DWNOHANG_BACKUP_VALUE=1 -DSELECT_MASK_TYPE=fd_set -DHAVE_PTMX=1 -DHAVE_TCSETATTR=1 -DPOSIX=1 -DHAVE_TERMIO=1 -DHAVE_TERMIOS=1 -DSETPGRP_VOID=1 -DHAVE_SV_TIMEZONE=1 -DHAVE_LONG_FILE_NAMES=1  -DTCL_DEBUGGER -DUSE_NON_CONST -DSCRIPTDIR=\"/usr/lib/expect5.45\" -DEXECSCRIPTDIR=\"/usr/lib64/expect5.45\" -DSTTY_BIN=\"/bin/stty\" -DDFLT_STTY="\"sane\"" -I. -I"." -I"/usr/src/rpm/BUILD/tcl8.5.9/generic" -I"/usr/src/rpm/BUILD/tcl8.5.9/unix"    -pipe -O2 -fomit-frame-pointer -Wall -fPIC  -c `echo exp_log.c` -o exp_log.o
gcc -DPACKAGE_NAME=\"expect\" -DPACKAGE_TARNAME=\"expect\" -DPACKAGE_VERSION=\"5.45\" -DPACKAGE_STRING=\"expect\ 5.45\" -DPACKAGE_BUGREPORT=\"\" -DBUILD_expect= -DSTDC_HEADERS=1 -DHAVE_SYS_TYPES_H=1 -DHAVE_SYS_STAT_H=1 -DHAVE_STDLIB_H=1 -DHAVE_STRING_H=1 -DHAVE_MEMORY_H=1 -DHAVE_STRINGS_H=1 -DHAVE_INTTYPES_H=1 -DHAVE_STDINT_H=1 -DHAVE_UNISTD_H=1 -DHAVE_LIMITS_H=1 -DHAVE_SYS_PARAM_H=1 -DUSE_THREAD_ALLOC=1 -D_REENTRANT=1 -D_THREAD_SAFE=1 -DTCL_THREADS=1 -DMODULE_SCOPE=extern\ __attribute__\(\(__visibility__\(\"hidden\"\)\)\) -D_LARGEFILE64_SOURCE=1 -DTCL_WIDE_INT_IS_LONG=1 -DUSE_TCL_STUBS=1 -DUSE_TCL_STUBS=1 -DHAVE_SYS_SELECT_H=1 -DHAVE_SYSMACROS_H=1 -DHAVE_STROPTS_H=1 -DHAVE_SYS_FCNTL_H=1 -DRETSIGTYPE=void -DHAVE_SYS_TIME_H=1 -DTIME_WITH_SYS_TIME=1 -DHAVE_STRUCT_TM_TM_ZONE=1 -DHAVE_TM_ZONE=1 -DHAVE_GMTIME_R=1 -DHAVE_LOCALTIME_R=1 -DHAVE_TM_GMTOFF=1 -DHAVE_TIMEZONE_VAR=1 -DHAVE_OPENPTY=1 -DHAVE_MEMMOVE=1 -DHAVE_SYSCONF=1 -DHAVE_STRFTIME=1 -DHAVE_STRCHR=1 -DHAVE_TIMEZONE=1 -DHAVE_SIGLONGJMP=1 -DHAVE_MEMCPY=1 -DWNOHANG_BACKUP_VALUE=1 -DSELECT_MASK_TYPE=fd_set -DHAVE_PTMX=1 -DHAVE_TCSETATTR=1 -DPOSIX=1 -DHAVE_TERMIO=1 -DHAVE_TERMIOS=1 -DSETPGRP_VOID=1 -DHAVE_SV_TIMEZONE=1 -DHAVE_LONG_FILE_NAMES=1  -DTCL_DEBUGGER -DUSE_NON_CONST -DSCRIPTDIR=\"/usr/lib/expect5.45\" -DEXECSCRIPTDIR=\"/usr/lib64/expect5.45\" -DSTTY_BIN=\"/bin/stty\" -DDFLT_STTY="\"sane\"" -I. -I"." -I"/usr/src/rpm/BUILD/tcl8.5.9/generic" -I"/usr/src/rpm/BUILD/tcl8.5.9/unix"    -pipe -O2 -fomit-frame-pointer -Wall -fPIC  -c `echo exp_main_sub.c` -o exp_main_sub.o
gcc -DPACKAGE_NAME=\"expect\" -DPACKAGE_TARNAME=\"expect\" -DPACKAGE_VERSION=\"5.45\" -DPACKAGE_STRING=\"expect\ 5.45\" -DPACKAGE_BUGREPORT=\"\" -DBUILD_expect= -DSTDC_HEADERS=1 -DHAVE_SYS_TYPES_H=1 -DHAVE_SYS_STAT_H=1 -DHAVE_STDLIB_H=1 -DHAVE_STRING_H=1 -DHAVE_MEMORY_H=1 -DHAVE_STRINGS_H=1 -DHAVE_INTTYPES_H=1 -DHAVE_STDINT_H=1 -DHAVE_UNISTD_H=1 -DHAVE_LIMITS_H=1 -DHAVE_SYS_PARAM_H=1 -DUSE_THREAD_ALLOC=1 -D_REENTRANT=1 -D_THREAD_SAFE=1 -DTCL_THREADS=1 -DMODULE_SCOPE=extern\ __attribute__\(\(__visibility__\(\"hidden\"\)\)\) -D_LARGEFILE64_SOURCE=1 -DTCL_WIDE_INT_IS_LONG=1 -DUSE_TCL_STUBS=1 -DUSE_TCL_STUBS=1 -DHAVE_SYS_SELECT_H=1 -DHAVE_SYSMACROS_H=1 -DHAVE_STROPTS_H=1 -DHAVE_SYS_FCNTL_H=1 -DRETSIGTYPE=void -DHAVE_SYS_TIME_H=1 -DTIME_WITH_SYS_TIME=1 -DHAVE_STRUCT_TM_TM_ZONE=1 -DHAVE_TM_ZONE=1 -DHAVE_GMTIME_R=1 -DHAVE_LOCALTIME_R=1 -DHAVE_TM_GMTOFF=1 -DHAVE_TIMEZONE_VAR=1 -DHAVE_OPENPTY=1 -DHAVE_MEMMOVE=1 -DHAVE_SYSCONF=1 -DHAVE_STRFTIME=1 -DHAVE_STRCHR=1 -DHAVE_TIMEZONE=1 -DHAVE_SIGLONGJMP=1 -DHAVE_MEMCPY=1 -DWNOHANG_BACKUP_VALUE=1 -DSELECT_MASK_TYPE=fd_set -DHAVE_PTMX=1 -DHAVE_TCSETATTR=1 -DPOSIX=1 -DHAVE_TERMIO=1 -DHAVE_TERMIOS=1 -DSETPGRP_VOID=1 -DHAVE_SV_TIMEZONE=1 -DHAVE_LONG_FILE_NAMES=1  -DTCL_DEBUGGER -DUSE_NON_CONST -DSCRIPTDIR=\"/usr/lib/expect5.45\" -DEXECSCRIPTDIR=\"/usr/lib64/expect5.45\" -DSTTY_BIN=\"/bin/stty\" -DDFLT_STTY="\"sane\"" -I. -I"." -I"/usr/src/rpm/BUILD/tcl8.5.9/generic" -I"/usr/src/rpm/BUILD/tcl8.5.9/unix"    -pipe -O2 -fomit-frame-pointer -Wall -fPIC  -c `echo exp_pty.c` -o exp_pty.o
gcc -DPACKAGE_NAME=\"expect\" -DPACKAGE_TARNAME=\"expect\" -DPACKAGE_VERSION=\"5.45\" -DPACKAGE_STRING=\"expect\ 5.45\" -DPACKAGE_BUGREPORT=\"\" -DBUILD_expect= -DSTDC_HEADERS=1 -DHAVE_SYS_TYPES_H=1 -DHAVE_SYS_STAT_H=1 -DHAVE_STDLIB_H=1 -DHAVE_STRING_H=1 -DHAVE_MEMORY_H=1 -DHAVE_STRINGS_H=1 -DHAVE_INTTYPES_H=1 -DHAVE_STDINT_H=1 -DHAVE_UNISTD_H=1 -DHAVE_LIMITS_H=1 -DHAVE_SYS_PARAM_H=1 -DUSE_THREAD_ALLOC=1 -D_REENTRANT=1 -D_THREAD_SAFE=1 -DTCL_THREADS=1 -DMODULE_SCOPE=extern\ __attribute__\(\(__visibility__\(\"hidden\"\)\)\) -D_LARGEFILE64_SOURCE=1 -DTCL_WIDE_INT_IS_LONG=1 -DUSE_TCL_STUBS=1 -DUSE_TCL_STUBS=1 -DHAVE_SYS_SELECT_H=1 -DHAVE_SYSMACROS_H=1 -DHAVE_STROPTS_H=1 -DHAVE_SYS_FCNTL_H=1 -DRETSIGTYPE=void -DHAVE_SYS_TIME_H=1 -DTIME_WITH_SYS_TIME=1 -DHAVE_STRUCT_TM_TM_ZONE=1 -DHAVE_TM_ZONE=1 -DHAVE_GMTIME_R=1 -DHAVE_LOCALTIME_R=1 -DHAVE_TM_GMTOFF=1 -DHAVE_TIMEZONE_VAR=1 -DHAVE_OPENPTY=1 -DHAVE_MEMMOVE=1 -DHAVE_SYSCONF=1 -DHAVE_STRFTIME=1 -DHAVE_STRCHR=1 -DHAVE_TIMEZONE=1 -DHAVE_SIGLONGJMP=1 -DHAVE_MEMCPY=1 -DWNOHANG_BACKUP_VALUE=1 -DSELECT_MASK_TYPE=fd_set -DHAVE_PTMX=1 -DHAVE_TCSETATTR=1 -DPOSIX=1 -DHAVE_TERMIO=1 -DHAVE_TERMIOS=1 -DSETPGRP_VOID=1 -DHAVE_SV_TIMEZONE=1 -DHAVE_LONG_FILE_NAMES=1  -DTCL_DEBUGGER -DUSE_NON_CONST -DSCRIPTDIR=\"/usr/lib/expect5.45\" -DEXECSCRIPTDIR=\"/usr/lib64/expect5.45\" -DSTTY_BIN=\"/bin/stty\" -DDFLT_STTY="\"sane\"" -I. -I"." -I"/usr/src/rpm/BUILD/tcl8.5.9/generic" -I"/usr/src/rpm/BUILD/tcl8.5.9/unix"    -pipe -O2 -fomit-frame-pointer -Wall -fPIC  -c `echo exp_trap.c` -o exp_trap.o
gcc -DPACKAGE_NAME=\"expect\" -DPACKAGE_TARNAME=\"expect\" -DPACKAGE_VERSION=\"5.45\" -DPACKAGE_STRING=\"expect\ 5.45\" -DPACKAGE_BUGREPORT=\"\" -DBUILD_expect= -DSTDC_HEADERS=1 -DHAVE_SYS_TYPES_H=1 -DHAVE_SYS_STAT_H=1 -DHAVE_STDLIB_H=1 -DHAVE_STRING_H=1 -DHAVE_MEMORY_H=1 -DHAVE_STRINGS_H=1 -DHAVE_INTTYPES_H=1 -DHAVE_STDINT_H=1 -DHAVE_UNISTD_H=1 -DHAVE_LIMITS_H=1 -DHAVE_SYS_PARAM_H=1 -DUSE_THREAD_ALLOC=1 -D_REENTRANT=1 -D_THREAD_SAFE=1 -DTCL_THREADS=1 -DMODULE_SCOPE=extern\ __attribute__\(\(__visibility__\(\"hidden\"\)\)\) -D_LARGEFILE64_SOURCE=1 -DTCL_WIDE_INT_IS_LONG=1 -DUSE_TCL_STUBS=1 -DUSE_TCL_STUBS=1 -DHAVE_SYS_SELECT_H=1 -DHAVE_SYSMACROS_H=1 -DHAVE_STROPTS_H=1 -DHAVE_SYS_FCNTL_H=1 -DRETSIGTYPE=void -DHAVE_SYS_TIME_H=1 -DTIME_WITH_SYS_TIME=1 -DHAVE_STRUCT_TM_TM_ZONE=1 -DHAVE_TM_ZONE=1 -DHAVE_GMTIME_R=1 -DHAVE_LOCALTIME_R=1 -DHAVE_TM_GMTOFF=1 -DHAVE_TIMEZONE_VAR=1 -DHAVE_OPENPTY=1 -DHAVE_MEMMOVE=1 -DHAVE_SYSCONF=1 -DHAVE_STRFTIME=1 -DHAVE_STRCHR=1 -DHAVE_TIMEZONE=1 -DHAVE_SIGLONGJMP=1 -DHAVE_MEMCPY=1 -DWNOHANG_BACKUP_VALUE=1 -DSELECT_MASK_TYPE=fd_set -DHAVE_PTMX=1 -DHAVE_TCSETATTR=1 -DPOSIX=1 -DHAVE_TERMIO=1 -DHAVE_TERMIOS=1 -DSETPGRP_VOID=1 -DHAVE_SV_TIMEZONE=1 -DHAVE_LONG_FILE_NAMES=1  -DTCL_DEBUGGER -DUSE_NON_CONST -DSCRIPTDIR=\"/usr/lib/expect5.45\" -DEXECSCRIPTDIR=\"/usr/lib64/expect5.45\" -DSTTY_BIN=\"/bin/stty\" -DDFLT_STTY="\"sane\"" -I. -I"." -I"/usr/src/rpm/BUILD/tcl8.5.9/generic" -I"/usr/src/rpm/BUILD/tcl8.5.9/unix"    -pipe -O2 -fomit-frame-pointer -Wall -fPIC  -c `echo exp_strf.c` -o exp_strf.o
gcc -DPACKAGE_NAME=\"expect\" -DPACKAGE_TARNAME=\"expect\" -DPACKAGE_VERSION=\"5.45\" -DPACKAGE_STRING=\"expect\ 5.45\" -DPACKAGE_BUGREPORT=\"\" -DBUILD_expect= -DSTDC_HEADERS=1 -DHAVE_SYS_TYPES_H=1 -DHAVE_SYS_STAT_H=1 -DHAVE_STDLIB_H=1 -DHAVE_STRING_H=1 -DHAVE_MEMORY_H=1 -DHAVE_STRINGS_H=1 -DHAVE_INTTYPES_H=1 -DHAVE_STDINT_H=1 -DHAVE_UNISTD_H=1 -DHAVE_LIMITS_H=1 -DHAVE_SYS_PARAM_H=1 -DUSE_THREAD_ALLOC=1 -D_REENTRANT=1 -D_THREAD_SAFE=1 -DTCL_THREADS=1 -DMODULE_SCOPE=extern\ __attribute__\(\(__visibility__\(\"hidden\"\)\)\) -D_LARGEFILE64_SOURCE=1 -DTCL_WIDE_INT_IS_LONG=1 -DUSE_TCL_STUBS=1 -DUSE_TCL_STUBS=1 -DHAVE_SYS_SELECT_H=1 -DHAVE_SYSMACROS_H=1 -DHAVE_STROPTS_H=1 -DHAVE_SYS_FCNTL_H=1 -DRETSIGTYPE=void -DHAVE_SYS_TIME_H=1 -DTIME_WITH_SYS_TIME=1 -DHAVE_STRUCT_TM_TM_ZONE=1 -DHAVE_TM_ZONE=1 -DHAVE_GMTIME_R=1 -DHAVE_LOCALTIME_R=1 -DHAVE_TM_GMTOFF=1 -DHAVE_TIMEZONE_VAR=1 -DHAVE_OPENPTY=1 -DHAVE_MEMMOVE=1 -DHAVE_SYSCONF=1 -DHAVE_STRFTIME=1 -DHAVE_STRCHR=1 -DHAVE_TIMEZONE=1 -DHAVE_SIGLONGJMP=1 -DHAVE_MEMCPY=1 -DWNOHANG_BACKUP_VALUE=1 -DSELECT_MASK_TYPE=fd_set -DHAVE_PTMX=1 -DHAVE_TCSETATTR=1 -DPOSIX=1 -DHAVE_TERMIO=1 -DHAVE_TERMIOS=1 -DSETPGRP_VOID=1 -DHAVE_SV_TIMEZONE=1 -DHAVE_LONG_FILE_NAMES=1  -DTCL_DEBUGGER -DUSE_NON_CONST -DSCRIPTDIR=\"/usr/lib/expect5.45\" -DEXECSCRIPTDIR=\"/usr/lib64/expect5.45\" -DSTTY_BIN=\"/bin/stty\" -DDFLT_STTY="\"sane\"" -I. -I"." -I"/usr/src/rpm/BUILD/tcl8.5.9/generic" -I"/usr/src/rpm/BUILD/tcl8.5.9/unix"    -pipe -O2 -fomit-frame-pointer -Wall -fPIC  -c `echo exp_console.c` -o exp_console.o
gcc -DPACKAGE_NAME=\"expect\" -DPACKAGE_TARNAME=\"expect\" -DPACKAGE_VERSION=\"5.45\" -DPACKAGE_STRING=\"expect\ 5.45\" -DPACKAGE_BUGREPORT=\"\" -DBUILD_expect= -DSTDC_HEADERS=1 -DHAVE_SYS_TYPES_H=1 -DHAVE_SYS_STAT_H=1 -DHAVE_STDLIB_H=1 -DHAVE_STRING_H=1 -DHAVE_MEMORY_H=1 -DHAVE_STRINGS_H=1 -DHAVE_INTTYPES_H=1 -DHAVE_STDINT_H=1 -DHAVE_UNISTD_H=1 -DHAVE_LIMITS_H=1 -DHAVE_SYS_PARAM_H=1 -DUSE_THREAD_ALLOC=1 -D_REENTRANT=1 -D_THREAD_SAFE=1 -DTCL_THREADS=1 -DMODULE_SCOPE=extern\ __attribute__\(\(__visibility__\(\"hidden\"\)\)\) -D_LARGEFILE64_SOURCE=1 -DTCL_WIDE_INT_IS_LONG=1 -DUSE_TCL_STUBS=1 -DUSE_TCL_STUBS=1 -DHAVE_SYS_SELECT_H=1 -DHAVE_SYSMACROS_H=1 -DHAVE_STROPTS_H=1 -DHAVE_SYS_FCNTL_H=1 -DRETSIGTYPE=void -DHAVE_SYS_TIME_H=1 -DTIME_WITH_SYS_TIME=1 -DHAVE_STRUCT_TM_TM_ZONE=1 -DHAVE_TM_ZONE=1 -DHAVE_GMTIME_R=1 -DHAVE_LOCALTIME_R=1 -DHAVE_TM_GMTOFF=1 -DHAVE_TIMEZONE_VAR=1 -DHAVE_OPENPTY=1 -DHAVE_MEMMOVE=1 -DHAVE_SYSCONF=1 -DHAVE_STRFTIME=1 -DHAVE_STRCHR=1 -DHAVE_TIMEZONE=1 -DHAVE_SIGLONGJMP=1 -DHAVE_MEMCPY=1 -DWNOHANG_BACKUP_VALUE=1 -DSELECT_MASK_TYPE=fd_set -DHAVE_PTMX=1 -DHAVE_TCSETATTR=1 -DPOSIX=1 -DHAVE_TERMIO=1 -DHAVE_TERMIOS=1 -DSETPGRP_VOID=1 -DHAVE_SV_TIMEZONE=1 -DHAVE_LONG_FILE_NAMES=1  -DTCL_DEBUGGER -DUSE_NON_CONST -DSCRIPTDIR=\"/usr/lib/expect5.45\" -DEXECSCRIPTDIR=\"/usr/lib64/expect5.45\" -DSTTY_BIN=\"/bin/stty\" -DDFLT_STTY="\"sane\"" -I. -I"." -I"/usr/src/rpm/BUILD/tcl8.5.9/generic" -I"/usr/src/rpm/BUILD/tcl8.5.9/unix"    -pipe -O2 -fomit-frame-pointer -Wall -fPIC  -c `echo exp_glob.c` -o exp_glob.o
gcc -DPACKAGE_NAME=\"expect\" -DPACKAGE_TARNAME=\"expect\" -DPACKAGE_VERSION=\"5.45\" -DPACKAGE_STRING=\"expect\ 5.45\" -DPACKAGE_BUGREPORT=\"\" -DBUILD_expect= -DSTDC_HEADERS=1 -DHAVE_SYS_TYPES_H=1 -DHAVE_SYS_STAT_H=1 -DHAVE_STDLIB_H=1 -DHAVE_STRING_H=1 -DHAVE_MEMORY_H=1 -DHAVE_STRINGS_H=1 -DHAVE_INTTYPES_H=1 -DHAVE_STDINT_H=1 -DHAVE_UNISTD_H=1 -DHAVE_LIMITS_H=1 -DHAVE_SYS_PARAM_H=1 -DUSE_THREAD_ALLOC=1 -D_REENTRANT=1 -D_THREAD_SAFE=1 -DTCL_THREADS=1 -DMODULE_SCOPE=extern\ __attribute__\(\(__visibility__\(\"hidden\"\)\)\) -D_LARGEFILE64_SOURCE=1 -DTCL_WIDE_INT_IS_LONG=1 -DUSE_TCL_STUBS=1 -DUSE_TCL_STUBS=1 -DHAVE_SYS_SELECT_H=1 -DHAVE_SYSMACROS_H=1 -DHAVE_STROPTS_H=1 -DHAVE_SYS_FCNTL_H=1 -DRETSIGTYPE=void -DHAVE_SYS_TIME_H=1 -DTIME_WITH_SYS_TIME=1 -DHAVE_STRUCT_TM_TM_ZONE=1 -DHAVE_TM_ZONE=1 -DHAVE_GMTIME_R=1 -DHAVE_LOCALTIME_R=1 -DHAVE_TM_GMTOFF=1 -DHAVE_TIMEZONE_VAR=1 -DHAVE_OPENPTY=1 -DHAVE_MEMMOVE=1 -DHAVE_SYSCONF=1 -DHAVE_STRFTIME=1 -DHAVE_STRCHR=1 -DHAVE_TIMEZONE=1 -DHAVE_SIGLONGJMP=1 -DHAVE_MEMCPY=1 -DWNOHANG_BACKUP_VALUE=1 -DSELECT_MASK_TYPE=fd_set -DHAVE_PTMX=1 -DHAVE_TCSETATTR=1 -DPOSIX=1 -DHAVE_TERMIO=1 -DHAVE_TERMIOS=1 -DSETPGRP_VOID=1 -DHAVE_SV_TIMEZONE=1 -DHAVE_LONG_FILE_NAMES=1  -DTCL_DEBUGGER -DUSE_NON_CONST -DSCRIPTDIR=\"/usr/lib/expect5.45\" -DEXECSCRIPTDIR=\"/usr/lib64/expect5.45\" -DSTTY_BIN=\"/bin/stty\" -DDFLT_STTY="\"sane\"" -I. -I"." -I"/usr/src/rpm/BUILD/tcl8.5.9/generic" -I"/usr/src/rpm/BUILD/tcl8.5.9/unix"    -pipe -O2 -fomit-frame-pointer -Wall -fPIC  -c `echo exp_win.c` -o exp_win.o
gcc -DPACKAGE_NAME=\"expect\" -DPACKAGE_TARNAME=\"expect\" -DPACKAGE_VERSION=\"5.45\" -DPACKAGE_STRING=\"expect\ 5.45\" -DPACKAGE_BUGREPORT=\"\" -DBUILD_expect= -DSTDC_HEADERS=1 -DHAVE_SYS_TYPES_H=1 -DHAVE_SYS_STAT_H=1 -DHAVE_STDLIB_H=1 -DHAVE_STRING_H=1 -DHAVE_MEMORY_H=1 -DHAVE_STRINGS_H=1 -DHAVE_INTTYPES_H=1 -DHAVE_STDINT_H=1 -DHAVE_UNISTD_H=1 -DHAVE_LIMITS_H=1 -DHAVE_SYS_PARAM_H=1 -DUSE_THREAD_ALLOC=1 -D_REENTRANT=1 -D_THREAD_SAFE=1 -DTCL_THREADS=1 -DMODULE_SCOPE=extern\ __attribute__\(\(__visibility__\(\"hidden\"\)\)\) -D_LARGEFILE64_SOURCE=1 -DTCL_WIDE_INT_IS_LONG=1 -DUSE_TCL_STUBS=1 -DUSE_TCL_STUBS=1 -DHAVE_SYS_SELECT_H=1 -DHAVE_SYSMACROS_H=1 -DHAVE_STROPTS_H=1 -DHAVE_SYS_FCNTL_H=1 -DRETSIGTYPE=void -DHAVE_SYS_TIME_H=1 -DTIME_WITH_SYS_TIME=1 -DHAVE_STRUCT_TM_TM_ZONE=1 -DHAVE_TM_ZONE=1 -DHAVE_GMTIME_R=1 -DHAVE_LOCALTIME_R=1 -DHAVE_TM_GMTOFF=1 -DHAVE_TIMEZONE_VAR=1 -DHAVE_OPENPTY=1 -DHAVE_MEMMOVE=1 -DHAVE_SYSCONF=1 -DHAVE_STRFTIME=1 -DHAVE_STRCHR=1 -DHAVE_TIMEZONE=1 -DHAVE_SIGLONGJMP=1 -DHAVE_MEMCPY=1 -DWNOHANG_BACKUP_VALUE=1 -DSELECT_MASK_TYPE=fd_set -DHAVE_PTMX=1 -DHAVE_TCSETATTR=1 -DPOSIX=1 -DHAVE_TERMIO=1 -DHAVE_TERMIOS=1 -DSETPGRP_VOID=1 -DHAVE_SV_TIMEZONE=1 -DHAVE_LONG_FILE_NAMES=1  -DTCL_DEBUGGER -DUSE_NON_CONST -DSCRIPTDIR=\"/usr/lib/expect5.45\" -DEXECSCRIPTDIR=\"/usr/lib64/expect5.45\" -DSTTY_BIN=\"/bin/stty\" -DDFLT_STTY="\"sane\"" -I. -I"." -I"/usr/src/rpm/BUILD/tcl8.5.9/generic" -I"/usr/src/rpm/BUILD/tcl8.5.9/unix"    -pipe -O2 -fomit-frame-pointer -Wall -fPIC  -c `echo exp_clib.c` -o exp_clib.o
gcc -DPACKAGE_NAME=\"expect\" -DPACKAGE_TARNAME=\"expect\" -DPACKAGE_VERSION=\"5.45\" -DPACKAGE_STRING=\"expect\ 5.45\" -DPACKAGE_BUGREPORT=\"\" -DBUILD_expect= -DSTDC_HEADERS=1 -DHAVE_SYS_TYPES_H=1 -DHAVE_SYS_STAT_H=1 -DHAVE_STDLIB_H=1 -DHAVE_STRING_H=1 -DHAVE_MEMORY_H=1 -DHAVE_STRINGS_H=1 -DHAVE_INTTYPES_H=1 -DHAVE_STDINT_H=1 -DHAVE_UNISTD_H=1 -DHAVE_LIMITS_H=1 -DHAVE_SYS_PARAM_H=1 -DUSE_THREAD_ALLOC=1 -D_REENTRANT=1 -D_THREAD_SAFE=1 -DTCL_THREADS=1 -DMODULE_SCOPE=extern\ __attribute__\(\(__visibility__\(\"hidden\"\)\)\) -D_LARGEFILE64_SOURCE=1 -DTCL_WIDE_INT_IS_LONG=1 -DUSE_TCL_STUBS=1 -DUSE_TCL_STUBS=1 -DHAVE_SYS_SELECT_H=1 -DHAVE_SYSMACROS_H=1 -DHAVE_STROPTS_H=1 -DHAVE_SYS_FCNTL_H=1 -DRETSIGTYPE=void -DHAVE_SYS_TIME_H=1 -DTIME_WITH_SYS_TIME=1 -DHAVE_STRUCT_TM_TM_ZONE=1 -DHAVE_TM_ZONE=1 -DHAVE_GMTIME_R=1 -DHAVE_LOCALTIME_R=1 -DHAVE_TM_GMTOFF=1 -DHAVE_TIMEZONE_VAR=1 -DHAVE_OPENPTY=1 -DHAVE_MEMMOVE=1 -DHAVE_SYSCONF=1 -DHAVE_STRFTIME=1 -DHAVE_STRCHR=1 -DHAVE_TIMEZONE=1 -DHAVE_SIGLONGJMP=1 -DHAVE_MEMCPY=1 -DWNOHANG_BACKUP_VALUE=1 -DSELECT_MASK_TYPE=fd_set -DHAVE_PTMX=1 -DHAVE_TCSETATTR=1 -DPOSIX=1 -DHAVE_TERMIO=1 -DHAVE_TERMIOS=1 -DSETPGRP_VOID=1 -DHAVE_SV_TIMEZONE=1 -DHAVE_LONG_FILE_NAMES=1  -DTCL_DEBUGGER -DUSE_NON_CONST -DSCRIPTDIR=\"/usr/lib/expect5.45\" -DEXECSCRIPTDIR=\"/usr/lib64/expect5.45\" -DSTTY_BIN=\"/bin/stty\" -DDFLT_STTY="\"sane\"" -I. -I"." -I"/usr/src/rpm/BUILD/tcl8.5.9/generic" -I"/usr/src/rpm/BUILD/tcl8.5.9/unix"    -pipe -O2 -fomit-frame-pointer -Wall -fPIC  -c `echo exp_closetcl.c` -o exp_closetcl.o
gcc -DPACKAGE_NAME=\"expect\" -DPACKAGE_TARNAME=\"expect\" -DPACKAGE_VERSION=\"5.45\" -DPACKAGE_STRING=\"expect\ 5.45\" -DPACKAGE_BUGREPORT=\"\" -DBUILD_expect= -DSTDC_HEADERS=1 -DHAVE_SYS_TYPES_H=1 -DHAVE_SYS_STAT_H=1 -DHAVE_STDLIB_H=1 -DHAVE_STRING_H=1 -DHAVE_MEMORY_H=1 -DHAVE_STRINGS_H=1 -DHAVE_INTTYPES_H=1 -DHAVE_STDINT_H=1 -DHAVE_UNISTD_H=1 -DHAVE_LIMITS_H=1 -DHAVE_SYS_PARAM_H=1 -DUSE_THREAD_ALLOC=1 -D_REENTRANT=1 -D_THREAD_SAFE=1 -DTCL_THREADS=1 -DMODULE_SCOPE=extern\ __attribute__\(\(__visibility__\(\"hidden\"\)\)\) -D_LARGEFILE64_SOURCE=1 -DTCL_WIDE_INT_IS_LONG=1 -DUSE_TCL_STUBS=1 -DUSE_TCL_STUBS=1 -DHAVE_SYS_SELECT_H=1 -DHAVE_SYSMACROS_H=1 -DHAVE_STROPTS_H=1 -DHAVE_SYS_FCNTL_H=1 -DRETSIGTYPE=void -DHAVE_SYS_TIME_H=1 -DTIME_WITH_SYS_TIME=1 -DHAVE_STRUCT_TM_TM_ZONE=1 -DHAVE_TM_ZONE=1 -DHAVE_GMTIME_R=1 -DHAVE_LOCALTIME_R=1 -DHAVE_TM_GMTOFF=1 -DHAVE_TIMEZONE_VAR=1 -DHAVE_OPENPTY=1 -DHAVE_MEMMOVE=1 -DHAVE_SYSCONF=1 -DHAVE_STRFTIME=1 -DHAVE_STRCHR=1 -DHAVE_TIMEZONE=1 -DHAVE_SIGLONGJMP=1 -DHAVE_MEMCPY=1 -DWNOHANG_BACKUP_VALUE=1 -DSELECT_MASK_TYPE=fd_set -DHAVE_PTMX=1 -DHAVE_TCSETATTR=1 -DPOSIX=1 -DHAVE_TERMIO=1 -DHAVE_TERMIOS=1 -DSETPGRP_VOID=1 -DHAVE_SV_TIMEZONE=1 -DHAVE_LONG_FILE_NAMES=1  -DTCL_DEBUGGER -DUSE_NON_CONST -DSCRIPTDIR=\"/usr/lib/expect5.45\" -DEXECSCRIPTDIR=\"/usr/lib64/expect5.45\" -DSTTY_BIN=\"/bin/stty\" -DDFLT_STTY="\"sane\"" -I. -I"." -I"/usr/src/rpm/BUILD/tcl8.5.9/generic" -I"/usr/src/rpm/BUILD/tcl8.5.9/unix"    -pipe -O2 -fomit-frame-pointer -Wall -fPIC  -c `echo exp_memmove.c` -o exp_memmove.o
gcc -DPACKAGE_NAME=\"expect\" -DPACKAGE_TARNAME=\"expect\" -DPACKAGE_VERSION=\"5.45\" -DPACKAGE_STRING=\"expect\ 5.45\" -DPACKAGE_BUGREPORT=\"\" -DBUILD_expect= -DSTDC_HEADERS=1 -DHAVE_SYS_TYPES_H=1 -DHAVE_SYS_STAT_H=1 -DHAVE_STDLIB_H=1 -DHAVE_STRING_H=1 -DHAVE_MEMORY_H=1 -DHAVE_STRINGS_H=1 -DHAVE_INTTYPES_H=1 -DHAVE_STDINT_H=1 -DHAVE_UNISTD_H=1 -DHAVE_LIMITS_H=1 -DHAVE_SYS_PARAM_H=1 -DUSE_THREAD_ALLOC=1 -D_REENTRANT=1 -D_THREAD_SAFE=1 -DTCL_THREADS=1 -DMODULE_SCOPE=extern\ __attribute__\(\(__visibility__\(\"hidden\"\)\)\) -D_LARGEFILE64_SOURCE=1 -DTCL_WIDE_INT_IS_LONG=1 -DUSE_TCL_STUBS=1 -DUSE_TCL_STUBS=1 -DHAVE_SYS_SELECT_H=1 -DHAVE_SYSMACROS_H=1 -DHAVE_STROPTS_H=1 -DHAVE_SYS_FCNTL_H=1 -DRETSIGTYPE=void -DHAVE_SYS_TIME_H=1 -DTIME_WITH_SYS_TIME=1 -DHAVE_STRUCT_TM_TM_ZONE=1 -DHAVE_TM_ZONE=1 -DHAVE_GMTIME_R=1 -DHAVE_LOCALTIME_R=1 -DHAVE_TM_GMTOFF=1 -DHAVE_TIMEZONE_VAR=1 -DHAVE_OPENPTY=1 -DHAVE_MEMMOVE=1 -DHAVE_SYSCONF=1 -DHAVE_STRFTIME=1 -DHAVE_STRCHR=1 -DHAVE_TIMEZONE=1 -DHAVE_SIGLONGJMP=1 -DHAVE_MEMCPY=1 -DWNOHANG_BACKUP_VALUE=1 -DSELECT_MASK_TYPE=fd_set -DHAVE_PTMX=1 -DHAVE_TCSETATTR=1 -DPOSIX=1 -DHAVE_TERMIO=1 -DHAVE_TERMIOS=1 -DSETPGRP_VOID=1 -DHAVE_SV_TIMEZONE=1 -DHAVE_LONG_FILE_NAMES=1  -DTCL_DEBUGGER -DUSE_NON_CONST -DSCRIPTDIR=\"/usr/lib/expect5.45\" -DEXECSCRIPTDIR=\"/usr/lib64/expect5.45\" -DSTTY_BIN=\"/bin/stty\" -DDFLT_STTY="\"sane\"" -I. -I"." -I"/usr/src/rpm/BUILD/tcl8.5.9/generic" -I"/usr/src/rpm/BUILD/tcl8.5.9/unix"    -pipe -O2 -fomit-frame-pointer -Wall -fPIC  -c `echo exp_tty_comm.c` -o exp_tty_comm.o
gcc -DPACKAGE_NAME=\"expect\" -DPACKAGE_TARNAME=\"expect\" -DPACKAGE_VERSION=\"5.45\" -DPACKAGE_STRING=\"expect\ 5.45\" -DPACKAGE_BUGREPORT=\"\" -DBUILD_expect= -DSTDC_HEADERS=1 -DHAVE_SYS_TYPES_H=1 -DHAVE_SYS_STAT_H=1 -DHAVE_STDLIB_H=1 -DHAVE_STRING_H=1 -DHAVE_MEMORY_H=1 -DHAVE_STRINGS_H=1 -DHAVE_INTTYPES_H=1 -DHAVE_STDINT_H=1 -DHAVE_UNISTD_H=1 -DHAVE_LIMITS_H=1 -DHAVE_SYS_PARAM_H=1 -DUSE_THREAD_ALLOC=1 -D_REENTRANT=1 -D_THREAD_SAFE=1 -DTCL_THREADS=1 -DMODULE_SCOPE=extern\ __attribute__\(\(__visibility__\(\"hidden\"\)\)\) -D_LARGEFILE64_SOURCE=1 -DTCL_WIDE_INT_IS_LONG=1 -DUSE_TCL_STUBS=1 -DUSE_TCL_STUBS=1 -DHAVE_SYS_SELECT_H=1 -DHAVE_SYSMACROS_H=1 -DHAVE_STROPTS_H=1 -DHAVE_SYS_FCNTL_H=1 -DRETSIGTYPE=void -DHAVE_SYS_TIME_H=1 -DTIME_WITH_SYS_TIME=1 -DHAVE_STRUCT_TM_TM_ZONE=1 -DHAVE_TM_ZONE=1 -DHAVE_GMTIME_R=1 -DHAVE_LOCALTIME_R=1 -DHAVE_TM_GMTOFF=1 -DHAVE_TIMEZONE_VAR=1 -DHAVE_OPENPTY=1 -DHAVE_MEMMOVE=1 -DHAVE_SYSCONF=1 -DHAVE_STRFTIME=1 -DHAVE_STRCHR=1 -DHAVE_TIMEZONE=1 -DHAVE_SIGLONGJMP=1 -DHAVE_MEMCPY=1 -DWNOHANG_BACKUP_VALUE=1 -DSELECT_MASK_TYPE=fd_set -DHAVE_PTMX=1 -DHAVE_TCSETATTR=1 -DPOSIX=1 -DHAVE_TERMIO=1 -DHAVE_TERMIOS=1 -DSETPGRP_VOID=1 -DHAVE_SV_TIMEZONE=1 -DHAVE_LONG_FILE_NAMES=1  -DTCL_DEBUGGER -DUSE_NON_CONST -DSCRIPTDIR=\"/usr/lib/expect5.45\" -DEXECSCRIPTDIR=\"/usr/lib64/expect5.45\" -DSTTY_BIN=\"/bin/stty\" -DDFLT_STTY="\"sane\"" -I. -I"." -I"/usr/src/rpm/BUILD/tcl8.5.9/generic" -I"/usr/src/rpm/BUILD/tcl8.5.9/unix"    -pipe -O2 -fomit-frame-pointer -Wall -fPIC  -c `echo exp_chan.c` -o exp_chan.o
gcc -DPACKAGE_NAME=\"expect\" -DPACKAGE_TARNAME=\"expect\" -DPACKAGE_VERSION=\"5.45\" -DPACKAGE_STRING=\"expect\ 5.45\" -DPACKAGE_BUGREPORT=\"\" -DBUILD_expect= -DSTDC_HEADERS=1 -DHAVE_SYS_TYPES_H=1 -DHAVE_SYS_STAT_H=1 -DHAVE_STDLIB_H=1 -DHAVE_STRING_H=1 -DHAVE_MEMORY_H=1 -DHAVE_STRINGS_H=1 -DHAVE_INTTYPES_H=1 -DHAVE_STDINT_H=1 -DHAVE_UNISTD_H=1 -DHAVE_LIMITS_H=1 -DHAVE_SYS_PARAM_H=1 -DUSE_THREAD_ALLOC=1 -D_REENTRANT=1 -D_THREAD_SAFE=1 -DTCL_THREADS=1 -DMODULE_SCOPE=extern\ __attribute__\(\(__visibility__\(\"hidden\"\)\)\) -D_LARGEFILE64_SOURCE=1 -DTCL_WIDE_INT_IS_LONG=1 -DUSE_TCL_STUBS=1 -DUSE_TCL_STUBS=1 -DHAVE_SYS_SELECT_H=1 -DHAVE_SYSMACROS_H=1 -DHAVE_STROPTS_H=1 -DHAVE_SYS_FCNTL_H=1 -DRETSIGTYPE=void -DHAVE_SYS_TIME_H=1 -DTIME_WITH_SYS_TIME=1 -DHAVE_STRUCT_TM_TM_ZONE=1 -DHAVE_TM_ZONE=1 -DHAVE_GMTIME_R=1 -DHAVE_LOCALTIME_R=1 -DHAVE_TM_GMTOFF=1 -DHAVE_TIMEZONE_VAR=1 -DHAVE_OPENPTY=1 -DHAVE_MEMMOVE=1 -DHAVE_SYSCONF=1 -DHAVE_STRFTIME=1 -DHAVE_STRCHR=1 -DHAVE_TIMEZONE=1 -DHAVE_SIGLONGJMP=1 -DHAVE_MEMCPY=1 -DWNOHANG_BACKUP_VALUE=1 -DSELECT_MASK_TYPE=fd_set -DHAVE_PTMX=1 -DHAVE_TCSETATTR=1 -DPOSIX=1 -DHAVE_TERMIO=1 -DHAVE_TERMIOS=1 -DSETPGRP_VOID=1 -DHAVE_SV_TIMEZONE=1 -DHAVE_LONG_FILE_NAMES=1  -DTCL_DEBUGGER -DUSE_NON_CONST -DSCRIPTDIR=\"/usr/lib/expect5.45\" -DEXECSCRIPTDIR=\"/usr/lib64/expect5.45\" -DSTTY_BIN=\"/bin/stty\" -DDFLT_STTY="\"sane\"" -I. -I"." -I"/usr/src/rpm/BUILD/tcl8.5.9/generic" -I"/usr/src/rpm/BUILD/tcl8.5.9/unix"    -pipe -O2 -fomit-frame-pointer -Wall -fPIC  -c `echo Dbg.c` -o Dbg.o
gcc -DPACKAGE_NAME=\"expect\" -DPACKAGE_TARNAME=\"expect\" -DPACKAGE_VERSION=\"5.45\" -DPACKAGE_STRING=\"expect\ 5.45\" -DPACKAGE_BUGREPORT=\"\" -DBUILD_expect= -DSTDC_HEADERS=1 -DHAVE_SYS_TYPES_H=1 -DHAVE_SYS_STAT_H=1 -DHAVE_STDLIB_H=1 -DHAVE_STRING_H=1 -DHAVE_MEMORY_H=1 -DHAVE_STRINGS_H=1 -DHAVE_INTTYPES_H=1 -DHAVE_STDINT_H=1 -DHAVE_UNISTD_H=1 -DHAVE_LIMITS_H=1 -DHAVE_SYS_PARAM_H=1 -DUSE_THREAD_ALLOC=1 -D_REENTRANT=1 -D_THREAD_SAFE=1 -DTCL_THREADS=1 -DMODULE_SCOPE=extern\ __attribute__\(\(__visibility__\(\"hidden\"\)\)\) -D_LARGEFILE64_SOURCE=1 -DTCL_WIDE_INT_IS_LONG=1 -DUSE_TCL_STUBS=1 -DUSE_TCL_STUBS=1 -DHAVE_SYS_SELECT_H=1 -DHAVE_SYSMACROS_H=1 -DHAVE_STROPTS_H=1 -DHAVE_SYS_FCNTL_H=1 -DRETSIGTYPE=void -DHAVE_SYS_TIME_H=1 -DTIME_WITH_SYS_TIME=1 -DHAVE_STRUCT_TM_TM_ZONE=1 -DHAVE_TM_ZONE=1 -DHAVE_GMTIME_R=1 -DHAVE_LOCALTIME_R=1 -DHAVE_TM_GMTOFF=1 -DHAVE_TIMEZONE_VAR=1 -DHAVE_OPENPTY=1 -DHAVE_MEMMOVE=1 -DHAVE_SYSCONF=1 -DHAVE_STRFTIME=1 -DHAVE_STRCHR=1 -DHAVE_TIMEZONE=1 -DHAVE_SIGLONGJMP=1 -DHAVE_MEMCPY=1 -DWNOHANG_BACKUP_VALUE=1 -DSELECT_MASK_TYPE=fd_set -DHAVE_PTMX=1 -DHAVE_TCSETATTR=1 -DPOSIX=1 -DHAVE_TERMIO=1 -DHAVE_TERMIOS=1 -DSETPGRP_VOID=1 -DHAVE_SV_TIMEZONE=1 -DHAVE_LONG_FILE_NAMES=1  -DTCL_DEBUGGER -DUSE_NON_CONST -DSCRIPTDIR=\"/usr/lib/expect5.45\" -DEXECSCRIPTDIR=\"/usr/lib64/expect5.45\" -DSTTY_BIN=\"/bin/stty\" -DDFLT_STTY="\"sane\"" -I. -I"." -I"/usr/src/rpm/BUILD/tcl8.5.9/generic" -I"/usr/src/rpm/BUILD/tcl8.5.9/unix"    -pipe -O2 -fomit-frame-pointer -Wall -fPIC  -c `echo pty_termios.c` -o pty_termios.o
gcc -DPACKAGE_NAME=\"expect\" -DPACKAGE_TARNAME=\"expect\" -DPACKAGE_VERSION=\"5.45\" -DPACKAGE_STRING=\"expect\ 5.45\" -DPACKAGE_BUGREPORT=\"\" -DBUILD_expect= -DSTDC_HEADERS=1 -DHAVE_SYS_TYPES_H=1 -DHAVE_SYS_STAT_H=1 -DHAVE_STDLIB_H=1 -DHAVE_STRING_H=1 -DHAVE_MEMORY_H=1 -DHAVE_STRINGS_H=1 -DHAVE_INTTYPES_H=1 -DHAVE_STDINT_H=1 -DHAVE_UNISTD_H=1 -DHAVE_LIMITS_H=1 -DHAVE_SYS_PARAM_H=1 -DUSE_THREAD_ALLOC=1 -D_REENTRANT=1 -D_THREAD_SAFE=1 -DTCL_THREADS=1 -DMODULE_SCOPE=extern\ __attribute__\(\(__visibility__\(\"hidden\"\)\)\) -D_LARGEFILE64_SOURCE=1 -DTCL_WIDE_INT_IS_LONG=1 -DUSE_TCL_STUBS=1 -DUSE_TCL_STUBS=1 -DHAVE_SYS_SELECT_H=1 -DHAVE_SYSMACROS_H=1 -DHAVE_STROPTS_H=1 -DHAVE_SYS_FCNTL_H=1 -DRETSIGTYPE=void -DHAVE_SYS_TIME_H=1 -DTIME_WITH_SYS_TIME=1 -DHAVE_STRUCT_TM_TM_ZONE=1 -DHAVE_TM_ZONE=1 -DHAVE_GMTIME_R=1 -DHAVE_LOCALTIME_R=1 -DHAVE_TM_GMTOFF=1 -DHAVE_TIMEZONE_VAR=1 -DHAVE_OPENPTY=1 -DHAVE_MEMMOVE=1 -DHAVE_SYSCONF=1 -DHAVE_STRFTIME=1 -DHAVE_STRCHR=1 -DHAVE_TIMEZONE=1 -DHAVE_SIGLONGJMP=1 -DHAVE_MEMCPY=1 -DWNOHANG_BACKUP_VALUE=1 -DSELECT_MASK_TYPE=fd_set -DHAVE_PTMX=1 -DHAVE_TCSETATTR=1 -DPOSIX=1 -DHAVE_TERMIO=1 -DHAVE_TERMIOS=1 -DSETPGRP_VOID=1 -DHAVE_SV_TIMEZONE=1 -DHAVE_LONG_FILE_NAMES=1  -DTCL_DEBUGGER -DUSE_NON_CONST -DSCRIPTDIR=\"/usr/lib/expect5.45\" -DEXECSCRIPTDIR=\"/usr/lib64/expect5.45\" -DSTTY_BIN=\"/bin/stty\" -DDFLT_STTY="\"sane\"" -I. -I"." -I"/usr/src/rpm/BUILD/tcl8.5.9/generic" -I"/usr/src/rpm/BUILD/tcl8.5.9/unix"    -pipe -O2 -fomit-frame-pointer -Wall -fPIC  -c `echo exp_select.c` -o exp_select.o
gcc -DPACKAGE_NAME=\"expect\" -DPACKAGE_TARNAME=\"expect\" -DPACKAGE_VERSION=\"5.45\" -DPACKAGE_STRING=\"expect\ 5.45\" -DPACKAGE_BUGREPORT=\"\" -DBUILD_expect= -DSTDC_HEADERS=1 -DHAVE_SYS_TYPES_H=1 -DHAVE_SYS_STAT_H=1 -DHAVE_STDLIB_H=1 -DHAVE_STRING_H=1 -DHAVE_MEMORY_H=1 -DHAVE_STRINGS_H=1 -DHAVE_INTTYPES_H=1 -DHAVE_STDINT_H=1 -DHAVE_UNISTD_H=1 -DHAVE_LIMITS_H=1 -DHAVE_SYS_PARAM_H=1 -DUSE_THREAD_ALLOC=1 -D_REENTRANT=1 -D_THREAD_SAFE=1 -DTCL_THREADS=1 -DMODULE_SCOPE=extern\ __attribute__\(\(__visibility__\(\"hidden\"\)\)\) -D_LARGEFILE64_SOURCE=1 -DTCL_WIDE_INT_IS_LONG=1 -DUSE_TCL_STUBS=1 -DUSE_TCL_STUBS=1 -DHAVE_SYS_SELECT_H=1 -DHAVE_SYSMACROS_H=1 -DHAVE_STROPTS_H=1 -DHAVE_SYS_FCNTL_H=1 -DRETSIGTYPE=void -DHAVE_SYS_TIME_H=1 -DTIME_WITH_SYS_TIME=1 -DHAVE_STRUCT_TM_TM_ZONE=1 -DHAVE_TM_ZONE=1 -DHAVE_GMTIME_R=1 -DHAVE_LOCALTIME_R=1 -DHAVE_TM_GMTOFF=1 -DHAVE_TIMEZONE_VAR=1 -DHAVE_OPENPTY=1 -DHAVE_MEMMOVE=1 -DHAVE_SYSCONF=1 -DHAVE_STRFTIME=1 -DHAVE_STRCHR=1 -DHAVE_TIMEZONE=1 -DHAVE_SIGLONGJMP=1 -DHAVE_MEMCPY=1 -DWNOHANG_BACKUP_VALUE=1 -DSELECT_MASK_TYPE=fd_set -DHAVE_PTMX=1 -DHAVE_TCSETATTR=1 -DPOSIX=1 -DHAVE_TERMIO=1 -DHAVE_TERMIOS=1 -DSETPGRP_VOID=1 -DHAVE_SV_TIMEZONE=1 -DHAVE_LONG_FILE_NAMES=1  -DTCL_DEBUGGER -DUSE_NON_CONST -DSCRIPTDIR=\"/usr/lib/expect5.45\" -DEXECSCRIPTDIR=\"/usr/lib64/expect5.45\" -DSTTY_BIN=\"/bin/stty\" -DDFLT_STTY="\"sane\"" -I. -I"." -I"/usr/src/rpm/BUILD/tcl8.5.9/generic" -I"/usr/src/rpm/BUILD/tcl8.5.9/unix"    -pipe -O2 -fomit-frame-pointer -Wall -fPIC  -c `echo exp_event.c` -o exp_event.o
gcc -DPACKAGE_NAME=\"expect\" -DPACKAGE_TARNAME=\"expect\" -DPACKAGE_VERSION=\"5.45\" -DPACKAGE_STRING=\"expect\ 5.45\" -DPACKAGE_BUGREPORT=\"\" -DBUILD_expect= -DSTDC_HEADERS=1 -DHAVE_SYS_TYPES_H=1 -DHAVE_SYS_STAT_H=1 -DHAVE_STDLIB_H=1 -DHAVE_STRING_H=1 -DHAVE_MEMORY_H=1 -DHAVE_STRINGS_H=1 -DHAVE_INTTYPES_H=1 -DHAVE_STDINT_H=1 -DHAVE_UNISTD_H=1 -DHAVE_LIMITS_H=1 -DHAVE_SYS_PARAM_H=1 -DUSE_THREAD_ALLOC=1 -D_REENTRANT=1 -D_THREAD_SAFE=1 -DTCL_THREADS=1 -DMODULE_SCOPE=extern\ __attribute__\(\(__visibility__\(\"hidden\"\)\)\) -D_LARGEFILE64_SOURCE=1 -DTCL_WIDE_INT_IS_LONG=1 -DUSE_TCL_STUBS=1 -DUSE_TCL_STUBS=1 -DHAVE_SYS_SELECT_H=1 -DHAVE_SYSMACROS_H=1 -DHAVE_STROPTS_H=1 -DHAVE_SYS_FCNTL_H=1 -DRETSIGTYPE=void -DHAVE_SYS_TIME_H=1 -DTIME_WITH_SYS_TIME=1 -DHAVE_STRUCT_TM_TM_ZONE=1 -DHAVE_TM_ZONE=1 -DHAVE_GMTIME_R=1 -DHAVE_LOCALTIME_R=1 -DHAVE_TM_GMTOFF=1 -DHAVE_TIMEZONE_VAR=1 -DHAVE_OPENPTY=1 -DHAVE_MEMMOVE=1 -DHAVE_SYSCONF=1 -DHAVE_STRFTIME=1 -DHAVE_STRCHR=1 -DHAVE_TIMEZONE=1 -DHAVE_SIGLONGJMP=1 -DHAVE_MEMCPY=1 -DWNOHANG_BACKUP_VALUE=1 -DSELECT_MASK_TYPE=fd_set -DHAVE_PTMX=1 -DHAVE_TCSETATTR=1 -DPOSIX=1 -DHAVE_TERMIO=1 -DHAVE_TERMIOS=1 -DSETPGRP_VOID=1 -DHAVE_SV_TIMEZONE=1 -DHAVE_LONG_FILE_NAMES=1  -DTCL_DEBUGGER -DUSE_NON_CONST -DSCRIPTDIR=\"/usr/lib/expect5.45\" -DEXECSCRIPTDIR=\"/usr/lib64/expect5.45\" -DSTTY_BIN=\"/bin/stty\" -DDFLT_STTY="\"sane\"" -I. -I"." -I"/usr/src/rpm/BUILD/tcl8.5.9/generic" -I"/usr/src/rpm/BUILD/tcl8.5.9/unix"    -pipe -O2 -fomit-frame-pointer -Wall -fPIC  -c `echo exp_main_exp.c` -o exp_main_exp.o
(echo 'if {![package vsatisfies [package provide Tcl] 8.5]} {return}' ; \
 echo 'package ifneeded Expect 5.45 \
    [list load [file join $dir libexpect5.45.so]]'\
) > pkgIndex.tcl
exp_pty.c:138:21: warning: 'oldHupHandler' defined but not used
exp_win.c: In function 'exp_win2_size_get':
exp_win.c:165:1: warning: control reaches end of non-void function
exp_win.c: In function 'exp_win2_size_set':
exp_win.c:154:1: warning: control reaches end of non-void function
exp_win.c: In function 'exp_window_size_get':
exp_win.c:105:1: warning: control reaches end of non-void function
exp_win.c: In function 'exp_window_size_set':
exp_win.c:90:1: warning: control reaches end of non-void function
exp_event.c: In function 'exp_unblock_background_channelhandler':
exp_event.c:116:5: warning: enumeration value 'armed' not handled in switch
exp_event.c:116:5: warning: enumeration value 'unarmed' not handled in switch
pty_termios.c: In function 'exp_getptymaster':
pty_termios.c:473:2: warning: implicit declaration of function 'openpty'
pty_termios.c:379:6: warning: unused variable 'num'
pty_termios.c:376:14: warning: unused variable 'stat_buf'
pty_termios.c:375:14: warning: unused variable 'bank'
pty_termios.c:375:8: warning: unused variable 'hex'
exp_clib.c: In function 'exp_setpgrp':
exp_clib.c:1821:5: warning: implicit declaration of function 'setpgrp'
pty_termios.c: In function 'exp_getptyslave':
pty_termios.c:644:3: warning: implicit declaration of function 'expErrnoMsg'
pty_termios.c:644:3: warning: format '%s' expects type 'char *', but argument 5 has type 'int'
exp_clib.c: In function 'exp_spawnv':
exp_clib.c:1852:3: warning: implicit declaration of function 'exp_init_tty'
pty_termios.c:639:7: warning: unused variable 'buf'
pty_termios.c:638:13: warning: unused variable 'slave2'
exp_clib.c:1892:2: warning: implicit declaration of function 'pipe'
exp_clib.c:1896:3: warning: implicit declaration of function 'close'
exp_clib.c:1909:2: warning: implicit declaration of function 'fork'
exp_clib.c:1949:3: warning: implicit declaration of function 'read'
exp_clib.c:1963:3: warning: implicit declaration of function 'write'
exp_clib.c:1990:4: warning: implicit declaration of function 'waitpid'
exp_clib.c:2021:2: warning: implicit declaration of function 'setsid'
exp_clib.c:2217:9: warning: implicit declaration of function 'execvp'
exp_clib.c:1836:6: warning: unused variable 'ttyfd'
exp_clib.c: In function 'i_read':
exp_clib.c:2333:2: warning: implicit declaration of function 'alarm'
exp_clib.c: In function 'exp_disconnect':
exp_clib.c:2856:6: warning: unused variable 'ttyfd'
exp_clib.c: At top level:
exp_clib.c:1812:1: warning: 'exp_setpgrp' defined but not used
exp_chan.c:61:5: warning: initialization from incompatible pointer type
exp_main_sub.c: In function 'exp_interpreter':
exp_main_sub.c:306:2: warning: implicit declaration of function 'exp_tty_cooked_echo'
exp_chan.c: In function 'ExpGetHandleProc':
exp_chan.c:434:15: warning: cast to pointer from integer of different size
exp_chan.c:437:15: warning: cast to pointer from integer of different size
exp_chan.c: In function 'expWaitOnAny':
exp_chan.c:568:2: warning: passing argument 2 of 'waitpid' from incompatible pointer type
/usr/include/sys/wait.h:139:16: note: expected 'int *' but argument is of type 'union wait *'
exp_chan.c: In function 'exp_background_channelhandlers_run_all':
exp_chan.c:610:6: warning: implicit declaration of function 'exp_background_channelhandler'
Dbg.c: In function 'debugger_trap':
Dbg.c:632:2: warning: enumeration value 'none' not handled in switch
Dbg.c:632:2: warning: enumeration value 'up' not handled in switch
Dbg.c:632:2: warning: enumeration value 'down' not handled in switch
Dbg.c:632:2: warning: enumeration value 'where' not handled in switch
Dbg.c:698:2: warning: enumeration value 'none' not handled in switch
Dbg.c:698:2: warning: enumeration value 'up' not handled in switch
Dbg.c:698:2: warning: enumeration value 'down' not handled in switch
exp_inter.c:709:13: warning: 'return_cmd' defined but not used
exp_inter.c:710:13: warning: 'interpreter_cmd' defined but not used
exp_command.c: In function 'Exp_SpawnObjCmd':
exp_command.c:587:9: warning: unused variable 'ttyfd'
exp_command.c: In function 'Exp_DisconnectObjCmd':
exp_command.c:3120:9: warning: unused variable 'ttyfd'
exp_command.c: At top level:
exp_command.c:537:1: warning: 'expSetpgrp' defined but not used
exp_log.c: In function 'expWriteBytesAndLogIfTtyU':
exp_log.c:88:9: warning: 'wc' may be used uninitialized in this function
exp_tty.c: In function 'Exp_SystemCmd':
exp_tty.c:590:6: warning: 'was_raw' may be used uninitialized in this function
exp_tty.c:590:15: warning: 'was_echo' may be used uninitialized in this function
expect.c: In function 'process_di':
expect.c:2902:15: warning: 'esPtr' may be used uninitialized in this function
exp_inter.c: In function 'Exp_InteractObjCmd':
exp_inter.c:1347:9: warning: 'previous_time' may be used uninitialized in this function
exp_inter.c:1355:16: warning: 'soonest_input' may be used uninitialized in this function
exp_inter.c:1349:6: warning: 'matchLen' may be used uninitialized in this function
exp_clib.c: In function 'expectv':
exp_clib.c:2444:6: warning: 'return_val' may be used uninitialized in this function
exp_command.c: In function 'Exp_SpawnObjCmd':
exp_command.c:888:12: warning: 'rfd' may be used uninitialized in this function
exp_command.c:888:17: warning: 'wfd' may be used uninitialized in this function
exp_command.c:592:9: warning: 'write_master' may be used uninitialized in this function
exp_command.c:661:17: warning: 'channel' may be used uninitialized in this function
exp_command.c: In function 'Exp_SendObjCmd':
exp_command.c:1979:11: warning: 'string' may be used uninitialized in this function
exp_command.c:1968:9: warning: 'rc' may be used uninitialized in this function
expect.c: In function 'Exp_ExpectObjCmd':
expect.c:2549:12: warning: 'end_time' may be used uninitialized in this function
rm -f libexpect5.45.so
gcc -shared -pipe -O2 -fomit-frame-pointer -Wall -fPIC  -s -Wl,--export-dynamic  -o libexpect5.45.so exp_command.o expect.o exp_inter.o exp_regexp.o exp_tty.o exp_log.o exp_main_sub.o exp_pty.o exp_trap.o exp_strf.o exp_console.o exp_glob.o exp_win.o exp_clib.o exp_closetcl.o exp_memmove.o exp_tty_comm.o exp_chan.o Dbg.o pty_termios.o exp_select.o exp_event.o -lutil -lieee -lm -Wl,-rpath,/usr/lib64 -L/usr/src/rpm/BUILD/tcl8.5.9/unix -ltclstub8.5 
: libexpect5.45.so
gcc \
	 -pipe -O2 -fomit-frame-pointer -Wall -fPIC  \
	-s -Wl,--export-dynamic  \
	-o expect exp_main_exp.o \
	-L/usr/src/rpm/BUILD/expect5.45 -lexpect5.45 \
	-L/usr/src/rpm/BUILD/tcl8.5.9/unix -ltcl8.5 \
	-ldl  -lieee -lm \
	-Wl,-rpath,/usr/lib64 \
	-Wl,-rpath,/usr/lib64/expect5.45
: expect
+ make test
(echo 'if {![package vsatisfies [package provide Tcl] 8.5]} {return}' ; \
 echo 'package ifneeded Expect 5.45 \
    [list load [file join $dir libexpect5.45.so]]'\
) > pkgIndex.tcl
TCL_LIBRARY=`echo /usr/src/rpm/BUILD/tcl8.5.9/library` LD_LIBRARY_PATH=".:/usr/src/rpm/BUILD/tcl8.5.9/unix:" PATH=".:/usr/src/rpm/BUILD/tcl8.5.9/unix:/bin:/usr/bin:/sbin:/usr/sbin" TCLLIBPATH="." /usr/src/rpm/BUILD/tcl8.5.9/unix/tclsh `echo ./tests/all.tcl` 
cat.test
expect.test
logfile.test
via sendvia send_uservia send_stdoutpid.test
send.test
spawn.test
stty.test
all.tcl:	Total	29	Passed	29	Skipped	0	Failed	0
Sourced 0 Test Files.
+ exit 0
Executing(%install): /bin/sh -e /var/tmp/rpm-tmp.68324
+ umask 022
+ cd /usr/src/rpm/BUILD
+ /bin/rm -rf /var/tmp/expect-root
+ /bin/mkdir -p /var/tmp/expect-root
+ cd expect5.45
+ make DESTDIR=/var/tmp/expect-root install
(echo 'if {![package vsatisfies [package provide Tcl] 8.5]} {return}' ; \
 echo 'package ifneeded Expect 5.45 \
    [list load [file join $dir libexpect5.45.so]]'\
) > pkgIndex.tcl
 /usr/bin/install -c libexpect5.45.so /var/tmp/expect-root/usr/lib64/expect5.45/libexpect5.45.so
 : /var/tmp/expect-root/usr/lib64/expect5.45/libexpect5.45.so
 Install pkgIndex.tcl /var/tmp/expect-root/usr/lib64/expect5.45
 /usr/bin/install -c expect /var/tmp/expect-root/usr/bin/expect
TCL_LIBRARY=`echo /usr/src/rpm/BUILD/tcl8.5.9/library` LD_LIBRARY_PATH=".:/usr/src/rpm/BUILD/tcl8.5.9/unix:" PATH=".:/usr/src/rpm/BUILD/tcl8.5.9/unix:/bin:/usr/bin:/sbin:/usr/sbin" TCLLIBPATH="." /usr/src/rpm/BUILD/tcl8.5.9/unix/tclsh ./fixline1 /usr/bin < ./example/timed-run > timed-run
TCL_LIBRARY=`echo /usr/src/rpm/BUILD/tcl8.5.9/library` LD_LIBRARY_PATH=".:/usr/src/rpm/BUILD/tcl8.5.9/unix:" PATH=".:/usr/src/rpm/BUILD/tcl8.5.9/unix:/bin:/usr/bin:/sbin:/usr/sbin" TCLLIBPATH="." /usr/src/rpm/BUILD/tcl8.5.9/unix/tclsh ./fixline1 /usr/bin < ./example/timed-read > timed-read
TCL_LIBRARY=`echo /usr/src/rpm/BUILD/tcl8.5.9/library` LD_LIBRARY_PATH=".:/usr/src/rpm/BUILD/tcl8.5.9/unix:" PATH=".:/usr/src/rpm/BUILD/tcl8.5.9/unix:/bin:/usr/bin:/sbin:/usr/sbin" TCLLIBPATH="." /usr/src/rpm/BUILD/tcl8.5.9/unix/tclsh ./fixline1 /usr/bin < ./example/ftp-rfc > ftp-rfc
TCL_LIBRARY=`echo /usr/src/rpm/BUILD/tcl8.5.9/library` LD_LIBRARY_PATH=".:/usr/src/rpm/BUILD/tcl8.5.9/unix:" PATH=".:/usr/src/rpm/BUILD/tcl8.5.9/unix:/bin:/usr/bin:/sbin:/usr/sbin" TCLLIBPATH="." /usr/src/rpm/BUILD/tcl8.5.9/unix/tclsh ./fixline1 /usr/bin < ./example/autopasswd > autopasswd
TCL_LIBRARY=`echo /usr/src/rpm/BUILD/tcl8.5.9/library` LD_LIBRARY_PATH=".:/usr/src/rpm/BUILD/tcl8.5.9/unix:" PATH=".:/usr/src/rpm/BUILD/tcl8.5.9/unix:/bin:/usr/bin:/sbin:/usr/sbin" TCLLIBPATH="." /usr/src/rpm/BUILD/tcl8.5.9/unix/tclsh ./fixline1 /usr/bin < ./example/lpunlock > lpunlock
TCL_LIBRARY=`echo /usr/src/rpm/BUILD/tcl8.5.9/library` LD_LIBRARY_PATH=".:/usr/src/rpm/BUILD/tcl8.5.9/unix:" PATH=".:/usr/src/rpm/BUILD/tcl8.5.9/unix:/bin:/usr/bin:/sbin:/usr/sbin" TCLLIBPATH="." /usr/src/rpm/BUILD/tcl8.5.9/unix/tclsh ./fixline1 /usr/bin < ./example/weather > weather
TCL_LIBRARY=`echo /usr/src/rpm/BUILD/tcl8.5.9/library` LD_LIBRARY_PATH=".:/usr/src/rpm/BUILD/tcl8.5.9/unix:" PATH=".:/usr/src/rpm/BUILD/tcl8.5.9/unix:/bin:/usr/bin:/sbin:/usr/sbin" TCLLIBPATH="." /usr/src/rpm/BUILD/tcl8.5.9/unix/tclsh ./fixline1 /usr/bin < ./example/passmass > passmass
TCL_LIBRARY=`echo /usr/src/rpm/BUILD/tcl8.5.9/library` LD_LIBRARY_PATH=".:/usr/src/rpm/BUILD/tcl8.5.9/unix:" PATH=".:/usr/src/rpm/BUILD/tcl8.5.9/unix:/bin:/usr/bin:/sbin:/usr/sbin" TCLLIBPATH="." /usr/src/rpm/BUILD/tcl8.5.9/unix/tclsh ./fixline1 /usr/bin < ./example/rftp > rftp
TCL_LIBRARY=`echo /usr/src/rpm/BUILD/tcl8.5.9/library` LD_LIBRARY_PATH=".:/usr/src/rpm/BUILD/tcl8.5.9/unix:" PATH=".:/usr/src/rpm/BUILD/tcl8.5.9/unix:/bin:/usr/bin:/sbin:/usr/sbin" TCLLIBPATH="." /usr/src/rpm/BUILD/tcl8.5.9/unix/tclsh ./fixline1 /usr/bin < ./example/kibitz > kibitz
TCL_LIBRARY=`echo /usr/src/rpm/BUILD/tcl8.5.9/library` LD_LIBRARY_PATH=".:/usr/src/rpm/BUILD/tcl8.5.9/unix:" PATH=".:/usr/src/rpm/BUILD/tcl8.5.9/unix:/bin:/usr/bin:/sbin:/usr/sbin" TCLLIBPATH="." /usr/src/rpm/BUILD/tcl8.5.9/unix/tclsh ./fixline1 /usr/bin < ./example/rlogin-cwd > rlogin-cwd
TCL_LIBRARY=`echo /usr/src/rpm/BUILD/tcl8.5.9/library` LD_LIBRARY_PATH=".:/usr/src/rpm/BUILD/tcl8.5.9/unix:" PATH=".:/usr/src/rpm/BUILD/tcl8.5.9/unix:/bin:/usr/bin:/sbin:/usr/sbin" TCLLIBPATH="." /usr/src/rpm/BUILD/tcl8.5.9/unix/tclsh ./fixline1 /usr/bin < ./example/xpstat > xpstat
TCL_LIBRARY=`echo /usr/src/rpm/BUILD/tcl8.5.9/library` LD_LIBRARY_PATH=".:/usr/src/rpm/BUILD/tcl8.5.9/unix:" PATH=".:/usr/src/rpm/BUILD/tcl8.5.9/unix:/bin:/usr/bin:/sbin:/usr/sbin" TCLLIBPATH="." /usr/src/rpm/BUILD/tcl8.5.9/unix/tclsh ./fixline1 /usr/bin < ./example/tkpasswd > tkpasswd
TCL_LIBRARY=`echo /usr/src/rpm/BUILD/tcl8.5.9/library` LD_LIBRARY_PATH=".:/usr/src/rpm/BUILD/tcl8.5.9/unix:" PATH=".:/usr/src/rpm/BUILD/tcl8.5.9/unix:/bin:/usr/bin:/sbin:/usr/sbin" TCLLIBPATH="." /usr/src/rpm/BUILD/tcl8.5.9/unix/tclsh ./fixline1 /usr/bin < ./example/dislocate > dislocate
TCL_LIBRARY=`echo /usr/src/rpm/BUILD/tcl8.5.9/library` LD_LIBRARY_PATH=".:/usr/src/rpm/BUILD/tcl8.5.9/unix:" PATH=".:/usr/src/rpm/BUILD/tcl8.5.9/unix:/bin:/usr/bin:/sbin:/usr/sbin" TCLLIBPATH="." /usr/src/rpm/BUILD/tcl8.5.9/unix/tclsh ./fixline1 /usr/bin < ./example/xkibitz > xkibitz
TCL_LIBRARY=`echo /usr/src/rpm/BUILD/tcl8.5.9/library` LD_LIBRARY_PATH=".:/usr/src/rpm/BUILD/tcl8.5.9/unix:" PATH=".:/usr/src/rpm/BUILD/tcl8.5.9/unix:/bin:/usr/bin:/sbin:/usr/sbin" TCLLIBPATH="." /usr/src/rpm/BUILD/tcl8.5.9/unix/tclsh ./fixline1 /usr/bin < ./example/tknewsbiff > tknewsbiff
TCL_LIBRARY=`echo /usr/src/rpm/BUILD/tcl8.5.9/library` LD_LIBRARY_PATH=".:/usr/src/rpm/BUILD/tcl8.5.9/unix:" PATH=".:/usr/src/rpm/BUILD/tcl8.5.9/unix:/bin:/usr/bin:/sbin:/usr/sbin" TCLLIBPATH="." /usr/src/rpm/BUILD/tcl8.5.9/unix/tclsh ./fixline1 /usr/bin < ./example/unbuffer > unbuffer
TCL_LIBRARY=`echo /usr/src/rpm/BUILD/tcl8.5.9/library` LD_LIBRARY_PATH=".:/usr/src/rpm/BUILD/tcl8.5.9/unix:" PATH=".:/usr/src/rpm/BUILD/tcl8.5.9/unix:/bin:/usr/bin:/sbin:/usr/sbin" TCLLIBPATH="." /usr/src/rpm/BUILD/tcl8.5.9/unix/tclsh ./fixline1 /usr/bin < ./example/mkpasswd > mkpasswd
TCL_LIBRARY=`echo /usr/src/rpm/BUILD/tcl8.5.9/library` LD_LIBRARY_PATH=".:/usr/src/rpm/BUILD/tcl8.5.9/unix:" PATH=".:/usr/src/rpm/BUILD/tcl8.5.9/unix:/bin:/usr/bin:/sbin:/usr/sbin" TCLLIBPATH="." /usr/src/rpm/BUILD/tcl8.5.9/unix/tclsh ./fixline1 /usr/bin < ./example/cryptdir > cryptdir
TCL_LIBRARY=`echo /usr/src/rpm/BUILD/tcl8.5.9/library` LD_LIBRARY_PATH=".:/usr/src/rpm/BUILD/tcl8.5.9/unix:" PATH=".:/usr/src/rpm/BUILD/tcl8.5.9/unix:/bin:/usr/bin:/sbin:/usr/sbin" TCLLIBPATH="." /usr/src/rpm/BUILD/tcl8.5.9/unix/tclsh ./fixline1 /usr/bin < ./example/decryptdir > decryptdir
TCL_LIBRARY=`echo /usr/src/rpm/BUILD/tcl8.5.9/library` LD_LIBRARY_PATH=".:/usr/src/rpm/BUILD/tcl8.5.9/unix:" PATH=".:/usr/src/rpm/BUILD/tcl8.5.9/unix:/bin:/usr/bin:/sbin:/usr/sbin" TCLLIBPATH="." /usr/src/rpm/BUILD/tcl8.5.9/unix/tclsh ./fixline1 /usr/bin < ./example/autoexpect > autoexpect
TCL_LIBRARY=`echo /usr/src/rpm/BUILD/tcl8.5.9/library` LD_LIBRARY_PATH=".:/usr/src/rpm/BUILD/tcl8.5.9/unix:" PATH=".:/usr/src/rpm/BUILD/tcl8.5.9/unix:/bin:/usr/bin:/sbin:/usr/sbin" TCLLIBPATH="." /usr/src/rpm/BUILD/tcl8.5.9/unix/tclsh ./fixline1 /usr/bin < ./example/multixterm > multixterm
Installing header files in /var/tmp/expect-root/usr/include
Installing ./expect.h
Installing ./expect_tcl.h
Installing ./expect_comm.h
Installing ./tcldbg.h
for i in timed-run timed-read ftp-rfc autopasswd lpunlock weather passmass rftp kibitz rlogin-cwd xpstat tkpasswd dislocate xkibitz tknewsbiff unbuffer mkpasswd cryptdir decryptdir autoexpect multixterm end_of_list ; do \
  if [ -f $i ] ; then \
    /usr/bin/install -c $i /var/tmp/expect-root/usr/bin/$i ; \
    rm -f $i ; \
  else true; fi ; \
done
Installing documentation in /var/tmp/expect-root/usr/share/man
/usr/bin/install -c -m 644 ./expect.man /var/tmp/expect-root/usr/share/man/man1/expect.1
/usr/bin/install -c -m 644 ./libexpect.man /var/tmp/expect-root/usr/share/man/man3/libexpect.3
for i in kibitz dislocate xkibitz tknewsbiff unbuffer mkpasswd passmass cryptdir decryptdir autoexpect multixterm end_of_list ; do \
  if [ -f ./example/$i.man ] ; then \
    /usr/bin/install -c -m 644 ./example/$i.man /var/tmp/expect-root/usr/share/man/man1/$i.1 ; \
  else true; fi ; \
done
+ /usr/lib/rpm/compress_man.sh /var/tmp/expect-root
+ exit 0
Processing files: expect-5.45-1.x86_64
Provides: libexpect5.45.so()(64bit)
Requires: /bin/sh libc.so.6()(64bit) libc.so.6(GLIBC_2.2.5)(64bit) libc.so.6(GLIBC_2.3)(64bit) libc.so.6(GLIBC_2.7)(64bit) libdl.so.2()(64bit) libexpect5.45.so()(64bit) libm.so.6()(64bit) libm.so.6(GLIBC_2.2.5)(64bit) libtcl8.5.so()(64bit) libutil.so.1()(64bit) libutil.so.1(GLIBC_2.2.5)(64bit)
Processing files: expect-devel-5.45-1.x86_64
Checking for unpackaged file(s): /usr/lib/rpm/check-files /var/tmp/expect-root
Wrote: /usr/src/rpm/SRPMS/expect-5.45-1.src.rpm
Wrote: /usr/src/rpm/RPMS/x86_64/expect-5.45-1.x86_64.rpm
Wrote: /usr/src/rpm/RPMS/x86_64/expect-devel-5.45-1.x86_64.rpm
Executing(%clean): /bin/sh -e /var/tmp/rpm-tmp.31396
+ umask 022
+ cd /usr/src/rpm/BUILD
+ cd expect5.45
+ /bin/rm -rf /var/tmp/expect-root
