Fetching(Source0): http://dev.lightcube.us/sources/man-pages/man-pages-3.32.tar.bz2
Executing(%prep): /bin/sh -e /var/tmp/rpm-tmp.38390
+ umask 022
+ cd /usr/src/rpm/BUILD
+ cd /usr/src/rpm/BUILD
+ rm -rf man-pages-3.32
+ /bin/bzip2 -dc /usr/src/rpm/SOURCES/man-pages-3.32.tar.bz2
+ /bin/tar -xf -
+ STATUS=0
+ '[' 0 -ne 0 ']'
+ cd man-pages-3.32
+ exit 0
Executing(%install): /bin/sh -e /var/tmp/rpm-tmp.38390
+ umask 022
+ cd /usr/src/rpm/BUILD
+ /bin/rm -rf /var/tmp/man-pages-root
+ /bin/mkdir -p /var/tmp/man-pages-root
+ cd man-pages-3.32
+ make DESTDIR=/var/tmp/man-pages-root install
for i in man?; do \
	install -d -m 755 /var/tmp/man-pages-root/usr/share/man/"$i" || exit $?; \
	install -m 644 "$i"/* /var/tmp/man-pages-root/usr/share/man/"$i" || exit $?; \
done; \

+ /usr/lib/rpm/compress_man.sh /var/tmp/man-pages-root
+ find /var/tmp/man-pages-root -name passwd.5.bz2 -delete
+ exit 0
Processing files: man-pages-3.32-2.noarch
Processing files: man-pages-devel-3.32-2.noarch
Checking for unpackaged file(s): /usr/lib/rpm/check-files /var/tmp/man-pages-root
Wrote: /usr/src/rpm/SRPMS/man-pages-3.32-2.src.rpm
Wrote: /usr/src/rpm/RPMS/noarch/man-pages-3.32-2.noarch.rpm
Wrote: /usr/src/rpm/RPMS/noarch/man-pages-devel-3.32-2.noarch.rpm
Executing(%clean): /bin/sh -e /var/tmp/rpm-tmp.82124
+ umask 022
+ cd /usr/src/rpm/BUILD
+ cd man-pages-3.32
+ /bin/rm -rf /var/tmp/man-pages-root
