Executing(%prep): /bin/sh -e /var/tmp/rpm-tmp.94606
+ umask 022
+ cd /usr/src/rpm/BUILD
+ cd /usr/src/rpm/BUILD
+ rm -rf freetype-2.4.4
+ /bin/bzip2 -dc /usr/src/rpm/SOURCES/freetype-2.4.4.tar.bz2
+ /bin/tar -xf -
+ STATUS=0
+ '[' 0 -ne 0 ']'
+ cd freetype-2.4.4
+ exit 0
Executing(%build): /bin/sh -e /var/tmp/rpm-tmp.20448
+ umask 022
+ cd /usr/src/rpm/BUILD
+ cd freetype-2.4.4
+ ./configure --prefix=/usr --libdir=/usr/lib64

FreeType build system -- automatic system detection

The following settings are used:

  platform                    unix
  compiler                    cc
  configuration directory     ./builds/unix
  configuration rules         ./builds/unix/unix.mk

If this does not correspond to your system or settings please remove the file
`config.mk' from this directory then read the INSTALL file for help.

Otherwise, simply type `make' again to build the library,
or `make refdoc' to build the API reference (the latter needs python).

Generating modules list in ./objs/ftmodule.h...
* module: truetype  (Windows/Mac font files with extension *.ttf or *.ttc)
* module: type1     (Postscript font files with extension *.pfa or *.pfb)
* module: cff       (OpenType fonts with extension *.otf)
* module: cid       (Postscript CID-keyed fonts, no known extension)
* module: pfr       (PFR/TrueDoc font files with extension *.pfr)
* module: type42    (Type 42 font files with no known extension)
* module: winfnt    (Windows bitmap fonts with extension *.fnt or *.fon)
* module: pcf       (pcf bitmap fonts)
* module: bdf       (bdf bitmap fonts)
* module: sfnt      (helper module for TrueType & OpenType formats)
* module: autofit   (automatic hinting module)
* module: pshinter  (Postscript hinter module)
* module: raster    (monochrome bitmap renderer)
* module: smooth    (anti-aliased bitmap renderer)
* module: smooth    (anti-aliased bitmap renderer for LCDs)
* module: smooth    (anti-aliased bitmap renderer for vertical LCDs)
* module: psaux     (Postscript Type 1 & Type 2 helper module)
* module: psnames   (Postscript & Unicode Glyph name handling)
done.
cd builds/unix; ./configure  '--prefix=/usr' '--libdir=/usr/lib64'
checking build system type... x86_64-unknown-linux-gnu
checking host system type... x86_64-unknown-linux-gnu
checking for gcc... gcc
checking whether the C compiler works... yes
checking for C compiler default output file name... a.out
checking for suffix of executables... 
checking whether we are cross compiling... no
checking for suffix of object files... o
checking whether we are using the GNU C compiler... yes
checking whether gcc accepts -g... yes
checking for gcc option to accept ISO C89... none needed
checking how to run the C preprocessor... gcc -E
checking for rm... rm -f
checking for rmdir... rmdir
checking for a BSD-compatible install... /usr/bin/install -c
checking for grep that handles long lines and -e... /bin/grep
checking for egrep... /bin/grep -E
checking for ANSI C header files... yes
checking for sys/types.h... yes
checking for sys/stat.h... yes
checking for stdlib.h... yes
checking for string.h... yes
checking for memory.h... yes
checking for strings.h... yes
checking for inttypes.h... yes
checking for stdint.h... yes
checking for unistd.h... yes
checking fcntl.h usability... yes
checking fcntl.h presence... yes
checking for fcntl.h... yes
checking for unistd.h... (cached) yes
checking for an ANSI C-conforming const... yes
checking size of int... 4
checking size of long... 8
checking cpp computation of bit length in ftconfig.in works... yes
checking for stdlib.h... (cached) yes
checking for unistd.h... (cached) yes
checking for sys/param.h... yes
checking for getpagesize... yes
checking for working mmap... yes
checking whether munmap is declared... yes
checking for munmap's first parameter type... void *
checking for memcpy... yes
checking for memmove... yes
checking for gzsetparams in -lz... no
checking for a sed that does not truncate output... /bin/sed
checking for fgrep... /bin/grep -F
checking for ld used by gcc... /usr/bin/ld
checking if the linker (/usr/bin/ld) is GNU ld... yes
checking for BSD- or MS-compatible name lister (nm)... /usr/bin/nm -B
checking the name lister (/usr/bin/nm -B) interface... BSD nm
checking whether ln -s works... yes
checking the maximum length of command line arguments... 1572864
checking whether the shell understands some XSI constructs... yes
checking whether the shell understands "+="... yes
checking for /usr/bin/ld option to reload object files... -r
checking for objdump... objdump
checking how to recognize dependent libraries... pass_all
checking for ar... ar
checking for strip... strip
checking for ranlib... ranlib
checking command to parse /usr/bin/nm -B output from gcc object... ok
checking for dlfcn.h... yes
checking for objdir... .libs
checking if gcc supports -fno-rtti -fno-exceptions... no
checking for gcc option to produce PIC... -fPIC -DPIC
checking if gcc PIC flag -fPIC -DPIC works... yes
checking if gcc static flag -static works... yes
checking if gcc supports -c -o file.o... yes
checking if gcc supports -c -o file.o... (cached) yes
checking whether the gcc linker (/usr/bin/ld -m elf_x86_64) supports shared libraries... yes
checking whether -lc should be explicitly linked in... no
checking dynamic linker characteristics... GNU/Linux ld.so
checking how to hardcode library paths into programs... immediate
checking whether stripping libraries is possible... yes
checking if libtool supports shared libraries... yes
checking whether to build shared libraries... yes
checking whether to build static libraries... yes
configure: creating ./config.status
config.status: creating unix-cc.mk
config.status: creating unix-def.mk
config.status: creating freetype-config
config.status: creating freetype2.pc
config.status: creating ftconfig.h
config.status: executing libtool commands
make: Nothing to be done for `unix'.
+ make
./builds/unix/libtool --mode=compile gcc -pedantic -ansi  -I/usr/src/rpm/BUILD/freetype-2.4.4/objs -I./builds/unix -I/usr/src/rpm/BUILD/freetype-2.4.4/include -c -Wall -g -O2 -DFT_CONFIG_CONFIG_H="<ftconfig.h>" -DFT2_BUILD_LIBRARY -DFT_CONFIG_MODULES_H="<ftmodule.h>"  -o /usr/src/rpm/BUILD/freetype-2.4.4/objs/ftsystem.lo builds/unix/ftsystem.c
libtool: compile:  gcc -pedantic -ansi -I/usr/src/rpm/BUILD/freetype-2.4.4/objs -I./builds/unix -I/usr/src/rpm/BUILD/freetype-2.4.4/include -c -Wall -g -O2 "-DFT_CONFIG_CONFIG_H=<ftconfig.h>" -DFT2_BUILD_LIBRARY "-DFT_CONFIG_MODULES_H=<ftmodule.h>" builds/unix/ftsystem.c  -fPIC -DPIC -o /usr/src/rpm/BUILD/freetype-2.4.4/objs/.libs/ftsystem.o
libtool: compile:  gcc -pedantic -ansi -I/usr/src/rpm/BUILD/freetype-2.4.4/objs -I./builds/unix -I/usr/src/rpm/BUILD/freetype-2.4.4/include -c -Wall -g -O2 "-DFT_CONFIG_CONFIG_H=<ftconfig.h>" -DFT2_BUILD_LIBRARY "-DFT_CONFIG_MODULES_H=<ftmodule.h>" builds/unix/ftsystem.c -o /usr/src/rpm/BUILD/freetype-2.4.4/objs/ftsystem.o >/dev/null 2>&1
./builds/unix/libtool --mode=compile gcc -pedantic -ansi  -I/usr/src/rpm/BUILD/freetype-2.4.4/objs -I./builds/unix -I/usr/src/rpm/BUILD/freetype-2.4.4/include -c -Wall -g -O2 -DFT_CONFIG_CONFIG_H="<ftconfig.h>" -DFT2_BUILD_LIBRARY -DFT_CONFIG_MODULES_H="<ftmodule.h>"  -o /usr/src/rpm/BUILD/freetype-2.4.4/objs/ftdebug.lo /usr/src/rpm/BUILD/freetype-2.4.4/src/base/ftdebug.c
libtool: compile:  gcc -pedantic -ansi -I/usr/src/rpm/BUILD/freetype-2.4.4/objs -I./builds/unix -I/usr/src/rpm/BUILD/freetype-2.4.4/include -c -Wall -g -O2 "-DFT_CONFIG_CONFIG_H=<ftconfig.h>" -DFT2_BUILD_LIBRARY "-DFT_CONFIG_MODULES_H=<ftmodule.h>" /usr/src/rpm/BUILD/freetype-2.4.4/src/base/ftdebug.c  -fPIC -DPIC -o /usr/src/rpm/BUILD/freetype-2.4.4/objs/.libs/ftdebug.o
libtool: compile:  gcc -pedantic -ansi -I/usr/src/rpm/BUILD/freetype-2.4.4/objs -I./builds/unix -I/usr/src/rpm/BUILD/freetype-2.4.4/include -c -Wall -g -O2 "-DFT_CONFIG_CONFIG_H=<ftconfig.h>" -DFT2_BUILD_LIBRARY "-DFT_CONFIG_MODULES_H=<ftmodule.h>" /usr/src/rpm/BUILD/freetype-2.4.4/src/base/ftdebug.c -o /usr/src/rpm/BUILD/freetype-2.4.4/objs/ftdebug.o >/dev/null 2>&1
./builds/unix/libtool --mode=compile gcc -pedantic -ansi  -I/usr/src/rpm/BUILD/freetype-2.4.4/objs -I./builds/unix -I/usr/src/rpm/BUILD/freetype-2.4.4/include -c -Wall -g -O2 -DFT_CONFIG_CONFIG_H="<ftconfig.h>" -DFT2_BUILD_LIBRARY -DFT_CONFIG_MODULES_H="<ftmodule.h>"  -o /usr/src/rpm/BUILD/freetype-2.4.4/objs/ftinit.lo /usr/src/rpm/BUILD/freetype-2.4.4/src/base/ftinit.c
libtool: compile:  gcc -pedantic -ansi -I/usr/src/rpm/BUILD/freetype-2.4.4/objs -I./builds/unix -I/usr/src/rpm/BUILD/freetype-2.4.4/include -c -Wall -g -O2 "-DFT_CONFIG_CONFIG_H=<ftconfig.h>" -DFT2_BUILD_LIBRARY "-DFT_CONFIG_MODULES_H=<ftmodule.h>" /usr/src/rpm/BUILD/freetype-2.4.4/src/base/ftinit.c  -fPIC -DPIC -o /usr/src/rpm/BUILD/freetype-2.4.4/objs/.libs/ftinit.o
libtool: compile:  gcc -pedantic -ansi -I/usr/src/rpm/BUILD/freetype-2.4.4/objs -I./builds/unix -I/usr/src/rpm/BUILD/freetype-2.4.4/include -c -Wall -g -O2 "-DFT_CONFIG_CONFIG_H=<ftconfig.h>" -DFT2_BUILD_LIBRARY "-DFT_CONFIG_MODULES_H=<ftmodule.h>" /usr/src/rpm/BUILD/freetype-2.4.4/src/base/ftinit.c -o /usr/src/rpm/BUILD/freetype-2.4.4/objs/ftinit.o >/dev/null 2>&1
./builds/unix/libtool --mode=compile gcc -pedantic -ansi  -I/usr/src/rpm/BUILD/freetype-2.4.4/objs -I./builds/unix -I/usr/src/rpm/BUILD/freetype-2.4.4/include -c -Wall -g -O2 -DFT_CONFIG_CONFIG_H="<ftconfig.h>" -DFT2_BUILD_LIBRARY -DFT_CONFIG_MODULES_H="<ftmodule.h>"  -I/usr/src/rpm/BUILD/freetype-2.4.4/src/base -o /usr/src/rpm/BUILD/freetype-2.4.4/objs/ftbase.lo /usr/src/rpm/BUILD/freetype-2.4.4/src/base/ftbase.c
libtool: compile:  gcc -pedantic -ansi -I/usr/src/rpm/BUILD/freetype-2.4.4/objs -I./builds/unix -I/usr/src/rpm/BUILD/freetype-2.4.4/include -c -Wall -g -O2 "-DFT_CONFIG_CONFIG_H=<ftconfig.h>" -DFT2_BUILD_LIBRARY "-DFT_CONFIG_MODULES_H=<ftmodule.h>" -I/usr/src/rpm/BUILD/freetype-2.4.4/src/base /usr/src/rpm/BUILD/freetype-2.4.4/src/base/ftbase.c  -fPIC -DPIC -o /usr/src/rpm/BUILD/freetype-2.4.4/objs/.libs/ftbase.o
libtool: compile:  gcc -pedantic -ansi -I/usr/src/rpm/BUILD/freetype-2.4.4/objs -I./builds/unix -I/usr/src/rpm/BUILD/freetype-2.4.4/include -c -Wall -g -O2 "-DFT_CONFIG_CONFIG_H=<ftconfig.h>" -DFT2_BUILD_LIBRARY "-DFT_CONFIG_MODULES_H=<ftmodule.h>" -I/usr/src/rpm/BUILD/freetype-2.4.4/src/base /usr/src/rpm/BUILD/freetype-2.4.4/src/base/ftbase.c -o /usr/src/rpm/BUILD/freetype-2.4.4/objs/ftbase.o >/dev/null 2>&1
./builds/unix/libtool --mode=compile gcc -pedantic -ansi  -I/usr/src/rpm/BUILD/freetype-2.4.4/objs -I./builds/unix -I/usr/src/rpm/BUILD/freetype-2.4.4/include -c -Wall -g -O2 -DFT_CONFIG_CONFIG_H="<ftconfig.h>" -DFT2_BUILD_LIBRARY -DFT_CONFIG_MODULES_H="<ftmodule.h>"  -I/usr/src/rpm/BUILD/freetype-2.4.4/src/base -o /usr/src/rpm/BUILD/freetype-2.4.4/objs/ftbbox.lo /usr/src/rpm/BUILD/freetype-2.4.4/src/base/ftbbox.c
libtool: compile:  gcc -pedantic -ansi -I/usr/src/rpm/BUILD/freetype-2.4.4/objs -I./builds/unix -I/usr/src/rpm/BUILD/freetype-2.4.4/include -c -Wall -g -O2 "-DFT_CONFIG_CONFIG_H=<ftconfig.h>" -DFT2_BUILD_LIBRARY "-DFT_CONFIG_MODULES_H=<ftmodule.h>" -I/usr/src/rpm/BUILD/freetype-2.4.4/src/base /usr/src/rpm/BUILD/freetype-2.4.4/src/base/ftbbox.c  -fPIC -DPIC -o /usr/src/rpm/BUILD/freetype-2.4.4/objs/.libs/ftbbox.o
libtool: compile:  gcc -pedantic -ansi -I/usr/src/rpm/BUILD/freetype-2.4.4/objs -I./builds/unix -I/usr/src/rpm/BUILD/freetype-2.4.4/include -c -Wall -g -O2 "-DFT_CONFIG_CONFIG_H=<ftconfig.h>" -DFT2_BUILD_LIBRARY "-DFT_CONFIG_MODULES_H=<ftmodule.h>" -I/usr/src/rpm/BUILD/freetype-2.4.4/src/base /usr/src/rpm/BUILD/freetype-2.4.4/src/base/ftbbox.c -o /usr/src/rpm/BUILD/freetype-2.4.4/objs/ftbbox.o >/dev/null 2>&1
./builds/unix/libtool --mode=compile gcc -pedantic -ansi  -I/usr/src/rpm/BUILD/freetype-2.4.4/objs -I./builds/unix -I/usr/src/rpm/BUILD/freetype-2.4.4/include -c -Wall -g -O2 -DFT_CONFIG_CONFIG_H="<ftconfig.h>" -DFT2_BUILD_LIBRARY -DFT_CONFIG_MODULES_H="<ftmodule.h>"  -I/usr/src/rpm/BUILD/freetype-2.4.4/src/base -o /usr/src/rpm/BUILD/freetype-2.4.4/objs/ftbdf.lo /usr/src/rpm/BUILD/freetype-2.4.4/src/base/ftbdf.c
libtool: compile:  gcc -pedantic -ansi -I/usr/src/rpm/BUILD/freetype-2.4.4/objs -I./builds/unix -I/usr/src/rpm/BUILD/freetype-2.4.4/include -c -Wall -g -O2 "-DFT_CONFIG_CONFIG_H=<ftconfig.h>" -DFT2_BUILD_LIBRARY "-DFT_CONFIG_MODULES_H=<ftmodule.h>" -I/usr/src/rpm/BUILD/freetype-2.4.4/src/base /usr/src/rpm/BUILD/freetype-2.4.4/src/base/ftbdf.c  -fPIC -DPIC -o /usr/src/rpm/BUILD/freetype-2.4.4/objs/.libs/ftbdf.o
libtool: compile:  gcc -pedantic -ansi -I/usr/src/rpm/BUILD/freetype-2.4.4/objs -I./builds/unix -I/usr/src/rpm/BUILD/freetype-2.4.4/include -c -Wall -g -O2 "-DFT_CONFIG_CONFIG_H=<ftconfig.h>" -DFT2_BUILD_LIBRARY "-DFT_CONFIG_MODULES_H=<ftmodule.h>" -I/usr/src/rpm/BUILD/freetype-2.4.4/src/base /usr/src/rpm/BUILD/freetype-2.4.4/src/base/ftbdf.c -o /usr/src/rpm/BUILD/freetype-2.4.4/objs/ftbdf.o >/dev/null 2>&1
./builds/unix/libtool --mode=compile gcc -pedantic -ansi  -I/usr/src/rpm/BUILD/freetype-2.4.4/objs -I./builds/unix -I/usr/src/rpm/BUILD/freetype-2.4.4/include -c -Wall -g -O2 -DFT_CONFIG_CONFIG_H="<ftconfig.h>" -DFT2_BUILD_LIBRARY -DFT_CONFIG_MODULES_H="<ftmodule.h>"  -I/usr/src/rpm/BUILD/freetype-2.4.4/src/base -o /usr/src/rpm/BUILD/freetype-2.4.4/objs/ftbitmap.lo /usr/src/rpm/BUILD/freetype-2.4.4/src/base/ftbitmap.c
libtool: compile:  gcc -pedantic -ansi -I/usr/src/rpm/BUILD/freetype-2.4.4/objs -I./builds/unix -I/usr/src/rpm/BUILD/freetype-2.4.4/include -c -Wall -g -O2 "-DFT_CONFIG_CONFIG_H=<ftconfig.h>" -DFT2_BUILD_LIBRARY "-DFT_CONFIG_MODULES_H=<ftmodule.h>" -I/usr/src/rpm/BUILD/freetype-2.4.4/src/base /usr/src/rpm/BUILD/freetype-2.4.4/src/base/ftbitmap.c  -fPIC -DPIC -o /usr/src/rpm/BUILD/freetype-2.4.4/objs/.libs/ftbitmap.o
libtool: compile:  gcc -pedantic -ansi -I/usr/src/rpm/BUILD/freetype-2.4.4/objs -I./builds/unix -I/usr/src/rpm/BUILD/freetype-2.4.4/include -c -Wall -g -O2 "-DFT_CONFIG_CONFIG_H=<ftconfig.h>" -DFT2_BUILD_LIBRARY "-DFT_CONFIG_MODULES_H=<ftmodule.h>" -I/usr/src/rpm/BUILD/freetype-2.4.4/src/base /usr/src/rpm/BUILD/freetype-2.4.4/src/base/ftbitmap.c -o /usr/src/rpm/BUILD/freetype-2.4.4/objs/ftbitmap.o >/dev/null 2>&1
./builds/unix/libtool --mode=compile gcc -pedantic -ansi  -I/usr/src/rpm/BUILD/freetype-2.4.4/objs -I./builds/unix -I/usr/src/rpm/BUILD/freetype-2.4.4/include -c -Wall -g -O2 -DFT_CONFIG_CONFIG_H="<ftconfig.h>" -DFT2_BUILD_LIBRARY -DFT_CONFIG_MODULES_H="<ftmodule.h>"  -I/usr/src/rpm/BUILD/freetype-2.4.4/src/base -o /usr/src/rpm/BUILD/freetype-2.4.4/objs/ftcid.lo /usr/src/rpm/BUILD/freetype-2.4.4/src/base/ftcid.c
libtool: compile:  gcc -pedantic -ansi -I/usr/src/rpm/BUILD/freetype-2.4.4/objs -I./builds/unix -I/usr/src/rpm/BUILD/freetype-2.4.4/include -c -Wall -g -O2 "-DFT_CONFIG_CONFIG_H=<ftconfig.h>" -DFT2_BUILD_LIBRARY "-DFT_CONFIG_MODULES_H=<ftmodule.h>" -I/usr/src/rpm/BUILD/freetype-2.4.4/src/base /usr/src/rpm/BUILD/freetype-2.4.4/src/base/ftcid.c  -fPIC -DPIC -o /usr/src/rpm/BUILD/freetype-2.4.4/objs/.libs/ftcid.o
libtool: compile:  gcc -pedantic -ansi -I/usr/src/rpm/BUILD/freetype-2.4.4/objs -I./builds/unix -I/usr/src/rpm/BUILD/freetype-2.4.4/include -c -Wall -g -O2 "-DFT_CONFIG_CONFIG_H=<ftconfig.h>" -DFT2_BUILD_LIBRARY "-DFT_CONFIG_MODULES_H=<ftmodule.h>" -I/usr/src/rpm/BUILD/freetype-2.4.4/src/base /usr/src/rpm/BUILD/freetype-2.4.4/src/base/ftcid.c -o /usr/src/rpm/BUILD/freetype-2.4.4/objs/ftcid.o >/dev/null 2>&1
./builds/unix/libtool --mode=compile gcc -pedantic -ansi  -I/usr/src/rpm/BUILD/freetype-2.4.4/objs -I./builds/unix -I/usr/src/rpm/BUILD/freetype-2.4.4/include -c -Wall -g -O2 -DFT_CONFIG_CONFIG_H="<ftconfig.h>" -DFT2_BUILD_LIBRARY -DFT_CONFIG_MODULES_H="<ftmodule.h>"  -I/usr/src/rpm/BUILD/freetype-2.4.4/src/base -o /usr/src/rpm/BUILD/freetype-2.4.4/objs/ftfstype.lo /usr/src/rpm/BUILD/freetype-2.4.4/src/base/ftfstype.c
libtool: compile:  gcc -pedantic -ansi -I/usr/src/rpm/BUILD/freetype-2.4.4/objs -I./builds/unix -I/usr/src/rpm/BUILD/freetype-2.4.4/include -c -Wall -g -O2 "-DFT_CONFIG_CONFIG_H=<ftconfig.h>" -DFT2_BUILD_LIBRARY "-DFT_CONFIG_MODULES_H=<ftmodule.h>" -I/usr/src/rpm/BUILD/freetype-2.4.4/src/base /usr/src/rpm/BUILD/freetype-2.4.4/src/base/ftfstype.c  -fPIC -DPIC -o /usr/src/rpm/BUILD/freetype-2.4.4/objs/.libs/ftfstype.o
libtool: compile:  gcc -pedantic -ansi -I/usr/src/rpm/BUILD/freetype-2.4.4/objs -I./builds/unix -I/usr/src/rpm/BUILD/freetype-2.4.4/include -c -Wall -g -O2 "-DFT_CONFIG_CONFIG_H=<ftconfig.h>" -DFT2_BUILD_LIBRARY "-DFT_CONFIG_MODULES_H=<ftmodule.h>" -I/usr/src/rpm/BUILD/freetype-2.4.4/src/base /usr/src/rpm/BUILD/freetype-2.4.4/src/base/ftfstype.c -o /usr/src/rpm/BUILD/freetype-2.4.4/objs/ftfstype.o >/dev/null 2>&1
./builds/unix/libtool --mode=compile gcc -pedantic -ansi  -I/usr/src/rpm/BUILD/freetype-2.4.4/objs -I./builds/unix -I/usr/src/rpm/BUILD/freetype-2.4.4/include -c -Wall -g -O2 -DFT_CONFIG_CONFIG_H="<ftconfig.h>" -DFT2_BUILD_LIBRARY -DFT_CONFIG_MODULES_H="<ftmodule.h>"  -I/usr/src/rpm/BUILD/freetype-2.4.4/src/base -o /usr/src/rpm/BUILD/freetype-2.4.4/objs/ftgasp.lo /usr/src/rpm/BUILD/freetype-2.4.4/src/base/ftgasp.c
libtool: compile:  gcc -pedantic -ansi -I/usr/src/rpm/BUILD/freetype-2.4.4/objs -I./builds/unix -I/usr/src/rpm/BUILD/freetype-2.4.4/include -c -Wall -g -O2 "-DFT_CONFIG_CONFIG_H=<ftconfig.h>" -DFT2_BUILD_LIBRARY "-DFT_CONFIG_MODULES_H=<ftmodule.h>" -I/usr/src/rpm/BUILD/freetype-2.4.4/src/base /usr/src/rpm/BUILD/freetype-2.4.4/src/base/ftgasp.c  -fPIC -DPIC -o /usr/src/rpm/BUILD/freetype-2.4.4/objs/.libs/ftgasp.o
libtool: compile:  gcc -pedantic -ansi -I/usr/src/rpm/BUILD/freetype-2.4.4/objs -I./builds/unix -I/usr/src/rpm/BUILD/freetype-2.4.4/include -c -Wall -g -O2 "-DFT_CONFIG_CONFIG_H=<ftconfig.h>" -DFT2_BUILD_LIBRARY "-DFT_CONFIG_MODULES_H=<ftmodule.h>" -I/usr/src/rpm/BUILD/freetype-2.4.4/src/base /usr/src/rpm/BUILD/freetype-2.4.4/src/base/ftgasp.c -o /usr/src/rpm/BUILD/freetype-2.4.4/objs/ftgasp.o >/dev/null 2>&1
./builds/unix/libtool --mode=compile gcc -pedantic -ansi  -I/usr/src/rpm/BUILD/freetype-2.4.4/objs -I./builds/unix -I/usr/src/rpm/BUILD/freetype-2.4.4/include -c -Wall -g -O2 -DFT_CONFIG_CONFIG_H="<ftconfig.h>" -DFT2_BUILD_LIBRARY -DFT_CONFIG_MODULES_H="<ftmodule.h>"  -I/usr/src/rpm/BUILD/freetype-2.4.4/src/base -o /usr/src/rpm/BUILD/freetype-2.4.4/objs/ftglyph.lo /usr/src/rpm/BUILD/freetype-2.4.4/src/base/ftglyph.c
libtool: compile:  gcc -pedantic -ansi -I/usr/src/rpm/BUILD/freetype-2.4.4/objs -I./builds/unix -I/usr/src/rpm/BUILD/freetype-2.4.4/include -c -Wall -g -O2 "-DFT_CONFIG_CONFIG_H=<ftconfig.h>" -DFT2_BUILD_LIBRARY "-DFT_CONFIG_MODULES_H=<ftmodule.h>" -I/usr/src/rpm/BUILD/freetype-2.4.4/src/base /usr/src/rpm/BUILD/freetype-2.4.4/src/base/ftglyph.c  -fPIC -DPIC -o /usr/src/rpm/BUILD/freetype-2.4.4/objs/.libs/ftglyph.o
libtool: compile:  gcc -pedantic -ansi -I/usr/src/rpm/BUILD/freetype-2.4.4/objs -I./builds/unix -I/usr/src/rpm/BUILD/freetype-2.4.4/include -c -Wall -g -O2 "-DFT_CONFIG_CONFIG_H=<ftconfig.h>" -DFT2_BUILD_LIBRARY "-DFT_CONFIG_MODULES_H=<ftmodule.h>" -I/usr/src/rpm/BUILD/freetype-2.4.4/src/base /usr/src/rpm/BUILD/freetype-2.4.4/src/base/ftglyph.c -o /usr/src/rpm/BUILD/freetype-2.4.4/objs/ftglyph.o >/dev/null 2>&1
./builds/unix/libtool --mode=compile gcc -pedantic -ansi  -I/usr/src/rpm/BUILD/freetype-2.4.4/objs -I./builds/unix -I/usr/src/rpm/BUILD/freetype-2.4.4/include -c -Wall -g -O2 -DFT_CONFIG_CONFIG_H="<ftconfig.h>" -DFT2_BUILD_LIBRARY -DFT_CONFIG_MODULES_H="<ftmodule.h>"  -I/usr/src/rpm/BUILD/freetype-2.4.4/src/base -o /usr/src/rpm/BUILD/freetype-2.4.4/objs/ftgxval.lo /usr/src/rpm/BUILD/freetype-2.4.4/src/base/ftgxval.c
libtool: compile:  gcc -pedantic -ansi -I/usr/src/rpm/BUILD/freetype-2.4.4/objs -I./builds/unix -I/usr/src/rpm/BUILD/freetype-2.4.4/include -c -Wall -g -O2 "-DFT_CONFIG_CONFIG_H=<ftconfig.h>" -DFT2_BUILD_LIBRARY "-DFT_CONFIG_MODULES_H=<ftmodule.h>" -I/usr/src/rpm/BUILD/freetype-2.4.4/src/base /usr/src/rpm/BUILD/freetype-2.4.4/src/base/ftgxval.c  -fPIC -DPIC -o /usr/src/rpm/BUILD/freetype-2.4.4/objs/.libs/ftgxval.o
libtool: compile:  gcc -pedantic -ansi -I/usr/src/rpm/BUILD/freetype-2.4.4/objs -I./builds/unix -I/usr/src/rpm/BUILD/freetype-2.4.4/include -c -Wall -g -O2 "-DFT_CONFIG_CONFIG_H=<ftconfig.h>" -DFT2_BUILD_LIBRARY "-DFT_CONFIG_MODULES_H=<ftmodule.h>" -I/usr/src/rpm/BUILD/freetype-2.4.4/src/base /usr/src/rpm/BUILD/freetype-2.4.4/src/base/ftgxval.c -o /usr/src/rpm/BUILD/freetype-2.4.4/objs/ftgxval.o >/dev/null 2>&1
./builds/unix/libtool --mode=compile gcc -pedantic -ansi  -I/usr/src/rpm/BUILD/freetype-2.4.4/objs -I./builds/unix -I/usr/src/rpm/BUILD/freetype-2.4.4/include -c -Wall -g -O2 -DFT_CONFIG_CONFIG_H="<ftconfig.h>" -DFT2_BUILD_LIBRARY -DFT_CONFIG_MODULES_H="<ftmodule.h>"  -I/usr/src/rpm/BUILD/freetype-2.4.4/src/base -o /usr/src/rpm/BUILD/freetype-2.4.4/objs/ftlcdfil.lo /usr/src/rpm/BUILD/freetype-2.4.4/src/base/ftlcdfil.c
libtool: compile:  gcc -pedantic -ansi -I/usr/src/rpm/BUILD/freetype-2.4.4/objs -I./builds/unix -I/usr/src/rpm/BUILD/freetype-2.4.4/include -c -Wall -g -O2 "-DFT_CONFIG_CONFIG_H=<ftconfig.h>" -DFT2_BUILD_LIBRARY "-DFT_CONFIG_MODULES_H=<ftmodule.h>" -I/usr/src/rpm/BUILD/freetype-2.4.4/src/base /usr/src/rpm/BUILD/freetype-2.4.4/src/base/ftlcdfil.c  -fPIC -DPIC -o /usr/src/rpm/BUILD/freetype-2.4.4/objs/.libs/ftlcdfil.o
libtool: compile:  gcc -pedantic -ansi -I/usr/src/rpm/BUILD/freetype-2.4.4/objs -I./builds/unix -I/usr/src/rpm/BUILD/freetype-2.4.4/include -c -Wall -g -O2 "-DFT_CONFIG_CONFIG_H=<ftconfig.h>" -DFT2_BUILD_LIBRARY "-DFT_CONFIG_MODULES_H=<ftmodule.h>" -I/usr/src/rpm/BUILD/freetype-2.4.4/src/base /usr/src/rpm/BUILD/freetype-2.4.4/src/base/ftlcdfil.c -o /usr/src/rpm/BUILD/freetype-2.4.4/objs/ftlcdfil.o >/dev/null 2>&1
./builds/unix/libtool --mode=compile gcc -pedantic -ansi  -I/usr/src/rpm/BUILD/freetype-2.4.4/objs -I./builds/unix -I/usr/src/rpm/BUILD/freetype-2.4.4/include -c -Wall -g -O2 -DFT_CONFIG_CONFIG_H="<ftconfig.h>" -DFT2_BUILD_LIBRARY -DFT_CONFIG_MODULES_H="<ftmodule.h>"  -I/usr/src/rpm/BUILD/freetype-2.4.4/src/base -o /usr/src/rpm/BUILD/freetype-2.4.4/objs/ftmm.lo /usr/src/rpm/BUILD/freetype-2.4.4/src/base/ftmm.c
libtool: compile:  gcc -pedantic -ansi -I/usr/src/rpm/BUILD/freetype-2.4.4/objs -I./builds/unix -I/usr/src/rpm/BUILD/freetype-2.4.4/include -c -Wall -g -O2 "-DFT_CONFIG_CONFIG_H=<ftconfig.h>" -DFT2_BUILD_LIBRARY "-DFT_CONFIG_MODULES_H=<ftmodule.h>" -I/usr/src/rpm/BUILD/freetype-2.4.4/src/base /usr/src/rpm/BUILD/freetype-2.4.4/src/base/ftmm.c  -fPIC -DPIC -o /usr/src/rpm/BUILD/freetype-2.4.4/objs/.libs/ftmm.o
libtool: compile:  gcc -pedantic -ansi -I/usr/src/rpm/BUILD/freetype-2.4.4/objs -I./builds/unix -I/usr/src/rpm/BUILD/freetype-2.4.4/include -c -Wall -g -O2 "-DFT_CONFIG_CONFIG_H=<ftconfig.h>" -DFT2_BUILD_LIBRARY "-DFT_CONFIG_MODULES_H=<ftmodule.h>" -I/usr/src/rpm/BUILD/freetype-2.4.4/src/base /usr/src/rpm/BUILD/freetype-2.4.4/src/base/ftmm.c -o /usr/src/rpm/BUILD/freetype-2.4.4/objs/ftmm.o >/dev/null 2>&1
./builds/unix/libtool --mode=compile gcc -pedantic -ansi  -I/usr/src/rpm/BUILD/freetype-2.4.4/objs -I./builds/unix -I/usr/src/rpm/BUILD/freetype-2.4.4/include -c -Wall -g -O2 -DFT_CONFIG_CONFIG_H="<ftconfig.h>" -DFT2_BUILD_LIBRARY -DFT_CONFIG_MODULES_H="<ftmodule.h>"  -I/usr/src/rpm/BUILD/freetype-2.4.4/src/base -o /usr/src/rpm/BUILD/freetype-2.4.4/objs/ftotval.lo /usr/src/rpm/BUILD/freetype-2.4.4/src/base/ftotval.c
libtool: compile:  gcc -pedantic -ansi -I/usr/src/rpm/BUILD/freetype-2.4.4/objs -I./builds/unix -I/usr/src/rpm/BUILD/freetype-2.4.4/include -c -Wall -g -O2 "-DFT_CONFIG_CONFIG_H=<ftconfig.h>" -DFT2_BUILD_LIBRARY "-DFT_CONFIG_MODULES_H=<ftmodule.h>" -I/usr/src/rpm/BUILD/freetype-2.4.4/src/base /usr/src/rpm/BUILD/freetype-2.4.4/src/base/ftotval.c  -fPIC -DPIC -o /usr/src/rpm/BUILD/freetype-2.4.4/objs/.libs/ftotval.o
libtool: compile:  gcc -pedantic -ansi -I/usr/src/rpm/BUILD/freetype-2.4.4/objs -I./builds/unix -I/usr/src/rpm/BUILD/freetype-2.4.4/include -c -Wall -g -O2 "-DFT_CONFIG_CONFIG_H=<ftconfig.h>" -DFT2_BUILD_LIBRARY "-DFT_CONFIG_MODULES_H=<ftmodule.h>" -I/usr/src/rpm/BUILD/freetype-2.4.4/src/base /usr/src/rpm/BUILD/freetype-2.4.4/src/base/ftotval.c -o /usr/src/rpm/BUILD/freetype-2.4.4/objs/ftotval.o >/dev/null 2>&1
./builds/unix/libtool --mode=compile gcc -pedantic -ansi  -I/usr/src/rpm/BUILD/freetype-2.4.4/objs -I./builds/unix -I/usr/src/rpm/BUILD/freetype-2.4.4/include -c -Wall -g -O2 -DFT_CONFIG_CONFIG_H="<ftconfig.h>" -DFT2_BUILD_LIBRARY -DFT_CONFIG_MODULES_H="<ftmodule.h>"  -I/usr/src/rpm/BUILD/freetype-2.4.4/src/base -o /usr/src/rpm/BUILD/freetype-2.4.4/objs/ftpatent.lo /usr/src/rpm/BUILD/freetype-2.4.4/src/base/ftpatent.c
libtool: compile:  gcc -pedantic -ansi -I/usr/src/rpm/BUILD/freetype-2.4.4/objs -I./builds/unix -I/usr/src/rpm/BUILD/freetype-2.4.4/include -c -Wall -g -O2 "-DFT_CONFIG_CONFIG_H=<ftconfig.h>" -DFT2_BUILD_LIBRARY "-DFT_CONFIG_MODULES_H=<ftmodule.h>" -I/usr/src/rpm/BUILD/freetype-2.4.4/src/base /usr/src/rpm/BUILD/freetype-2.4.4/src/base/ftpatent.c  -fPIC -DPIC -o /usr/src/rpm/BUILD/freetype-2.4.4/objs/.libs/ftpatent.o
libtool: compile:  gcc -pedantic -ansi -I/usr/src/rpm/BUILD/freetype-2.4.4/objs -I./builds/unix -I/usr/src/rpm/BUILD/freetype-2.4.4/include -c -Wall -g -O2 "-DFT_CONFIG_CONFIG_H=<ftconfig.h>" -DFT2_BUILD_LIBRARY "-DFT_CONFIG_MODULES_H=<ftmodule.h>" -I/usr/src/rpm/BUILD/freetype-2.4.4/src/base /usr/src/rpm/BUILD/freetype-2.4.4/src/base/ftpatent.c -o /usr/src/rpm/BUILD/freetype-2.4.4/objs/ftpatent.o >/dev/null 2>&1
./builds/unix/libtool --mode=compile gcc -pedantic -ansi  -I/usr/src/rpm/BUILD/freetype-2.4.4/objs -I./builds/unix -I/usr/src/rpm/BUILD/freetype-2.4.4/include -c -Wall -g -O2 -DFT_CONFIG_CONFIG_H="<ftconfig.h>" -DFT2_BUILD_LIBRARY -DFT_CONFIG_MODULES_H="<ftmodule.h>"  -I/usr/src/rpm/BUILD/freetype-2.4.4/src/base -o /usr/src/rpm/BUILD/freetype-2.4.4/objs/ftpfr.lo /usr/src/rpm/BUILD/freetype-2.4.4/src/base/ftpfr.c
libtool: compile:  gcc -pedantic -ansi -I/usr/src/rpm/BUILD/freetype-2.4.4/objs -I./builds/unix -I/usr/src/rpm/BUILD/freetype-2.4.4/include -c -Wall -g -O2 "-DFT_CONFIG_CONFIG_H=<ftconfig.h>" -DFT2_BUILD_LIBRARY "-DFT_CONFIG_MODULES_H=<ftmodule.h>" -I/usr/src/rpm/BUILD/freetype-2.4.4/src/base /usr/src/rpm/BUILD/freetype-2.4.4/src/base/ftpfr.c  -fPIC -DPIC -o /usr/src/rpm/BUILD/freetype-2.4.4/objs/.libs/ftpfr.o
libtool: compile:  gcc -pedantic -ansi -I/usr/src/rpm/BUILD/freetype-2.4.4/objs -I./builds/unix -I/usr/src/rpm/BUILD/freetype-2.4.4/include -c -Wall -g -O2 "-DFT_CONFIG_CONFIG_H=<ftconfig.h>" -DFT2_BUILD_LIBRARY "-DFT_CONFIG_MODULES_H=<ftmodule.h>" -I/usr/src/rpm/BUILD/freetype-2.4.4/src/base /usr/src/rpm/BUILD/freetype-2.4.4/src/base/ftpfr.c -o /usr/src/rpm/BUILD/freetype-2.4.4/objs/ftpfr.o >/dev/null 2>&1
./builds/unix/libtool --mode=compile gcc -pedantic -ansi  -I/usr/src/rpm/BUILD/freetype-2.4.4/objs -I./builds/unix -I/usr/src/rpm/BUILD/freetype-2.4.4/include -c -Wall -g -O2 -DFT_CONFIG_CONFIG_H="<ftconfig.h>" -DFT2_BUILD_LIBRARY -DFT_CONFIG_MODULES_H="<ftmodule.h>"  -I/usr/src/rpm/BUILD/freetype-2.4.4/src/base -o /usr/src/rpm/BUILD/freetype-2.4.4/objs/ftstroke.lo /usr/src/rpm/BUILD/freetype-2.4.4/src/base/ftstroke.c
libtool: compile:  gcc -pedantic -ansi -I/usr/src/rpm/BUILD/freetype-2.4.4/objs -I./builds/unix -I/usr/src/rpm/BUILD/freetype-2.4.4/include -c -Wall -g -O2 "-DFT_CONFIG_CONFIG_H=<ftconfig.h>" -DFT2_BUILD_LIBRARY "-DFT_CONFIG_MODULES_H=<ftmodule.h>" -I/usr/src/rpm/BUILD/freetype-2.4.4/src/base /usr/src/rpm/BUILD/freetype-2.4.4/src/base/ftstroke.c  -fPIC -DPIC -o /usr/src/rpm/BUILD/freetype-2.4.4/objs/.libs/ftstroke.o
libtool: compile:  gcc -pedantic -ansi -I/usr/src/rpm/BUILD/freetype-2.4.4/objs -I./builds/unix -I/usr/src/rpm/BUILD/freetype-2.4.4/include -c -Wall -g -O2 "-DFT_CONFIG_CONFIG_H=<ftconfig.h>" -DFT2_BUILD_LIBRARY "-DFT_CONFIG_MODULES_H=<ftmodule.h>" -I/usr/src/rpm/BUILD/freetype-2.4.4/src/base /usr/src/rpm/BUILD/freetype-2.4.4/src/base/ftstroke.c -o /usr/src/rpm/BUILD/freetype-2.4.4/objs/ftstroke.o >/dev/null 2>&1
./builds/unix/libtool --mode=compile gcc -pedantic -ansi  -I/usr/src/rpm/BUILD/freetype-2.4.4/objs -I./builds/unix -I/usr/src/rpm/BUILD/freetype-2.4.4/include -c -Wall -g -O2 -DFT_CONFIG_CONFIG_H="<ftconfig.h>" -DFT2_BUILD_LIBRARY -DFT_CONFIG_MODULES_H="<ftmodule.h>"  -I/usr/src/rpm/BUILD/freetype-2.4.4/src/base -o /usr/src/rpm/BUILD/freetype-2.4.4/objs/ftsynth.lo /usr/src/rpm/BUILD/freetype-2.4.4/src/base/ftsynth.c
libtool: compile:  gcc -pedantic -ansi -I/usr/src/rpm/BUILD/freetype-2.4.4/objs -I./builds/unix -I/usr/src/rpm/BUILD/freetype-2.4.4/include -c -Wall -g -O2 "-DFT_CONFIG_CONFIG_H=<ftconfig.h>" -DFT2_BUILD_LIBRARY "-DFT_CONFIG_MODULES_H=<ftmodule.h>" -I/usr/src/rpm/BUILD/freetype-2.4.4/src/base /usr/src/rpm/BUILD/freetype-2.4.4/src/base/ftsynth.c  -fPIC -DPIC -o /usr/src/rpm/BUILD/freetype-2.4.4/objs/.libs/ftsynth.o
libtool: compile:  gcc -pedantic -ansi -I/usr/src/rpm/BUILD/freetype-2.4.4/objs -I./builds/unix -I/usr/src/rpm/BUILD/freetype-2.4.4/include -c -Wall -g -O2 "-DFT_CONFIG_CONFIG_H=<ftconfig.h>" -DFT2_BUILD_LIBRARY "-DFT_CONFIG_MODULES_H=<ftmodule.h>" -I/usr/src/rpm/BUILD/freetype-2.4.4/src/base /usr/src/rpm/BUILD/freetype-2.4.4/src/base/ftsynth.c -o /usr/src/rpm/BUILD/freetype-2.4.4/objs/ftsynth.o >/dev/null 2>&1
./builds/unix/libtool --mode=compile gcc -pedantic -ansi  -I/usr/src/rpm/BUILD/freetype-2.4.4/objs -I./builds/unix -I/usr/src/rpm/BUILD/freetype-2.4.4/include -c -Wall -g -O2 -DFT_CONFIG_CONFIG_H="<ftconfig.h>" -DFT2_BUILD_LIBRARY -DFT_CONFIG_MODULES_H="<ftmodule.h>"  -I/usr/src/rpm/BUILD/freetype-2.4.4/src/base -o /usr/src/rpm/BUILD/freetype-2.4.4/objs/fttype1.lo /usr/src/rpm/BUILD/freetype-2.4.4/src/base/fttype1.c
libtool: compile:  gcc -pedantic -ansi -I/usr/src/rpm/BUILD/freetype-2.4.4/objs -I./builds/unix -I/usr/src/rpm/BUILD/freetype-2.4.4/include -c -Wall -g -O2 "-DFT_CONFIG_CONFIG_H=<ftconfig.h>" -DFT2_BUILD_LIBRARY "-DFT_CONFIG_MODULES_H=<ftmodule.h>" -I/usr/src/rpm/BUILD/freetype-2.4.4/src/base /usr/src/rpm/BUILD/freetype-2.4.4/src/base/fttype1.c  -fPIC -DPIC -o /usr/src/rpm/BUILD/freetype-2.4.4/objs/.libs/fttype1.o
libtool: compile:  gcc -pedantic -ansi -I/usr/src/rpm/BUILD/freetype-2.4.4/objs -I./builds/unix -I/usr/src/rpm/BUILD/freetype-2.4.4/include -c -Wall -g -O2 "-DFT_CONFIG_CONFIG_H=<ftconfig.h>" -DFT2_BUILD_LIBRARY "-DFT_CONFIG_MODULES_H=<ftmodule.h>" -I/usr/src/rpm/BUILD/freetype-2.4.4/src/base /usr/src/rpm/BUILD/freetype-2.4.4/src/base/fttype1.c -o /usr/src/rpm/BUILD/freetype-2.4.4/objs/fttype1.o >/dev/null 2>&1
./builds/unix/libtool --mode=compile gcc -pedantic -ansi  -I/usr/src/rpm/BUILD/freetype-2.4.4/objs -I./builds/unix -I/usr/src/rpm/BUILD/freetype-2.4.4/include -c -Wall -g -O2 -DFT_CONFIG_CONFIG_H="<ftconfig.h>" -DFT2_BUILD_LIBRARY -DFT_CONFIG_MODULES_H="<ftmodule.h>"  -I/usr/src/rpm/BUILD/freetype-2.4.4/src/base -o /usr/src/rpm/BUILD/freetype-2.4.4/objs/ftwinfnt.lo /usr/src/rpm/BUILD/freetype-2.4.4/src/base/ftwinfnt.c
libtool: compile:  gcc -pedantic -ansi -I/usr/src/rpm/BUILD/freetype-2.4.4/objs -I./builds/unix -I/usr/src/rpm/BUILD/freetype-2.4.4/include -c -Wall -g -O2 "-DFT_CONFIG_CONFIG_H=<ftconfig.h>" -DFT2_BUILD_LIBRARY "-DFT_CONFIG_MODULES_H=<ftmodule.h>" -I/usr/src/rpm/BUILD/freetype-2.4.4/src/base /usr/src/rpm/BUILD/freetype-2.4.4/src/base/ftwinfnt.c  -fPIC -DPIC -o /usr/src/rpm/BUILD/freetype-2.4.4/objs/.libs/ftwinfnt.o
libtool: compile:  gcc -pedantic -ansi -I/usr/src/rpm/BUILD/freetype-2.4.4/objs -I./builds/unix -I/usr/src/rpm/BUILD/freetype-2.4.4/include -c -Wall -g -O2 "-DFT_CONFIG_CONFIG_H=<ftconfig.h>" -DFT2_BUILD_LIBRARY "-DFT_CONFIG_MODULES_H=<ftmodule.h>" -I/usr/src/rpm/BUILD/freetype-2.4.4/src/base /usr/src/rpm/BUILD/freetype-2.4.4/src/base/ftwinfnt.c -o /usr/src/rpm/BUILD/freetype-2.4.4/objs/ftwinfnt.o >/dev/null 2>&1
./builds/unix/libtool --mode=compile gcc -pedantic -ansi  -I/usr/src/rpm/BUILD/freetype-2.4.4/objs -I./builds/unix -I/usr/src/rpm/BUILD/freetype-2.4.4/include -c -Wall -g -O2 -DFT_CONFIG_CONFIG_H="<ftconfig.h>" -DFT2_BUILD_LIBRARY -DFT_CONFIG_MODULES_H="<ftmodule.h>"  -I/usr/src/rpm/BUILD/freetype-2.4.4/src/base -o /usr/src/rpm/BUILD/freetype-2.4.4/objs/ftxf86.lo /usr/src/rpm/BUILD/freetype-2.4.4/src/base/ftxf86.c
libtool: compile:  gcc -pedantic -ansi -I/usr/src/rpm/BUILD/freetype-2.4.4/objs -I./builds/unix -I/usr/src/rpm/BUILD/freetype-2.4.4/include -c -Wall -g -O2 "-DFT_CONFIG_CONFIG_H=<ftconfig.h>" -DFT2_BUILD_LIBRARY "-DFT_CONFIG_MODULES_H=<ftmodule.h>" -I/usr/src/rpm/BUILD/freetype-2.4.4/src/base /usr/src/rpm/BUILD/freetype-2.4.4/src/base/ftxf86.c  -fPIC -DPIC -o /usr/src/rpm/BUILD/freetype-2.4.4/objs/.libs/ftxf86.o
libtool: compile:  gcc -pedantic -ansi -I/usr/src/rpm/BUILD/freetype-2.4.4/objs -I./builds/unix -I/usr/src/rpm/BUILD/freetype-2.4.4/include -c -Wall -g -O2 "-DFT_CONFIG_CONFIG_H=<ftconfig.h>" -DFT2_BUILD_LIBRARY "-DFT_CONFIG_MODULES_H=<ftmodule.h>" -I/usr/src/rpm/BUILD/freetype-2.4.4/src/base /usr/src/rpm/BUILD/freetype-2.4.4/src/base/ftxf86.c -o /usr/src/rpm/BUILD/freetype-2.4.4/objs/ftxf86.o >/dev/null 2>&1
./builds/unix/libtool --mode=compile gcc -pedantic -ansi  -I/usr/src/rpm/BUILD/freetype-2.4.4/objs -I./builds/unix -I/usr/src/rpm/BUILD/freetype-2.4.4/include -c -Wall -g -O2 -DFT_CONFIG_CONFIG_H="<ftconfig.h>" -DFT2_BUILD_LIBRARY -DFT_CONFIG_MODULES_H="<ftmodule.h>"  -I/usr/src/rpm/BUILD/freetype-2.4.4/src/truetype -o /usr/src/rpm/BUILD/freetype-2.4.4/objs/truetype.lo /usr/src/rpm/BUILD/freetype-2.4.4/src/truetype/truetype.c
libtool: compile:  gcc -pedantic -ansi -I/usr/src/rpm/BUILD/freetype-2.4.4/objs -I./builds/unix -I/usr/src/rpm/BUILD/freetype-2.4.4/include -c -Wall -g -O2 "-DFT_CONFIG_CONFIG_H=<ftconfig.h>" -DFT2_BUILD_LIBRARY "-DFT_CONFIG_MODULES_H=<ftmodule.h>" -I/usr/src/rpm/BUILD/freetype-2.4.4/src/truetype /usr/src/rpm/BUILD/freetype-2.4.4/src/truetype/truetype.c  -fPIC -DPIC -o /usr/src/rpm/BUILD/freetype-2.4.4/objs/.libs/truetype.o
libtool: compile:  gcc -pedantic -ansi -I/usr/src/rpm/BUILD/freetype-2.4.4/objs -I./builds/unix -I/usr/src/rpm/BUILD/freetype-2.4.4/include -c -Wall -g -O2 "-DFT_CONFIG_CONFIG_H=<ftconfig.h>" -DFT2_BUILD_LIBRARY "-DFT_CONFIG_MODULES_H=<ftmodule.h>" -I/usr/src/rpm/BUILD/freetype-2.4.4/src/truetype /usr/src/rpm/BUILD/freetype-2.4.4/src/truetype/truetype.c -o /usr/src/rpm/BUILD/freetype-2.4.4/objs/truetype.o >/dev/null 2>&1
./builds/unix/libtool --mode=compile gcc -pedantic -ansi  -I/usr/src/rpm/BUILD/freetype-2.4.4/objs -I./builds/unix -I/usr/src/rpm/BUILD/freetype-2.4.4/include -c -Wall -g -O2 -DFT_CONFIG_CONFIG_H="<ftconfig.h>" -DFT2_BUILD_LIBRARY -DFT_CONFIG_MODULES_H="<ftmodule.h>"  -I/usr/src/rpm/BUILD/freetype-2.4.4/src/type1 -o /usr/src/rpm/BUILD/freetype-2.4.4/objs/type1.lo /usr/src/rpm/BUILD/freetype-2.4.4/src/type1/type1.c
libtool: compile:  gcc -pedantic -ansi -I/usr/src/rpm/BUILD/freetype-2.4.4/objs -I./builds/unix -I/usr/src/rpm/BUILD/freetype-2.4.4/include -c -Wall -g -O2 "-DFT_CONFIG_CONFIG_H=<ftconfig.h>" -DFT2_BUILD_LIBRARY "-DFT_CONFIG_MODULES_H=<ftmodule.h>" -I/usr/src/rpm/BUILD/freetype-2.4.4/src/type1 /usr/src/rpm/BUILD/freetype-2.4.4/src/type1/type1.c  -fPIC -DPIC -o /usr/src/rpm/BUILD/freetype-2.4.4/objs/.libs/type1.o
libtool: compile:  gcc -pedantic -ansi -I/usr/src/rpm/BUILD/freetype-2.4.4/objs -I./builds/unix -I/usr/src/rpm/BUILD/freetype-2.4.4/include -c -Wall -g -O2 "-DFT_CONFIG_CONFIG_H=<ftconfig.h>" -DFT2_BUILD_LIBRARY "-DFT_CONFIG_MODULES_H=<ftmodule.h>" -I/usr/src/rpm/BUILD/freetype-2.4.4/src/type1 /usr/src/rpm/BUILD/freetype-2.4.4/src/type1/type1.c -o /usr/src/rpm/BUILD/freetype-2.4.4/objs/type1.o >/dev/null 2>&1
./builds/unix/libtool --mode=compile gcc -pedantic -ansi  -I/usr/src/rpm/BUILD/freetype-2.4.4/objs -I./builds/unix -I/usr/src/rpm/BUILD/freetype-2.4.4/include -c -Wall -g -O2 -DFT_CONFIG_CONFIG_H="<ftconfig.h>" -DFT2_BUILD_LIBRARY -DFT_CONFIG_MODULES_H="<ftmodule.h>"  -I/usr/src/rpm/BUILD/freetype-2.4.4/src/cff -o /usr/src/rpm/BUILD/freetype-2.4.4/objs/cff.lo /usr/src/rpm/BUILD/freetype-2.4.4/src/cff/cff.c
libtool: compile:  gcc -pedantic -ansi -I/usr/src/rpm/BUILD/freetype-2.4.4/objs -I./builds/unix -I/usr/src/rpm/BUILD/freetype-2.4.4/include -c -Wall -g -O2 "-DFT_CONFIG_CONFIG_H=<ftconfig.h>" -DFT2_BUILD_LIBRARY "-DFT_CONFIG_MODULES_H=<ftmodule.h>" -I/usr/src/rpm/BUILD/freetype-2.4.4/src/cff /usr/src/rpm/BUILD/freetype-2.4.4/src/cff/cff.c  -fPIC -DPIC -o /usr/src/rpm/BUILD/freetype-2.4.4/objs/.libs/cff.o
libtool: compile:  gcc -pedantic -ansi -I/usr/src/rpm/BUILD/freetype-2.4.4/objs -I./builds/unix -I/usr/src/rpm/BUILD/freetype-2.4.4/include -c -Wall -g -O2 "-DFT_CONFIG_CONFIG_H=<ftconfig.h>" -DFT2_BUILD_LIBRARY "-DFT_CONFIG_MODULES_H=<ftmodule.h>" -I/usr/src/rpm/BUILD/freetype-2.4.4/src/cff /usr/src/rpm/BUILD/freetype-2.4.4/src/cff/cff.c -o /usr/src/rpm/BUILD/freetype-2.4.4/objs/cff.o >/dev/null 2>&1
./builds/unix/libtool --mode=compile gcc -pedantic -ansi  -I/usr/src/rpm/BUILD/freetype-2.4.4/objs -I./builds/unix -I/usr/src/rpm/BUILD/freetype-2.4.4/include -c -Wall -g -O2 -DFT_CONFIG_CONFIG_H="<ftconfig.h>" -DFT2_BUILD_LIBRARY -DFT_CONFIG_MODULES_H="<ftmodule.h>"  -I/usr/src/rpm/BUILD/freetype-2.4.4/src/cid -o /usr/src/rpm/BUILD/freetype-2.4.4/objs/type1cid.lo /usr/src/rpm/BUILD/freetype-2.4.4/src/cid/type1cid.c
libtool: compile:  gcc -pedantic -ansi -I/usr/src/rpm/BUILD/freetype-2.4.4/objs -I./builds/unix -I/usr/src/rpm/BUILD/freetype-2.4.4/include -c -Wall -g -O2 "-DFT_CONFIG_CONFIG_H=<ftconfig.h>" -DFT2_BUILD_LIBRARY "-DFT_CONFIG_MODULES_H=<ftmodule.h>" -I/usr/src/rpm/BUILD/freetype-2.4.4/src/cid /usr/src/rpm/BUILD/freetype-2.4.4/src/cid/type1cid.c  -fPIC -DPIC -o /usr/src/rpm/BUILD/freetype-2.4.4/objs/.libs/type1cid.o
libtool: compile:  gcc -pedantic -ansi -I/usr/src/rpm/BUILD/freetype-2.4.4/objs -I./builds/unix -I/usr/src/rpm/BUILD/freetype-2.4.4/include -c -Wall -g -O2 "-DFT_CONFIG_CONFIG_H=<ftconfig.h>" -DFT2_BUILD_LIBRARY "-DFT_CONFIG_MODULES_H=<ftmodule.h>" -I/usr/src/rpm/BUILD/freetype-2.4.4/src/cid /usr/src/rpm/BUILD/freetype-2.4.4/src/cid/type1cid.c -o /usr/src/rpm/BUILD/freetype-2.4.4/objs/type1cid.o >/dev/null 2>&1
./builds/unix/libtool --mode=compile gcc -pedantic -ansi  -I/usr/src/rpm/BUILD/freetype-2.4.4/objs -I./builds/unix -I/usr/src/rpm/BUILD/freetype-2.4.4/include -c -Wall -g -O2 -DFT_CONFIG_CONFIG_H="<ftconfig.h>" -DFT2_BUILD_LIBRARY -DFT_CONFIG_MODULES_H="<ftmodule.h>"  -I/usr/src/rpm/BUILD/freetype-2.4.4/src/pfr -o /usr/src/rpm/BUILD/freetype-2.4.4/objs/pfr.lo /usr/src/rpm/BUILD/freetype-2.4.4/src/pfr/pfr.c
libtool: compile:  gcc -pedantic -ansi -I/usr/src/rpm/BUILD/freetype-2.4.4/objs -I./builds/unix -I/usr/src/rpm/BUILD/freetype-2.4.4/include -c -Wall -g -O2 "-DFT_CONFIG_CONFIG_H=<ftconfig.h>" -DFT2_BUILD_LIBRARY "-DFT_CONFIG_MODULES_H=<ftmodule.h>" -I/usr/src/rpm/BUILD/freetype-2.4.4/src/pfr /usr/src/rpm/BUILD/freetype-2.4.4/src/pfr/pfr.c  -fPIC -DPIC -o /usr/src/rpm/BUILD/freetype-2.4.4/objs/.libs/pfr.o
libtool: compile:  gcc -pedantic -ansi -I/usr/src/rpm/BUILD/freetype-2.4.4/objs -I./builds/unix -I/usr/src/rpm/BUILD/freetype-2.4.4/include -c -Wall -g -O2 "-DFT_CONFIG_CONFIG_H=<ftconfig.h>" -DFT2_BUILD_LIBRARY "-DFT_CONFIG_MODULES_H=<ftmodule.h>" -I/usr/src/rpm/BUILD/freetype-2.4.4/src/pfr /usr/src/rpm/BUILD/freetype-2.4.4/src/pfr/pfr.c -o /usr/src/rpm/BUILD/freetype-2.4.4/objs/pfr.o >/dev/null 2>&1
./builds/unix/libtool --mode=compile gcc -pedantic -ansi  -I/usr/src/rpm/BUILD/freetype-2.4.4/objs -I./builds/unix -I/usr/src/rpm/BUILD/freetype-2.4.4/include -c -Wall -g -O2 -DFT_CONFIG_CONFIG_H="<ftconfig.h>" -DFT2_BUILD_LIBRARY -DFT_CONFIG_MODULES_H="<ftmodule.h>"  -I/usr/src/rpm/BUILD/freetype-2.4.4/src/type42 -o /usr/src/rpm/BUILD/freetype-2.4.4/objs/type42.lo /usr/src/rpm/BUILD/freetype-2.4.4/src/type42/type42.c
libtool: compile:  gcc -pedantic -ansi -I/usr/src/rpm/BUILD/freetype-2.4.4/objs -I./builds/unix -I/usr/src/rpm/BUILD/freetype-2.4.4/include -c -Wall -g -O2 "-DFT_CONFIG_CONFIG_H=<ftconfig.h>" -DFT2_BUILD_LIBRARY "-DFT_CONFIG_MODULES_H=<ftmodule.h>" -I/usr/src/rpm/BUILD/freetype-2.4.4/src/type42 /usr/src/rpm/BUILD/freetype-2.4.4/src/type42/type42.c  -fPIC -DPIC -o /usr/src/rpm/BUILD/freetype-2.4.4/objs/.libs/type42.o
libtool: compile:  gcc -pedantic -ansi -I/usr/src/rpm/BUILD/freetype-2.4.4/objs -I./builds/unix -I/usr/src/rpm/BUILD/freetype-2.4.4/include -c -Wall -g -O2 "-DFT_CONFIG_CONFIG_H=<ftconfig.h>" -DFT2_BUILD_LIBRARY "-DFT_CONFIG_MODULES_H=<ftmodule.h>" -I/usr/src/rpm/BUILD/freetype-2.4.4/src/type42 /usr/src/rpm/BUILD/freetype-2.4.4/src/type42/type42.c -o /usr/src/rpm/BUILD/freetype-2.4.4/objs/type42.o >/dev/null 2>&1
./builds/unix/libtool --mode=compile gcc -pedantic -ansi  -I/usr/src/rpm/BUILD/freetype-2.4.4/objs -I./builds/unix -I/usr/src/rpm/BUILD/freetype-2.4.4/include -c -Wall -g -O2 -DFT_CONFIG_CONFIG_H="<ftconfig.h>" -DFT2_BUILD_LIBRARY -DFT_CONFIG_MODULES_H="<ftmodule.h>"  -I/usr/src/rpm/BUILD/freetype-2.4.4/src/winfonts -o /usr/src/rpm/BUILD/freetype-2.4.4/objs/winfnt.lo /usr/src/rpm/BUILD/freetype-2.4.4/src/winfonts/winfnt.c
libtool: compile:  gcc -pedantic -ansi -I/usr/src/rpm/BUILD/freetype-2.4.4/objs -I./builds/unix -I/usr/src/rpm/BUILD/freetype-2.4.4/include -c -Wall -g -O2 "-DFT_CONFIG_CONFIG_H=<ftconfig.h>" -DFT2_BUILD_LIBRARY "-DFT_CONFIG_MODULES_H=<ftmodule.h>" -I/usr/src/rpm/BUILD/freetype-2.4.4/src/winfonts /usr/src/rpm/BUILD/freetype-2.4.4/src/winfonts/winfnt.c  -fPIC -DPIC -o /usr/src/rpm/BUILD/freetype-2.4.4/objs/.libs/winfnt.o
libtool: compile:  gcc -pedantic -ansi -I/usr/src/rpm/BUILD/freetype-2.4.4/objs -I./builds/unix -I/usr/src/rpm/BUILD/freetype-2.4.4/include -c -Wall -g -O2 "-DFT_CONFIG_CONFIG_H=<ftconfig.h>" -DFT2_BUILD_LIBRARY "-DFT_CONFIG_MODULES_H=<ftmodule.h>" -I/usr/src/rpm/BUILD/freetype-2.4.4/src/winfonts /usr/src/rpm/BUILD/freetype-2.4.4/src/winfonts/winfnt.c -o /usr/src/rpm/BUILD/freetype-2.4.4/objs/winfnt.o >/dev/null 2>&1
./builds/unix/libtool --mode=compile gcc -pedantic -ansi  -I/usr/src/rpm/BUILD/freetype-2.4.4/objs -I./builds/unix -I/usr/src/rpm/BUILD/freetype-2.4.4/include -c -Wall -g -O2 -DFT_CONFIG_CONFIG_H="<ftconfig.h>" -DFT2_BUILD_LIBRARY -DFT_CONFIG_MODULES_H="<ftmodule.h>"  -I/usr/src/rpm/BUILD/freetype-2.4.4/src/pcf -o /usr/src/rpm/BUILD/freetype-2.4.4/objs/pcf.lo /usr/src/rpm/BUILD/freetype-2.4.4/src/pcf/pcf.c
libtool: compile:  gcc -pedantic -ansi -I/usr/src/rpm/BUILD/freetype-2.4.4/objs -I./builds/unix -I/usr/src/rpm/BUILD/freetype-2.4.4/include -c -Wall -g -O2 "-DFT_CONFIG_CONFIG_H=<ftconfig.h>" -DFT2_BUILD_LIBRARY "-DFT_CONFIG_MODULES_H=<ftmodule.h>" -I/usr/src/rpm/BUILD/freetype-2.4.4/src/pcf /usr/src/rpm/BUILD/freetype-2.4.4/src/pcf/pcf.c  -fPIC -DPIC -o /usr/src/rpm/BUILD/freetype-2.4.4/objs/.libs/pcf.o
libtool: compile:  gcc -pedantic -ansi -I/usr/src/rpm/BUILD/freetype-2.4.4/objs -I./builds/unix -I/usr/src/rpm/BUILD/freetype-2.4.4/include -c -Wall -g -O2 "-DFT_CONFIG_CONFIG_H=<ftconfig.h>" -DFT2_BUILD_LIBRARY "-DFT_CONFIG_MODULES_H=<ftmodule.h>" -I/usr/src/rpm/BUILD/freetype-2.4.4/src/pcf /usr/src/rpm/BUILD/freetype-2.4.4/src/pcf/pcf.c -o /usr/src/rpm/BUILD/freetype-2.4.4/objs/pcf.o >/dev/null 2>&1
./builds/unix/libtool --mode=compile gcc -pedantic -ansi  -I/usr/src/rpm/BUILD/freetype-2.4.4/objs -I./builds/unix -I/usr/src/rpm/BUILD/freetype-2.4.4/include -c -Wall -g -O2 -DFT_CONFIG_CONFIG_H="<ftconfig.h>" -DFT2_BUILD_LIBRARY -DFT_CONFIG_MODULES_H="<ftmodule.h>"  -I/usr/src/rpm/BUILD/freetype-2.4.4/src/bdf -o /usr/src/rpm/BUILD/freetype-2.4.4/objs/bdf.lo /usr/src/rpm/BUILD/freetype-2.4.4/src/bdf/bdf.c
libtool: compile:  gcc -pedantic -ansi -I/usr/src/rpm/BUILD/freetype-2.4.4/objs -I./builds/unix -I/usr/src/rpm/BUILD/freetype-2.4.4/include -c -Wall -g -O2 "-DFT_CONFIG_CONFIG_H=<ftconfig.h>" -DFT2_BUILD_LIBRARY "-DFT_CONFIG_MODULES_H=<ftmodule.h>" -I/usr/src/rpm/BUILD/freetype-2.4.4/src/bdf /usr/src/rpm/BUILD/freetype-2.4.4/src/bdf/bdf.c  -fPIC -DPIC -o /usr/src/rpm/BUILD/freetype-2.4.4/objs/.libs/bdf.o
libtool: compile:  gcc -pedantic -ansi -I/usr/src/rpm/BUILD/freetype-2.4.4/objs -I./builds/unix -I/usr/src/rpm/BUILD/freetype-2.4.4/include -c -Wall -g -O2 "-DFT_CONFIG_CONFIG_H=<ftconfig.h>" -DFT2_BUILD_LIBRARY "-DFT_CONFIG_MODULES_H=<ftmodule.h>" -I/usr/src/rpm/BUILD/freetype-2.4.4/src/bdf /usr/src/rpm/BUILD/freetype-2.4.4/src/bdf/bdf.c -o /usr/src/rpm/BUILD/freetype-2.4.4/objs/bdf.o >/dev/null 2>&1
./builds/unix/libtool --mode=compile gcc -pedantic -ansi  -I/usr/src/rpm/BUILD/freetype-2.4.4/objs -I./builds/unix -I/usr/src/rpm/BUILD/freetype-2.4.4/include -c -Wall -g -O2 -DFT_CONFIG_CONFIG_H="<ftconfig.h>" -DFT2_BUILD_LIBRARY -DFT_CONFIG_MODULES_H="<ftmodule.h>"  -I/usr/src/rpm/BUILD/freetype-2.4.4/src/sfnt -o /usr/src/rpm/BUILD/freetype-2.4.4/objs/sfnt.lo /usr/src/rpm/BUILD/freetype-2.4.4/src/sfnt/sfnt.c
libtool: compile:  gcc -pedantic -ansi -I/usr/src/rpm/BUILD/freetype-2.4.4/objs -I./builds/unix -I/usr/src/rpm/BUILD/freetype-2.4.4/include -c -Wall -g -O2 "-DFT_CONFIG_CONFIG_H=<ftconfig.h>" -DFT2_BUILD_LIBRARY "-DFT_CONFIG_MODULES_H=<ftmodule.h>" -I/usr/src/rpm/BUILD/freetype-2.4.4/src/sfnt /usr/src/rpm/BUILD/freetype-2.4.4/src/sfnt/sfnt.c  -fPIC -DPIC -o /usr/src/rpm/BUILD/freetype-2.4.4/objs/.libs/sfnt.o
libtool: compile:  gcc -pedantic -ansi -I/usr/src/rpm/BUILD/freetype-2.4.4/objs -I./builds/unix -I/usr/src/rpm/BUILD/freetype-2.4.4/include -c -Wall -g -O2 "-DFT_CONFIG_CONFIG_H=<ftconfig.h>" -DFT2_BUILD_LIBRARY "-DFT_CONFIG_MODULES_H=<ftmodule.h>" -I/usr/src/rpm/BUILD/freetype-2.4.4/src/sfnt /usr/src/rpm/BUILD/freetype-2.4.4/src/sfnt/sfnt.c -o /usr/src/rpm/BUILD/freetype-2.4.4/objs/sfnt.o >/dev/null 2>&1
./builds/unix/libtool --mode=compile gcc -pedantic -ansi  -I/usr/src/rpm/BUILD/freetype-2.4.4/objs -I./builds/unix -I/usr/src/rpm/BUILD/freetype-2.4.4/include -c -Wall -g -O2 -DFT_CONFIG_CONFIG_H="<ftconfig.h>" -DFT2_BUILD_LIBRARY -DFT_CONFIG_MODULES_H="<ftmodule.h>"  -I/usr/src/rpm/BUILD/freetype-2.4.4/src/autofit -o /usr/src/rpm/BUILD/freetype-2.4.4/objs/autofit.lo /usr/src/rpm/BUILD/freetype-2.4.4/src/autofit/autofit.c
libtool: compile:  gcc -pedantic -ansi -I/usr/src/rpm/BUILD/freetype-2.4.4/objs -I./builds/unix -I/usr/src/rpm/BUILD/freetype-2.4.4/include -c -Wall -g -O2 "-DFT_CONFIG_CONFIG_H=<ftconfig.h>" -DFT2_BUILD_LIBRARY "-DFT_CONFIG_MODULES_H=<ftmodule.h>" -I/usr/src/rpm/BUILD/freetype-2.4.4/src/autofit /usr/src/rpm/BUILD/freetype-2.4.4/src/autofit/autofit.c  -fPIC -DPIC -o /usr/src/rpm/BUILD/freetype-2.4.4/objs/.libs/autofit.o
libtool: compile:  gcc -pedantic -ansi -I/usr/src/rpm/BUILD/freetype-2.4.4/objs -I./builds/unix -I/usr/src/rpm/BUILD/freetype-2.4.4/include -c -Wall -g -O2 "-DFT_CONFIG_CONFIG_H=<ftconfig.h>" -DFT2_BUILD_LIBRARY "-DFT_CONFIG_MODULES_H=<ftmodule.h>" -I/usr/src/rpm/BUILD/freetype-2.4.4/src/autofit /usr/src/rpm/BUILD/freetype-2.4.4/src/autofit/autofit.c -o /usr/src/rpm/BUILD/freetype-2.4.4/objs/autofit.o >/dev/null 2>&1
./builds/unix/libtool --mode=compile gcc -pedantic -ansi  -I/usr/src/rpm/BUILD/freetype-2.4.4/objs -I./builds/unix -I/usr/src/rpm/BUILD/freetype-2.4.4/include -c -Wall -g -O2 -DFT_CONFIG_CONFIG_H="<ftconfig.h>" -DFT2_BUILD_LIBRARY -DFT_CONFIG_MODULES_H="<ftmodule.h>"  -I/usr/src/rpm/BUILD/freetype-2.4.4/src/pshinter -o /usr/src/rpm/BUILD/freetype-2.4.4/objs/pshinter.lo /usr/src/rpm/BUILD/freetype-2.4.4/src/pshinter/pshinter.c
libtool: compile:  gcc -pedantic -ansi -I/usr/src/rpm/BUILD/freetype-2.4.4/objs -I./builds/unix -I/usr/src/rpm/BUILD/freetype-2.4.4/include -c -Wall -g -O2 "-DFT_CONFIG_CONFIG_H=<ftconfig.h>" -DFT2_BUILD_LIBRARY "-DFT_CONFIG_MODULES_H=<ftmodule.h>" -I/usr/src/rpm/BUILD/freetype-2.4.4/src/pshinter /usr/src/rpm/BUILD/freetype-2.4.4/src/pshinter/pshinter.c  -fPIC -DPIC -o /usr/src/rpm/BUILD/freetype-2.4.4/objs/.libs/pshinter.o
libtool: compile:  gcc -pedantic -ansi -I/usr/src/rpm/BUILD/freetype-2.4.4/objs -I./builds/unix -I/usr/src/rpm/BUILD/freetype-2.4.4/include -c -Wall -g -O2 "-DFT_CONFIG_CONFIG_H=<ftconfig.h>" -DFT2_BUILD_LIBRARY "-DFT_CONFIG_MODULES_H=<ftmodule.h>" -I/usr/src/rpm/BUILD/freetype-2.4.4/src/pshinter /usr/src/rpm/BUILD/freetype-2.4.4/src/pshinter/pshinter.c -o /usr/src/rpm/BUILD/freetype-2.4.4/objs/pshinter.o >/dev/null 2>&1
./builds/unix/libtool --mode=compile gcc -pedantic -ansi  -I/usr/src/rpm/BUILD/freetype-2.4.4/objs -I./builds/unix -I/usr/src/rpm/BUILD/freetype-2.4.4/include -c -Wall -g -O2 -DFT_CONFIG_CONFIG_H="<ftconfig.h>" -DFT2_BUILD_LIBRARY -DFT_CONFIG_MODULES_H="<ftmodule.h>"  -I/usr/src/rpm/BUILD/freetype-2.4.4/src/raster -o /usr/src/rpm/BUILD/freetype-2.4.4/objs/raster.lo /usr/src/rpm/BUILD/freetype-2.4.4/src/raster/raster.c
libtool: compile:  gcc -pedantic -ansi -I/usr/src/rpm/BUILD/freetype-2.4.4/objs -I./builds/unix -I/usr/src/rpm/BUILD/freetype-2.4.4/include -c -Wall -g -O2 "-DFT_CONFIG_CONFIG_H=<ftconfig.h>" -DFT2_BUILD_LIBRARY "-DFT_CONFIG_MODULES_H=<ftmodule.h>" -I/usr/src/rpm/BUILD/freetype-2.4.4/src/raster /usr/src/rpm/BUILD/freetype-2.4.4/src/raster/raster.c  -fPIC -DPIC -o /usr/src/rpm/BUILD/freetype-2.4.4/objs/.libs/raster.o
libtool: compile:  gcc -pedantic -ansi -I/usr/src/rpm/BUILD/freetype-2.4.4/objs -I./builds/unix -I/usr/src/rpm/BUILD/freetype-2.4.4/include -c -Wall -g -O2 "-DFT_CONFIG_CONFIG_H=<ftconfig.h>" -DFT2_BUILD_LIBRARY "-DFT_CONFIG_MODULES_H=<ftmodule.h>" -I/usr/src/rpm/BUILD/freetype-2.4.4/src/raster /usr/src/rpm/BUILD/freetype-2.4.4/src/raster/raster.c -o /usr/src/rpm/BUILD/freetype-2.4.4/objs/raster.o >/dev/null 2>&1
./builds/unix/libtool --mode=compile gcc -pedantic -ansi  -I/usr/src/rpm/BUILD/freetype-2.4.4/objs -I./builds/unix -I/usr/src/rpm/BUILD/freetype-2.4.4/include -c -Wall -g -O2 -DFT_CONFIG_CONFIG_H="<ftconfig.h>" -DFT2_BUILD_LIBRARY -DFT_CONFIG_MODULES_H="<ftmodule.h>"  -I/usr/src/rpm/BUILD/freetype-2.4.4/src/smooth -o /usr/src/rpm/BUILD/freetype-2.4.4/objs/smooth.lo /usr/src/rpm/BUILD/freetype-2.4.4/src/smooth/smooth.c
libtool: compile:  gcc -pedantic -ansi -I/usr/src/rpm/BUILD/freetype-2.4.4/objs -I./builds/unix -I/usr/src/rpm/BUILD/freetype-2.4.4/include -c -Wall -g -O2 "-DFT_CONFIG_CONFIG_H=<ftconfig.h>" -DFT2_BUILD_LIBRARY "-DFT_CONFIG_MODULES_H=<ftmodule.h>" -I/usr/src/rpm/BUILD/freetype-2.4.4/src/smooth /usr/src/rpm/BUILD/freetype-2.4.4/src/smooth/smooth.c  -fPIC -DPIC -o /usr/src/rpm/BUILD/freetype-2.4.4/objs/.libs/smooth.o
libtool: compile:  gcc -pedantic -ansi -I/usr/src/rpm/BUILD/freetype-2.4.4/objs -I./builds/unix -I/usr/src/rpm/BUILD/freetype-2.4.4/include -c -Wall -g -O2 "-DFT_CONFIG_CONFIG_H=<ftconfig.h>" -DFT2_BUILD_LIBRARY "-DFT_CONFIG_MODULES_H=<ftmodule.h>" -I/usr/src/rpm/BUILD/freetype-2.4.4/src/smooth /usr/src/rpm/BUILD/freetype-2.4.4/src/smooth/smooth.c -o /usr/src/rpm/BUILD/freetype-2.4.4/objs/smooth.o >/dev/null 2>&1
./builds/unix/libtool --mode=compile gcc -pedantic -ansi  -I/usr/src/rpm/BUILD/freetype-2.4.4/objs -I./builds/unix -I/usr/src/rpm/BUILD/freetype-2.4.4/include -c -Wall -g -O2 -DFT_CONFIG_CONFIG_H="<ftconfig.h>" -DFT2_BUILD_LIBRARY -DFT_CONFIG_MODULES_H="<ftmodule.h>"  -I/usr/src/rpm/BUILD/freetype-2.4.4/src/cache -o /usr/src/rpm/BUILD/freetype-2.4.4/objs/ftcache.lo /usr/src/rpm/BUILD/freetype-2.4.4/src/cache/ftcache.c
libtool: compile:  gcc -pedantic -ansi -I/usr/src/rpm/BUILD/freetype-2.4.4/objs -I./builds/unix -I/usr/src/rpm/BUILD/freetype-2.4.4/include -c -Wall -g -O2 "-DFT_CONFIG_CONFIG_H=<ftconfig.h>" -DFT2_BUILD_LIBRARY "-DFT_CONFIG_MODULES_H=<ftmodule.h>" -I/usr/src/rpm/BUILD/freetype-2.4.4/src/cache /usr/src/rpm/BUILD/freetype-2.4.4/src/cache/ftcache.c  -fPIC -DPIC -o /usr/src/rpm/BUILD/freetype-2.4.4/objs/.libs/ftcache.o
libtool: compile:  gcc -pedantic -ansi -I/usr/src/rpm/BUILD/freetype-2.4.4/objs -I./builds/unix -I/usr/src/rpm/BUILD/freetype-2.4.4/include -c -Wall -g -O2 "-DFT_CONFIG_CONFIG_H=<ftconfig.h>" -DFT2_BUILD_LIBRARY "-DFT_CONFIG_MODULES_H=<ftmodule.h>" -I/usr/src/rpm/BUILD/freetype-2.4.4/src/cache /usr/src/rpm/BUILD/freetype-2.4.4/src/cache/ftcache.c -o /usr/src/rpm/BUILD/freetype-2.4.4/objs/ftcache.o >/dev/null 2>&1
./builds/unix/libtool --mode=compile gcc -pedantic -ansi  -I/usr/src/rpm/BUILD/freetype-2.4.4/objs -I./builds/unix -I/usr/src/rpm/BUILD/freetype-2.4.4/include -c -Wall -g -O2 -DFT_CONFIG_CONFIG_H="<ftconfig.h>" -DFT2_BUILD_LIBRARY -DFT_CONFIG_MODULES_H="<ftmodule.h>"  -I/usr/src/rpm/BUILD/freetype-2.4.4/src/gzip -o /usr/src/rpm/BUILD/freetype-2.4.4/objs/ftgzip.lo /usr/src/rpm/BUILD/freetype-2.4.4/src/gzip/ftgzip.c
libtool: compile:  gcc -pedantic -ansi -I/usr/src/rpm/BUILD/freetype-2.4.4/objs -I./builds/unix -I/usr/src/rpm/BUILD/freetype-2.4.4/include -c -Wall -g -O2 "-DFT_CONFIG_CONFIG_H=<ftconfig.h>" -DFT2_BUILD_LIBRARY "-DFT_CONFIG_MODULES_H=<ftmodule.h>" -I/usr/src/rpm/BUILD/freetype-2.4.4/src/gzip /usr/src/rpm/BUILD/freetype-2.4.4/src/gzip/ftgzip.c  -fPIC -DPIC -o /usr/src/rpm/BUILD/freetype-2.4.4/objs/.libs/ftgzip.o
libtool: compile:  gcc -pedantic -ansi -I/usr/src/rpm/BUILD/freetype-2.4.4/objs -I./builds/unix -I/usr/src/rpm/BUILD/freetype-2.4.4/include -c -Wall -g -O2 "-DFT_CONFIG_CONFIG_H=<ftconfig.h>" -DFT2_BUILD_LIBRARY "-DFT_CONFIG_MODULES_H=<ftmodule.h>" -I/usr/src/rpm/BUILD/freetype-2.4.4/src/gzip /usr/src/rpm/BUILD/freetype-2.4.4/src/gzip/ftgzip.c -o /usr/src/rpm/BUILD/freetype-2.4.4/objs/ftgzip.o >/dev/null 2>&1
./builds/unix/libtool --mode=compile gcc -pedantic -ansi  -I/usr/src/rpm/BUILD/freetype-2.4.4/objs -I./builds/unix -I/usr/src/rpm/BUILD/freetype-2.4.4/include -c -Wall -g -O2 -DFT_CONFIG_CONFIG_H="<ftconfig.h>" -DFT2_BUILD_LIBRARY -DFT_CONFIG_MODULES_H="<ftmodule.h>"  -I/usr/src/rpm/BUILD/freetype-2.4.4/src/lzw -o /usr/src/rpm/BUILD/freetype-2.4.4/objs/ftlzw.lo /usr/src/rpm/BUILD/freetype-2.4.4/src/lzw/ftlzw.c
libtool: compile:  gcc -pedantic -ansi -I/usr/src/rpm/BUILD/freetype-2.4.4/objs -I./builds/unix -I/usr/src/rpm/BUILD/freetype-2.4.4/include -c -Wall -g -O2 "-DFT_CONFIG_CONFIG_H=<ftconfig.h>" -DFT2_BUILD_LIBRARY "-DFT_CONFIG_MODULES_H=<ftmodule.h>" -I/usr/src/rpm/BUILD/freetype-2.4.4/src/lzw /usr/src/rpm/BUILD/freetype-2.4.4/src/lzw/ftlzw.c  -fPIC -DPIC -o /usr/src/rpm/BUILD/freetype-2.4.4/objs/.libs/ftlzw.o
libtool: compile:  gcc -pedantic -ansi -I/usr/src/rpm/BUILD/freetype-2.4.4/objs -I./builds/unix -I/usr/src/rpm/BUILD/freetype-2.4.4/include -c -Wall -g -O2 "-DFT_CONFIG_CONFIG_H=<ftconfig.h>" -DFT2_BUILD_LIBRARY "-DFT_CONFIG_MODULES_H=<ftmodule.h>" -I/usr/src/rpm/BUILD/freetype-2.4.4/src/lzw /usr/src/rpm/BUILD/freetype-2.4.4/src/lzw/ftlzw.c -o /usr/src/rpm/BUILD/freetype-2.4.4/objs/ftlzw.o >/dev/null 2>&1
./builds/unix/libtool --mode=compile gcc -pedantic -ansi  -I/usr/src/rpm/BUILD/freetype-2.4.4/objs -I./builds/unix -I/usr/src/rpm/BUILD/freetype-2.4.4/include -c -Wall -g -O2 -DFT_CONFIG_CONFIG_H="<ftconfig.h>" -DFT2_BUILD_LIBRARY -DFT_CONFIG_MODULES_H="<ftmodule.h>"  -I/usr/src/rpm/BUILD/freetype-2.4.4/src/psaux -o /usr/src/rpm/BUILD/freetype-2.4.4/objs/psaux.lo /usr/src/rpm/BUILD/freetype-2.4.4/src/psaux/psaux.c
libtool: compile:  gcc -pedantic -ansi -I/usr/src/rpm/BUILD/freetype-2.4.4/objs -I./builds/unix -I/usr/src/rpm/BUILD/freetype-2.4.4/include -c -Wall -g -O2 "-DFT_CONFIG_CONFIG_H=<ftconfig.h>" -DFT2_BUILD_LIBRARY "-DFT_CONFIG_MODULES_H=<ftmodule.h>" -I/usr/src/rpm/BUILD/freetype-2.4.4/src/psaux /usr/src/rpm/BUILD/freetype-2.4.4/src/psaux/psaux.c  -fPIC -DPIC -o /usr/src/rpm/BUILD/freetype-2.4.4/objs/.libs/psaux.o
libtool: compile:  gcc -pedantic -ansi -I/usr/src/rpm/BUILD/freetype-2.4.4/objs -I./builds/unix -I/usr/src/rpm/BUILD/freetype-2.4.4/include -c -Wall -g -O2 "-DFT_CONFIG_CONFIG_H=<ftconfig.h>" -DFT2_BUILD_LIBRARY "-DFT_CONFIG_MODULES_H=<ftmodule.h>" -I/usr/src/rpm/BUILD/freetype-2.4.4/src/psaux /usr/src/rpm/BUILD/freetype-2.4.4/src/psaux/psaux.c -o /usr/src/rpm/BUILD/freetype-2.4.4/objs/psaux.o >/dev/null 2>&1
./builds/unix/libtool --mode=compile gcc -pedantic -ansi  -I/usr/src/rpm/BUILD/freetype-2.4.4/objs -I./builds/unix -I/usr/src/rpm/BUILD/freetype-2.4.4/include -c -Wall -g -O2 -DFT_CONFIG_CONFIG_H="<ftconfig.h>" -DFT2_BUILD_LIBRARY -DFT_CONFIG_MODULES_H="<ftmodule.h>"  -I/usr/src/rpm/BUILD/freetype-2.4.4/src/psnames -o /usr/src/rpm/BUILD/freetype-2.4.4/objs/psnames.lo /usr/src/rpm/BUILD/freetype-2.4.4/src/psnames/psmodule.c
libtool: compile:  gcc -pedantic -ansi -I/usr/src/rpm/BUILD/freetype-2.4.4/objs -I./builds/unix -I/usr/src/rpm/BUILD/freetype-2.4.4/include -c -Wall -g -O2 "-DFT_CONFIG_CONFIG_H=<ftconfig.h>" -DFT2_BUILD_LIBRARY "-DFT_CONFIG_MODULES_H=<ftmodule.h>" -I/usr/src/rpm/BUILD/freetype-2.4.4/src/psnames /usr/src/rpm/BUILD/freetype-2.4.4/src/psnames/psmodule.c  -fPIC -DPIC -o /usr/src/rpm/BUILD/freetype-2.4.4/objs/.libs/psnames.o
libtool: compile:  gcc -pedantic -ansi -I/usr/src/rpm/BUILD/freetype-2.4.4/objs -I./builds/unix -I/usr/src/rpm/BUILD/freetype-2.4.4/include -c -Wall -g -O2 "-DFT_CONFIG_CONFIG_H=<ftconfig.h>" -DFT2_BUILD_LIBRARY "-DFT_CONFIG_MODULES_H=<ftmodule.h>" -I/usr/src/rpm/BUILD/freetype-2.4.4/src/psnames /usr/src/rpm/BUILD/freetype-2.4.4/src/psnames/psmodule.c -o /usr/src/rpm/BUILD/freetype-2.4.4/objs/psnames.o >/dev/null 2>&1
gcc		 -o /usr/src/rpm/BUILD/freetype-2.4.4/objs/apinames /usr/src/rpm/BUILD/freetype-2.4.4/src/tools/apinames.c
/usr/src/rpm/BUILD/freetype-2.4.4/objs/apinames -o/usr/src/rpm/BUILD/freetype-2.4.4/objs/ftexport.sym  /usr/src/rpm/BUILD/freetype-2.4.4/include/freetype/tttables.h /usr/src/rpm/BUILD/freetype-2.4.4/include/freetype/ftcid.h /usr/src/rpm/BUILD/freetype-2.4.4/include/freetype/ftstroke.h /usr/src/rpm/BUILD/freetype-2.4.4/include/freetype/t1tables.h /usr/src/rpm/BUILD/freetype-2.4.4/include/freetype/fterrors.h /usr/src/rpm/BUILD/freetype-2.4.4/include/freetype/ftlzw.h /usr/src/rpm/BUILD/freetype-2.4.4/include/freetype/ftbitmap.h /usr/src/rpm/BUILD/freetype-2.4.4/include/freetype/ftmodapi.h /usr/src/rpm/BUILD/freetype-2.4.4/include/freetype/ftsystem.h /usr/src/rpm/BUILD/freetype-2.4.4/include/freetype/ftoutln.h /usr/src/rpm/BUILD/freetype-2.4.4/include/freetype/ftsynth.h /usr/src/rpm/BUILD/freetype-2.4.4/include/freetype/ftlcdfil.h /usr/src/rpm/BUILD/freetype-2.4.4/include/freetype/ftpfr.h /usr/src/rpm/BUILD/freetype-2.4.4/include/freetype/ftsizes.h /usr/src/rpm/BUILD/freetype-2.4.4/include/freetype/ftrender.h /usr/src/rpm/BUILD/freetype-2.4.4/include/freetype/ftmm.h /usr/src/rpm/BUILD/freetype-2.4.4/include/freetype/ftglyph.h /usr/src/rpm/BUILD/freetype-2.4.4/include/freetype/ftlist.h /usr/src/rpm/BUILD/freetype-2.4.4/include/freetype/ftincrem.h /usr/src/rpm/BUILD/freetype-2.4.4/include/freetype/ftchapters.h /usr/src/rpm/BUILD/freetype-2.4.4/include/freetype/ftbdf.h /usr/src/rpm/BUILD/freetype-2.4.4/include/freetype/ftcache.h /usr/src/rpm/BUILD/freetype-2.4.4/include/freetype/ttnameid.h /usr/src/rpm/BUILD/freetype-2.4.4/include/freetype/ftgzip.h /usr/src/rpm/BUILD/freetype-2.4.4/include/freetype/ftwinfnt.h /usr/src/rpm/BUILD/freetype-2.4.4/include/freetype/ftmac.h /usr/src/rpm/BUILD/freetype-2.4.4/include/freetype/fttypes.h /usr/src/rpm/BUILD/freetype-2.4.4/include/freetype/freetype.h /usr/src/rpm/BUILD/freetype-2.4.4/include/freetype/ftotval.h /usr/src/rpm/BUILD/freetype-2.4.4/include/freetype/ftbbox.h /usr/src/rpm/BUILD/freetype-2.4.4/include/freetype/ftadvanc.h /usr/src/rpm/BUILD/freetype-2.4.4/include/freetype/ftxf86.h /usr/src/rpm/BUILD/freetype-2.4.4/include/freetype/ftmoderr.h /usr/src/rpm/BUILD/freetype-2.4.4/include/freetype/ftgasp.h /usr/src/rpm/BUILD/freetype-2.4.4/include/freetype/ftgxval.h /usr/src/rpm/BUILD/freetype-2.4.4/include/freetype/ftsnames.h /usr/src/rpm/BUILD/freetype-2.4.4/include/freetype/tttags.h /usr/src/rpm/BUILD/freetype-2.4.4/include/freetype/ttunpat.h /usr/src/rpm/BUILD/freetype-2.4.4/include/freetype/fterrdef.h /usr/src/rpm/BUILD/freetype-2.4.4/include/freetype/fttrigon.h /usr/src/rpm/BUILD/freetype-2.4.4/include/freetype/ftimage.h
./builds/unix/libtool --mode=link gcc -o /usr/src/rpm/BUILD/freetype-2.4.4/objs/libfreetype.la  /usr/src/rpm/BUILD/freetype-2.4.4/objs/ftsystem.lo /usr/src/rpm/BUILD/freetype-2.4.4/objs/ftdebug.lo /usr/src/rpm/BUILD/freetype-2.4.4/objs/ftinit.lo /usr/src/rpm/BUILD/freetype-2.4.4/objs/ftbase.lo /usr/src/rpm/BUILD/freetype-2.4.4/objs/ftbbox.lo /usr/src/rpm/BUILD/freetype-2.4.4/objs/ftbdf.lo /usr/src/rpm/BUILD/freetype-2.4.4/objs/ftbitmap.lo /usr/src/rpm/BUILD/freetype-2.4.4/objs/ftcid.lo /usr/src/rpm/BUILD/freetype-2.4.4/objs/ftfstype.lo /usr/src/rpm/BUILD/freetype-2.4.4/objs/ftgasp.lo /usr/src/rpm/BUILD/freetype-2.4.4/objs/ftglyph.lo /usr/src/rpm/BUILD/freetype-2.4.4/objs/ftgxval.lo /usr/src/rpm/BUILD/freetype-2.4.4/objs/ftlcdfil.lo /usr/src/rpm/BUILD/freetype-2.4.4/objs/ftmm.lo /usr/src/rpm/BUILD/freetype-2.4.4/objs/ftotval.lo /usr/src/rpm/BUILD/freetype-2.4.4/objs/ftpatent.lo /usr/src/rpm/BUILD/freetype-2.4.4/objs/ftpfr.lo /usr/src/rpm/BUILD/freetype-2.4.4/objs/ftstroke.lo /usr/src/rpm/BUILD/freetype-2.4.4/objs/ftsynth.lo /usr/src/rpm/BUILD/freetype-2.4.4/objs/fttype1.lo /usr/src/rpm/BUILD/freetype-2.4.4/objs/ftwinfnt.lo /usr/src/rpm/BUILD/freetype-2.4.4/objs/ftxf86.lo /usr/src/rpm/BUILD/freetype-2.4.4/objs/truetype.lo /usr/src/rpm/BUILD/freetype-2.4.4/objs/type1.lo /usr/src/rpm/BUILD/freetype-2.4.4/objs/cff.lo /usr/src/rpm/BUILD/freetype-2.4.4/objs/type1cid.lo /usr/src/rpm/BUILD/freetype-2.4.4/objs/pfr.lo /usr/src/rpm/BUILD/freetype-2.4.4/objs/type42.lo /usr/src/rpm/BUILD/freetype-2.4.4/objs/winfnt.lo /usr/src/rpm/BUILD/freetype-2.4.4/objs/pcf.lo /usr/src/rpm/BUILD/freetype-2.4.4/objs/bdf.lo /usr/src/rpm/BUILD/freetype-2.4.4/objs/sfnt.lo /usr/src/rpm/BUILD/freetype-2.4.4/objs/autofit.lo /usr/src/rpm/BUILD/freetype-2.4.4/objs/pshinter.lo /usr/src/rpm/BUILD/freetype-2.4.4/objs/raster.lo /usr/src/rpm/BUILD/freetype-2.4.4/objs/smooth.lo /usr/src/rpm/BUILD/freetype-2.4.4/objs/ftcache.lo /usr/src/rpm/BUILD/freetype-2.4.4/objs/ftgzip.lo /usr/src/rpm/BUILD/freetype-2.4.4/objs/ftlzw.lo /usr/src/rpm/BUILD/freetype-2.4.4/objs/psaux.lo /usr/src/rpm/BUILD/freetype-2.4.4/objs/psnames.lo -rpath /usr/lib64 -version-info 12:2:6  -no-undefined 
libtool: link: gcc -shared  /usr/src/rpm/BUILD/freetype-2.4.4/objs/.libs/ftsystem.o /usr/src/rpm/BUILD/freetype-2.4.4/objs/.libs/ftdebug.o /usr/src/rpm/BUILD/freetype-2.4.4/objs/.libs/ftinit.o /usr/src/rpm/BUILD/freetype-2.4.4/objs/.libs/ftbase.o /usr/src/rpm/BUILD/freetype-2.4.4/objs/.libs/ftbbox.o /usr/src/rpm/BUILD/freetype-2.4.4/objs/.libs/ftbdf.o /usr/src/rpm/BUILD/freetype-2.4.4/objs/.libs/ftbitmap.o /usr/src/rpm/BUILD/freetype-2.4.4/objs/.libs/ftcid.o /usr/src/rpm/BUILD/freetype-2.4.4/objs/.libs/ftfstype.o /usr/src/rpm/BUILD/freetype-2.4.4/objs/.libs/ftgasp.o /usr/src/rpm/BUILD/freetype-2.4.4/objs/.libs/ftglyph.o /usr/src/rpm/BUILD/freetype-2.4.4/objs/.libs/ftgxval.o /usr/src/rpm/BUILD/freetype-2.4.4/objs/.libs/ftlcdfil.o /usr/src/rpm/BUILD/freetype-2.4.4/objs/.libs/ftmm.o /usr/src/rpm/BUILD/freetype-2.4.4/objs/.libs/ftotval.o /usr/src/rpm/BUILD/freetype-2.4.4/objs/.libs/ftpatent.o /usr/src/rpm/BUILD/freetype-2.4.4/objs/.libs/ftpfr.o /usr/src/rpm/BUILD/freetype-2.4.4/objs/.libs/ftstroke.o /usr/src/rpm/BUILD/freetype-2.4.4/objs/.libs/ftsynth.o /usr/src/rpm/BUILD/freetype-2.4.4/objs/.libs/fttype1.o /usr/src/rpm/BUILD/freetype-2.4.4/objs/.libs/ftwinfnt.o /usr/src/rpm/BUILD/freetype-2.4.4/objs/.libs/ftxf86.o /usr/src/rpm/BUILD/freetype-2.4.4/objs/.libs/truetype.o /usr/src/rpm/BUILD/freetype-2.4.4/objs/.libs/type1.o /usr/src/rpm/BUILD/freetype-2.4.4/objs/.libs/cff.o /usr/src/rpm/BUILD/freetype-2.4.4/objs/.libs/type1cid.o /usr/src/rpm/BUILD/freetype-2.4.4/objs/.libs/pfr.o /usr/src/rpm/BUILD/freetype-2.4.4/objs/.libs/type42.o /usr/src/rpm/BUILD/freetype-2.4.4/objs/.libs/winfnt.o /usr/src/rpm/BUILD/freetype-2.4.4/objs/.libs/pcf.o /usr/src/rpm/BUILD/freetype-2.4.4/objs/.libs/bdf.o /usr/src/rpm/BUILD/freetype-2.4.4/objs/.libs/sfnt.o /usr/src/rpm/BUILD/freetype-2.4.4/objs/.libs/autofit.o /usr/src/rpm/BUILD/freetype-2.4.4/objs/.libs/pshinter.o /usr/src/rpm/BUILD/freetype-2.4.4/objs/.libs/raster.o /usr/src/rpm/BUILD/freetype-2.4.4/objs/.libs/smooth.o /usr/src/rpm/BUILD/freetype-2.4.4/objs/.libs/ftcache.o /usr/src/rpm/BUILD/freetype-2.4.4/objs/.libs/ftgzip.o /usr/src/rpm/BUILD/freetype-2.4.4/objs/.libs/ftlzw.o /usr/src/rpm/BUILD/freetype-2.4.4/objs/.libs/psaux.o /usr/src/rpm/BUILD/freetype-2.4.4/objs/.libs/psnames.o      -Wl,-soname -Wl,libfreetype.so.6 -o /usr/src/rpm/BUILD/freetype-2.4.4/objs/.libs/libfreetype.so.6.6.2
libtool: link: (cd "/usr/src/rpm/BUILD/freetype-2.4.4/objs/.libs" && rm -f "libfreetype.so.6" && ln -s "libfreetype.so.6.6.2" "libfreetype.so.6")
libtool: link: (cd "/usr/src/rpm/BUILD/freetype-2.4.4/objs/.libs" && rm -f "libfreetype.so" && ln -s "libfreetype.so.6.6.2" "libfreetype.so")
libtool: link: ar cru /usr/src/rpm/BUILD/freetype-2.4.4/objs/.libs/libfreetype.a  /usr/src/rpm/BUILD/freetype-2.4.4/objs/ftsystem.o /usr/src/rpm/BUILD/freetype-2.4.4/objs/ftdebug.o /usr/src/rpm/BUILD/freetype-2.4.4/objs/ftinit.o /usr/src/rpm/BUILD/freetype-2.4.4/objs/ftbase.o /usr/src/rpm/BUILD/freetype-2.4.4/objs/ftbbox.o /usr/src/rpm/BUILD/freetype-2.4.4/objs/ftbdf.o /usr/src/rpm/BUILD/freetype-2.4.4/objs/ftbitmap.o /usr/src/rpm/BUILD/freetype-2.4.4/objs/ftcid.o /usr/src/rpm/BUILD/freetype-2.4.4/objs/ftfstype.o /usr/src/rpm/BUILD/freetype-2.4.4/objs/ftgasp.o /usr/src/rpm/BUILD/freetype-2.4.4/objs/ftglyph.o /usr/src/rpm/BUILD/freetype-2.4.4/objs/ftgxval.o /usr/src/rpm/BUILD/freetype-2.4.4/objs/ftlcdfil.o /usr/src/rpm/BUILD/freetype-2.4.4/objs/ftmm.o /usr/src/rpm/BUILD/freetype-2.4.4/objs/ftotval.o /usr/src/rpm/BUILD/freetype-2.4.4/objs/ftpatent.o /usr/src/rpm/BUILD/freetype-2.4.4/objs/ftpfr.o /usr/src/rpm/BUILD/freetype-2.4.4/objs/ftstroke.o /usr/src/rpm/BUILD/freetype-2.4.4/objs/ftsynth.o /usr/src/rpm/BUILD/freetype-2.4.4/objs/fttype1.o /usr/src/rpm/BUILD/freetype-2.4.4/objs/ftwinfnt.o /usr/src/rpm/BUILD/freetype-2.4.4/objs/ftxf86.o /usr/src/rpm/BUILD/freetype-2.4.4/objs/truetype.o /usr/src/rpm/BUILD/freetype-2.4.4/objs/type1.o /usr/src/rpm/BUILD/freetype-2.4.4/objs/cff.o /usr/src/rpm/BUILD/freetype-2.4.4/objs/type1cid.o /usr/src/rpm/BUILD/freetype-2.4.4/objs/pfr.o /usr/src/rpm/BUILD/freetype-2.4.4/objs/type42.o /usr/src/rpm/BUILD/freetype-2.4.4/objs/winfnt.o /usr/src/rpm/BUILD/freetype-2.4.4/objs/pcf.o /usr/src/rpm/BUILD/freetype-2.4.4/objs/bdf.o /usr/src/rpm/BUILD/freetype-2.4.4/objs/sfnt.o /usr/src/rpm/BUILD/freetype-2.4.4/objs/autofit.o /usr/src/rpm/BUILD/freetype-2.4.4/objs/pshinter.o /usr/src/rpm/BUILD/freetype-2.4.4/objs/raster.o /usr/src/rpm/BUILD/freetype-2.4.4/objs/smooth.o /usr/src/rpm/BUILD/freetype-2.4.4/objs/ftcache.o /usr/src/rpm/BUILD/freetype-2.4.4/objs/ftgzip.o /usr/src/rpm/BUILD/freetype-2.4.4/objs/ftlzw.o /usr/src/rpm/BUILD/freetype-2.4.4/objs/psaux.o /usr/src/rpm/BUILD/freetype-2.4.4/objs/psnames.o
libtool: link: ranlib /usr/src/rpm/BUILD/freetype-2.4.4/objs/.libs/libfreetype.a
libtool: link: ( cd "/usr/src/rpm/BUILD/freetype-2.4.4/objs/.libs" && rm -f "libfreetype.la" && ln -s "../libfreetype.la" "libfreetype.la" )
+ exit 0
Executing(%install): /bin/sh -e /var/tmp/rpm-tmp.49822
+ umask 022
+ cd /usr/src/rpm/BUILD
+ /bin/rm -rf /var/tmp/freetype-root
+ /bin/mkdir -p /var/tmp/freetype-root
+ cd freetype-2.4.4
+ make DESTDIR=/var/tmp/freetype-root install
./builds/unix/mkinstalldirs /var/tmp/freetype-root/usr/lib64                               \
                         /var/tmp/freetype-root/usr/lib64/pkgconfig                     \
                         /var/tmp/freetype-root/usr/include/freetype2/freetype/config \
                         /var/tmp/freetype-root/usr/include/freetype2/freetype/cache  \
                         /var/tmp/freetype-root/usr/bin                               \
                         /var/tmp/freetype-root/usr/share/aclocal
mkdir -p -- /var/tmp/freetype-root/usr/lib64 /var/tmp/freetype-root/usr/lib64/pkgconfig /var/tmp/freetype-root/usr/include/freetype2/freetype/config /var/tmp/freetype-root/usr/include/freetype2/freetype/cache /var/tmp/freetype-root/usr/bin /var/tmp/freetype-root/usr/share/aclocal
./builds/unix/libtool --mode=install /usr/bin/install -c                             \
                                  /usr/src/rpm/BUILD/freetype-2.4.4/objs/libfreetype.la /var/tmp/freetype-root/usr/lib64
libtool: install: /usr/bin/install -c /usr/src/rpm/BUILD/freetype-2.4.4/objs/.libs/libfreetype.so.6.6.2 /var/tmp/freetype-root/usr/lib64/libfreetype.so.6.6.2
libtool: install: (cd /var/tmp/freetype-root/usr/lib64 && { ln -s -f libfreetype.so.6.6.2 libfreetype.so.6 || { rm -f libfreetype.so.6 && ln -s libfreetype.so.6.6.2 libfreetype.so.6; }; })
libtool: install: (cd /var/tmp/freetype-root/usr/lib64 && { ln -s -f libfreetype.so.6.6.2 libfreetype.so || { rm -f libfreetype.so && ln -s libfreetype.so.6.6.2 libfreetype.so; }; })
libtool: install: /usr/bin/install -c /usr/src/rpm/BUILD/freetype-2.4.4/objs/.libs/libfreetype.lai /var/tmp/freetype-root/usr/lib64/libfreetype.la
libtool: install: /usr/bin/install -c /usr/src/rpm/BUILD/freetype-2.4.4/objs/.libs/libfreetype.a /var/tmp/freetype-root/usr/lib64/libfreetype.a
libtool: install: chmod 644 /var/tmp/freetype-root/usr/lib64/libfreetype.a
libtool: install: ranlib /var/tmp/freetype-root/usr/lib64/libfreetype.a
libtool: install: warning: remember to run `libtool --finish /usr/lib64'
for P in /usr/src/rpm/BUILD/freetype-2.4.4/include/freetype/tttables.h /usr/src/rpm/BUILD/freetype-2.4.4/include/freetype/ftcid.h /usr/src/rpm/BUILD/freetype-2.4.4/include/freetype/ftstroke.h /usr/src/rpm/BUILD/freetype-2.4.4/include/freetype/t1tables.h /usr/src/rpm/BUILD/freetype-2.4.4/include/freetype/fterrors.h /usr/src/rpm/BUILD/freetype-2.4.4/include/freetype/ftlzw.h /usr/src/rpm/BUILD/freetype-2.4.4/include/freetype/ftbitmap.h /usr/src/rpm/BUILD/freetype-2.4.4/include/freetype/ftmodapi.h /usr/src/rpm/BUILD/freetype-2.4.4/include/freetype/ftsystem.h /usr/src/rpm/BUILD/freetype-2.4.4/include/freetype/ftoutln.h /usr/src/rpm/BUILD/freetype-2.4.4/include/freetype/ftsynth.h /usr/src/rpm/BUILD/freetype-2.4.4/include/freetype/ftlcdfil.h /usr/src/rpm/BUILD/freetype-2.4.4/include/freetype/ftpfr.h /usr/src/rpm/BUILD/freetype-2.4.4/include/freetype/ftsizes.h /usr/src/rpm/BUILD/freetype-2.4.4/include/freetype/ftrender.h /usr/src/rpm/BUILD/freetype-2.4.4/include/freetype/ftmm.h /usr/src/rpm/BUILD/freetype-2.4.4/include/freetype/ftglyph.h /usr/src/rpm/BUILD/freetype-2.4.4/include/freetype/ftlist.h /usr/src/rpm/BUILD/freetype-2.4.4/include/freetype/ftincrem.h /usr/src/rpm/BUILD/freetype-2.4.4/include/freetype/ftchapters.h /usr/src/rpm/BUILD/freetype-2.4.4/include/freetype/ftbdf.h /usr/src/rpm/BUILD/freetype-2.4.4/include/freetype/ftcache.h /usr/src/rpm/BUILD/freetype-2.4.4/include/freetype/ttnameid.h /usr/src/rpm/BUILD/freetype-2.4.4/include/freetype/ftgzip.h /usr/src/rpm/BUILD/freetype-2.4.4/include/freetype/ftwinfnt.h /usr/src/rpm/BUILD/freetype-2.4.4/include/freetype/ftmac.h /usr/src/rpm/BUILD/freetype-2.4.4/include/freetype/fttypes.h /usr/src/rpm/BUILD/freetype-2.4.4/include/freetype/freetype.h /usr/src/rpm/BUILD/freetype-2.4.4/include/freetype/ftotval.h /usr/src/rpm/BUILD/freetype-2.4.4/include/freetype/ftbbox.h /usr/src/rpm/BUILD/freetype-2.4.4/include/freetype/ftadvanc.h /usr/src/rpm/BUILD/freetype-2.4.4/include/freetype/ftxf86.h /usr/src/rpm/BUILD/freetype-2.4.4/include/freetype/ftmoderr.h /usr/src/rpm/BUILD/freetype-2.4.4/include/freetype/ftgasp.h /usr/src/rpm/BUILD/freetype-2.4.4/include/freetype/ftgxval.h /usr/src/rpm/BUILD/freetype-2.4.4/include/freetype/ftsnames.h /usr/src/rpm/BUILD/freetype-2.4.4/include/freetype/tttags.h /usr/src/rpm/BUILD/freetype-2.4.4/include/freetype/ttunpat.h /usr/src/rpm/BUILD/freetype-2.4.4/include/freetype/fterrdef.h /usr/src/rpm/BUILD/freetype-2.4.4/include/freetype/fttrigon.h /usr/src/rpm/BUILD/freetype-2.4.4/include/freetype/ftimage.h ; do                           \
          /usr/bin/install -c -m 644                                    \
            $P /var/tmp/freetype-root/usr/include/freetype2/freetype ; \
        done
for P in /usr/src/rpm/BUILD/freetype-2.4.4/include/freetype/config/ftstdlib.h /usr/src/rpm/BUILD/freetype-2.4.4/include/freetype/config/ftconfig.h /usr/src/rpm/BUILD/freetype-2.4.4/include/freetype/config/ftmodule.h /usr/src/rpm/BUILD/freetype-2.4.4/include/freetype/config/ftoption.h /usr/src/rpm/BUILD/freetype-2.4.4/include/freetype/config/ftheader.h  /usr/src/rpm/BUILD/freetype-2.4.4/objs/ftmodule.h  ; do                                  \
          /usr/bin/install -c -m 644                                           \
            $P /var/tmp/freetype-root/usr/include/freetype2/freetype/config ; \
        done
rm -f /var/tmp/freetype-root/usr/include/freetype2/freetype/cache/*
rmdir /var/tmp/freetype-root/usr/include/freetype2/freetype/cache
rm -f /var/tmp/freetype-root/usr/include/freetype2/freetype/internal/*
rmdir /var/tmp/freetype-root/usr/include/freetype2/freetype/internal
rmdir: failed to remove `/var/tmp/freetype-root/usr/include/freetype2/freetype/internal': No such file or directory
make: [install] Error 1 (ignored)
/usr/bin/install -c -m 644 ./builds/unix/ft2unix.h \
          /var/tmp/freetype-root/usr/include/ft2build.h
/usr/bin/install -c -m 644 ./builds/unix/ftconfig.h                        \
          /var/tmp/freetype-root/usr/include/freetype2/freetype/config/ftconfig.h
/usr/bin/install -c -m 644 /usr/src/rpm/BUILD/freetype-2.4.4/objs/ftmodule.h                          \
          /var/tmp/freetype-root/usr/include/freetype2/freetype/config/ftmodule.h
/usr/bin/install -c -m 755 ./builds/unix/freetype-config \
          /var/tmp/freetype-root/usr/bin/freetype-config
/usr/bin/install -c -m 644 ./builds/unix/freetype2.m4 \
          /var/tmp/freetype-root/usr/share/aclocal/freetype2.m4
/usr/bin/install -c -m 644 ./builds/unix/freetype2.pc \
          /var/tmp/freetype-root/usr/lib64/pkgconfig/freetype2.pc
+ exit 0
Processing files: freetype-2.4.4-1.x86_64
Provides: libfreetype.so.6()(64bit)
Requires: libc.so.6()(64bit) libc.so.6(GLIBC_2.2.5)(64bit)
Processing files: freetype-devel-2.4.4-1.x86_64
Provides: libtool(/usr/lib64/libfreetype.la) pkgconfig(freetype2) = 12.2.6
Requires(rpmlib): rpmlib(VersionedDependencies) <= 3.0.3-1
Requires: /bin/sh pkgconfig
Checking for unpackaged file(s): /usr/lib/rpm/check-files /var/tmp/freetype-root
warning: Could not canonicalize hostname: build2
Wrote: /usr/src/rpm/SRPMS/freetype-2.4.4-1.src.rpm
Wrote: /usr/src/rpm/RPMS/x86_64/freetype-2.4.4-1.x86_64.rpm
Wrote: /usr/src/rpm/RPMS/x86_64/freetype-devel-2.4.4-1.x86_64.rpm
Executing(%clean): /bin/sh -e /var/tmp/rpm-tmp.96658
+ umask 022
+ cd /usr/src/rpm/BUILD
+ cd freetype-2.4.4
+ /bin/rm -rf /var/tmp/freetype-root
