Fetching(Source0): ftp://ftp.astron.com/pub/file/file-5.09.tar.gz
Executing(%prep): /bin/sh -e /var/tmp/rpm-tmp.71912
+ umask 022
+ cd /usr/src/rpm/BUILD
+ cd /usr/src/rpm/BUILD
+ rm -rf file-5.09
+ /bin/gzip -dc /usr/src/rpm/SOURCES/file-5.09.tar.gz
+ /bin/tar -xf -
+ STATUS=0
+ '[' 0 -ne 0 ']'
+ cd file-5.09
+ sed -i s/misc/file/ configure
+ exit 0
Executing(%build): /bin/sh -e /var/tmp/rpm-tmp.71912
+ umask 022
+ cd /usr/src/rpm/BUILD
+ cd file-5.09
+ export 'CFLAGS=-Os -pipe'
+ CFLAGS='-Os -pipe'
+ ./configure --prefix=/usr --libdir=/usr/lib64
checking for a BSD-compatible install... /usr/bin/install -c
checking whether build environment is sane... yes
checking for a thread-safe mkdir -p... /bin/mkdir -p
checking for gawk... gawk
checking whether make sets $(MAKE)... yes
checking for builtin ELF support... yes
checking for ELF core file support... yes
checking for file formats in man section 5... no
checking build system type... x86_64-unknown-linux-gnu
checking host system type... x86_64-unknown-linux-gnu
checking for style of include used by make... GNU
checking for gcc... gcc
checking whether the C compiler works... yes
checking for C compiler default output file name... a.out
checking for suffix of executables... 
checking whether we are cross compiling... no
checking for suffix of object files... o
checking whether we are using the GNU C compiler... yes
checking whether gcc accepts -g... yes
checking for gcc option to accept ISO C89... none needed
checking dependency style of gcc... gcc3
checking how to run the C preprocessor... gcc -E
checking for grep that handles long lines and -e... /bin/grep
checking for egrep... /bin/grep -E
checking for ANSI C header files... yes
checking for sys/types.h... yes
checking for sys/stat.h... yes
checking for stdlib.h... yes
checking for string.h... yes
checking for memory.h... yes
checking for strings.h... yes
checking for inttypes.h... yes
checking for stdint.h... yes
checking for unistd.h... yes
checking minix/config.h usability... no
checking minix/config.h presence... no
checking for minix/config.h... no
checking whether it is safe to define __EXTENSIONS__... yes
checking for gcc... (cached) gcc
checking whether we are using the GNU C compiler... (cached) yes
checking whether gcc accepts -g... (cached) yes
checking for gcc option to accept ISO C89... (cached) none needed
checking dependency style of gcc... (cached) gcc3
checking whether gcc and cc understand -c and -o together... yes
checking whether ln -s works... yes
checking for a sed that does not truncate output... /bin/sed
checking for fgrep... /bin/grep -F
checking for ld used by gcc... /usr/bin/ld
checking if the linker (/usr/bin/ld) is GNU ld... yes
checking for BSD- or MS-compatible name lister (nm)... /usr/bin/nm -B
checking the name lister (/usr/bin/nm -B) interface... BSD nm
checking the maximum length of command line arguments... 1572864
checking whether the shell understands some XSI constructs... yes
checking whether the shell understands "+="... yes
checking for /usr/bin/ld option to reload object files... -r
checking for objdump... objdump
checking how to recognize dependent libraries... pass_all
checking for ar... ar
checking for strip... strip
checking for ranlib... ranlib
checking command to parse /usr/bin/nm -B output from gcc object... ok
checking for dlfcn.h... yes
checking for objdir... .libs
checking if gcc supports -fno-rtti -fno-exceptions... no
checking for gcc option to produce PIC... -fPIC -DPIC
checking if gcc PIC flag -fPIC -DPIC works... yes
checking if gcc static flag -static works... yes
checking if gcc supports -c -o file.o... yes
checking if gcc supports -c -o file.o... (cached) yes
checking whether the gcc linker (/usr/bin/ld -m elf_x86_64) supports shared libraries... yes
checking whether -lc should be explicitly linked in... no
checking dynamic linker characteristics... GNU/Linux ld.so
checking how to hardcode library paths into programs... immediate
checking whether stripping libraries is possible... yes
checking if libtool supports shared libraries... yes
checking whether to build shared libraries... yes
checking whether to build static libraries... yes
checking for ANSI C header files... (cached) yes
checking whether sys/types.h defines makedev... yes
checking for sys/wait.h that is POSIX.1 compatible... yes
checking for stdint.h... (cached) yes
checking fcntl.h usability... yes
checking fcntl.h presence... yes
checking for fcntl.h... yes
checking locale.h usability... yes
checking locale.h presence... yes
checking for locale.h... yes
checking for stdint.h... (cached) yes
checking for inttypes.h... (cached) yes
checking for unistd.h... (cached) yes
checking utime.h usability... yes
checking utime.h presence... yes
checking for utime.h... yes
checking wchar.h usability... yes
checking wchar.h presence... yes
checking for wchar.h... yes
checking wctype.h usability... yes
checking wctype.h presence... yes
checking for wctype.h... yes
checking limits.h usability... yes
checking limits.h presence... yes
checking for limits.h... yes
checking getopt.h usability... yes
checking getopt.h presence... yes
checking for getopt.h... yes
checking err.h usability... yes
checking err.h presence... yes
checking for err.h... yes
checking sys/mman.h usability... yes
checking sys/mman.h presence... yes
checking for sys/mman.h... yes
checking for sys/stat.h... (cached) yes
checking for sys/types.h... (cached) yes
checking sys/utime.h usability... no
checking sys/utime.h presence... no
checking for sys/utime.h... no
checking sys/time.h usability... yes
checking sys/time.h presence... yes
checking for sys/time.h... yes
checking zlib.h usability... yes
checking zlib.h presence... yes
checking for zlib.h... yes
checking for an ANSI C-conforming const... yes
checking for off_t... yes
checking for size_t... yes
checking for struct stat.st_rdev... yes
checking whether struct tm is in sys/time.h or time.h... time.h
checking for struct tm.tm_gmtoff... no
checking for struct tm.tm_zone... no
checking for tm_zone in struct tm... yes
checking whether tzname is declared... yes
checking for tzname... yes
checking for tm_isdst in struct tm... yes
checking whether daylight is declared... yes
checking for daylight... yes
checking for special C compiler options needed for large files... no
checking for _FILE_OFFSET_BITS value needed for large files... no
checking for _LARGEFILE_SOURCE value needed for large files... no
checking for mbstate_t... yes
checking for struct option in getopt... yes
checking for pid_t... yes
checking for uint8_t... yes
checking for uint16_t... yes
checking for uint32_t... yes
checking for int32_t... yes
checking for uint64_t... yes
checking for int64_t... yes
checking size of long long... 8
checking for gcc compiler warnings... yes
checking for mmap... yes
checking for strerror... yes
checking for strndup... yes
checking for strtoul... yes
checking for mbrtowc... yes
checking for mkstemp... yes
checking for utimes... yes
checking for utime... yes
checking for wcwidth... yes
checking for strtof... yes
checking for fork... yes
checking for getopt_long... yes
checking for asprintf... yes
checking for vasprintf... yes
checking for strlcpy... no
checking for strlcat... no
checking for getline... yes
checking for gzopen in -lz... yes
configure: creating ./config.status
config.status: creating Makefile
config.status: creating src/Makefile
config.status: creating magic/Makefile
config.status: creating tests/Makefile
config.status: creating doc/Makefile
config.status: creating python/Makefile
config.status: creating config.h
config.status: executing depfiles commands
config.status: executing libtool commands
+ make -j24
make  all-recursive
make[1]: Entering directory `/usr/src/rpm/BUILD/file-5.09'
Making all in src
make[2]: Entering directory `/usr/src/rpm/BUILD/file-5.09/src'
  CC     magic.lo
  CC     apprentice.lo
  CC     softmagic.lo
  CC     ascmagic.lo
  CC     encoding.lo
  CC     compress.lo
  CC     is_tar.lo
  CC     readelf.lo
  CC     print.lo
  CC     fsmagic.lo
  CC     funcs.lo
  CC     apptype.lo
  CC     cdf.lo
  CC     readcdf.lo
  CC     cdf_time.lo
  CC     strlcpy.lo
  CC     strlcat.lo
  CC     file.o
softmagic.c: In function 'mprint':
softmagic.c:373:4: warning: format not a string literal, argument types not checked
softmagic.c:377:4: warning: format not a string literal, argument types not checked
softmagic.c:394:4: warning: format not a string literal, argument types not checked
softmagic.c:399:8: warning: format not a string literal, argument types not checked
softmagic.c:416:4: warning: format not a string literal, argument types not checked
softmagic.c:420:4: warning: format not a string literal, argument types not checked
softmagic.c:431:3: warning: format not a string literal, argument types not checked
softmagic.c:441:4: warning: format not a string literal, argument types not checked
softmagic.c:448:4: warning: format not a string literal, argument types not checked
softmagic.c:460:3: warning: format not a string literal, argument types not checked
softmagic.c:469:3: warning: format not a string literal, argument types not checked
softmagic.c:478:7: warning: format not a string literal, argument types not checked
softmagic.c:487:7: warning: format not a string literal, argument types not checked
softmagic.c:501:4: warning: format not a string literal, argument types not checked
softmagic.c:505:4: warning: format not a string literal, argument types not checked
softmagic.c:521:4: warning: format not a string literal, argument types not checked
softmagic.c:525:4: warning: format not a string literal, argument types not checked
softmagic.c:541:3: warning: format not a string literal, argument types not checked
softmagic.c:555:5: warning: format not a string literal, argument types not checked
softmagic.c:564:5: warning: format not a string literal, argument types not checked
  CCLD   libmagic.la
  CCLD   file
make[2]: Leaving directory `/usr/src/rpm/BUILD/file-5.09/src'
Making all in magic
make[2]: Entering directory `/usr/src/rpm/BUILD/file-5.09/magic'
../src/file -C -m magic
make[2]: Leaving directory `/usr/src/rpm/BUILD/file-5.09/magic'
Making all in tests
make[2]: Entering directory `/usr/src/rpm/BUILD/file-5.09/tests'
make[2]: Nothing to be done for `all'.
make[2]: Leaving directory `/usr/src/rpm/BUILD/file-5.09/tests'
Making all in doc
make[2]: Entering directory `/usr/src/rpm/BUILD/file-5.09/doc'
sed -e s@__CSECTION__@1@g \
    -e s@__FSECTION__@4@g \
    -e s@__VERSION__@5.09@g \
    -e s@__MAGIC__@/usr/share/file/magic@g ./file.man > file.1
sed -e s@__CSECTION__@1@g \
    -e s@__FSECTION__@4@g \
    -e s@__VERSION__@5.09@g \
    -e s@__MAGIC__@/usr/share/file/magic@g ./magic.man > magic.4
sed -e s@__CSECTION__@1@g \
    -e s@__FSECTION__@4@g \
    -e s@__VERSION__@5.09@g \
    -e s@__MAGIC__@/usr/share/file/magic@g ./libmagic.man > libmagic.3
make[2]: Leaving directory `/usr/src/rpm/BUILD/file-5.09/doc'
Making all in python
make[2]: Entering directory `/usr/src/rpm/BUILD/file-5.09/python'
make[2]: Nothing to be done for `all'.
make[2]: Leaving directory `/usr/src/rpm/BUILD/file-5.09/python'
make[2]: Entering directory `/usr/src/rpm/BUILD/file-5.09'
make[2]: Leaving directory `/usr/src/rpm/BUILD/file-5.09'
make[1]: Leaving directory `/usr/src/rpm/BUILD/file-5.09'
+ make check
Making check in src
make[1]: Entering directory `/usr/src/rpm/BUILD/file-5.09/src'
make[1]: Nothing to be done for `check'.
make[1]: Leaving directory `/usr/src/rpm/BUILD/file-5.09/src'
Making check in magic
make[1]: Entering directory `/usr/src/rpm/BUILD/file-5.09/magic'
make[1]: Nothing to be done for `check'.
make[1]: Leaving directory `/usr/src/rpm/BUILD/file-5.09/magic'
Making check in tests
make[1]: Entering directory `/usr/src/rpm/BUILD/file-5.09/tests'
make  test
make[2]: Entering directory `/usr/src/rpm/BUILD/file-5.09/tests'
  CC     test-test.o
  CCLD   test
make[2]: Leaving directory `/usr/src/rpm/BUILD/file-5.09/tests'
make  check-local
make[2]: Entering directory `/usr/src/rpm/BUILD/file-5.09/tests'
MAGIC=../magic/magic ./test
for i in ../tests/*.testfile; do MAGIC=../tests/${i%%.testfile}.magic ../tests/test ../tests/$i ../tests/${i%%.testfile}.result; done
../tests/../tests/gedcom.testfile: GEDCOM genealogy data version 5.5
make[2]: Leaving directory `/usr/src/rpm/BUILD/file-5.09/tests'
make[1]: Leaving directory `/usr/src/rpm/BUILD/file-5.09/tests'
Making check in doc
make[1]: Entering directory `/usr/src/rpm/BUILD/file-5.09/doc'
make[1]: Nothing to be done for `check'.
make[1]: Leaving directory `/usr/src/rpm/BUILD/file-5.09/doc'
Making check in python
make[1]: Entering directory `/usr/src/rpm/BUILD/file-5.09/python'
make[1]: Nothing to be done for `check'.
make[1]: Leaving directory `/usr/src/rpm/BUILD/file-5.09/python'
make[1]: Entering directory `/usr/src/rpm/BUILD/file-5.09'
make[1]: Leaving directory `/usr/src/rpm/BUILD/file-5.09'
+ exit 0
Executing(%install): /bin/sh -e /var/tmp/rpm-tmp.16067
+ umask 022
+ cd /usr/src/rpm/BUILD
+ /bin/rm -rf /var/tmp/file-root
+ /bin/mkdir -p /var/tmp/file-root
+ cd file-5.09
+ make DESTDIR=/var/tmp/file-root install
Making install in src
make[1]: Entering directory `/usr/src/rpm/BUILD/file-5.09/src'
make[2]: Entering directory `/usr/src/rpm/BUILD/file-5.09/src'
test -z "/usr/lib64" || /bin/mkdir -p "/var/tmp/file-root/usr/lib64"
 /bin/sh ../libtool   --mode=install /usr/bin/install -c   libmagic.la '/var/tmp/file-root/usr/lib64'
libtool: install: /usr/bin/install -c .libs/libmagic.so.1.0.0 /var/tmp/file-root/usr/lib64/libmagic.so.1.0.0
libtool: install: (cd /var/tmp/file-root/usr/lib64 && { ln -s -f libmagic.so.1.0.0 libmagic.so.1 || { rm -f libmagic.so.1 && ln -s libmagic.so.1.0.0 libmagic.so.1; }; })
libtool: install: (cd /var/tmp/file-root/usr/lib64 && { ln -s -f libmagic.so.1.0.0 libmagic.so || { rm -f libmagic.so && ln -s libmagic.so.1.0.0 libmagic.so; }; })
libtool: install: /usr/bin/install -c .libs/libmagic.lai /var/tmp/file-root/usr/lib64/libmagic.la
libtool: install: /usr/bin/install -c .libs/libmagic.a /var/tmp/file-root/usr/lib64/libmagic.a
libtool: install: chmod 644 /var/tmp/file-root/usr/lib64/libmagic.a
libtool: install: ranlib /var/tmp/file-root/usr/lib64/libmagic.a
libtool: install: warning: remember to run `libtool --finish /usr/lib64'
test -z "/usr/bin" || /bin/mkdir -p "/var/tmp/file-root/usr/bin"
  /bin/sh ../libtool   --mode=install /usr/bin/install -c file '/var/tmp/file-root/usr/bin'
libtool: install: warning: `libmagic.la' has not been installed in `/usr/lib64'
libtool: install: /usr/bin/install -c .libs/file /var/tmp/file-root/usr/bin/file
test -z "/usr/include" || /bin/mkdir -p "/var/tmp/file-root/usr/include"
 /usr/bin/install -c -m 644 magic.h '/var/tmp/file-root/usr/include'
make[2]: Leaving directory `/usr/src/rpm/BUILD/file-5.09/src'
make[1]: Leaving directory `/usr/src/rpm/BUILD/file-5.09/src'
Making install in magic
make[1]: Entering directory `/usr/src/rpm/BUILD/file-5.09/magic'
make[2]: Entering directory `/usr/src/rpm/BUILD/file-5.09/magic'
make[2]: Nothing to be done for `install-exec-am'.
test -z "/usr/share/file" || /bin/mkdir -p "/var/tmp/file-root/usr/share/file"
 /usr/bin/install -c -m 644 magic.mgc '/var/tmp/file-root/usr/share/file'
make[2]: Leaving directory `/usr/src/rpm/BUILD/file-5.09/magic'
make[1]: Leaving directory `/usr/src/rpm/BUILD/file-5.09/magic'
Making install in tests
make[1]: Entering directory `/usr/src/rpm/BUILD/file-5.09/tests'
make[2]: Entering directory `/usr/src/rpm/BUILD/file-5.09/tests'
make[2]: Nothing to be done for `install-exec-am'.
make[2]: Nothing to be done for `install-data-am'.
make[2]: Leaving directory `/usr/src/rpm/BUILD/file-5.09/tests'
make[1]: Leaving directory `/usr/src/rpm/BUILD/file-5.09/tests'
Making install in doc
make[1]: Entering directory `/usr/src/rpm/BUILD/file-5.09/doc'
make[2]: Entering directory `/usr/src/rpm/BUILD/file-5.09/doc'
make[2]: Nothing to be done for `install-exec-am'.
test -z "/usr/share/man/man1" || /bin/mkdir -p "/var/tmp/file-root/usr/share/man/man1"
 /usr/bin/install -c -m 644 file.1 '/var/tmp/file-root/usr/share/man/man1'
test -z "/usr/share/man/man3" || /bin/mkdir -p "/var/tmp/file-root/usr/share/man/man3"
 /usr/bin/install -c -m 644 libmagic.3 '/var/tmp/file-root/usr/share/man/man3'
test -z "/usr/share/man/man4" || /bin/mkdir -p "/var/tmp/file-root/usr/share/man/man4"
 /usr/bin/install -c -m 644 magic.4 '/var/tmp/file-root/usr/share/man/man4'
test -z "/usr/share/man/man5" || /bin/mkdir -p "/var/tmp/file-root/usr/share/man/man5"
make[2]: Leaving directory `/usr/src/rpm/BUILD/file-5.09/doc'
make[1]: Leaving directory `/usr/src/rpm/BUILD/file-5.09/doc'
Making install in python
make[1]: Entering directory `/usr/src/rpm/BUILD/file-5.09/python'
make[2]: Entering directory `/usr/src/rpm/BUILD/file-5.09/python'
make[2]: Nothing to be done for `install-exec-am'.
make[2]: Nothing to be done for `install-data-am'.
make[2]: Leaving directory `/usr/src/rpm/BUILD/file-5.09/python'
make[1]: Leaving directory `/usr/src/rpm/BUILD/file-5.09/python'
make[1]: Entering directory `/usr/src/rpm/BUILD/file-5.09'
make[2]: Entering directory `/usr/src/rpm/BUILD/file-5.09'
make[2]: Nothing to be done for `install-exec-am'.
make[2]: Nothing to be done for `install-data-am'.
make[2]: Leaving directory `/usr/src/rpm/BUILD/file-5.09'
make[1]: Leaving directory `/usr/src/rpm/BUILD/file-5.09'
+ /usr/lib/rpm/compress_man.sh /var/tmp/file-root
+ /usr/lib/rpm/strip.sh /var/tmp/file-root
copy from `/var/tmp/file-root/usr/bin/file' [elf64-x86-64] to `/var/tmp/file-root/usr/bin/stNZ0JBt' [elf64-x86-64]
copy from `/var/tmp/file-root/usr/lib64/libmagic.a(magic.o)' [elf64-x86-64] to `/var/tmp/file-root/usr/lib64/stcIFJLu/magic.o' [elf64-x86-64]
copy from `/var/tmp/file-root/usr/lib64/libmagic.a(apprentice.o)' [elf64-x86-64] to `/var/tmp/file-root/usr/lib64/stcIFJLu/apprentice.o' [elf64-x86-64]
copy from `/var/tmp/file-root/usr/lib64/libmagic.a(softmagic.o)' [elf64-x86-64] to `/var/tmp/file-root/usr/lib64/stcIFJLu/softmagic.o' [elf64-x86-64]
copy from `/var/tmp/file-root/usr/lib64/libmagic.a(ascmagic.o)' [elf64-x86-64] to `/var/tmp/file-root/usr/lib64/stcIFJLu/ascmagic.o' [elf64-x86-64]
copy from `/var/tmp/file-root/usr/lib64/libmagic.a(encoding.o)' [elf64-x86-64] to `/var/tmp/file-root/usr/lib64/stcIFJLu/encoding.o' [elf64-x86-64]
copy from `/var/tmp/file-root/usr/lib64/libmagic.a(compress.o)' [elf64-x86-64] to `/var/tmp/file-root/usr/lib64/stcIFJLu/compress.o' [elf64-x86-64]
copy from `/var/tmp/file-root/usr/lib64/libmagic.a(is_tar.o)' [elf64-x86-64] to `/var/tmp/file-root/usr/lib64/stcIFJLu/is_tar.o' [elf64-x86-64]
copy from `/var/tmp/file-root/usr/lib64/libmagic.a(readelf.o)' [elf64-x86-64] to `/var/tmp/file-root/usr/lib64/stcIFJLu/readelf.o' [elf64-x86-64]
copy from `/var/tmp/file-root/usr/lib64/libmagic.a(print.o)' [elf64-x86-64] to `/var/tmp/file-root/usr/lib64/stcIFJLu/print.o' [elf64-x86-64]
copy from `/var/tmp/file-root/usr/lib64/libmagic.a(fsmagic.o)' [elf64-x86-64] to `/var/tmp/file-root/usr/lib64/stcIFJLu/fsmagic.o' [elf64-x86-64]
copy from `/var/tmp/file-root/usr/lib64/libmagic.a(funcs.o)' [elf64-x86-64] to `/var/tmp/file-root/usr/lib64/stcIFJLu/funcs.o' [elf64-x86-64]
copy from `/var/tmp/file-root/usr/lib64/libmagic.a(apptype.o)' [elf64-x86-64] to `/var/tmp/file-root/usr/lib64/stcIFJLu/apptype.o' [elf64-x86-64]
copy from `/var/tmp/file-root/usr/lib64/libmagic.a(cdf.o)' [elf64-x86-64] to `/var/tmp/file-root/usr/lib64/stcIFJLu/cdf.o' [elf64-x86-64]
copy from `/var/tmp/file-root/usr/lib64/libmagic.a(cdf_time.o)' [elf64-x86-64] to `/var/tmp/file-root/usr/lib64/stcIFJLu/cdf_time.o' [elf64-x86-64]
copy from `/var/tmp/file-root/usr/lib64/libmagic.a(readcdf.o)' [elf64-x86-64] to `/var/tmp/file-root/usr/lib64/stcIFJLu/readcdf.o' [elf64-x86-64]
copy from `/var/tmp/file-root/usr/lib64/libmagic.a(strlcpy.o)' [elf64-x86-64] to `/var/tmp/file-root/usr/lib64/stcIFJLu/strlcpy.o' [elf64-x86-64]
copy from `/var/tmp/file-root/usr/lib64/libmagic.a(strlcat.o)' [elf64-x86-64] to `/var/tmp/file-root/usr/lib64/stcIFJLu/strlcat.o' [elf64-x86-64]
copy from `/var/tmp/file-root/usr/lib64/libmagic.so.1.0.0' [elf64-x86-64] to `/var/tmp/file-root/usr/lib64/stWG8imu' [elf64-x86-64]
+ exit 0
Processing files: file-5.09-1.x86_64
Provides: libmagic.so.1()(64bit)
Requires: libc.so.6()(64bit) libc.so.6(GLIBC_2.2.5)(64bit) libc.so.6(GLIBC_2.3)(64bit) libc.so.6(GLIBC_2.3.4)(64bit) libmagic.so.1()(64bit) libz.so.1()(64bit)
Processing files: file-devel-5.09-1.x86_64
Provides: libtool(/usr/lib64/libmagic.la)
Checking for unpackaged file(s): /usr/lib/rpm/check-files /var/tmp/file-root
Wrote: /usr/src/rpm/SRPMS/file-5.09-1.src.rpm
Wrote: /usr/src/rpm/RPMS/x86_64/file-5.09-1.x86_64.rpm
Wrote: /usr/src/rpm/RPMS/x86_64/file-devel-5.09-1.x86_64.rpm
Executing(%clean): /bin/sh -e /var/tmp/rpm-tmp.16067
+ umask 022
+ cd /usr/src/rpm/BUILD
+ cd file-5.09
+ /bin/rm -rf /var/tmp/file-root
