Fetching(Source0): ftp://ftp.gnu.org/gnu/cpio/cpio-2.11.tar.bz2
Executing(%prep): /bin/sh -e /var/tmp/rpm-tmp.60771
+ umask 022
+ cd /usr/src/rpm/BUILD
+ cd /usr/src/rpm/BUILD
+ rm -rf cpio-2.11
+ /bin/bzip2 -dc /usr/src/rpm/SOURCES/cpio-2.11.tar.bz2
+ /bin/tar -xf -
+ STATUS=0
+ '[' 0 -ne 0 ']'
+ cd cpio-2.11
+ exit 0
Executing(%build): /bin/sh -e /var/tmp/rpm-tmp.69783
+ umask 022
+ cd /usr/src/rpm/BUILD
+ cd cpio-2.11
+ ./configure --prefix=/usr --libexecdir=/usr/lib64/cpio
checking for a BSD-compatible install... /usr/bin/install -c
checking whether build environment is sane... yes
checking for a thread-safe mkdir -p... /bin/mkdir -p
checking for gawk... gawk
checking whether make sets $(MAKE)... yes
checking how to create a ustar tar archive... gnutar
checking for gcc... gcc
checking for C compiler default output file name... a.out
checking whether the C compiler works... yes
checking whether we are cross compiling... no
checking for suffix of executables... 
checking for suffix of object files... o
checking whether we are using the GNU C compiler... yes
checking whether gcc accepts -g... yes
checking for gcc option to accept ISO C89... none needed
checking for style of include used by make... GNU
checking dependency style of gcc... gcc3
checking how to run the C preprocessor... gcc -E
checking for grep that handles long lines and -e... /bin/grep
checking for egrep... /bin/grep -E
checking whether gcc needs -traditional... no
checking for a BSD-compatible install... /usr/bin/install -c
checking for ranlib... ranlib
checking for bison... bison -y
checking build system type... x86_64-unknown-linux-gnu
checking host system type... x86_64-unknown-linux-gnu
checking for ANSI C header files... yes
checking for sys/types.h... yes
checking for sys/stat.h... yes
checking for stdlib.h... yes
checking for string.h... yes
checking for memory.h... yes
checking for strings.h... yes
checking for inttypes.h... yes
checking for stdint.h... yes
checking for unistd.h... yes
checking minix/config.h usability... no
checking minix/config.h presence... no
checking for minix/config.h... no
checking whether it is safe to define __EXTENSIONS__... yes
checking for _LARGEFILE_SOURCE value needed for large files... no
checking for gcc option to accept ISO C99... -std=gnu99
checking for gcc -std=gnu99 option to accept ISO Standard C... (cached) -std=gnu99
checking for function prototypes... yes
checking for special C compiler options needed for large files... no
checking for _FILE_OFFSET_BITS value needed for large files... no
checking return type of signal handlers... void
checking whether sys/types.h defines makedev... yes
checking for an ANSI C-conforming const... yes
checking for uid_t in sys/types.h... yes
checking for gid_t... yes
checking for ANSI C header files... (cached) yes
checking for dirent.h that defines DIR... yes
checking for library containing opendir... none required
checking for fchmod... yes
checking for fchown... yes
checking for setmode... no
checking for getpwuid... yes
checking for getpwnam... yes
checking for getgrgid... yes
checking for getgrnam... yes
checking for pipe... yes
checking for fork... yes
checking for getuid... yes
checking for geteuid... yes
checking for working alloca.h... yes
checking for alloca... yes
checking for inline... inline
checking for C/C++ restrict keyword... __restrict
checking whether getenv is declared... yes
checking whether clearerr_unlocked is declared... yes
checking whether feof_unlocked is declared... yes
checking whether ferror_unlocked is declared... yes
checking whether fflush_unlocked is declared... yes
checking whether fgets_unlocked is declared... yes
checking whether fputc_unlocked is declared... yes
checking whether fputs_unlocked is declared... yes
checking whether fread_unlocked is declared... yes
checking whether fwrite_unlocked is declared... yes
checking whether getc_unlocked is declared... yes
checking whether getchar_unlocked is declared... yes
checking whether putc_unlocked is declared... yes
checking whether putchar_unlocked is declared... yes
checking for flockfile... yes
checking for funlockfile... yes
checking for chown... yes
checking for fchown... (cached) yes
checking for fdopendir... yes
checking for dup2... yes
checking for fchdir... yes
checking for fcntl... yes
checking for btowc... yes
checking for isblank... yes
checking for iswctype... yes
checking for mbsrtowcs... yes
checking for mempcpy... yes
checking for wmemchr... yes
checking for wmemcpy... yes
checking for wmempcpy... yes
checking for __fpending... yes
checking for getdtablesize... yes
checking for gettimeofday... yes
checking for nanotime... no
checking for lchmod... no
checking for lstat... yes
checking for mbsinit... yes
checking for mbrtowc... yes
checking for mprotect... yes
checking for alarm... yes
checking for setenv... yes
checking for sleep... yes
checking for strndup... yes
checking for pipe... (cached) yes
checking for futimes... yes
checking for futimesat... yes
checking for futimens... yes
checking for utimensat... yes
checking for lutimes... yes
checking for vasnprintf... no
checking for iswcntrl... yes
checking for mkfifo... yes
checking for setlocale... yes
checking features.h usability... yes
checking features.h presence... yes
checking for features.h... yes
checking linewrap.h usability... no
checking linewrap.h presence... no
checking for linewrap.h... no
checking dirent.h usability... yes
checking dirent.h presence... yes
checking for dirent.h... yes
checking errno.h usability... yes
checking errno.h presence... yes
checking for errno.h... yes
checking fcntl.h usability... yes
checking fcntl.h presence... yes
checking for fcntl.h... yes
checking sys/param.h usability... yes
checking sys/param.h presence... yes
checking for sys/param.h... yes
checking float.h usability... yes
checking float.h presence... yes
checking for float.h... yes
checking wctype.h usability... yes
checking wctype.h presence... yes
checking for wctype.h... yes
checking stdio_ext.h usability... yes
checking stdio_ext.h presence... yes
checking for stdio_ext.h... yes
checking getopt.h usability... yes
checking getopt.h presence... yes
checking for getopt.h... yes
checking sys/time.h usability... yes
checking sys/time.h presence... yes
checking for sys/time.h... yes
checking for stdint.h... (cached) yes
checking wchar.h usability... yes
checking wchar.h presence... yes
checking for wchar.h... yes
checking for inttypes.h... (cached) yes
checking sys/mman.h usability... yes
checking sys/mman.h presence... yes
checking for sys/mman.h... yes
checking for unistd.h... (cached) yes
checking stdarg.h usability... yes
checking stdarg.h presence... yes
checking for stdarg.h... yes
checking stddef.h usability... yes
checking stddef.h presence... yes
checking for stddef.h... yes
checking stdio.h usability... yes
checking stdio.h presence... yes
checking for stdio.h... yes
checking for stdlib.h... (cached) yes
checking sys/socket.h usability... yes
checking sys/socket.h presence... yes
checking for sys/socket.h... yes
checking for string.h... (cached) yes
checking for strings.h... (cached) yes
checking for sys/stat.h... (cached) yes
checking sysexits.h usability... yes
checking sysexits.h presence... yes
checking for sysexits.h... yes
checking time.h usability... yes
checking time.h presence... yes
checking for time.h... yes
checking utime.h usability... yes
checking utime.h presence... yes
checking for utime.h... yes
checking net/errno.h usability... no
checking net/errno.h presence... no
checking for net/errno.h... no
checking sys/inet.h usability... no
checking sys/inet.h presence... no
checking for sys/inet.h... no
checking netdb.h usability... yes
checking netdb.h presence... yes
checking for netdb.h... yes
checking for memory.h... (cached) yes
checking sys/wait.h usability... yes
checking sys/wait.h presence... yes
checking for sys/wait.h... yes
checking sys/gentape.h usability... no
checking sys/gentape.h presence... no
checking for sys/gentape.h... no
checking sys/tape.h usability... no
checking sys/tape.h presence... no
checking for sys/tape.h... no
checking sys/device.h usability... no
checking sys/device.h presence... no
checking for sys/device.h... no
checking sys/tprintf.h usability... no
checking sys/tprintf.h presence... no
checking for sys/tprintf.h... no
checking sys/mtio.h usability... yes
checking sys/mtio.h presence... yes
checking for sys/mtio.h... yes
checking sgtty.h usability... yes
checking sgtty.h presence... yes
checking for sgtty.h... yes
checking sys/io/trioctl.h usability... no
checking sys/io/trioctl.h presence... no
checking for sys/io/trioctl.h... no
checking locale.h usability... yes
checking locale.h presence... yes
checking for locale.h... yes
checking pwd.h usability... yes
checking pwd.h presence... yes
checking for pwd.h... yes
checking grp.h usability... yes
checking grp.h presence... yes
checking for grp.h... yes
checking for unistd.h... (cached) yes
checking for working chown... yes
checking whether chown dereferences symlinks... yes
checking whether chown honors trailing slash... yes
checking whether chown always updates ctime... yes
checking whether the preprocessor supports include_next... yes
checking whether system is Windows or MSDOS... no
checking whether // is distinct from /... no
checking if environ is properly declared... yes
checking for complete errno.h... yes
checking whether strerror_r is declared... yes
checking for strerror_r... yes
checking whether strerror_r returns char *... yes
checking for mode_t... yes
checking for promoted mode_t type... mode_t
checking for working fcntl.h... yes
checking for mbstate_t... yes
checking whether stdin defaults to large file offsets... yes
checking whether getcwd (NULL, 0) allocates memory for result... yes
checking whether getcwd is declared... yes
checking for stdbool.h that conforms to C99... yes
checking for _Bool... yes
checking for compound literals... yes
checking whether struct tm is in sys/time.h or time.h... time.h
checking for struct tm.tm_gmtoff... yes
checking for getopt.h... (cached) yes
checking for getopt_long_only... yes
checking whether optreset is declared... no
checking whether getopt is POSIX compatible... yes
checking for working GNU getopt function... yes
checking for struct timeval... yes
checking whether gettimeofday is declared without a macro... yes
checking for off_t... yes
checking for long long int... yes
checking for unsigned long long int... yes
checking whether stdint.h conforms to C99... yes
checking for inttypes.h... (cached) yes
checking whether the inttypes.h PRIxNN macros are broken... no
checking whether imaxabs is declared... yes
checking whether imaxdiv is declared... yes
checking whether strtoimax is declared... yes
checking whether strtoumax is declared... yes
checking for nl_langinfo and CODESET... yes
checking whether we are using the GNU C Library 2.1 or newer... yes
checking whether lstat dereferences a symlink specified with a trailing slash... yes
checking whether malloc, realloc, calloc are POSIX compliant... yes
checking for stdlib.h... (cached) yes
checking for GNU libc compatible malloc... yes
checking for a traditional japanese locale... ja_JP
checking for a transitional chinese locale... zh_CN.GB18030
checking for a french Unicode locale... fr_FR.UTF-8
checking for mmap... yes
checking for MAP_ANONYMOUS... yes
checking for memchr... yes
checking whether memchr works... yes
checking whether memrchr is declared... yes
checking whether unlink honors trailing slashes... yes
checking for ssize_t... yes
checking whether setenv validates arguments... yes
checking search.h usability... yes
checking search.h presence... yes
checking for search.h... yes
checking for tsearch... yes
checking for wchar_t... yes
checking whether strdup is declared... yes
checking for working strerror function... yes
checking whether memmem is declared without a macro... yes
checking whether mempcpy is declared without a macro... yes
checking whether memrchr is declared without a macro... yes
checking whether rawmemchr is declared without a macro... yes
checking whether stpcpy is declared without a macro... yes
checking whether stpncpy is declared without a macro... yes
checking whether strchrnul is declared without a macro... yes
checking whether strdup is declared without a macro... yes
checking whether strndup is declared without a macro... yes
checking whether strnlen is declared without a macro... yes
checking whether strpbrk is declared without a macro... yes
checking whether strsep is declared without a macro... yes
checking whether strcasestr is declared without a macro... yes
checking whether strtok_r is declared without a macro... yes
checking whether strsignal is declared without a macro... yes
checking whether strverscmp is declared without a macro... yes
checking whether strcasecmp is declared without a macro... yes
checking whether strncasecmp is declared without a macro... yes
checking whether strndup is declared... (cached) yes
checking whether strnlen is declared... (cached) yes
checking whether stat file-mode macros are broken... no
checking for struct timespec in <time.h>... yes
checking whether the utimes function works... yes
checking for struct utimbuf... yes
checking for wint_t... yes
checking for size_t... yes
checking for inttypes.h... yes
checking for stdint.h... yes
checking for intmax_t... yes
checking for snprintf... yes
checking for strnlen... yes
checking for wcslen... yes
checking for wcsnlen... yes
checking for mbrtowc... (cached) yes
checking for wcrtomb... yes
checking whether _snprintf is declared... no
checking whether vsnprintf is declared... yes
checking whether <wchar.h> uses 'inline' correctly... yes
checking for alloca as a compiler built-in... yes
checking whether program_invocation_name is declared... yes
checking whether program_invocation_short_name is declared... yes
checking whether program_invocation_name is defined... yes
checking whether program_invocation_short_name is defined... yes
checking whether this system has an arbitrary file name length limit... yes
checking for library containing clock_gettime... -lrt
checking for clock_gettime... yes
checking for clock_settime... yes
checking for d_ino member in directory struct... yes
checking whether alphasort is declared without a macro... yes
checking whether dirfd is declared without a macro... yes
checking whether fdopendir is declared without a macro... yes
checking whether scandir is declared without a macro... yes
checking for dirfd... yes
checking whether dirfd is declared... (cached) yes
checking whether dirfd is a macro... no
checking whether // is distinct from /... (cached) no
checking whether dup2 works... yes
checking for error_at_line... yes
checking whether fcntl handles F_DUPFD correctly... yes
checking whether fcntl understands F_DUPFD_CLOEXEC... needs runtime check
checking whether fcntl is declared without a macro... yes
checking whether openat is declared without a macro... yes
checking whether fdopendir works... yes
checking for struct stat.st_blocks... yes
checking for working GNU fnmatch... yes
checking whether __fpending is declared... yes
checking for fseeko... yes
checking whether getcwd handles long file names properly... no, but it is partly working
checking for getpagesize... yes
checking whether getcwd aborts when 4k < cwd_length < 16k... no
checking for struct tm.tm_zone... yes
checking whether gettimeofday clobbers localtime buffer... no
checking for gettimeofday with POSIX signature... almost
checking whether the compiler generally respects inline... yes
checking whether inttypes.h conforms to C99... yes
checking whether INT32_MAX < INTMAX_MAX... yes
checking whether INT64_MAX == LONG_MAX... yes
checking whether UINT32_MAX < UINTMAX_MAX... yes
checking whether UINT64_MAX == ULONG_MAX... yes
checking whether imaxabs is declared without a macro... yes
checking whether imaxdiv is declared without a macro... yes
checking whether strtoimax is declared without a macro... yes
checking whether strtoumax is declared without a macro... yes
checking for lchown... yes
checking whether lseek detects pipes... yes
checking for stdlib.h... (cached) yes
checking for GNU libc compatible malloc... (cached) yes
checking whether mbrtowc handles incomplete characters... yes
checking whether mbrtowc works as well as mbtowc... yes
checking whether mbrtowc handles a NULL string argument... yes
checking whether mbrtowc has a correct return value... yes
checking whether mbrtowc returns 0 when parsing a NUL character... yes
checking whether mbrtowc handles incomplete characters... (cached) yes
checking whether mbrtowc works as well as mbtowc... (cached) yes
checking whether mbrtowc handles incomplete characters... (cached) yes
checking whether mbrtowc works as well as mbtowc... (cached) yes
checking whether mbsrtowcs works... yes
checking for mempcpy... (cached) yes
checking for memrchr... yes
checking whether mkdir handles trailing slash... yes
checking whether mkdir handles trailing dot... yes
checking for working mktime... yes
checking for obstacks... yes
checking whether open recognizes a trailing slash... yes
checking for fchmodat... yes
checking for fstatat... yes
checking for mkdirat... yes
checking for openat... yes
checking for unlinkat... yes
checking for fchownat... yes
checking whether fchownat works with AT_SYMLINK_NOFOLLOW... yes
checking whether program_invocation_name is declared... (cached) yes
checking whether program_invocation_short_name is declared... (cached) yes
checking for rawmemchr... yes
checking for rmdir... yes
checking whether rmdir works... yes
checking for stdint.h... (cached) yes
checking for SIZE_MAX... yes
checking whether sleep is declared... yes
checking for working sleep... yes
checking for ssize_t... (cached) yes
checking whether stat handles trailing slashes on directories... yes
checking whether stat handles trailing slashes on files... yes
checking for struct stat.st_atim.tv_nsec... yes
checking whether struct stat.st_atim is of type struct timespec... yes
checking for struct stat.st_birthtimespec.tv_nsec... no
checking for struct stat.st_birthtimensec... no
checking for struct stat.st_birthtim.tv_nsec... no
checking for va_copy... yes
checking whether NULL can be used in arbitrary expressions... yes
checking whether stdint.h conforms to C99... (cached) yes
checking whether dprintf is declared without a macro... yes
checking whether fpurge is declared without a macro... no
checking whether fseeko is declared without a macro... yes
checking whether ftello is declared without a macro... yes
checking whether getdelim is declared without a macro... yes
checking whether getline is declared without a macro... yes
checking whether popen is declared without a macro... yes
checking whether renameat is declared without a macro... yes
checking whether snprintf is declared without a macro... yes
checking whether vdprintf is declared without a macro... yes
checking whether vsnprintf is declared without a macro... yes
checking for random.h... no
checking for struct random_data... yes
checking whether atoll is declared without a macro... yes
checking whether canonicalize_file_name is declared without a macro... yes
checking whether getloadavg is declared without a macro... yes
checking whether getsubopt is declared without a macro... yes
checking whether mkdtemp is declared without a macro... yes
checking whether mkostemp is declared without a macro... yes
checking whether mkostemps is declared without a macro... yes
checking whether mkstemp is declared without a macro... yes
checking whether mkstemps is declared without a macro... yes
checking whether random_r is declared without a macro... yes
checking whether initstat_r is declared without a macro... no
checking whether srandom_r is declared without a macro... yes
checking whether setstate_r is declared without a macro... yes
checking whether realpath is declared without a macro... yes
checking whether rpmatch is declared without a macro... yes
checking whether setenv is declared without a macro... yes
checking whether strtod is declared without a macro... yes
checking whether strtoll is declared without a macro... yes
checking whether strtoull is declared without a macro... yes
checking whether unsetenv is declared without a macro... yes
checking for stpcpy... yes
checking for strcasecmp... yes
checking for strncasecmp... yes
checking whether strncasecmp is declared... (cached) yes
checking for strchrnul... yes
checking for strdup... yes
checking for working strndup... yes
checking for working strnlen... yes
checking for strtol... yes
checking for nlink_t... yes
checking whether fchmodat is declared without a macro... yes
checking whether fstatat is declared without a macro... yes
checking whether futimens is declared without a macro... yes
checking whether lchmod is declared without a macro... yes
checking whether lstat is declared without a macro... yes
checking whether mkdirat is declared without a macro... yes
checking whether mkfifo is declared without a macro... yes
checking whether mkfifoat is declared without a macro... yes
checking whether mknod is declared without a macro... yes
checking whether mknodat is declared without a macro... yes
checking whether stat is declared without a macro... yes
checking whether utimensat is declared without a macro... yes
checking for a thread-safe mkdir -p... /bin/mkdir -p
checking for a thread-safe mkdir -p... /bin/mkdir -p
checking whether localtime_r is compatible with its POSIX signature... yes
checking whether chown is declared without a macro... yes
checking whether dup2 is declared without a macro... yes
checking whether dup3 is declared without a macro... yes
checking whether environ is declared without a macro... yes
checking whether euidaccess is declared without a macro... yes
checking whether faccessat is declared without a macro... yes
checking whether fchdir is declared without a macro... yes
checking whether fchownat is declared without a macro... yes
checking whether fsync is declared without a macro... yes
checking whether ftruncate is declared without a macro... yes
checking whether getcwd is declared without a macro... yes
checking whether getdomainname is declared without a macro... yes
checking whether getdtablesize is declared without a macro... yes
checking whether getgroups is declared without a macro... yes
checking whether gethostname is declared without a macro... yes
checking whether getlogin is declared without a macro... yes
checking whether getlogin_r is declared without a macro... yes
checking whether getpagesize is declared without a macro... yes
checking whether getusershell is declared without a macro... yes
checking whether setusershell is declared without a macro... yes
checking whether endusershell is declared without a macro... yes
checking whether lchown is declared without a macro... yes
checking whether link is declared without a macro... yes
checking whether linkat is declared without a macro... yes
checking whether lseek is declared without a macro... yes
checking whether pipe2 is declared without a macro... yes
checking whether pread is declared without a macro... yes
checking whether readlink is declared without a macro... yes
checking whether readlinkat is declared without a macro... yes
checking whether rmdir is declared without a macro... yes
checking whether sleep is declared without a macro... yes
checking whether symlink is declared without a macro... yes
checking whether symlinkat is declared without a macro... yes
checking whether unlink is declared without a macro... yes
checking whether unlinkat is declared without a macro... yes
checking whether usleep is declared without a macro... yes
checking whether unlink honors trailing slashes... (cached) yes
checking for unsetenv... yes
checking for unsetenv() return type... int
checking whether unsetenv works on duplicates... yes
checking for ptrdiff_t... yes
checking for vsnprintf... yes
checking whether snprintf respects a size of 1... yes
checking whether btowc is declared without a macro... yes
checking whether wctob is declared without a macro... yes
checking whether mbsinit is declared without a macro... yes
checking whether mbrtowc is declared without a macro... yes
checking whether mbrlen is declared without a macro... yes
checking whether mbsrtowcs is declared without a macro... yes
checking whether mbsnrtowcs is declared without a macro... yes
checking whether wcrtomb is declared without a macro... yes
checking whether wcsrtombs is declared without a macro... yes
checking whether wcsnrtombs is declared without a macro... yes
checking whether wcwidth is declared without a macro... yes
checking whether iswcntrl works... yes
checking for stdint.h... (cached) yes
checking whether time.h and sys/time.h may both be included... yes
checking for struct stat.st_blksize... yes
checking for library containing setsockopt... none required
checking for library containing setsockopt... (cached) none required
checking for sys/mtio.h... (cached) yes
checking which ioctl field to test for reversed bytes... mt_type
checking whether to build rmt... yes
checking for remote tape header files... yes
checking for sys/buf.h... no
checking for struct stat.st_blksize... (cached) yes
checking for library containing gethostbyname... none required
checking for getpwuid... (cached) yes
checking for getpwnam... (cached) yes
checking for getgrgid... (cached) yes
checking for getgrnam... (cached) yes
checking for pipe... (cached) yes
checking for fork... (cached) yes
checking for getuid... (cached) yes
checking for geteuid... (cached) yes
checking for getgid... yes
checking for setuid... yes
checking for setgid... yes
checking for mknod... yes
checking for symlink... yes
checking for link... yes
checking for chown... (cached) yes
checking for structure packing via __attribute__((packed))... yes
checking for unistd.h... (cached) yes
checking for stdlib.h... (cached) yes
checking for string.h... (cached) yes
checking for fcntl.h... (cached) yes
checking for pwd.h... (cached) yes
checking for grp.h... (cached) yes
checking for sys/io/trioctl.h... (cached) no
checking utmp.h usability... yes
checking utmp.h presence... yes
checking for utmp.h... yes
checking for getopt.h... (cached) yes
checking for locale.h... (cached) yes
checking libintl.h usability... yes
checking libintl.h presence... yes
checking for libintl.h... yes
checking for sys/wait.h... (cached) yes
checking for utime.h... (cached) yes
checking for locale.h... (cached) yes
checking process.h usability... no
checking process.h presence... no
checking for process.h... no
checking sys/ioctl.h usability... yes
checking sys/ioctl.h presence... yes
checking for sys/ioctl.h... yes
checking whether errno is declared... yes
checking whether getpwnam is declared... yes
checking whether getgrnam is declared... yes
checking whether getgrgid is declared... yes
checking whether strdup is declared... (cached) yes
checking whether strerror is declared... yes
checking whether getenv is declared... (cached) yes
checking whether atoi is declared... yes
checking whether exit is declared... yes
checking for ld used by GCC... /usr/bin/ld
checking if the linker (/usr/bin/ld) is GNU ld... yes
checking for shared library run path origin... done
checking for iconv... yes
checking for working iconv... yes
checking for iconv declaration... 
         extern size_t iconv (iconv_t cd, char * *inbuf, size_t *inbytesleft, char * *outbuf, size_t *outbytesleft);
checking whether NLS is requested... yes
checking for msgfmt... /usr/bin/msgfmt
checking for gmsgfmt... /usr/bin/msgfmt
checking for xgettext... /usr/bin/xgettext
checking for msgmerge... /usr/bin/msgmerge
checking for CFPreferencesCopyAppValue... no
checking for CFLocaleCopyCurrent... no
checking for GNU gettext in libc... yes
checking whether to use NLS... yes
checking where the gettext function comes from... libc
configure: creating ./config.status
config.status: creating tests/Makefile
config.status: creating tests/atlocal
config.status: creating Makefile
config.status: creating doc/Makefile
config.status: creating headers/Makefile
config.status: creating gnu/Makefile
config.status: creating lib/Makefile
config.status: creating rmt/Makefile
config.status: creating src/Makefile
config.status: creating po/Makefile.in
config.status: creating config.h
config.status: executing depfiles commands
config.status: executing po-directories commands
config.status: creating po/POTFILES
config.status: creating po/Makefile
config.status: executing tests/atconfig commands
+ make -j4
make  all-recursive
make[1]: Entering directory `/usr/src/rpm/BUILD/cpio-2.11'
Making all in doc
make[2]: Entering directory `/usr/src/rpm/BUILD/cpio-2.11/doc'
make[2]: Nothing to be done for `all'.
make[2]: Leaving directory `/usr/src/rpm/BUILD/cpio-2.11/doc'
Making all in headers
make[2]: Entering directory `/usr/src/rpm/BUILD/cpio-2.11/headers'
make[2]: Nothing to be done for `all'.
make[2]: Leaving directory `/usr/src/rpm/BUILD/cpio-2.11/headers'
Making all in gnu
make[2]: Entering directory `/usr/src/rpm/BUILD/cpio-2.11/gnu'
  GEN    alloca.h
  GEN    arg-nonnull.h
  GEN    c++defs.h
  GEN    configmake.h
  GEN    warn-on-use.h
  GEN    getopt.h
  GEN    dirent.h
  GEN    fcntl.h
  GEN    inttypes.h
  GEN    stdio.h
  GEN    stdlib.h
  GEN    string.h
  GEN    strings.h
  GEN    sys/stat.h
  GEN    sys/time.h
  GEN    time.h
  GEN    unistd.h
  GEN    wchar.h
  GEN    wctype.h
make  all-recursive
make[3]: Entering directory `/usr/src/rpm/BUILD/cpio-2.11/gnu'
make[4]: Entering directory `/usr/src/rpm/BUILD/cpio-2.11/gnu'
  CC     argp-eexst.o
  CC     argp-fmtstream.o
  CC     argp-fs-xinl.o
  CC     argp-ba.o
  CC     argp-help.o
  CC     argp-parse.o
  CC     argp-pin.o
  CC     argp-pv.o
  CC     argp-pvh.o
  CC     argp-xinl.o
  CC     argp-version-etc.o
  CC     c-ctype.o
  CC     close-hook.o
  CC     exitfail.o
  CC     full-write.o
  CC     getdate.o
  CC     localcharset.o
  CC     malloca.o
  CC     openat-die.o
  CC     progname.o
  CC     strnlen1.o
  CC     version-etc.o
  CC     version-etc-fsf.o
  CC     xalloc-die.o
  CC     xstrndup.o
  CC     argmatch.o
  CC     asnprintf.o
  CC     basename.o
  CC     basename-lgpl.o
  CC     chdir-long.o
  CC     close-stream.o
  CC     closeout.o
  CC     dirname.o
  CC     dirname-lgpl.o
  CC     dup-safer.o
  CC     fcntl.o
  CC     fd-safer.o
  CC     getcwd.o
  CC     getopt.o
  CC     getopt1.o
  CC     gettime.o
  CC     hash.o
  CC     imaxtostr.o
  CC     offtostr.o
  CC     openat-proc.o
  CC     opendir-safer.o
  CC     pipe-safer.o
  CC     printf-args.o
  CC     printf-parse.o
  CC     quote.o
  CC     quotearg.o
  CC     safe-read.o
  CC     safe-write.o
  CC     save-cwd.o
  CC     savedir.o
  CC     stripslash.o
  CC     uinttostr.o
  CC     umaxtostr.o
  CC     utimens.o
  CC     vasnprintf.o
  CC     xgetcwd.o
  CC     xmalloc.o
  GEN    charset.alias
  GEN    ref-add.sed
  GEN    ref-del.sed
  AR     libgnu.a
make[4]: Leaving directory `/usr/src/rpm/BUILD/cpio-2.11/gnu'
make[3]: Leaving directory `/usr/src/rpm/BUILD/cpio-2.11/gnu'
make[2]: Leaving directory `/usr/src/rpm/BUILD/cpio-2.11/gnu'
Making all in lib
make[2]: Entering directory `/usr/src/rpm/BUILD/cpio-2.11/lib'
  GEN    rmt-command.h
make  all-am
make[3]: Entering directory `/usr/src/rpm/BUILD/cpio-2.11/lib'
  CC     exit.o
  CC     rtapelib.o
  CC     error.o
  CC     sysdep.o
  CC     names.o
  AR     libpax.a
make[3]: Leaving directory `/usr/src/rpm/BUILD/cpio-2.11/lib'
make[2]: Leaving directory `/usr/src/rpm/BUILD/cpio-2.11/lib'
Making all in rmt
make[2]: Entering directory `/usr/src/rpm/BUILD/cpio-2.11/rmt'
  CC     rmt.o
  CCLD   rmt
make[2]: Leaving directory `/usr/src/rpm/BUILD/cpio-2.11/rmt'
Making all in src
make[2]: Entering directory `/usr/src/rpm/BUILD/cpio-2.11/src'
  CC     copyin.o
  CC     copyout.o
  CC     copypass.o
  CC     defer.o
  CC     dstring.o
  CC     global.o
  CC     fatal.o
  CC     main.o
  CC     tar.o
  CC     util.o
  CC     filemode.o
  CC     idcache.o
  CC     makepath.o
  CC     userspec.o
  CCLD   cpio
make[2]: Leaving directory `/usr/src/rpm/BUILD/cpio-2.11/src'
Making all in po
make[2]: Entering directory `/usr/src/rpm/BUILD/cpio-2.11/po'
make[2]: Leaving directory `/usr/src/rpm/BUILD/cpio-2.11/po'
Making all in tests
make[2]: Entering directory `/usr/src/rpm/BUILD/cpio-2.11/tests'
make[2]: Nothing to be done for `all'.
make[2]: Leaving directory `/usr/src/rpm/BUILD/cpio-2.11/tests'
make[2]: Entering directory `/usr/src/rpm/BUILD/cpio-2.11'
make[2]: Leaving directory `/usr/src/rpm/BUILD/cpio-2.11'
make[1]: Leaving directory `/usr/src/rpm/BUILD/cpio-2.11'
+ make check
Making check in doc
make[1]: Entering directory `/usr/src/rpm/BUILD/cpio-2.11/doc'
make[1]: Nothing to be done for `check'.
make[1]: Leaving directory `/usr/src/rpm/BUILD/cpio-2.11/doc'
Making check in headers
make[1]: Entering directory `/usr/src/rpm/BUILD/cpio-2.11/headers'
make[1]: Nothing to be done for `check'.
make[1]: Leaving directory `/usr/src/rpm/BUILD/cpio-2.11/headers'
Making check in gnu
make[1]: Entering directory `/usr/src/rpm/BUILD/cpio-2.11/gnu'
make  check-recursive
make[2]: Entering directory `/usr/src/rpm/BUILD/cpio-2.11/gnu'
make[3]: Entering directory `/usr/src/rpm/BUILD/cpio-2.11/gnu'
make[3]: Nothing to be done for `check-am'.
make[3]: Leaving directory `/usr/src/rpm/BUILD/cpio-2.11/gnu'
make[2]: Leaving directory `/usr/src/rpm/BUILD/cpio-2.11/gnu'
make[1]: Leaving directory `/usr/src/rpm/BUILD/cpio-2.11/gnu'
Making check in lib
make[1]: Entering directory `/usr/src/rpm/BUILD/cpio-2.11/lib'
make  check-am
make[2]: Entering directory `/usr/src/rpm/BUILD/cpio-2.11/lib'
make[2]: Nothing to be done for `check-am'.
make[2]: Leaving directory `/usr/src/rpm/BUILD/cpio-2.11/lib'
make[1]: Leaving directory `/usr/src/rpm/BUILD/cpio-2.11/lib'
Making check in rmt
make[1]: Entering directory `/usr/src/rpm/BUILD/cpio-2.11/rmt'
make[1]: Nothing to be done for `check'.
make[1]: Leaving directory `/usr/src/rpm/BUILD/cpio-2.11/rmt'
Making check in src
make[1]: Entering directory `/usr/src/rpm/BUILD/cpio-2.11/src'
make[1]: Nothing to be done for `check'.
make[1]: Leaving directory `/usr/src/rpm/BUILD/cpio-2.11/src'
Making check in po
make[1]: Entering directory `/usr/src/rpm/BUILD/cpio-2.11/po'
make[1]: Leaving directory `/usr/src/rpm/BUILD/cpio-2.11/po'
Making check in tests
make[1]: Entering directory `/usr/src/rpm/BUILD/cpio-2.11/tests'
make  genfile
make[2]: Entering directory `/usr/src/rpm/BUILD/cpio-2.11/tests'
  CC     genfile.o
  CC     argcv.o
  CCLD   genfile
make[2]: Leaving directory `/usr/src/rpm/BUILD/cpio-2.11/tests'
make  check-local
make[2]: Entering directory `/usr/src/rpm/BUILD/cpio-2.11/tests'
/bin/sh ./testsuite 
## ------------------------- ##
## GNU cpio 2.11 test suite. ##
## ------------------------- ##
  1: cpio version                                    ok
  2: basic functionality: copyin/copyout             ok
  3: symlink                                         ok
  4: interdir                                        ok
  5: delayed setstat                                 ok
  6: delayed setstat (with -depth)                   ok
  7: delayed setstat (copy-pass)                     ok
  8: delayed setstat (umask)                         ok
  9: delayed setstat (umask, copy-pass)              ok

## ------------- ##
## Test results. ##
## ------------- ##

All 9 tests were successful.
make[2]: Leaving directory `/usr/src/rpm/BUILD/cpio-2.11/tests'
make[1]: Leaving directory `/usr/src/rpm/BUILD/cpio-2.11/tests'
make[1]: Entering directory `/usr/src/rpm/BUILD/cpio-2.11'
make[1]: Leaving directory `/usr/src/rpm/BUILD/cpio-2.11'
+ exit 0
Executing(%install): /bin/sh -e /var/tmp/rpm-tmp.47824
+ umask 022
+ cd /usr/src/rpm/BUILD
+ /bin/rm -rf /var/tmp/cpio-root
+ /bin/mkdir -p /var/tmp/cpio-root
+ cd cpio-2.11
+ make DESTDIR=/var/tmp/cpio-root install
Making install in doc
make[1]: Entering directory `/usr/src/rpm/BUILD/cpio-2.11/doc'
make[2]: Entering directory `/usr/src/rpm/BUILD/cpio-2.11/doc'
make[2]: Nothing to be done for `install-exec-am'.
test -z "/usr/share/info" || /bin/mkdir -p "/var/tmp/cpio-root/usr/share/info"
 /usr/bin/install -c -m 644 ./cpio.info '/var/tmp/cpio-root/usr/share/info'
 install-info --info-dir='/var/tmp/cpio-root/usr/share/info' '/var/tmp/cpio-root/usr/share/info/cpio.info'
test -z "/usr/share/man/man1" || /bin/mkdir -p "/var/tmp/cpio-root/usr/share/man/man1"
 /usr/bin/install -c -m 644 cpio.1 mt.1 '/var/tmp/cpio-root/usr/share/man/man1'
make[2]: Leaving directory `/usr/src/rpm/BUILD/cpio-2.11/doc'
make[1]: Leaving directory `/usr/src/rpm/BUILD/cpio-2.11/doc'
Making install in headers
make[1]: Entering directory `/usr/src/rpm/BUILD/cpio-2.11/headers'
make[2]: Entering directory `/usr/src/rpm/BUILD/cpio-2.11/headers'
make[2]: Nothing to be done for `install-exec-am'.
make[2]: Nothing to be done for `install-data-am'.
make[2]: Leaving directory `/usr/src/rpm/BUILD/cpio-2.11/headers'
make[1]: Leaving directory `/usr/src/rpm/BUILD/cpio-2.11/headers'
Making install in gnu
make[1]: Entering directory `/usr/src/rpm/BUILD/cpio-2.11/gnu'
make  install-recursive
make[2]: Entering directory `/usr/src/rpm/BUILD/cpio-2.11/gnu'
make[3]: Entering directory `/usr/src/rpm/BUILD/cpio-2.11/gnu'
make[4]: Entering directory `/usr/src/rpm/BUILD/cpio-2.11/gnu'
if test yes = no; then \
  case 'linux-gnu' in \
    darwin[56]*) \
      need_charset_alias=true ;; \
    darwin* | cygwin* | mingw* | pw32* | cegcc*) \
      need_charset_alias=false ;; \
    *) \
      need_charset_alias=true ;; \
  esac ; \
else \
  need_charset_alias=false ; \
fi ; \
if $need_charset_alias; then \
  /bin/sh /usr/src/rpm/BUILD/cpio-2.11/build-aux/install-sh -d /var/tmp/cpio-root/usr/lib ; \
fi ; \
if test -f /var/tmp/cpio-root/usr/lib/charset.alias; then \
  sed -f ref-add.sed /var/tmp/cpio-root/usr/lib/charset.alias > /var/tmp/cpio-root/usr/lib/charset.tmp ; \
  /usr/bin/install -c -m 644 /var/tmp/cpio-root/usr/lib/charset.tmp /var/tmp/cpio-root/usr/lib/charset.alias ; \
  rm -f /var/tmp/cpio-root/usr/lib/charset.tmp ; \
else \
  if $need_charset_alias; then \
    sed -f ref-add.sed charset.alias > /var/tmp/cpio-root/usr/lib/charset.tmp ; \
    /usr/bin/install -c -m 644 /var/tmp/cpio-root/usr/lib/charset.tmp /var/tmp/cpio-root/usr/lib/charset.alias ; \
    rm -f /var/tmp/cpio-root/usr/lib/charset.tmp ; \
  fi ; \
fi
make[4]: Nothing to be done for `install-data-am'.
make[4]: Leaving directory `/usr/src/rpm/BUILD/cpio-2.11/gnu'
make[3]: Leaving directory `/usr/src/rpm/BUILD/cpio-2.11/gnu'
make[2]: Leaving directory `/usr/src/rpm/BUILD/cpio-2.11/gnu'
make[1]: Leaving directory `/usr/src/rpm/BUILD/cpio-2.11/gnu'
Making install in lib
make[1]: Entering directory `/usr/src/rpm/BUILD/cpio-2.11/lib'
make  install-am
make[2]: Entering directory `/usr/src/rpm/BUILD/cpio-2.11/lib'
make[3]: Entering directory `/usr/src/rpm/BUILD/cpio-2.11/lib'
make[3]: Nothing to be done for `install-exec-am'.
make[3]: Nothing to be done for `install-data-am'.
make[3]: Leaving directory `/usr/src/rpm/BUILD/cpio-2.11/lib'
make[2]: Leaving directory `/usr/src/rpm/BUILD/cpio-2.11/lib'
make[1]: Leaving directory `/usr/src/rpm/BUILD/cpio-2.11/lib'
Making install in rmt
make[1]: Entering directory `/usr/src/rpm/BUILD/cpio-2.11/rmt'
make[2]: Entering directory `/usr/src/rpm/BUILD/cpio-2.11/rmt'
make[2]: Nothing to be done for `install-exec-am'.
test -z "/usr/lib64/cpio" || /bin/mkdir -p "/var/tmp/cpio-root/usr/lib64/cpio"
  /usr/bin/install -c rmt '/var/tmp/cpio-root/usr/lib64/cpio'
make[2]: Leaving directory `/usr/src/rpm/BUILD/cpio-2.11/rmt'
make[1]: Leaving directory `/usr/src/rpm/BUILD/cpio-2.11/rmt'
Making install in src
make[1]: Entering directory `/usr/src/rpm/BUILD/cpio-2.11/src'
make[2]: Entering directory `/usr/src/rpm/BUILD/cpio-2.11/src'
test -z "/usr/bin" || /bin/mkdir -p "/var/tmp/cpio-root/usr/bin"
  /usr/bin/install -c cpio '/var/tmp/cpio-root/usr/bin'
make[2]: Nothing to be done for `install-data-am'.
make[2]: Leaving directory `/usr/src/rpm/BUILD/cpio-2.11/src'
make[1]: Leaving directory `/usr/src/rpm/BUILD/cpio-2.11/src'
Making install in po
make[1]: Entering directory `/usr/src/rpm/BUILD/cpio-2.11/po'
/bin/mkdir -p /var/tmp/cpio-root/usr/share
installing da.gmo as /var/tmp/cpio-root/usr/share/locale/da/LC_MESSAGES/cpio.mo
installing de.gmo as /var/tmp/cpio-root/usr/share/locale/de/LC_MESSAGES/cpio.mo
installing es.gmo as /var/tmp/cpio-root/usr/share/locale/es/LC_MESSAGES/cpio.mo
installing fi.gmo as /var/tmp/cpio-root/usr/share/locale/fi/LC_MESSAGES/cpio.mo
installing fr.gmo as /var/tmp/cpio-root/usr/share/locale/fr/LC_MESSAGES/cpio.mo
installing ga.gmo as /var/tmp/cpio-root/usr/share/locale/ga/LC_MESSAGES/cpio.mo
installing gl.gmo as /var/tmp/cpio-root/usr/share/locale/gl/LC_MESSAGES/cpio.mo
installing hu.gmo as /var/tmp/cpio-root/usr/share/locale/hu/LC_MESSAGES/cpio.mo
installing id.gmo as /var/tmp/cpio-root/usr/share/locale/id/LC_MESSAGES/cpio.mo
installing ko.gmo as /var/tmp/cpio-root/usr/share/locale/ko/LC_MESSAGES/cpio.mo
installing nl.gmo as /var/tmp/cpio-root/usr/share/locale/nl/LC_MESSAGES/cpio.mo
installing pl.gmo as /var/tmp/cpio-root/usr/share/locale/pl/LC_MESSAGES/cpio.mo
installing pt_BR.gmo as /var/tmp/cpio-root/usr/share/locale/pt_BR/LC_MESSAGES/cpio.mo
installing ro.gmo as /var/tmp/cpio-root/usr/share/locale/ro/LC_MESSAGES/cpio.mo
installing ru.gmo as /var/tmp/cpio-root/usr/share/locale/ru/LC_MESSAGES/cpio.mo
installing sv.gmo as /var/tmp/cpio-root/usr/share/locale/sv/LC_MESSAGES/cpio.mo
installing tr.gmo as /var/tmp/cpio-root/usr/share/locale/tr/LC_MESSAGES/cpio.mo
installing uk.gmo as /var/tmp/cpio-root/usr/share/locale/uk/LC_MESSAGES/cpio.mo
installing vi.gmo as /var/tmp/cpio-root/usr/share/locale/vi/LC_MESSAGES/cpio.mo
installing zh_CN.gmo as /var/tmp/cpio-root/usr/share/locale/zh_CN/LC_MESSAGES/cpio.mo
installing zh_TW.gmo as /var/tmp/cpio-root/usr/share/locale/zh_TW/LC_MESSAGES/cpio.mo
if test "cpio" = "gettext-tools"; then \
  /bin/mkdir -p /var/tmp/cpio-root/usr/share/gettext/po; \
  for file in Makefile.in.in remove-potcdate.sin quot.sed boldquot.sed en@quot.header en@boldquot.header insert-header.sin Rules-quot   Makevars.template; do \
    /usr/bin/install -c -m 644 ./$file \
		    /var/tmp/cpio-root/usr/share/gettext/po/$file; \
  done; \
  for file in Makevars; do \
    rm -f /var/tmp/cpio-root/usr/share/gettext/po/$file; \
  done; \
else \
  : ; \
fi
make[1]: Leaving directory `/usr/src/rpm/BUILD/cpio-2.11/po'
Making install in tests
make[1]: Entering directory `/usr/src/rpm/BUILD/cpio-2.11/tests'
make[2]: Entering directory `/usr/src/rpm/BUILD/cpio-2.11/tests'
make[2]: Nothing to be done for `install-exec-am'.
make[2]: Nothing to be done for `install-data-am'.
make[2]: Leaving directory `/usr/src/rpm/BUILD/cpio-2.11/tests'
make[1]: Leaving directory `/usr/src/rpm/BUILD/cpio-2.11/tests'
make[1]: Entering directory `/usr/src/rpm/BUILD/cpio-2.11'
make[2]: Entering directory `/usr/src/rpm/BUILD/cpio-2.11'
make[2]: Nothing to be done for `install-exec-am'.
make[2]: Nothing to be done for `install-data-am'.
make[2]: Leaving directory `/usr/src/rpm/BUILD/cpio-2.11'
make[1]: Leaving directory `/usr/src/rpm/BUILD/cpio-2.11'
+ rm -f /var/tmp/cpio-root/usr/share/info/dir
+ /usr/lib/rpm/find-lang.sh /var/tmp/cpio-root cpio
+ /usr/lib/rpm/compress_man.sh /var/tmp/cpio-root
+ /usr/lib/rpm/strip.sh /var/tmp/cpio-root
+ exit 0
Processing files: cpio-2.11-2.x86_64
Requires(interp): /bin/sh /bin/sh
Requires(post): /bin/sh /usr/bin/install-info
Requires(preun): /bin/sh /usr/bin/install-info
Requires: /usr/bin/install-info /usr/bin/install-info libc.so.6()(64bit) libc.so.6(GLIBC_2.2.5)(64bit) libc.so.6(GLIBC_2.3)(64bit) libc.so.6(GLIBC_2.4)(64bit) libc.so.6(GLIBC_2.6)(64bit) librt.so.1()(64bit) librt.so.1(GLIBC_2.2.5)(64bit)
Checking for unpackaged file(s): /usr/lib/rpm/check-files /var/tmp/cpio-root
Wrote: /usr/src/rpm/SRPMS/cpio-2.11-2.src.rpm
Wrote: /usr/src/rpm/RPMS/x86_64/cpio-2.11-2.x86_64.rpm
Executing(%clean): /bin/sh -e /var/tmp/rpm-tmp.18512
+ umask 022
+ cd /usr/src/rpm/BUILD
+ cd cpio-2.11
+ /bin/rm -rf /var/tmp/cpio-root
