Fetching(Source0): http://ftp.gnu.org/gnu/gawk/gawk-4.0.0.tar.bz2
Executing(%prep): /bin/sh -e /var/tmp/rpm-tmp.55670
+ umask 022
+ cd /usr/src/rpm/BUILD
+ cd /usr/src/rpm/BUILD
+ rm -rf gawk-4.0.0
+ /bin/bzip2 -dc /usr/src/rpm/SOURCES/gawk-4.0.0.tar.bz2
+ /bin/tar -xf -
+ STATUS=0
+ '[' 0 -ne 0 ']'
+ cd gawk-4.0.0
+ exit 0
Executing(%build): /bin/sh -e /var/tmp/rpm-tmp.55670
+ umask 022
+ cd /usr/src/rpm/BUILD
+ cd gawk-4.0.0
+ export 'CFLAGS=-Os -pipe'
+ CFLAGS='-Os -pipe'
+ ./configure --prefix=/usr --libexecdir=/usr/lib64
checking for a BSD-compatible install... ./install-sh -c
checking whether build environment is sane... yes
checking for a thread-safe mkdir -p... /bin/mkdir -p
checking for gawk... gawk
checking whether make sets $(MAKE)... yes
checking for style of include used by make... GNU
checking for gcc... gcc
checking whether the C compiler works... yes
checking for C compiler default output file name... a.out
checking for suffix of executables... 
checking whether we are cross compiling... no
checking for suffix of object files... o
checking whether we are using the GNU C compiler... yes
checking whether gcc accepts -g... yes
checking for gcc option to accept ISO C89... none needed
checking dependency style of gcc... gcc3
checking how to run the C preprocessor... gcc -E
checking for grep that handles long lines and -e... /bin/grep
checking for egrep... /bin/grep -E
checking for ANSI C header files... yes
checking for sys/types.h... yes
checking for sys/stat.h... yes
checking for stdlib.h... yes
checking for string.h... yes
checking for memory.h... yes
checking for strings.h... yes
checking for inttypes.h... yes
checking for stdint.h... yes
checking for unistd.h... yes
checking minix/config.h usability... no
checking minix/config.h presence... no
checking for minix/config.h... no
checking whether it is safe to define __EXTENSIONS__... yes
checking for egrep... (cached) /bin/grep -E
checking for bison... bison -y
checking whether ln -s works... yes
checking for gcc... (cached) gcc
checking whether we are using the GNU C compiler... (cached) yes
checking whether gcc accepts -g... (cached) yes
checking for gcc option to accept ISO C89... (cached) none needed
checking dependency style of gcc... (cached) gcc3
checking how to run the C preprocessor... gcc -E
checking whether make sets $(MAKE)... (cached) yes
checking for special development options... no
checking for z/OS USS compilation... no
checking for strerror in -lcposix... no
checking for special C compiler options needed for large files... no
checking for _FILE_OFFSET_BITS value needed for large files... no
checking for AIX compilation hacks... no
checking for Linux/Alpha compilation hacks... no
checking for function prototypes... yes
checking for string.h... (cached) yes
checking whether NLS is requested... yes
checking for msgfmt... /usr/bin/msgfmt
checking for gmsgfmt... /usr/bin/msgfmt
checking for xgettext... /usr/bin/xgettext
checking for msgmerge... /usr/bin/msgmerge
checking build system type... x86_64-unknown-linux-gnu
checking host system type... x86_64-unknown-linux-gnu
checking for ld used by GCC... /usr/bin/ld
checking if the linker (/usr/bin/ld) is GNU ld... yes
checking for shared library run path origin... done
checking for CFPreferencesCopyAppValue... no
checking for CFLocaleCopyCurrent... no
checking for GNU gettext in libc... yes
checking whether to use NLS... yes
checking where the gettext function comes from... libc
checking for nl_langinfo and CODESET... yes
checking for LC_MESSAGES... yes
checking for ANSI C header files... (cached) yes
checking for sys/wait.h that is POSIX.1 compatible... yes
checking whether time.h and sys/time.h may both be included... yes
checking arpa/inet.h usability... yes
checking arpa/inet.h presence... yes
checking for arpa/inet.h... yes
checking fcntl.h usability... yes
checking fcntl.h presence... yes
checking for fcntl.h... yes
checking limits.h usability... yes
checking limits.h presence... yes
checking for limits.h... yes
checking locale.h usability... yes
checking locale.h presence... yes
checking for locale.h... yes
checking libintl.h usability... yes
checking libintl.h presence... yes
checking for libintl.h... yes
checking mcheck.h usability... yes
checking mcheck.h presence... yes
checking for mcheck.h... yes
checking netdb.h usability... yes
checking netdb.h presence... yes
checking for netdb.h... yes
checking netinet/in.h usability... yes
checking netinet/in.h presence... yes
checking for netinet/in.h... yes
checking stdarg.h usability... yes
checking stdarg.h presence... yes
checking for stdarg.h... yes
checking stddef.h usability... yes
checking stddef.h presence... yes
checking for stddef.h... yes
checking for string.h... (cached) yes
checking sys/param.h usability... yes
checking sys/param.h presence... yes
checking for sys/param.h... yes
checking sys/socket.h usability... yes
checking sys/socket.h presence... yes
checking for sys/socket.h... yes
checking sys/time.h usability... yes
checking sys/time.h presence... yes
checking for sys/time.h... yes
checking for unistd.h... (cached) yes
checking termios.h usability... yes
checking termios.h presence... yes
checking for termios.h... yes
checking stropts.h usability... yes
checking stropts.h presence... yes
checking for stropts.h... yes
checking wchar.h usability... yes
checking wchar.h presence... yes
checking for wchar.h... yes
checking wctype.h usability... yes
checking wctype.h presence... yes
checking for wctype.h... yes
checking for memory.h... (cached) yes
checking for pid_t... yes
checking return type of signal handlers... void
checking for size_t... yes
checking for uid_t in sys/types.h... yes
checking type of array argument to getgroups... gid_t
checking for long long int... yes
checking for unsigned long long int... yes
checking for inttypes.h... yes
checking for stdint.h... yes
checking for ssize_t... yes
checking size of unsigned int... 4
checking size of unsigned long... 8
checking for socklen_t... yes
checking for vprintf... yes
checking for _doprnt... no
checking for sys/time.h... (cached) yes
checking for unistd.h... (cached) yes
checking for alarm... yes
checking for working mktime... yes
checking for getaddrinfo... yes
checking for fmod in -lm... yes
checking for isinf in -lm... yes
checking for ismod in -lm... no
checking for libsigsegv... no, consider installing GNU libsigsegv
checking for atexit... yes
checking for btowc... yes
checking for fmod... yes
checking for getgrent... yes
checking for getgroups... yes
checking for grantpt... yes
checking for isascii... yes
checking for iswctype... yes
checking for iswlower... yes
checking for iswupper... yes
checking for mbrlen... yes
checking for memcmp... yes
checking for memcpy... yes
checking for memcpy_ulong... no
checking for memmove... yes
checking for memset... yes
checking for memset_ulong... no
checking for mkstemp... yes
checking for setenv... yes
checking for setlocale... yes
checking for snprintf... yes
checking for strchr... yes
checking for strerror... yes
checking for strftime... yes
checking for strncasecmp... yes
checking for strcoll... yes
checking for strtod... yes
checking for strtoul... yes
checking for system... yes
checking for tmpfile... yes
checking for towlower... yes
checking for towupper... yes
checking for tzset... yes
checking for usleep... yes
checking for wcrtomb... yes
checking for wcscoll... yes
checking for wcscoll... (cached) yes
checking for wctype... yes
checking whether mbrtowc and mbstate_t are properly declared... yes
checking dlfcn.h usability... yes
checking dlfcn.h presence... yes
checking for dlfcn.h... yes
checking for library containing dlopen... -ldl
checking whether getpgrp requires zero arguments... yes
checking for printf %F format... yes
checking for gethostbyname... yes
checking for connect... yes
checking where to find the socket library calls... the standard library
checking whether readline via "-lreadline" is present and sane... no
checking whether readline via "-lreadline -ltermcap" is present and sane... no
checking whether readline via "-lreadline -lcurses" is present and sane... no
checking whether readline via "-lreadline -lncurses" is present and sane... no
checking for struct stat.st_blksize... yes
checking whether time.h and sys/time.h may both be included... (cached) yes
checking whether struct tm is in sys/time.h or time.h... time.h
checking for struct tm.tm_zone... yes
checking whether char is unsigned... no
checking for an ANSI C-conforming const... yes
checking for C/C++ restrict keyword... __restrict
checking for inline... inline
checking for preprocessor stringizing operator... yes
configure: creating ./config.status
config.status: creating Makefile
config.status: creating awklib/Makefile
config.status: creating doc/Makefile
config.status: creating po/Makefile.in
config.status: creating test/Makefile
config.status: creating config.h
config.status: executing depfiles commands
config.status: executing po-directories commands
config.status: creating po/POTFILES
config.status: creating po/Makefile
+ make -j24
make 'CFLAGS=-Os -pipe' 'LDFLAGS=-export-dynamic' all-recursive
make[1]: Entering directory `/usr/src/rpm/BUILD/gawk-4.0.0'
Making all in .
make[2]: Entering directory `/usr/src/rpm/BUILD/gawk-4.0.0'
gcc -DDEFPATH='".:/usr/share/awk"' -DHAVE_CONFIG_H -DGAWK -DLOCALEDIR='"/usr/share/locale"' -I.     -Os -pipe -MT array.o -MD -MP -MF .deps/array.Tpo -c -o array.o array.c
gcc -DDEFPATH='".:/usr/share/awk"' -DHAVE_CONFIG_H -DGAWK -DLOCALEDIR='"/usr/share/locale"' -I.     -Os -pipe -MT awkgram.o -MD -MP -MF .deps/awkgram.Tpo -c -o awkgram.o awkgram.c
gcc -DDEFPATH='".:/usr/share/awk"' -DHAVE_CONFIG_H -DGAWK -DLOCALEDIR='"/usr/share/locale"' -I.     -Os -pipe -MT builtin.o -MD -MP -MF .deps/builtin.Tpo -c -o builtin.o builtin.c
gcc -DDEFPATH='".:/usr/share/awk"' -DHAVE_CONFIG_H -DGAWK -DLOCALEDIR='"/usr/share/locale"' -I.     -Os -pipe -MT dfa.o -MD -MP -MF .deps/dfa.Tpo -c -o dfa.o dfa.c
gcc -DDEFPATH='".:/usr/share/awk"' -DHAVE_CONFIG_H -DGAWK -DLOCALEDIR='"/usr/share/locale"' -I.     -Os -pipe -MT ext.o -MD -MP -MF .deps/ext.Tpo -c -o ext.o ext.c
gcc -DDEFPATH='".:/usr/share/awk"' -DHAVE_CONFIG_H -DGAWK -DLOCALEDIR='"/usr/share/locale"' -I.     -Os -pipe -MT field.o -MD -MP -MF .deps/field.Tpo -c -o field.o field.c
gcc -DDEFPATH='".:/usr/share/awk"' -DHAVE_CONFIG_H -DGAWK -DLOCALEDIR='"/usr/share/locale"' -I.     -Os -pipe -MT floatcomp.o -MD -MP -MF .deps/floatcomp.Tpo -c -o floatcomp.o floatcomp.c
gcc -DDEFPATH='".:/usr/share/awk"' -DHAVE_CONFIG_H -DGAWK -DLOCALEDIR='"/usr/share/locale"' -I.     -Os -pipe -MT gawkmisc.o -MD -MP -MF .deps/gawkmisc.Tpo -c -o gawkmisc.o gawkmisc.c
gcc -DDEFPATH='".:/usr/share/awk"' -DHAVE_CONFIG_H -DGAWK -DLOCALEDIR='"/usr/share/locale"' -I.     -Os -pipe -MT getopt.o -MD -MP -MF .deps/getopt.Tpo -c -o getopt.o getopt.c
gcc -DDEFPATH='".:/usr/share/awk"' -DHAVE_CONFIG_H -DGAWK -DLOCALEDIR='"/usr/share/locale"' -I.     -Os -pipe -MT getopt1.o -MD -MP -MF .deps/getopt1.Tpo -c -o getopt1.o getopt1.c
gcc -DDEFPATH='".:/usr/share/awk"' -DHAVE_CONFIG_H -DGAWK -DLOCALEDIR='"/usr/share/locale"' -I.     -Os -pipe -MT io.o -MD -MP -MF .deps/io.Tpo -c -o io.o io.c
gcc -DDEFPATH='".:/usr/share/awk"' -DHAVE_CONFIG_H -DGAWK -DLOCALEDIR='"/usr/share/locale"' -I.     -Os -pipe -MT main.o -MD -MP -MF .deps/main.Tpo -c -o main.o main.c
gcc -DDEFPATH='".:/usr/share/awk"' -DHAVE_CONFIG_H -DGAWK -DLOCALEDIR='"/usr/share/locale"' -I.     -Os -pipe -MT msg.o -MD -MP -MF .deps/msg.Tpo -c -o msg.o msg.c
gcc -DDEFPATH='".:/usr/share/awk"' -DHAVE_CONFIG_H -DGAWK -DLOCALEDIR='"/usr/share/locale"' -I.     -Os -pipe -MT node.o -MD -MP -MF .deps/node.Tpo -c -o node.o node.c
gcc -DDEFPATH='".:/usr/share/awk"' -DHAVE_CONFIG_H -DGAWK -DLOCALEDIR='"/usr/share/locale"' -I.     -Os -pipe -MT random.o -MD -MP -MF .deps/random.Tpo -c -o random.o random.c
gcc -DDEFPATH='".:/usr/share/awk"' -DHAVE_CONFIG_H -DGAWK -DLOCALEDIR='"/usr/share/locale"' -I.     -Os -pipe -MT re.o -MD -MP -MF .deps/re.Tpo -c -o re.o re.c
gcc -DDEFPATH='".:/usr/share/awk"' -DHAVE_CONFIG_H -DGAWK -DLOCALEDIR='"/usr/share/locale"' -I.     -Os -pipe -MT regex.o -MD -MP -MF .deps/regex.Tpo -c -o regex.o regex.c
gcc -DDEFPATH='".:/usr/share/awk"' -DHAVE_CONFIG_H -DGAWK -DLOCALEDIR='"/usr/share/locale"' -I.     -Os -pipe -MT replace.o -MD -MP -MF .deps/replace.Tpo -c -o replace.o replace.c
/bin/sh ./config.status --file=version.c:version.in
gcc -DDEFPATH='".:/usr/share/awk"' -DHAVE_CONFIG_H -DGAWK -DLOCALEDIR='"/usr/share/locale"' -I.     -Os -pipe -MT eval.o -MD -MP -MF .deps/eval.Tpo -c -o eval.o eval.c
gcc -DDEFPATH='".:/usr/share/awk"' -DHAVE_CONFIG_H -DGAWK -DLOCALEDIR='"/usr/share/locale"' -I.     -Os -pipe -MT profile.o -MD -MP -MF .deps/profile.Tpo -c -o profile.o profile.c
gcc -DDEFPATH='".:/usr/share/awk"' -DHAVE_CONFIG_H -DGAWK -DLOCALEDIR='"/usr/share/locale"' -I.     -Os -pipe -MT eval_p.o -MD -MP -MF .deps/eval_p.Tpo -c -o eval_p.o eval_p.c
gcc -DDEFPATH='".:/usr/share/awk"' -DHAVE_CONFIG_H -DGAWK -DLOCALEDIR='"/usr/share/locale"' -I.     -Os -pipe -MT profile_p.o -MD -MP -MF .deps/profile_p.Tpo -c -o profile_p.o profile_p.c
gcc -DDEFPATH='".:/usr/share/awk"' -DHAVE_CONFIG_H -DGAWK -DLOCALEDIR='"/usr/share/locale"' -I.     -Os -pipe -MT eval_d.o -MD -MP -MF .deps/eval_d.Tpo -c -o eval_d.o eval_d.c
mv -f .deps/getopt.Tpo .deps/getopt.Po
mv -f .deps/getopt1.Tpo .deps/getopt1.Po
gcc -DDEFPATH='".:/usr/share/awk"' -DHAVE_CONFIG_H -DGAWK -DLOCALEDIR='"/usr/share/locale"' -I.     -Os -pipe -MT command.o -MD -MP -MF .deps/command.Tpo -c -o command.o command.c
gcc -DDEFPATH='".:/usr/share/awk"' -DHAVE_CONFIG_H -DGAWK -DLOCALEDIR='"/usr/share/locale"' -I.     -Os -pipe -MT debug.o -MD -MP -MF .deps/debug.Tpo -c -o debug.o debug.c
mv -f .deps/replace.Tpo .deps/replace.Po
config.status: creating version.c
mv -f .deps/floatcomp.Tpo .deps/floatcomp.Po
mv -f .deps/random.Tpo .deps/random.Po
gcc -DDEFPATH='".:/usr/share/awk"' -DHAVE_CONFIG_H -DGAWK -DLOCALEDIR='"/usr/share/locale"' -I.     -Os -pipe -MT version.o -MD -MP -MF .deps/version.Tpo -c -o version.o version.c
mv -f .deps/msg.Tpo .deps/msg.Po
mv -f .deps/version.Tpo .deps/version.Po
mv -f .deps/gawkmisc.Tpo .deps/gawkmisc.Po
mv -f .deps/ext.Tpo .deps/ext.Po
mv -f .deps/re.Tpo .deps/re.Po
mv -f .deps/node.Tpo .deps/node.Po
mv -f .deps/main.Tpo .deps/main.Po
mv -f .deps/array.Tpo .deps/array.Po
mv -f .deps/field.Tpo .deps/field.Po
mv -f .deps/profile.Tpo .deps/profile.Po
mv -f .deps/profile_p.Tpo .deps/profile_p.Po
mv -f .deps/command.Tpo .deps/command.Po
mv -f .deps/io.Tpo .deps/io.Po
mv -f .deps/eval.Tpo .deps/eval.Po
mv -f .deps/eval_p.Tpo .deps/eval_p.Po
mv -f .deps/dfa.Tpo .deps/dfa.Po
mv -f .deps/eval_d.Tpo .deps/eval_d.Po
mv -f .deps/builtin.Tpo .deps/builtin.Po
mv -f .deps/debug.Tpo .deps/debug.Po
mv -f .deps/awkgram.Tpo .deps/awkgram.Po
mv -f .deps/regex.Tpo .deps/regex.Po
gcc  -Os -pipe  -export-dynamic -o gawk array.o awkgram.o builtin.o dfa.o ext.o field.o floatcomp.o gawkmisc.o getopt.o getopt1.o io.o main.o msg.o node.o random.o re.o regex.o replace.o version.o eval.o profile.o    -ldl -lm -lm 
gcc  -Os -pipe  -export-dynamic -o pgawk array.o awkgram.o builtin.o dfa.o ext.o field.o floatcomp.o gawkmisc.o getopt.o getopt1.o io.o main.o msg.o node.o random.o re.o regex.o replace.o version.o eval_p.o profile_p.o    -ldl -lm -lm 
gcc  -Os -pipe  -export-dynamic -o dgawk array.o awkgram.o builtin.o dfa.o ext.o field.o floatcomp.o gawkmisc.o getopt.o getopt1.o io.o main.o msg.o node.o random.o re.o regex.o replace.o version.o eval_d.o profile.o command.o debug.o     -ldl -lm -lm 
make[2]: Leaving directory `/usr/src/rpm/BUILD/gawk-4.0.0'
Making all in awklib
make[2]: Entering directory `/usr/src/rpm/BUILD/gawk-4.0.0/awklib'
gcc -DHAVE_CONFIG_H -I. -I..  -I.. -I..   -Os -pipe ./eg/lib/pwcat.c -export-dynamic -o pwcat
gcc -DHAVE_CONFIG_H -I. -I..  -I.. -I..   -Os -pipe ./eg/lib/grcat.c -export-dynamic -o grcat
cp ./eg/prog/igawk.sh igawk ; chmod 755 igawk
sed 's;/usr/local/libexec/awk;/usr/lib64/awk;' < ./eg/lib/passwdawk.in > passwd.awk
sed 's;/usr/local/libexec/awk;/usr/lib64/awk;' < ./eg/lib/groupawk.in > group.awk
make[2]: Leaving directory `/usr/src/rpm/BUILD/gawk-4.0.0/awklib'
Making all in doc
make[2]: Entering directory `/usr/src/rpm/BUILD/gawk-4.0.0/doc'
make[2]: Nothing to be done for `all'.
make[2]: Leaving directory `/usr/src/rpm/BUILD/gawk-4.0.0/doc'
Making all in po
make[2]: Entering directory `/usr/src/rpm/BUILD/gawk-4.0.0/po'
make[2]: Leaving directory `/usr/src/rpm/BUILD/gawk-4.0.0/po'
Making all in test
make[2]: Entering directory `/usr/src/rpm/BUILD/gawk-4.0.0/test'
make[2]: Nothing to be done for `all'.
make[2]: Leaving directory `/usr/src/rpm/BUILD/gawk-4.0.0/test'
make[1]: Leaving directory `/usr/src/rpm/BUILD/gawk-4.0.0'
+ make check
Making check in .
make[1]: Entering directory `/usr/src/rpm/BUILD/gawk-4.0.0'
make 'CFLAGS=-Os -pipe' 'LDFLAGS=-export-dynamic' check-local
make[2]: Entering directory `/usr/src/rpm/BUILD/gawk-4.0.0'
make[2]: Leaving directory `/usr/src/rpm/BUILD/gawk-4.0.0'
make[1]: Leaving directory `/usr/src/rpm/BUILD/gawk-4.0.0'
Making check in awklib
make[1]: Entering directory `/usr/src/rpm/BUILD/gawk-4.0.0/awklib'
make[1]: Nothing to be done for `check'.
make[1]: Leaving directory `/usr/src/rpm/BUILD/gawk-4.0.0/awklib'
Making check in doc
make[1]: Entering directory `/usr/src/rpm/BUILD/gawk-4.0.0/doc'
make[1]: Nothing to be done for `check'.
make[1]: Leaving directory `/usr/src/rpm/BUILD/gawk-4.0.0/doc'
Making check in po
make[1]: Entering directory `/usr/src/rpm/BUILD/gawk-4.0.0/po'
make[1]: Leaving directory `/usr/src/rpm/BUILD/gawk-4.0.0/po'
Making check in test
make[1]: Entering directory `/usr/src/rpm/BUILD/gawk-4.0.0/test'

Any output from "cmp" is bad news, although some differences
in floating point values are probably benign -- in particular,
some systems may omit a leading zero and the floating point
precision may lead to slightly different output in a few cases.

Locale environment:
	LC_ALL="C" LANG="C"

======== Starting basic tests ========
addcomma
anchgsub
argarray
arrayparm
arrayprm2
arrayprm3
arrayref
arrymem1
arryref2
arryref3
arryref4
arryref5
arynasty
arynocls
aryprm1
aryprm2
aryprm3
aryprm4
aryprm5
aryprm6
aryprm7
aryprm8
arysubnm
asgext
awkpath
back89
backgsub
childin
clobber
closebad
clsflnam
compare
compare2
concat1
concat2
concat3
concat4
convfmt
datanonl
defref
delargv
delarpm2
delarprm
delfunc
dfastress
dynlj
eofsplit
exitval1
exitval2
fcall_exit
fcall_exit2
fldchg
fldchgnf
fnamedat
fnarray
fnarray2
fnaryscl
fnasgnm
fnmisc
fordel
forref
forsimp
fsbs
fsrs
fsspcoln
fstabplus
funsemnl
funsmnam
funstack
getline
getline2
getline3
getlnbuf
getnr2tb
getnr2tm
gsubasgn
gsubtest
gsubtst2
gsubtst3
gsubtst4
gsubtst5
gsubtst6
hex
hsprint
inputred
intest
intprec
iobug1
leaddig
leadnl
litoct
longsub
longwrds
manglprm
math
membug1
messages
minusstr
mmap8k
mtchi18n
nasty
nasty2
negexp
negrange
nested
nfldstr
nfneg
nfset
nlfldsep
nlinstr
nlstrina
noeffect
nofile
nofmtch
noloop1
noloop2
nonl
noparms
nors
nulrsend
numindex
numsubstr
octsub
ofmt
ofmta
ofmtbig
ofmtfidl
ofmts
onlynl
opasnidx
opasnslf
paramdup
paramres
paramtyp
parse1
parsefld
parseme
pcntplus
posix2008sub
prdupval
prec
printf0
printf1
prmarscl
prmreuse
prt1eval
prtoeval
rand
range1
rebt8b1
redfilnm
regeq
regrange
reindops
reparse
resplit
rs
rsnul1nl
rsnulbig
rsnulbig2
rstest1
rstest2
rstest3
rstest4
rstest5
rswhite
scalar
sclforin
sclifin
sortempty
splitargv
splitarr
splitdef
splitvar
splitwht
strcat1
strnum1
strtod
subamp
subi18n
subsepnm
subslash
substr
swaplns
synerr1
synerr2
tradanch
tweakfld
uninit2
uninit3
uninit4
uninit5
uninitialized
unterm
uparrfs
wideidx
wideidx2
widesub
widesub2
widesub3
widesub4
wjposer1
zero2
zeroe0
zeroflag
======== Done with basic tests ========
======== Starting Unix tests ========
fflush
getlnhd
localenl
pid
pipeio1
pipeio2
poundbang
space
strftlng
======== Done with Unix tests ========
======== Starting gawk extension tests ========
aadelete1
aadelete2
aarray1
aasort
aasorti
argtest
arraysort
backw
badargs
beginfile1
binmode1
clos1way
delsub
devfd
devfd1
devfd2
dumpvars
exit
fieldwdth
fpat1
fpat2
fpatnull
fsfwfs
funlen
fwtest
fwtest2
gensub
gensub2
getlndir
gnuops2
gnuops3
gnureops
icasefs
icasers
igncdym
igncfs
ignrcas2
ignrcase
indirectcall
lint
lintold
lintwarn
manyfiles
match1
match2
match3
mbstr1
nastyparm
next
nondec
nondec2
patsplit
posix
printfbad1
printfbad2
procinfs
profile1
profile2
profile3
rebuf
regx8bit
reint
reint2
rsstart1
rsstart2
rsstart3
rstest6
shadow
sortfor
sortu
splitarg4
This test could fail on slow machines or on a minute boundary,
so if it does, double check the actual results:
strftime
strtonum
switch2
======== Done with gawk extension tests ========
======== Starting machine-specific tests ========
double1
double2
fmtspcl
intformat
======== Done with machine-specific tests ========
======== Starting tests that can vary based on character set or locale support ========
asort
asorti
fmttest
fnarydel
fnparydl
lc_num1
mbfw1
mbprintf1
mbprintf2
mbprintf3
rebt8b2
sort1
sprintfc
======== Done with tests that can vary based on character set or locale support ========
make[2]: Entering directory `/usr/src/rpm/BUILD/gawk-4.0.0/test'
ALL TESTS PASSED
make[2]: Leaving directory `/usr/src/rpm/BUILD/gawk-4.0.0/test'
make[1]: Leaving directory `/usr/src/rpm/BUILD/gawk-4.0.0/test'
+ exit 0
Executing(%install): /bin/sh -e /var/tmp/rpm-tmp.56706
+ umask 022
+ cd /usr/src/rpm/BUILD
+ /bin/rm -rf /var/tmp/gawk-root
+ /bin/mkdir -p /var/tmp/gawk-root
+ cd gawk-4.0.0
+ make DESTDIR=/var/tmp/gawk-root install
Making install in .
make[1]: Entering directory `/usr/src/rpm/BUILD/gawk-4.0.0'
make[2]: Entering directory `/usr/src/rpm/BUILD/gawk-4.0.0'
test -z "/usr/bin" || /bin/mkdir -p "/var/tmp/gawk-root/usr/bin"
  ./install-sh -c gawk pgawk dgawk '/var/tmp/gawk-root/usr/bin'
make 'CFLAGS=-Os -pipe' 'LDFLAGS=-export-dynamic' install-exec-hook
make[3]: Entering directory `/usr/src/rpm/BUILD/gawk-4.0.0'
(cd /var/tmp/gawk-root/usr/bin; \
ln gawk gawk-4.0.0 2>/dev/null ; \
ln pgawk pgawk-4.0.0 2>/dev/null ; \
if [ ! -f awk ]; \
then	ln -s gawk awk; \
fi; exit 0)
make[3]: Leaving directory `/usr/src/rpm/BUILD/gawk-4.0.0'
make[2]: Nothing to be done for `install-data-am'.
make[2]: Leaving directory `/usr/src/rpm/BUILD/gawk-4.0.0'
make[1]: Leaving directory `/usr/src/rpm/BUILD/gawk-4.0.0'
Making install in awklib
make[1]: Entering directory `/usr/src/rpm/BUILD/gawk-4.0.0/awklib'
make[2]: Entering directory `/usr/src/rpm/BUILD/gawk-4.0.0/awklib'
test -z "/usr/bin" || /bin/mkdir -p "/var/tmp/gawk-root/usr/bin"
 .././install-sh -c igawk '/var/tmp/gawk-root/usr/bin'
test -z "/usr/lib64/awk" || /bin/mkdir -p "/var/tmp/gawk-root/usr/lib64/awk"
  .././install-sh -c pwcat grcat '/var/tmp/gawk-root/usr/lib64/awk'
make  install-exec-hook
make[3]: Entering directory `/usr/src/rpm/BUILD/gawk-4.0.0/awklib'
/bin/sh ../mkinstalldirs /var/tmp/gawk-root/usr/share/awk
mkdir -p -- /var/tmp/gawk-root/usr/share/awk
for i in passwd.awk group.awk ./eg/lib/*.awk ; do \
	progname=`echo $i | sed 's;.*/;;'` ; \
	.././install-sh -c -m 644 $i /var/tmp/gawk-root/usr/share/awk/$progname ; \
done
make[3]: Leaving directory `/usr/src/rpm/BUILD/gawk-4.0.0/awklib'
make[2]: Nothing to be done for `install-data-am'.
make[2]: Leaving directory `/usr/src/rpm/BUILD/gawk-4.0.0/awklib'
make[1]: Leaving directory `/usr/src/rpm/BUILD/gawk-4.0.0/awklib'
Making install in doc
make[1]: Entering directory `/usr/src/rpm/BUILD/gawk-4.0.0/doc'
make[2]: Entering directory `/usr/src/rpm/BUILD/gawk-4.0.0/doc'
make[2]: Nothing to be done for `install-exec-am'.
test -z "/usr/share/info" || /bin/mkdir -p "/var/tmp/gawk-root/usr/share/info"
 .././install-sh -c -m 644 ./gawk.info ./gawkinet.info '/var/tmp/gawk-root/usr/share/info'
 install-info --info-dir='/var/tmp/gawk-root/usr/share/info' '/var/tmp/gawk-root/usr/share/info/gawk.info'
 install-info --info-dir='/var/tmp/gawk-root/usr/share/info' '/var/tmp/gawk-root/usr/share/info/gawkinet.info'
test -z "/usr/share/man/man1" || /bin/mkdir -p "/var/tmp/gawk-root/usr/share/man/man1"
 .././install-sh -c -m 644 gawk.1 igawk.1 '/var/tmp/gawk-root/usr/share/man/man1'
make  install-data-hook
make[3]: Entering directory `/usr/src/rpm/BUILD/gawk-4.0.0/doc'
(cd /var/tmp/gawk-root/usr/share/man/man1; \
ln -f gawk.1 pgawk.1 2>/dev/null ; \
exit 0)
make[3]: Leaving directory `/usr/src/rpm/BUILD/gawk-4.0.0/doc'
make[2]: Leaving directory `/usr/src/rpm/BUILD/gawk-4.0.0/doc'
make[1]: Leaving directory `/usr/src/rpm/BUILD/gawk-4.0.0/doc'
Making install in po
make[1]: Entering directory `/usr/src/rpm/BUILD/gawk-4.0.0/po'
installing da.gmo as /var/tmp/gawk-root/usr/share/locale/da/LC_MESSAGES/gawk.mo
installing de.gmo as /var/tmp/gawk-root/usr/share/locale/de/LC_MESSAGES/gawk.mo
installing es.gmo as /var/tmp/gawk-root/usr/share/locale/es/LC_MESSAGES/gawk.mo
installing fi.gmo as /var/tmp/gawk-root/usr/share/locale/fi/LC_MESSAGES/gawk.mo
installing fr.gmo as /var/tmp/gawk-root/usr/share/locale/fr/LC_MESSAGES/gawk.mo
installing it.gmo as /var/tmp/gawk-root/usr/share/locale/it/LC_MESSAGES/gawk.mo
installing ja.gmo as /var/tmp/gawk-root/usr/share/locale/ja/LC_MESSAGES/gawk.mo
installing nl.gmo as /var/tmp/gawk-root/usr/share/locale/nl/LC_MESSAGES/gawk.mo
installing pl.gmo as /var/tmp/gawk-root/usr/share/locale/pl/LC_MESSAGES/gawk.mo
installing sv.gmo as /var/tmp/gawk-root/usr/share/locale/sv/LC_MESSAGES/gawk.mo
if test "gawk" = "gettext-tools"; then \
  /bin/mkdir -p /var/tmp/gawk-root/usr/share/gettext/po; \
  for file in Makefile.in.in remove-potcdate.sin quot.sed boldquot.sed en@quot.header en@boldquot.header insert-header.sin Rules-quot   Makevars.template; do \
    .././install-sh -c -m 644 ./$file \
		    /var/tmp/gawk-root/usr/share/gettext/po/$file; \
  done; \
  for file in Makevars; do \
    rm -f /var/tmp/gawk-root/usr/share/gettext/po/$file; \
  done; \
else \
  : ; \
fi
make[1]: Leaving directory `/usr/src/rpm/BUILD/gawk-4.0.0/po'
Making install in test
make[1]: Entering directory `/usr/src/rpm/BUILD/gawk-4.0.0/test'
make[2]: Entering directory `/usr/src/rpm/BUILD/gawk-4.0.0/test'
make[2]: Nothing to be done for `install-exec-am'.
make[2]: Nothing to be done for `install-data-am'.
make[2]: Leaving directory `/usr/src/rpm/BUILD/gawk-4.0.0/test'
make[1]: Leaving directory `/usr/src/rpm/BUILD/gawk-4.0.0/test'
+ install -dv /var/tmp/gawk-root/bin
install: creating directory `/var/tmp/gawk-root/bin'
+ mv -v /var/tmp/gawk-root/usr/bin/gawk /var/tmp/gawk-root/bin
`/var/tmp/gawk-root/usr/bin/gawk' -> `/var/tmp/gawk-root/bin/gawk'
+ rm -v /var/tmp/gawk-root/usr/bin/awk
removed `/var/tmp/gawk-root/usr/bin/awk'
+ ln -sv gawk /var/tmp/gawk-root/bin/awk
`/var/tmp/gawk-root/bin/awk' -> `gawk'
+ rm -f /var/tmp/gawk-root/usr/share/info/dir
+ /usr/lib/rpm/compress_man.sh /var/tmp/gawk-root
removed `/var/tmp/gawk-root/usr/share/man/man1/pgawk.1'
`/var/tmp/gawk-root/usr/share/man/man1/pgawk.1' -> `gawk.1'
removed `/var/tmp/gawk-root/usr/share/man/man1/pgawk.1'
`/var/tmp/gawk-root/usr/share/man/man1/pgawk.1.bz2' -> `gawk.1.bz2'
+ /usr/lib/rpm/strip.sh /var/tmp/gawk-root
copy from `/var/tmp/gawk-root/bin/gawk' [elf64-x86-64] to `/var/tmp/gawk-root/bin/st6eiLFB' [elf64-x86-64]
copy from `/var/tmp/gawk-root/usr/lib64/awk/grcat' [elf64-x86-64] to `/var/tmp/gawk-root/usr/lib64/awk/st31jMuE' [elf64-x86-64]
copy from `/var/tmp/gawk-root/usr/lib64/awk/pwcat' [elf64-x86-64] to `/var/tmp/gawk-root/usr/lib64/awk/stCRt0rE' [elf64-x86-64]
copy from `/var/tmp/gawk-root/usr/bin/pgawk-4.0.0' [elf64-x86-64] to `/var/tmp/gawk-root/usr/bin/st00gAeH' [elf64-x86-64]
copy from `/var/tmp/gawk-root/usr/bin/gawk-4.0.0' [elf64-x86-64] to `/var/tmp/gawk-root/usr/bin/stDAJU5G' [elf64-x86-64]
copy from `/var/tmp/gawk-root/usr/bin/dgawk' [elf64-x86-64] to `/var/tmp/gawk-root/usr/bin/sta7ccxH' [elf64-x86-64]
copy from `/var/tmp/gawk-root/usr/bin/pgawk' [elf64-x86-64] to `/var/tmp/gawk-root/usr/bin/stN6b3nH' [elf64-x86-64]
+ /usr/lib/rpm/find-lang.sh /var/tmp/gawk-root gawk
+ exit 0
Processing files: gawk-4.0.0-1.x86_64
Requires(interp): /bin/sh /bin/sh
Requires(rpmlib): rpmlib(PartialHardlinkSets) <= 4.0.4-1
Requires(post): /bin/sh /usr/bin/install-info
Requires(preun): /bin/sh /usr/bin/install-info
Requires: /bin/sh /usr/bin/install-info /usr/bin/install-info libc.so.6()(64bit) libc.so.6(GLIBC_2.2.5)(64bit) libc.so.6(GLIBC_2.3)(64bit) libdl.so.2()(64bit) libdl.so.2(GLIBC_2.2.5)(64bit) libm.so.6()(64bit) libm.so.6(GLIBC_2.2.5)(64bit)
Checking for unpackaged file(s): /usr/lib/rpm/check-files /var/tmp/gawk-root
Wrote: /usr/src/rpm/SRPMS/gawk-4.0.0-1.src.rpm
Wrote: /usr/src/rpm/RPMS/x86_64/gawk-4.0.0-1.x86_64.rpm
Executing(%clean): /bin/sh -e /var/tmp/rpm-tmp.80219
+ umask 022
+ cd /usr/src/rpm/BUILD
+ cd gawk-4.0.0
+ /bin/rm -rf /var/tmp/gawk-root
