Executing(%prep): /bin/sh -e /var/tmp/rpm-tmp.8051
+ umask 022
+ cd /usr/src/rpm/BUILD
+ cd /usr/src/rpm/BUILD
+ rm -rf tcp_wrappers_7.6
+ /bin/gzip -dc /usr/src/rpm/SOURCES/tcp_wrappers_7.6.tar.gz
+ /bin/tar -xf -
+ STATUS=0
+ '[' 0 -ne 0 ']'
+ cd tcp_wrappers_7.6
+ echo 'Patch #0 (tcp_wrappers-7.6-shared_lib_plus_plus-1.patch):'
Patch #0 (tcp_wrappers-7.6-shared_lib_plus_plus-1.patch):
+ /bin/cat /usr/src/rpm/SOURCES/tcp_wrappers-7.6-shared_lib_plus_plus-1.patch
+ /usr/bin/patch -s -p1
+ exit 0
Executing(%build): /bin/sh -e /var/tmp/rpm-tmp.8051
+ umask 022
+ cd /usr/src/rpm/BUILD
+ cd tcp_wrappers_7.6
+ sed -i -e 's,^extern char \*malloc();,/* & */,' scaffold.c
+ sed -i s@/usr/lib@/usr/lib64@g Makefile
+ export LDFLAGS=-s
+ LDFLAGS=-s
+ make REAL_DAEMON_DIR=/usr/sbin STYLE=-DPROCESS_OPTIONS linux
make[1]: Entering directory `/usr/src/rpm/BUILD/tcp_wrappers_7.6'
gcc -O2 -DFACILITY=LOG_DAEMON	 -DHOSTS_ACCESS  -DNETGROUP    -DDAEMON_UMASK=022 -DREAL_DAEMON_DIR=\"/usr/sbin\" -DPROCESS_OPTIONS -DKILL_IP_OPTIONS -DSEVERITY=LOG_INFO	 -DRFC931_TIMEOUT=10  -DHOSTS_DENY=\"/etc/hosts.deny\" -DHOSTS_ALLOW=\"/etc/hosts.allow\"   -DSYS_ERRLIST_DEFINED -DHAVE_WEAKSYMS -D_REENTRANT    -o tcpd.o -c tcpd.c
gcc -O2 -DFACILITY=LOG_DAEMON	 -DHOSTS_ACCESS  -DNETGROUP    -DDAEMON_UMASK=022 -DREAL_DAEMON_DIR=\"/usr/sbin\" -DPROCESS_OPTIONS -DKILL_IP_OPTIONS -DSEVERITY=LOG_INFO	 -DRFC931_TIMEOUT=10  -DHOSTS_DENY=\"/etc/hosts.deny\" -DHOSTS_ALLOW=\"/etc/hosts.allow\"   -DSYS_ERRLIST_DEFINED -DHAVE_WEAKSYMS -D_REENTRANT    -fPIC -shared -D_REENTRANT -c hosts_access.c -o shared/hosts_access.o
gcc -O2 -DFACILITY=LOG_DAEMON	 -DHOSTS_ACCESS  -DNETGROUP    -DDAEMON_UMASK=022 -DREAL_DAEMON_DIR=\"/usr/sbin\" -DPROCESS_OPTIONS -DKILL_IP_OPTIONS -DSEVERITY=LOG_INFO	 -DRFC931_TIMEOUT=10  -DHOSTS_DENY=\"/etc/hosts.deny\" -DHOSTS_ALLOW=\"/etc/hosts.allow\"   -DSYS_ERRLIST_DEFINED -DHAVE_WEAKSYMS -D_REENTRANT    -fPIC -shared -D_REENTRANT -c options.c -o shared/options.o
options.c: In function 'twist_option':
options.c:394:13: warning: incompatible implicit declaration of built-in function 'execl'
gcc -O2 -DFACILITY=LOG_DAEMON	 -DHOSTS_ACCESS  -DNETGROUP    -DDAEMON_UMASK=022 -DREAL_DAEMON_DIR=\"/usr/sbin\" -DPROCESS_OPTIONS -DKILL_IP_OPTIONS -DSEVERITY=LOG_INFO	 -DRFC931_TIMEOUT=10  -DHOSTS_DENY=\"/etc/hosts.deny\" -DHOSTS_ALLOW=\"/etc/hosts.allow\"   -DSYS_ERRLIST_DEFINED -DHAVE_WEAKSYMS -D_REENTRANT    -fPIC -shared -D_REENTRANT -c shell_cmd.c -o shared/shell_cmd.o
shell_cmd.c: In function 'do_child':
shell_cmd.c:84:9: warning: incompatible implicit declaration of built-in function 'execl'
shell_cmd.c:91:5: warning: incompatible implicit declaration of built-in function '_exit'
gcc -O2 -DFACILITY=LOG_DAEMON	 -DHOSTS_ACCESS  -DNETGROUP    -DDAEMON_UMASK=022 -DREAL_DAEMON_DIR=\"/usr/sbin\" -DPROCESS_OPTIONS -DKILL_IP_OPTIONS -DSEVERITY=LOG_INFO	 -DRFC931_TIMEOUT=10  -DHOSTS_DENY=\"/etc/hosts.deny\" -DHOSTS_ALLOW=\"/etc/hosts.allow\"   -DSYS_ERRLIST_DEFINED -DHAVE_WEAKSYMS -D_REENTRANT    -fPIC -shared -D_REENTRANT -c rfc931.c -o shared/rfc931.o
gcc -O2 -DFACILITY=LOG_DAEMON	 -DHOSTS_ACCESS  -DNETGROUP    -DDAEMON_UMASK=022 -DREAL_DAEMON_DIR=\"/usr/sbin\" -DPROCESS_OPTIONS -DKILL_IP_OPTIONS -DSEVERITY=LOG_INFO	 -DRFC931_TIMEOUT=10  -DHOSTS_DENY=\"/etc/hosts.deny\" -DHOSTS_ALLOW=\"/etc/hosts.allow\"   -DSYS_ERRLIST_DEFINED -DHAVE_WEAKSYMS -D_REENTRANT    -fPIC -shared -D_REENTRANT -c eval.c -o shared/eval.o
gcc -O2 -DFACILITY=LOG_DAEMON	 -DHOSTS_ACCESS  -DNETGROUP    -DDAEMON_UMASK=022 -DREAL_DAEMON_DIR=\"/usr/sbin\" -DPROCESS_OPTIONS -DKILL_IP_OPTIONS -DSEVERITY=LOG_INFO	 -DRFC931_TIMEOUT=10  -DHOSTS_DENY=\"/etc/hosts.deny\" -DHOSTS_ALLOW=\"/etc/hosts.allow\"   -DSYS_ERRLIST_DEFINED -DHAVE_WEAKSYMS -D_REENTRANT    -fPIC -shared -D_REENTRANT -c hosts_ctl.c -o shared/hosts_ctl.o
gcc -O2 -DFACILITY=LOG_DAEMON	 -DHOSTS_ACCESS  -DNETGROUP    -DDAEMON_UMASK=022 -DREAL_DAEMON_DIR=\"/usr/sbin\" -DPROCESS_OPTIONS -DKILL_IP_OPTIONS -DSEVERITY=LOG_INFO	 -DRFC931_TIMEOUT=10  -DHOSTS_DENY=\"/etc/hosts.deny\" -DHOSTS_ALLOW=\"/etc/hosts.allow\"   -DSYS_ERRLIST_DEFINED -DHAVE_WEAKSYMS -D_REENTRANT    -fPIC -shared -D_REENTRANT -c refuse.c -o shared/refuse.o
gcc -O2 -DFACILITY=LOG_DAEMON	 -DHOSTS_ACCESS  -DNETGROUP    -DDAEMON_UMASK=022 -DREAL_DAEMON_DIR=\"/usr/sbin\" -DPROCESS_OPTIONS -DKILL_IP_OPTIONS -DSEVERITY=LOG_INFO	 -DRFC931_TIMEOUT=10  -DHOSTS_DENY=\"/etc/hosts.deny\" -DHOSTS_ALLOW=\"/etc/hosts.allow\"   -DSYS_ERRLIST_DEFINED -DHAVE_WEAKSYMS -D_REENTRANT    -fPIC -shared -D_REENTRANT -c percent_x.c -o shared/percent_x.o
gcc -O2 -DFACILITY=LOG_DAEMON	 -DHOSTS_ACCESS  -DNETGROUP    -DDAEMON_UMASK=022 -DREAL_DAEMON_DIR=\"/usr/sbin\" -DPROCESS_OPTIONS -DKILL_IP_OPTIONS -DSEVERITY=LOG_INFO	 -DRFC931_TIMEOUT=10  -DHOSTS_DENY=\"/etc/hosts.deny\" -DHOSTS_ALLOW=\"/etc/hosts.allow\"   -DSYS_ERRLIST_DEFINED -DHAVE_WEAKSYMS -D_REENTRANT    -fPIC -shared -D_REENTRANT -c clean_exit.c -o shared/clean_exit.o
gcc -O2 -DFACILITY=LOG_DAEMON	 -DHOSTS_ACCESS  -DNETGROUP    -DDAEMON_UMASK=022 -DREAL_DAEMON_DIR=\"/usr/sbin\" -DPROCESS_OPTIONS -DKILL_IP_OPTIONS -DSEVERITY=LOG_INFO	 -DRFC931_TIMEOUT=10  -DHOSTS_DENY=\"/etc/hosts.deny\" -DHOSTS_ALLOW=\"/etc/hosts.allow\"   -DSYS_ERRLIST_DEFINED -DHAVE_WEAKSYMS -D_REENTRANT    -fPIC -shared -D_REENTRANT -c weak_symbols.c -o shared/weak_symbols.o
gcc -O2 -DFACILITY=LOG_DAEMON	 -DHOSTS_ACCESS  -DNETGROUP    -DDAEMON_UMASK=022 -DREAL_DAEMON_DIR=\"/usr/sbin\" -DPROCESS_OPTIONS -DKILL_IP_OPTIONS -DSEVERITY=LOG_INFO	 -DRFC931_TIMEOUT=10  -DHOSTS_DENY=\"/etc/hosts.deny\" -DHOSTS_ALLOW=\"/etc/hosts.allow\"   -DSYS_ERRLIST_DEFINED -DHAVE_WEAKSYMS -D_REENTRANT    -fPIC -shared -D_REENTRANT -c fromhost.c -o shared/fromhost.o
gcc -O2 -DFACILITY=LOG_DAEMON	 -DHOSTS_ACCESS  -DNETGROUP    -DDAEMON_UMASK=022 -DREAL_DAEMON_DIR=\"/usr/sbin\" -DPROCESS_OPTIONS -DKILL_IP_OPTIONS -DSEVERITY=LOG_INFO	 -DRFC931_TIMEOUT=10  -DHOSTS_DENY=\"/etc/hosts.deny\" -DHOSTS_ALLOW=\"/etc/hosts.allow\"   -DSYS_ERRLIST_DEFINED -DHAVE_WEAKSYMS -D_REENTRANT    -fPIC -shared -D_REENTRANT -c fix_options.c -o shared/fix_options.o
fix_options.c: In function 'fix_options':
fix_options.c:55:5: warning: passing argument 5 of 'getsockopt' from incompatible pointer type
/usr/include/sys/socket.h:190:12: note: expected 'socklen_t * __restrict__' but argument is of type 'size_t *'
gcc -O2 -DFACILITY=LOG_DAEMON	 -DHOSTS_ACCESS  -DNETGROUP    -DDAEMON_UMASK=022 -DREAL_DAEMON_DIR=\"/usr/sbin\" -DPROCESS_OPTIONS -DKILL_IP_OPTIONS -DSEVERITY=LOG_INFO	 -DRFC931_TIMEOUT=10  -DHOSTS_DENY=\"/etc/hosts.deny\" -DHOSTS_ALLOW=\"/etc/hosts.allow\"   -DSYS_ERRLIST_DEFINED -DHAVE_WEAKSYMS -D_REENTRANT    -fPIC -shared -D_REENTRANT -c socket.c -o shared/socket.o
socket.c: In function 'sock_host':
socket.c:99:33: warning: passing argument 3 of 'getpeername' from incompatible pointer type
/usr/include/sys/socket.h:133:12: note: expected 'socklen_t * __restrict__' but argument is of type 'size_t *'
socket.c:103:16: warning: passing argument 6 of 'recvfrom' from incompatible pointer type
/usr/include/sys/socket.h:166:16: note: expected 'socklen_t * __restrict__' but argument is of type 'size_t *'
socket.c:120:33: warning: passing argument 3 of 'getsockname' from incompatible pointer type
/usr/include/sys/socket.h:119:12: note: expected 'socklen_t * __restrict__' but argument is of type 'size_t *'
socket.c: In function 'sock_sink':
socket.c:242:54: warning: passing argument 6 of 'recvfrom' from incompatible pointer type
/usr/include/sys/socket.h:166:16: note: expected 'socklen_t * __restrict__' but argument is of type 'size_t *'
gcc -O2 -DFACILITY=LOG_DAEMON	 -DHOSTS_ACCESS  -DNETGROUP    -DDAEMON_UMASK=022 -DREAL_DAEMON_DIR=\"/usr/sbin\" -DPROCESS_OPTIONS -DKILL_IP_OPTIONS -DSEVERITY=LOG_INFO	 -DRFC931_TIMEOUT=10  -DHOSTS_DENY=\"/etc/hosts.deny\" -DHOSTS_ALLOW=\"/etc/hosts.allow\"   -DSYS_ERRLIST_DEFINED -DHAVE_WEAKSYMS -D_REENTRANT    -fPIC -shared -D_REENTRANT -c tli.c -o shared/tli.o
gcc -O2 -DFACILITY=LOG_DAEMON	 -DHOSTS_ACCESS  -DNETGROUP    -DDAEMON_UMASK=022 -DREAL_DAEMON_DIR=\"/usr/sbin\" -DPROCESS_OPTIONS -DKILL_IP_OPTIONS -DSEVERITY=LOG_INFO	 -DRFC931_TIMEOUT=10  -DHOSTS_DENY=\"/etc/hosts.deny\" -DHOSTS_ALLOW=\"/etc/hosts.allow\"   -DSYS_ERRLIST_DEFINED -DHAVE_WEAKSYMS -D_REENTRANT    -fPIC -shared -D_REENTRANT -c workarounds.c -o shared/workarounds.o
gcc -O2 -DFACILITY=LOG_DAEMON	 -DHOSTS_ACCESS  -DNETGROUP    -DDAEMON_UMASK=022 -DREAL_DAEMON_DIR=\"/usr/sbin\" -DPROCESS_OPTIONS -DKILL_IP_OPTIONS -DSEVERITY=LOG_INFO	 -DRFC931_TIMEOUT=10  -DHOSTS_DENY=\"/etc/hosts.deny\" -DHOSTS_ALLOW=\"/etc/hosts.allow\"   -DSYS_ERRLIST_DEFINED -DHAVE_WEAKSYMS -D_REENTRANT    -fPIC -shared -D_REENTRANT -c update.c -o shared/update.o
gcc -O2 -DFACILITY=LOG_DAEMON	 -DHOSTS_ACCESS  -DNETGROUP    -DDAEMON_UMASK=022 -DREAL_DAEMON_DIR=\"/usr/sbin\" -DPROCESS_OPTIONS -DKILL_IP_OPTIONS -DSEVERITY=LOG_INFO	 -DRFC931_TIMEOUT=10  -DHOSTS_DENY=\"/etc/hosts.deny\" -DHOSTS_ALLOW=\"/etc/hosts.allow\"   -DSYS_ERRLIST_DEFINED -DHAVE_WEAKSYMS -D_REENTRANT    -fPIC -shared -D_REENTRANT -c misc.c -o shared/misc.o
gcc -O2 -DFACILITY=LOG_DAEMON	 -DHOSTS_ACCESS  -DNETGROUP    -DDAEMON_UMASK=022 -DREAL_DAEMON_DIR=\"/usr/sbin\" -DPROCESS_OPTIONS -DKILL_IP_OPTIONS -DSEVERITY=LOG_INFO	 -DRFC931_TIMEOUT=10  -DHOSTS_DENY=\"/etc/hosts.deny\" -DHOSTS_ALLOW=\"/etc/hosts.allow\"   -DSYS_ERRLIST_DEFINED -DHAVE_WEAKSYMS -D_REENTRANT    -fPIC -shared -D_REENTRANT -c diag.c -o shared/diag.o
gcc -O2 -DFACILITY=LOG_DAEMON	 -DHOSTS_ACCESS  -DNETGROUP    -DDAEMON_UMASK=022 -DREAL_DAEMON_DIR=\"/usr/sbin\" -DPROCESS_OPTIONS -DKILL_IP_OPTIONS -DSEVERITY=LOG_INFO	 -DRFC931_TIMEOUT=10  -DHOSTS_DENY=\"/etc/hosts.deny\" -DHOSTS_ALLOW=\"/etc/hosts.allow\"   -DSYS_ERRLIST_DEFINED -DHAVE_WEAKSYMS -D_REENTRANT    -fPIC -shared -D_REENTRANT -c percent_m.c -o shared/percent_m.o
gcc -O2 -DFACILITY=LOG_DAEMON	 -DHOSTS_ACCESS  -DNETGROUP    -DDAEMON_UMASK=022 -DREAL_DAEMON_DIR=\"/usr/sbin\" -DPROCESS_OPTIONS -DKILL_IP_OPTIONS -DSEVERITY=LOG_INFO	 -DRFC931_TIMEOUT=10  -DHOSTS_DENY=\"/etc/hosts.deny\" -DHOSTS_ALLOW=\"/etc/hosts.allow\"   -DSYS_ERRLIST_DEFINED -DHAVE_WEAKSYMS -D_REENTRANT    -fPIC -shared -D_REENTRANT -c myvsyslog.c -o shared/myvsyslog.o
rm -f shared/libwrap.so.0.7.6
gcc -o shared/libwrap.so.0.7.6 -shared -Xlinker -soname -Xlinker libwrap.so.0 -lc -lnsl shared/hosts_access.o shared/options.o shared/shell_cmd.o shared/rfc931.o shared/eval.o shared/hosts_ctl.o shared/refuse.o shared/percent_x.o shared/clean_exit.o shared/weak_symbols.o shared/fromhost.o shared/fix_options.o shared/socket.o shared/tli.o shared/workarounds.o shared/update.o shared/misc.o shared/diag.o shared/percent_m.o shared/myvsyslog.o;
ln -s libwrap.so.0.7.6 shared/libwrap.so.0
ln -s libwrap.so.0 shared/libwrap.so
gcc -O2 -DFACILITY=LOG_DAEMON	 -DHOSTS_ACCESS  -DNETGROUP    -DDAEMON_UMASK=022 -DREAL_DAEMON_DIR=\"/usr/sbin\" -DPROCESS_OPTIONS -DKILL_IP_OPTIONS -DSEVERITY=LOG_INFO	 -DRFC931_TIMEOUT=10  -DHOSTS_DENY=\"/etc/hosts.deny\" -DHOSTS_ALLOW=\"/etc/hosts.allow\"   -DSYS_ERRLIST_DEFINED -DHAVE_WEAKSYMS -D_REENTRANT    -o tcpd tcpd.o -Lshared -lwrap
gcc -O2 -DFACILITY=LOG_DAEMON	 -DHOSTS_ACCESS  -DNETGROUP    -DDAEMON_UMASK=022 -DREAL_DAEMON_DIR=\"/usr/sbin\" -DPROCESS_OPTIONS -DKILL_IP_OPTIONS -DSEVERITY=LOG_INFO	 -DRFC931_TIMEOUT=10  -DHOSTS_DENY=\"/etc/hosts.deny\" -DHOSTS_ALLOW=\"/etc/hosts.allow\"   -DSYS_ERRLIST_DEFINED -DHAVE_WEAKSYMS -D_REENTRANT    -o tcpdmatch.o -c tcpdmatch.c
tcpdmatch.c: In function 'main':
tcpdmatch.c:197:2: warning: incompatible implicit declaration of built-in function 'free'
tcpdmatch.c:252:5: warning: incompatible implicit declaration of built-in function 'free'
gcc -O2 -DFACILITY=LOG_DAEMON	 -DHOSTS_ACCESS  -DNETGROUP    -DDAEMON_UMASK=022 -DREAL_DAEMON_DIR=\"/usr/sbin\" -DPROCESS_OPTIONS -DKILL_IP_OPTIONS -DSEVERITY=LOG_INFO	 -DRFC931_TIMEOUT=10  -DHOSTS_DENY=\"/etc/hosts.deny\" -DHOSTS_ALLOW=\"/etc/hosts.allow\"   -DSYS_ERRLIST_DEFINED -DHAVE_WEAKSYMS -D_REENTRANT    -o fakelog.o -c fakelog.c
gcc -O2 -DFACILITY=LOG_DAEMON	 -DHOSTS_ACCESS  -DNETGROUP    -DDAEMON_UMASK=022 -DREAL_DAEMON_DIR=\"/usr/sbin\" -DPROCESS_OPTIONS -DKILL_IP_OPTIONS -DSEVERITY=LOG_INFO	 -DRFC931_TIMEOUT=10  -DHOSTS_DENY=\"/etc/hosts.deny\" -DHOSTS_ALLOW=\"/etc/hosts.allow\"   -DSYS_ERRLIST_DEFINED -DHAVE_WEAKSYMS -D_REENTRANT    -o inetcf.o -c inetcf.c
gcc -O2 -DFACILITY=LOG_DAEMON	 -DHOSTS_ACCESS  -DNETGROUP    -DDAEMON_UMASK=022 -DREAL_DAEMON_DIR=\"/usr/sbin\" -DPROCESS_OPTIONS -DKILL_IP_OPTIONS -DSEVERITY=LOG_INFO	 -DRFC931_TIMEOUT=10  -DHOSTS_DENY=\"/etc/hosts.deny\" -DHOSTS_ALLOW=\"/etc/hosts.allow\"   -DSYS_ERRLIST_DEFINED -DHAVE_WEAKSYMS -D_REENTRANT    -o scaffold.o -c scaffold.c
scaffold.c: In function 'dup_hostent':
scaffold.c:62:2: warning: incompatible implicit declaration of built-in function 'exit'
scaffold.c: In function 'check_dns':
scaffold.c:154:5: warning: incompatible implicit declaration of built-in function 'free'
scaffold.c: In function 'clean_exit':
scaffold.c:176:5: warning: incompatible implicit declaration of built-in function 'exit'
gcc -O2 -DFACILITY=LOG_DAEMON	 -DHOSTS_ACCESS  -DNETGROUP    -DDAEMON_UMASK=022 -DREAL_DAEMON_DIR=\"/usr/sbin\" -DPROCESS_OPTIONS -DKILL_IP_OPTIONS -DSEVERITY=LOG_INFO	 -DRFC931_TIMEOUT=10  -DHOSTS_DENY=\"/etc/hosts.deny\" -DHOSTS_ALLOW=\"/etc/hosts.allow\"   -DSYS_ERRLIST_DEFINED -DHAVE_WEAKSYMS -D_REENTRANT    -o tcpdmatch tcpdmatch.o fakelog.o inetcf.o scaffold.o -Lshared -lwrap
gcc -O2 -DFACILITY=LOG_DAEMON	 -DHOSTS_ACCESS  -DNETGROUP    -DDAEMON_UMASK=022 -DREAL_DAEMON_DIR=\"/usr/sbin\" -DPROCESS_OPTIONS -DKILL_IP_OPTIONS -DSEVERITY=LOG_INFO	 -DRFC931_TIMEOUT=10  -DHOSTS_DENY=\"/etc/hosts.deny\" -DHOSTS_ALLOW=\"/etc/hosts.allow\"   -DSYS_ERRLIST_DEFINED -DHAVE_WEAKSYMS -D_REENTRANT    -o try-from.o -c try-from.c
gcc -O2 -DFACILITY=LOG_DAEMON	 -DHOSTS_ACCESS  -DNETGROUP    -DDAEMON_UMASK=022 -DREAL_DAEMON_DIR=\"/usr/sbin\" -DPROCESS_OPTIONS -DKILL_IP_OPTIONS -DSEVERITY=LOG_INFO	 -DRFC931_TIMEOUT=10  -DHOSTS_DENY=\"/etc/hosts.deny\" -DHOSTS_ALLOW=\"/etc/hosts.allow\"   -DSYS_ERRLIST_DEFINED -DHAVE_WEAKSYMS -D_REENTRANT    -o try-from try-from.o fakelog.o -Lshared -lwrap
gcc -O2 -DFACILITY=LOG_DAEMON	 -DHOSTS_ACCESS  -DNETGROUP    -DDAEMON_UMASK=022 -DREAL_DAEMON_DIR=\"/usr/sbin\" -DPROCESS_OPTIONS -DKILL_IP_OPTIONS -DSEVERITY=LOG_INFO	 -DRFC931_TIMEOUT=10  -DHOSTS_DENY=\"/etc/hosts.deny\" -DHOSTS_ALLOW=\"/etc/hosts.allow\"   -DSYS_ERRLIST_DEFINED -DHAVE_WEAKSYMS -D_REENTRANT    -o safe_finger.o -c safe_finger.c
gcc -O2 -DFACILITY=LOG_DAEMON	 -DHOSTS_ACCESS  -DNETGROUP    -DDAEMON_UMASK=022 -DREAL_DAEMON_DIR=\"/usr/sbin\" -DPROCESS_OPTIONS -DKILL_IP_OPTIONS -DSEVERITY=LOG_INFO	 -DRFC931_TIMEOUT=10  -DHOSTS_DENY=\"/etc/hosts.deny\" -DHOSTS_ALLOW=\"/etc/hosts.allow\"   -DSYS_ERRLIST_DEFINED -DHAVE_WEAKSYMS -D_REENTRANT    -o safe_finger safe_finger.o -Lshared -lwrap
gcc -O2 -DFACILITY=LOG_DAEMON	 -DHOSTS_ACCESS  -DNETGROUP    -DDAEMON_UMASK=022 -DREAL_DAEMON_DIR=\"/usr/sbin\" -DPROCESS_OPTIONS -DKILL_IP_OPTIONS -DSEVERITY=LOG_INFO	 -DRFC931_TIMEOUT=10  -DHOSTS_DENY=\"/etc/hosts.deny\" -DHOSTS_ALLOW=\"/etc/hosts.allow\"   -DSYS_ERRLIST_DEFINED -DHAVE_WEAKSYMS -D_REENTRANT    -o tcpdchk.o -c tcpdchk.c
gcc -O2 -DFACILITY=LOG_DAEMON	 -DHOSTS_ACCESS  -DNETGROUP    -DDAEMON_UMASK=022 -DREAL_DAEMON_DIR=\"/usr/sbin\" -DPROCESS_OPTIONS -DKILL_IP_OPTIONS -DSEVERITY=LOG_INFO	 -DRFC931_TIMEOUT=10  -DHOSTS_DENY=\"/etc/hosts.deny\" -DHOSTS_ALLOW=\"/etc/hosts.allow\"   -DSYS_ERRLIST_DEFINED -DHAVE_WEAKSYMS -D_REENTRANT    -o tcpdchk tcpdchk.o fakelog.o inetcf.o scaffold.o -Lshared -lwrap
gcc -O2 -DFACILITY=LOG_DAEMON	 -DHOSTS_ACCESS  -DNETGROUP    -DDAEMON_UMASK=022 -DREAL_DAEMON_DIR=\"/usr/sbin\" -DPROCESS_OPTIONS -DKILL_IP_OPTIONS -DSEVERITY=LOG_INFO	 -DRFC931_TIMEOUT=10  -DHOSTS_DENY=\"/etc/hosts.deny\" -DHOSTS_ALLOW=\"/etc/hosts.allow\"   -DSYS_ERRLIST_DEFINED -DHAVE_WEAKSYMS -D_REENTRANT    -o hosts_access.o -c hosts_access.c
gcc -O2 -DFACILITY=LOG_DAEMON	 -DHOSTS_ACCESS  -DNETGROUP    -DDAEMON_UMASK=022 -DREAL_DAEMON_DIR=\"/usr/sbin\" -DPROCESS_OPTIONS -DKILL_IP_OPTIONS -DSEVERITY=LOG_INFO	 -DRFC931_TIMEOUT=10  -DHOSTS_DENY=\"/etc/hosts.deny\" -DHOSTS_ALLOW=\"/etc/hosts.allow\"   -DSYS_ERRLIST_DEFINED -DHAVE_WEAKSYMS -D_REENTRANT    -o options.o -c options.c
options.c: In function 'twist_option':
options.c:394:13: warning: incompatible implicit declaration of built-in function 'execl'
gcc -O2 -DFACILITY=LOG_DAEMON	 -DHOSTS_ACCESS  -DNETGROUP    -DDAEMON_UMASK=022 -DREAL_DAEMON_DIR=\"/usr/sbin\" -DPROCESS_OPTIONS -DKILL_IP_OPTIONS -DSEVERITY=LOG_INFO	 -DRFC931_TIMEOUT=10  -DHOSTS_DENY=\"/etc/hosts.deny\" -DHOSTS_ALLOW=\"/etc/hosts.allow\"   -DSYS_ERRLIST_DEFINED -DHAVE_WEAKSYMS -D_REENTRANT    -o shell_cmd.o -c shell_cmd.c
shell_cmd.c: In function 'do_child':
shell_cmd.c:84:9: warning: incompatible implicit declaration of built-in function 'execl'
shell_cmd.c:91:5: warning: incompatible implicit declaration of built-in function '_exit'
gcc -O2 -DFACILITY=LOG_DAEMON	 -DHOSTS_ACCESS  -DNETGROUP    -DDAEMON_UMASK=022 -DREAL_DAEMON_DIR=\"/usr/sbin\" -DPROCESS_OPTIONS -DKILL_IP_OPTIONS -DSEVERITY=LOG_INFO	 -DRFC931_TIMEOUT=10  -DHOSTS_DENY=\"/etc/hosts.deny\" -DHOSTS_ALLOW=\"/etc/hosts.allow\"   -DSYS_ERRLIST_DEFINED -DHAVE_WEAKSYMS -D_REENTRANT    -o rfc931.o -c rfc931.c
gcc -O2 -DFACILITY=LOG_DAEMON	 -DHOSTS_ACCESS  -DNETGROUP    -DDAEMON_UMASK=022 -DREAL_DAEMON_DIR=\"/usr/sbin\" -DPROCESS_OPTIONS -DKILL_IP_OPTIONS -DSEVERITY=LOG_INFO	 -DRFC931_TIMEOUT=10  -DHOSTS_DENY=\"/etc/hosts.deny\" -DHOSTS_ALLOW=\"/etc/hosts.allow\"   -DSYS_ERRLIST_DEFINED -DHAVE_WEAKSYMS -D_REENTRANT    -o eval.o -c eval.c
gcc -O2 -DFACILITY=LOG_DAEMON	 -DHOSTS_ACCESS  -DNETGROUP    -DDAEMON_UMASK=022 -DREAL_DAEMON_DIR=\"/usr/sbin\" -DPROCESS_OPTIONS -DKILL_IP_OPTIONS -DSEVERITY=LOG_INFO	 -DRFC931_TIMEOUT=10  -DHOSTS_DENY=\"/etc/hosts.deny\" -DHOSTS_ALLOW=\"/etc/hosts.allow\"   -DSYS_ERRLIST_DEFINED -DHAVE_WEAKSYMS -D_REENTRANT    -o hosts_ctl.o -c hosts_ctl.c
gcc -O2 -DFACILITY=LOG_DAEMON	 -DHOSTS_ACCESS  -DNETGROUP    -DDAEMON_UMASK=022 -DREAL_DAEMON_DIR=\"/usr/sbin\" -DPROCESS_OPTIONS -DKILL_IP_OPTIONS -DSEVERITY=LOG_INFO	 -DRFC931_TIMEOUT=10  -DHOSTS_DENY=\"/etc/hosts.deny\" -DHOSTS_ALLOW=\"/etc/hosts.allow\"   -DSYS_ERRLIST_DEFINED -DHAVE_WEAKSYMS -D_REENTRANT    -o refuse.o -c refuse.c
gcc -O2 -DFACILITY=LOG_DAEMON	 -DHOSTS_ACCESS  -DNETGROUP    -DDAEMON_UMASK=022 -DREAL_DAEMON_DIR=\"/usr/sbin\" -DPROCESS_OPTIONS -DKILL_IP_OPTIONS -DSEVERITY=LOG_INFO	 -DRFC931_TIMEOUT=10  -DHOSTS_DENY=\"/etc/hosts.deny\" -DHOSTS_ALLOW=\"/etc/hosts.allow\"   -DSYS_ERRLIST_DEFINED -DHAVE_WEAKSYMS -D_REENTRANT    -o percent_x.o -c percent_x.c
gcc -O2 -DFACILITY=LOG_DAEMON	 -DHOSTS_ACCESS  -DNETGROUP    -DDAEMON_UMASK=022 -DREAL_DAEMON_DIR=\"/usr/sbin\" -DPROCESS_OPTIONS -DKILL_IP_OPTIONS -DSEVERITY=LOG_INFO	 -DRFC931_TIMEOUT=10  -DHOSTS_DENY=\"/etc/hosts.deny\" -DHOSTS_ALLOW=\"/etc/hosts.allow\"   -DSYS_ERRLIST_DEFINED -DHAVE_WEAKSYMS -D_REENTRANT    -o clean_exit.o -c clean_exit.c
gcc -O2 -DFACILITY=LOG_DAEMON	 -DHOSTS_ACCESS  -DNETGROUP    -DDAEMON_UMASK=022 -DREAL_DAEMON_DIR=\"/usr/sbin\" -DPROCESS_OPTIONS -DKILL_IP_OPTIONS -DSEVERITY=LOG_INFO	 -DRFC931_TIMEOUT=10  -DHOSTS_DENY=\"/etc/hosts.deny\" -DHOSTS_ALLOW=\"/etc/hosts.allow\"   -DSYS_ERRLIST_DEFINED -DHAVE_WEAKSYMS -D_REENTRANT    -o weak_symbols.o -c weak_symbols.c
gcc -O2 -DFACILITY=LOG_DAEMON	 -DHOSTS_ACCESS  -DNETGROUP    -DDAEMON_UMASK=022 -DREAL_DAEMON_DIR=\"/usr/sbin\" -DPROCESS_OPTIONS -DKILL_IP_OPTIONS -DSEVERITY=LOG_INFO	 -DRFC931_TIMEOUT=10  -DHOSTS_DENY=\"/etc/hosts.deny\" -DHOSTS_ALLOW=\"/etc/hosts.allow\"   -DSYS_ERRLIST_DEFINED -DHAVE_WEAKSYMS -D_REENTRANT    -o fromhost.o -c fromhost.c
gcc -O2 -DFACILITY=LOG_DAEMON	 -DHOSTS_ACCESS  -DNETGROUP    -DDAEMON_UMASK=022 -DREAL_DAEMON_DIR=\"/usr/sbin\" -DPROCESS_OPTIONS -DKILL_IP_OPTIONS -DSEVERITY=LOG_INFO	 -DRFC931_TIMEOUT=10  -DHOSTS_DENY=\"/etc/hosts.deny\" -DHOSTS_ALLOW=\"/etc/hosts.allow\"   -DSYS_ERRLIST_DEFINED -DHAVE_WEAKSYMS -D_REENTRANT    -o fix_options.o -c fix_options.c
fix_options.c: In function 'fix_options':
fix_options.c:55:5: warning: passing argument 5 of 'getsockopt' from incompatible pointer type
/usr/include/sys/socket.h:190:12: note: expected 'socklen_t * __restrict__' but argument is of type 'size_t *'
gcc -O2 -DFACILITY=LOG_DAEMON	 -DHOSTS_ACCESS  -DNETGROUP    -DDAEMON_UMASK=022 -DREAL_DAEMON_DIR=\"/usr/sbin\" -DPROCESS_OPTIONS -DKILL_IP_OPTIONS -DSEVERITY=LOG_INFO	 -DRFC931_TIMEOUT=10  -DHOSTS_DENY=\"/etc/hosts.deny\" -DHOSTS_ALLOW=\"/etc/hosts.allow\"   -DSYS_ERRLIST_DEFINED -DHAVE_WEAKSYMS -D_REENTRANT    -o socket.o -c socket.c
socket.c: In function 'sock_host':
socket.c:99:33: warning: passing argument 3 of 'getpeername' from incompatible pointer type
/usr/include/sys/socket.h:133:12: note: expected 'socklen_t * __restrict__' but argument is of type 'size_t *'
socket.c:103:16: warning: passing argument 6 of 'recvfrom' from incompatible pointer type
/usr/include/sys/socket.h:166:16: note: expected 'socklen_t * __restrict__' but argument is of type 'size_t *'
socket.c:120:33: warning: passing argument 3 of 'getsockname' from incompatible pointer type
/usr/include/sys/socket.h:119:12: note: expected 'socklen_t * __restrict__' but argument is of type 'size_t *'
socket.c: In function 'sock_sink':
socket.c:242:54: warning: passing argument 6 of 'recvfrom' from incompatible pointer type
/usr/include/sys/socket.h:166:16: note: expected 'socklen_t * __restrict__' but argument is of type 'size_t *'
gcc -O2 -DFACILITY=LOG_DAEMON	 -DHOSTS_ACCESS  -DNETGROUP    -DDAEMON_UMASK=022 -DREAL_DAEMON_DIR=\"/usr/sbin\" -DPROCESS_OPTIONS -DKILL_IP_OPTIONS -DSEVERITY=LOG_INFO	 -DRFC931_TIMEOUT=10  -DHOSTS_DENY=\"/etc/hosts.deny\" -DHOSTS_ALLOW=\"/etc/hosts.allow\"   -DSYS_ERRLIST_DEFINED -DHAVE_WEAKSYMS -D_REENTRANT    -o tli.o -c tli.c
gcc -O2 -DFACILITY=LOG_DAEMON	 -DHOSTS_ACCESS  -DNETGROUP    -DDAEMON_UMASK=022 -DREAL_DAEMON_DIR=\"/usr/sbin\" -DPROCESS_OPTIONS -DKILL_IP_OPTIONS -DSEVERITY=LOG_INFO	 -DRFC931_TIMEOUT=10  -DHOSTS_DENY=\"/etc/hosts.deny\" -DHOSTS_ALLOW=\"/etc/hosts.allow\"   -DSYS_ERRLIST_DEFINED -DHAVE_WEAKSYMS -D_REENTRANT    -o workarounds.o -c workarounds.c
gcc -O2 -DFACILITY=LOG_DAEMON	 -DHOSTS_ACCESS  -DNETGROUP    -DDAEMON_UMASK=022 -DREAL_DAEMON_DIR=\"/usr/sbin\" -DPROCESS_OPTIONS -DKILL_IP_OPTIONS -DSEVERITY=LOG_INFO	 -DRFC931_TIMEOUT=10  -DHOSTS_DENY=\"/etc/hosts.deny\" -DHOSTS_ALLOW=\"/etc/hosts.allow\"   -DSYS_ERRLIST_DEFINED -DHAVE_WEAKSYMS -D_REENTRANT    -o update.o -c update.c
gcc -O2 -DFACILITY=LOG_DAEMON	 -DHOSTS_ACCESS  -DNETGROUP    -DDAEMON_UMASK=022 -DREAL_DAEMON_DIR=\"/usr/sbin\" -DPROCESS_OPTIONS -DKILL_IP_OPTIONS -DSEVERITY=LOG_INFO	 -DRFC931_TIMEOUT=10  -DHOSTS_DENY=\"/etc/hosts.deny\" -DHOSTS_ALLOW=\"/etc/hosts.allow\"   -DSYS_ERRLIST_DEFINED -DHAVE_WEAKSYMS -D_REENTRANT    -o misc.o -c misc.c
gcc -O2 -DFACILITY=LOG_DAEMON	 -DHOSTS_ACCESS  -DNETGROUP    -DDAEMON_UMASK=022 -DREAL_DAEMON_DIR=\"/usr/sbin\" -DPROCESS_OPTIONS -DKILL_IP_OPTIONS -DSEVERITY=LOG_INFO	 -DRFC931_TIMEOUT=10  -DHOSTS_DENY=\"/etc/hosts.deny\" -DHOSTS_ALLOW=\"/etc/hosts.allow\"   -DSYS_ERRLIST_DEFINED -DHAVE_WEAKSYMS -D_REENTRANT    -o diag.o -c diag.c
gcc -O2 -DFACILITY=LOG_DAEMON	 -DHOSTS_ACCESS  -DNETGROUP    -DDAEMON_UMASK=022 -DREAL_DAEMON_DIR=\"/usr/sbin\" -DPROCESS_OPTIONS -DKILL_IP_OPTIONS -DSEVERITY=LOG_INFO	 -DRFC931_TIMEOUT=10  -DHOSTS_DENY=\"/etc/hosts.deny\" -DHOSTS_ALLOW=\"/etc/hosts.allow\"   -DSYS_ERRLIST_DEFINED -DHAVE_WEAKSYMS -D_REENTRANT    -o percent_m.o -c percent_m.c
gcc -O2 -DFACILITY=LOG_DAEMON	 -DHOSTS_ACCESS  -DNETGROUP    -DDAEMON_UMASK=022 -DREAL_DAEMON_DIR=\"/usr/sbin\" -DPROCESS_OPTIONS -DKILL_IP_OPTIONS -DSEVERITY=LOG_INFO	 -DRFC931_TIMEOUT=10  -DHOSTS_DENY=\"/etc/hosts.deny\" -DHOSTS_ALLOW=\"/etc/hosts.allow\"   -DSYS_ERRLIST_DEFINED -DHAVE_WEAKSYMS -D_REENTRANT    -o myvsyslog.o -c myvsyslog.c
rm -f libwrap.a
ar rv libwrap.a hosts_access.o options.o shell_cmd.o rfc931.o eval.o hosts_ctl.o refuse.o percent_x.o clean_exit.o weak_symbols.o fromhost.o fix_options.o socket.o tli.o workarounds.o update.o misc.o diag.o percent_m.o myvsyslog.o
ar: creating libwrap.a
a - hosts_access.o
a - options.o
a - shell_cmd.o
a - rfc931.o
a - eval.o
a - hosts_ctl.o
a - refuse.o
a - percent_x.o
a - clean_exit.o
a - weak_symbols.o
a - fromhost.o
a - fix_options.o
a - socket.o
a - tli.o
a - workarounds.o
a - update.o
a - misc.o
a - diag.o
a - percent_m.o
a - myvsyslog.o
ranlib libwrap.a
make[1]: Leaving directory `/usr/src/rpm/BUILD/tcp_wrappers_7.6'
+ exit 0
Executing(%install): /bin/sh -e /var/tmp/rpm-tmp.76687
+ umask 022
+ cd /usr/src/rpm/BUILD
+ /bin/rm -rf /var/tmp/tcp_wrappers-root
+ /bin/mkdir -p /var/tmp/tcp_wrappers-root
+ cd tcp_wrappers_7.6
+ install -dv /var/tmp/tcp_wrappers-root/usr/lib64 /var/tmp/tcp_wrappers-root/usr/include /var/tmp/tcp_wrappers-root/usr/sbin /var/tmp/tcp_wrappers-root/usr/share/man/man3 /var/tmp/tcp_wrappers-root/usr/share/man/man5 /var/tmp/tcp_wrappers-root/usr/share/man/man8
install: creating directory `/var/tmp/tcp_wrappers-root/usr'
install: creating directory `/var/tmp/tcp_wrappers-root/usr/lib64'
install: creating directory `/var/tmp/tcp_wrappers-root/usr/include'
install: creating directory `/var/tmp/tcp_wrappers-root/usr/sbin'
install: creating directory `/var/tmp/tcp_wrappers-root/usr/share'
install: creating directory `/var/tmp/tcp_wrappers-root/usr/share/man'
install: creating directory `/var/tmp/tcp_wrappers-root/usr/share/man/man3'
install: creating directory `/var/tmp/tcp_wrappers-root/usr/share/man/man5'
install: creating directory `/var/tmp/tcp_wrappers-root/usr/share/man/man8'
+ make DESTDIR=/var/tmp/tcp_wrappers-root install
install -o root -g root -m 0755 shared/libwrap.so.0.7.6 /var/tmp/tcp_wrappers-root/usr/lib64/
ln -sf libwrap.so.0.7.6 /var/tmp/tcp_wrappers-root/usr/lib64/libwrap.so.0
ln -sf libwrap.so.0 /var/tmp/tcp_wrappers-root/usr/lib64/libwrap.so
install -o root -g root -m 0755 tcpd /var/tmp/tcp_wrappers-root/usr/sbin/
install -o root -g root -m 0755 tcpdchk /var/tmp/tcp_wrappers-root/usr/sbin/
install -o root -g root -m 0755 tcpdmatch /var/tmp/tcp_wrappers-root/usr/sbin/
install -o root -g root -m 0755 try-from /var/tmp/tcp_wrappers-root/usr/sbin/
install -o root -g root -m 0755 safe_finger /var/tmp/tcp_wrappers-root/usr/sbin/
install -o root -g root -m 0644 tcpd.8 /var/tmp/tcp_wrappers-root/usr/share/man/man8/
install -o root -g root -m 0644 tcpdchk.8 /var/tmp/tcp_wrappers-root/usr/share/man/man8/
install -o root -g root -m 0644 try-from.8 /var/tmp/tcp_wrappers-root/usr/share/man/man8/
install -o root -g root -m 0644 tcpdmatch.8 /var/tmp/tcp_wrappers-root/usr/share/man/man8/
install -o root -g root -m 0644 safe_finger.8 /var/tmp/tcp_wrappers-root/usr/share/man/man8/
install -o root -g root -m 0644 hosts_access.5 /var/tmp/tcp_wrappers-root/usr/share/man/man5/
install -o root -g root -m 0644 hosts_options.5 /var/tmp/tcp_wrappers-root/usr/share/man/man5/
install -o root -g root -m 0644 hosts_access.3 /var/tmp/tcp_wrappers-root/usr/share/man/man3/
install -o root -g root -m 0644 tcpd.h /var/tmp/tcp_wrappers-root/usr/include/
install -o root -g root -m 0644 libwrap.a /var/tmp/tcp_wrappers-root/usr/lib64/
ln -sf hosts_access.3 /var/tmp/tcp_wrappers-root/usr/share/man/man3/hosts_ctl.3
ln -sf hosts_access.3 /var/tmp/tcp_wrappers-root/usr/share/man/man3/request_init.3
ln -sf hosts_access.3 /var/tmp/tcp_wrappers-root/usr/share/man/man3/request_set.3
+ rm -f /var/tmp/tcp_wrappers-root/usr/share/man/man3/hosts_ctl.3 /var/tmp/tcp_wrappers-root/usr/share/man/man3/request_init.3 /var/tmp/tcp_wrappers-root/usr/share/man/man3/request_set.3
+ /usr/lib/rpm/compress_man.sh /var/tmp/tcp_wrappers-root
+ ln -sv hosts_access.3.bz2 /var/tmp/tcp_wrappers-root/usr/share/man/man3/hosts_ctl.3.bz2
`/var/tmp/tcp_wrappers-root/usr/share/man/man3/hosts_ctl.3.bz2' -> `hosts_access.3.bz2'
+ ln -sv hosts_access.3.bz2 /var/tmp/tcp_wrappers-root/usr/share/man/man3/request_init.3.bz2
`/var/tmp/tcp_wrappers-root/usr/share/man/man3/request_init.3.bz2' -> `hosts_access.3.bz2'
+ ln -sv hosts_access.3.bz2 /var/tmp/tcp_wrappers-root/usr/share/man/man3/request_set.3.bz2
`/var/tmp/tcp_wrappers-root/usr/share/man/man3/request_set.3.bz2' -> `hosts_access.3.bz2'
+ exit 0
Processing files: tcp_wrappers-7.6-1.x86_64
Provides: libwrap.so.0()(64bit)
Requires(interp): /bin/sh /bin/sh
Requires(post): /bin/sh /sbin/ldconfig
Requires(postun): /bin/sh /sbin/ldconfig
Requires: /sbin/ldconfig /sbin/ldconfig libc.so.6()(64bit) libc.so.6(GLIBC_2.12)(64bit) libc.so.6(GLIBC_2.2.5)(64bit) libc.so.6(GLIBC_2.3)(64bit) libc.so.6(GLIBC_2.7)(64bit) libnsl.so.1()(64bit) libnsl.so.1(GLIBC_2.2.5)(64bit) libwrap.so.0()(64bit)
Processing files: tcp_wrappers-devel-7.6-1.x86_64
Checking for unpackaged file(s): /usr/lib/rpm/check-files /var/tmp/tcp_wrappers-root
Wrote: /usr/src/rpm/SRPMS/tcp_wrappers-7.6-1.src.rpm
Wrote: /usr/src/rpm/RPMS/x86_64/tcp_wrappers-7.6-1.x86_64.rpm
Wrote: /usr/src/rpm/RPMS/x86_64/tcp_wrappers-devel-7.6-1.x86_64.rpm
Executing(%clean): /bin/sh -e /var/tmp/rpm-tmp.76687
+ umask 022
+ cd /usr/src/rpm/BUILD
+ cd tcp_wrappers_7.6
+ /bin/rm -rf /var/tmp/tcp_wrappers-root
