Fetching(Source0): http://pkgconfig.freedesktop.org/releases/pkg-config-0.25.tar.gz
Executing(%prep): /bin/sh -e /var/tmp/rpm-tmp.59324
+ umask 022
+ cd /usr/src/rpm/BUILD
+ cd /usr/src/rpm/BUILD
+ rm -rf pkg-config-0.25
+ /bin/gzip -dc /usr/src/rpm/SOURCES/pkg-config-0.25.tar.gz
+ /bin/tar -xf -
+ STATUS=0
+ '[' 0 -ne 0 ']'
+ cd pkg-config-0.25
+ exit 0
Executing(%build): /bin/sh -e /var/tmp/rpm-tmp.44779
+ umask 022
+ cd /usr/src/rpm/BUILD
+ cd pkg-config-0.25
+ export 'CFLAGS=-Os -pipe'
+ CFLAGS='-Os -pipe'
+ ./configure --prefix=/usr --with-pc-path=/usr/lib64/pkgconfig
checking for a BSD-compatible install... /usr/bin/install -c
checking whether build environment is sane... yes
checking for a thread-safe mkdir -p... /bin/mkdir -p
checking for gawk... gawk
checking whether make sets $(MAKE)... yes
checking whether to enable maintainer-specific portions of Makefiles... no
checking build system type... x86_64-unknown-linux-gnu
checking host system type... x86_64-unknown-linux-gnu
checking for style of include used by make... GNU
checking for gcc... gcc
checking whether the C compiler works... yes
checking for C compiler default output file name... a.out
checking for suffix of executables... 
checking whether we are cross compiling... no
checking for suffix of object files... o
checking whether we are using the GNU C compiler... yes
checking whether gcc accepts -g... yes
checking for gcc option to accept ISO C89... none needed
checking dependency style of gcc... gcc3
checking for a sed that does not truncate output... /bin/sed
checking for grep that handles long lines and -e... /bin/grep
checking for egrep... /bin/grep -E
checking for fgrep... /bin/grep -F
checking for ld used by gcc... /usr/bin/ld
checking if the linker (/usr/bin/ld) is GNU ld... yes
checking for BSD- or MS-compatible name lister (nm)... /usr/bin/nm -B
checking the name lister (/usr/bin/nm -B) interface... BSD nm
checking whether ln -s works... yes
checking the maximum length of command line arguments... 1572864
checking whether the shell understands some XSI constructs... yes
checking whether the shell understands "+="... yes
checking for /usr/bin/ld option to reload object files... -r
checking for objdump... objdump
checking how to recognize dependent libraries... pass_all
checking for ar... ar
checking for strip... strip
checking for ranlib... ranlib
checking command to parse /usr/bin/nm -B output from gcc object... ok
checking how to run the C preprocessor... gcc -E
checking for ANSI C header files... yes
checking for sys/types.h... yes
checking for sys/stat.h... yes
checking for stdlib.h... yes
checking for string.h... yes
checking for memory.h... yes
checking for strings.h... yes
checking for inttypes.h... yes
checking for stdint.h... yes
checking for unistd.h... yes
checking for dlfcn.h... yes
checking for objdir... .libs
checking if gcc supports -fno-rtti -fno-exceptions... no
checking for gcc option to produce PIC... -fPIC -DPIC
checking if gcc PIC flag -fPIC -DPIC works... yes
checking if gcc static flag -static works... yes
checking if gcc supports -c -o file.o... yes
checking if gcc supports -c -o file.o... (cached) yes
checking whether the gcc linker (/usr/bin/ld -m elf_x86_64) supports shared libraries... yes
checking whether -lc should be explicitly linked in... no
checking dynamic linker characteristics... GNU/Linux ld.so
checking how to hardcode library paths into programs... immediate
checking whether stripping libraries is possible... yes
checking if libtool supports shared libraries... yes
checking whether to build shared libraries... yes
checking whether to build static libraries... yes
checking for gcc... (cached) gcc
checking whether we are using the GNU C compiler... (cached) yes
checking whether gcc accepts -g... (cached) yes
checking for gcc option to accept ISO C89... (cached) none needed
checking dependency style of gcc... (cached) gcc3
checking for default search path for .pc files... /usr/lib64/pkgconfig
checking whether to list both direct and indirect dependencies... ./configure: line 11170: ./libtool: No such file or directory
no
checking for Win32... no
checking for working alloca.h... yes
checking for alloca... yes
checking for setresuid... yes
checking dirent.h usability... yes
checking dirent.h presence... yes
checking for dirent.h... yes
checking for unistd.h... (cached) yes
checking sys/wait.h usability... yes
checking sys/wait.h presence... yes
checking for sys/wait.h... yes
checking malloc.h usability... yes
checking malloc.h presence... yes
checking for malloc.h... yes
configure: creating ./config.status
config.status: creating Makefile
config.status: creating popt/Makefile
config.status: creating check/Makefile
config.status: creating check/config.sh
config.status: creating config.h
config.status: executing depfiles commands
config.status: executing libtool commands
=== configuring in glib-1.2.10 (/usr/src/rpm/BUILD/pkg-config-0.25/glib-1.2.10)
configure: running /bin/sh ./configure --disable-option-checking '--prefix=/usr'  '--with-pc-path=/usr/lib64/pkgconfig' 'CFLAGS=-Os -pipe' --cache-file=/dev/null --srcdir=.
checking for a BSD-compatible install... /usr/bin/install -c
checking whether build environment is sane... yes
checking for a thread-safe mkdir -p... /bin/mkdir -p
checking for gawk... gawk
checking whether make sets $(MAKE)... yes
checking build system type... x86_64-unknown-linux-gnu
checking host system type... x86_64-unknown-linux-gnu
checking for style of include used by make... GNU
checking for gcc... gcc
checking whether the C compiler works... yes
checking for C compiler default output file name... a.out
checking for suffix of executables... 
checking whether we are cross compiling... no
checking for suffix of object files... o
checking whether we are using the GNU C compiler... yes
checking whether gcc accepts -g... yes
checking for gcc option to accept ISO C89... none needed
checking dependency style of gcc... gcc3
checking for a sed that does not truncate output... /bin/sed
checking for grep that handles long lines and -e... /bin/grep
checking for egrep... /bin/grep -E
checking for fgrep... /bin/grep -F
checking for ld used by gcc... /usr/bin/ld
checking if the linker (/usr/bin/ld) is GNU ld... yes
checking for BSD- or MS-compatible name lister (nm)... /usr/bin/nm -B
checking the name lister (/usr/bin/nm -B) interface... BSD nm
checking whether ln -s works... yes
checking the maximum length of command line arguments... 1572864
checking whether the shell understands some XSI constructs... yes
checking whether the shell understands "+="... yes
checking for /usr/bin/ld option to reload object files... -r
checking for objdump... objdump
checking how to recognize dependent libraries... pass_all
checking for ar... ar
checking for strip... strip
checking for ranlib... ranlib
checking command to parse /usr/bin/nm -B output from gcc object... ok
checking how to run the C preprocessor... gcc -E
checking for ANSI C header files... yes
checking for sys/types.h... yes
checking for sys/stat.h... yes
checking for stdlib.h... yes
checking for string.h... yes
checking for memory.h... yes
checking for strings.h... yes
checking for inttypes.h... yes
checking for stdint.h... yes
checking for unistd.h... yes
checking for dlfcn.h... yes
checking for objdir... .libs
checking if gcc supports -fno-rtti -fno-exceptions... no
checking for gcc option to produce PIC... -fPIC -DPIC
checking if gcc PIC flag -fPIC -DPIC works... yes
checking if gcc static flag -static works... yes
checking if gcc supports -c -o file.o... yes
checking if gcc supports -c -o file.o... (cached) yes
checking whether the gcc linker (/usr/bin/ld -m elf_x86_64) supports shared libraries... yes
checking whether -lc should be explicitly linked in... no
checking dynamic linker characteristics... GNU/Linux ld.so
checking how to hardcode library paths into programs... immediate
checking whether stripping libraries is possible... yes
checking if libtool supports shared libraries... yes
checking whether to build shared libraries... yes
checking whether to build static libraries... yes
checking whether to enable maintainer-specific portions of Makefiles... no
checking whether to enable memory checking... no
checking whether to enable memory profiling... no
checking for gcc... (cached) gcc
checking whether we are using the GNU C compiler... (cached) yes
checking whether gcc accepts -g... (cached) yes
checking for gcc option to accept ISO C89... (cached) none needed
checking dependency style of gcc... (cached) gcc3
checking for gcc... (cached) gcc
checking whether we are using the GNU C compiler... (cached) yes
checking whether gcc accepts -g... (cached) yes
checking for gcc option to accept ISO C89... (cached) none needed
checking dependency style of gcc... (cached) gcc3
checking for extra flags to get ANSI library prototypes... none needed
checking for extra flags for POSIX compliance... none needed
checking for ANSI C header files... (cached) yes
checking for vprintf... yes
checking for _doprnt... no
checking for atexit... yes
checking for on_exit... yes
checking size of char... 1
checking size of short... 2
checking size of long... 8
checking size of int... 4
checking size of void *... 8
checking size of long long... 8
checking for an ANSI C-conforming const... yes
checking for __inline... yes
checking for __inline__... yes
checking for inline... yes
checking whether byte ordering is bigendian... no
checking float.h usability... yes
checking float.h presence... yes
checking for float.h... yes
checking limits.h usability... yes
checking limits.h presence... yes
checking for limits.h... yes
checking pwd.h usability... yes
checking pwd.h presence... yes
checking for pwd.h... yes
checking sys/param.h usability... yes
checking sys/param.h presence... yes
checking for sys/param.h... yes
checking sys/poll.h usability... yes
checking sys/poll.h presence... yes
checking for sys/poll.h... yes
checking sys/select.h usability... yes
checking sys/select.h presence... yes
checking for sys/select.h... yes
checking sys/time.h usability... yes
checking sys/time.h presence... yes
checking for sys/time.h... yes
checking sys/times.h usability... yes
checking sys/times.h presence... yes
checking for sys/times.h... yes
checking for unistd.h... (cached) yes
checking values.h usability... yes
checking values.h presence... yes
checking for values.h... yes
checking for lstat... yes
checking for strerror... yes
checking for strsignal... yes
checking for memmove... yes
checking for vsnprintf... yes
checking for strcasecmp... yes
checking for strncasecmp... yes
checking for poll... yes
checking for sys_errlist... yes
checking for sys_siglist... yes
checking for sys_siglist declaration... yes
checking for fd_set... yes, found in sys/types.h
checking for wchar.h... yes
checking for wctype.h... yes
checking for iswalnum... yes
checking if iswalnum() and friends are properly defined... yes
checking whether realloc (NULL,) will work... yes
checking for an implementation of va_copy()... yes
checking for an implementation of __va_copy()... yes
checking whether va_lists can be copied by value... no
checking for dlopen... no
checking for dlopen in -ldl... yes
checking for dlsym in -ldl... yes
checking for RTLD_GLOBAL brokenness... no
checking for preceeding underscore in symbols... no
checking for dlerror... yes
checking pthread.h usability... yes
checking pthread.h presence... yes
checking for pthread.h... yes
checking for thread implementation... posix
checking for pthread_attr_init in -lpthread... yes
checking necessary linker options... -lpthread
checking necessary compiler options...  -D_REENTRANT
checking for localtime_r... yes
checking for rand_r... yes
checking for getpwuid_r... yes
checking whether getpwuid_r is posix like... yes
checking whether pthread_getspecific is posix like... yes
checking whether pthread_mutex_trylock is posix like... yes
checking whether pthread_cond_timedwait is posix like... yes
checking size of pthread_mutex_t... 40
checking byte contents of pthread_mutex_t... 0,0,0,0,0,0,0,0,0,0,0,0,0,0,0,0,0,0,0,0,0,0,0,0,0,0,0,0,0,0,0,0,0,0,0,0,0,0,0,0
checking system definitions for POLLIN POLLOUT POLLPRI POLLERR POLLHUP POLLNVAL... done
configure: creating ./config.status
config.status: creating glib.spec
config.status: creating Makefile
config.status: creating glib-config
config.status: creating gmodule/gmoduleconf.h
config.status: creating gmodule/Makefile
config.status: creating gthread/Makefile
config.status: creating docs/Makefile
config.status: creating docs/glib-config.1
config.status: creating tests/Makefile
config.status: creating glib.pc
config.status: creating gmodule.pc
config.status: creating gthread.pc
config.status: creating config.h
config.status: executing depfiles commands
config.status: executing libtool commands
config.status: executing default-1 commands
creating glibconfig.h
config.status: executing default commands
+ make -j4
make  all-recursive
make[1]: Entering directory `/usr/src/rpm/BUILD/pkg-config-0.25'
Making all in glib-1.2.10
make[2]: Entering directory `/usr/src/rpm/BUILD/pkg-config-0.25/glib-1.2.10'
CONFIG_FILES= CONFIG_HEADERS= CONFIG_OTHER=glibconfig.h ./config.status
config.status: executing depfiles commands
config.status: executing libtool commands
config.status: executing default-1 commands
creating glibconfig.h
glibconfig.h is unchanged
config.status: executing default commands
echo timestamp > stamp-gc-h
make  all-recursive
make[3]: Entering directory `/usr/src/rpm/BUILD/pkg-config-0.25/glib-1.2.10'
Making all in .
make[4]: Entering directory `/usr/src/rpm/BUILD/pkg-config-0.25/glib-1.2.10'
/bin/sh ./libtool --tag=CC   --mode=compile gcc -DHAVE_CONFIG_H -I. -DG_LOG_DOMAIN=g_log_domain_glib     -Os -pipe -Wall  -D_REENTRANT -MT garray.lo -MD -MP -MF .deps/garray.Tpo -c -o garray.lo garray.c
/bin/sh ./libtool --tag=CC   --mode=compile gcc -DHAVE_CONFIG_H -I. -DG_LOG_DOMAIN=g_log_domain_glib     -Os -pipe -Wall  -D_REENTRANT -MT gcache.lo -MD -MP -MF .deps/gcache.Tpo -c -o gcache.lo gcache.c
/bin/sh ./libtool --tag=CC   --mode=compile gcc -DHAVE_CONFIG_H -I. -DG_LOG_DOMAIN=g_log_domain_glib     -Os -pipe -Wall  -D_REENTRANT -MT gcompletion.lo -MD -MP -MF .deps/gcompletion.Tpo -c -o gcompletion.lo gcompletion.c
/bin/sh ./libtool --tag=CC   --mode=compile gcc -DHAVE_CONFIG_H -I. -DG_LOG_DOMAIN=g_log_domain_glib     -Os -pipe -Wall  -D_REENTRANT -MT gdataset.lo -MD -MP -MF .deps/gdataset.Tpo -c -o gdataset.lo gdataset.c
libtool: compile:  gcc -DHAVE_CONFIG_H -I. -DG_LOG_DOMAIN=g_log_domain_glib -Os -pipe -Wall -D_REENTRANT -MT gcache.lo -MD -MP -MF .deps/gcache.Tpo -c gcache.c  -fPIC -DPIC -o .libs/gcache.o
libtool: compile:  gcc -DHAVE_CONFIG_H -I. -DG_LOG_DOMAIN=g_log_domain_glib -Os -pipe -Wall -D_REENTRANT -MT gdataset.lo -MD -MP -MF .deps/gdataset.Tpo -c gdataset.c  -fPIC -DPIC -o .libs/gdataset.o
libtool: compile:  gcc -DHAVE_CONFIG_H -I. -DG_LOG_DOMAIN=g_log_domain_glib -Os -pipe -Wall -D_REENTRANT -MT garray.lo -MD -MP -MF .deps/garray.Tpo -c garray.c  -fPIC -DPIC -o .libs/garray.o
libtool: compile:  gcc -DHAVE_CONFIG_H -I. -DG_LOG_DOMAIN=g_log_domain_glib -Os -pipe -Wall -D_REENTRANT -MT gcompletion.lo -MD -MP -MF .deps/gcompletion.Tpo -c gcompletion.c  -fPIC -DPIC -o .libs/gcompletion.o
libtool: compile:  gcc -DHAVE_CONFIG_H -I. -DG_LOG_DOMAIN=g_log_domain_glib -Os -pipe -Wall -D_REENTRANT -MT gcache.lo -MD -MP -MF .deps/gcache.Tpo -c gcache.c -o gcache.o >/dev/null 2>&1
libtool: compile:  gcc -DHAVE_CONFIG_H -I. -DG_LOG_DOMAIN=g_log_domain_glib -Os -pipe -Wall -D_REENTRANT -MT gcompletion.lo -MD -MP -MF .deps/gcompletion.Tpo -c gcompletion.c -o gcompletion.o >/dev/null 2>&1
libtool: compile:  gcc -DHAVE_CONFIG_H -I. -DG_LOG_DOMAIN=g_log_domain_glib -Os -pipe -Wall -D_REENTRANT -MT garray.lo -MD -MP -MF .deps/garray.Tpo -c garray.c -o garray.o >/dev/null 2>&1
mv -f .deps/gcache.Tpo .deps/gcache.Plo
/bin/sh ./libtool --tag=CC   --mode=compile gcc -DHAVE_CONFIG_H -I. -DG_LOG_DOMAIN=g_log_domain_glib     -Os -pipe -Wall  -D_REENTRANT -MT gdate.lo -MD -MP -MF .deps/gdate.Tpo -c -o gdate.lo gdate.c
mv -f .deps/gcompletion.Tpo .deps/gcompletion.Plo
/bin/sh ./libtool --tag=CC   --mode=compile gcc -DHAVE_CONFIG_H -I. -DG_LOG_DOMAIN=g_log_domain_glib     -Os -pipe -Wall  -D_REENTRANT -MT gerror.lo -MD -MP -MF .deps/gerror.Tpo -c -o gerror.lo gerror.c
libtool: compile:  gcc -DHAVE_CONFIG_H -I. -DG_LOG_DOMAIN=g_log_domain_glib -Os -pipe -Wall -D_REENTRANT -MT gdate.lo -MD -MP -MF .deps/gdate.Tpo -c gdate.c  -fPIC -DPIC -o .libs/gdate.o
libtool: compile:  gcc -DHAVE_CONFIG_H -I. -DG_LOG_DOMAIN=g_log_domain_glib -Os -pipe -Wall -D_REENTRANT -MT gdataset.lo -MD -MP -MF .deps/gdataset.Tpo -c gdataset.c -o gdataset.o >/dev/null 2>&1
libtool: compile:  gcc -DHAVE_CONFIG_H -I. -DG_LOG_DOMAIN=g_log_domain_glib -Os -pipe -Wall -D_REENTRANT -MT gerror.lo -MD -MP -MF .deps/gerror.Tpo -c gerror.c  -fPIC -DPIC -o .libs/gerror.o
gdate.c: In function 'g_date_fill_parse_tokens':
gdate.c:463:5: warning: pointer targets in assignment differ in signedness
mv -f .deps/garray.Tpo .deps/garray.Plo
/bin/sh ./libtool --tag=CC   --mode=compile gcc -DHAVE_CONFIG_H -I. -DG_LOG_DOMAIN=g_log_domain_glib     -Os -pipe -Wall  -D_REENTRANT -MT ghash.lo -MD -MP -MF .deps/ghash.Tpo -c -o ghash.lo ghash.c
libtool: compile:  gcc -DHAVE_CONFIG_H -I. -DG_LOG_DOMAIN=g_log_domain_glib -Os -pipe -Wall -D_REENTRANT -MT gerror.lo -MD -MP -MF .deps/gerror.Tpo -c gerror.c -o gerror.o >/dev/null 2>&1
libtool: compile:  gcc -DHAVE_CONFIG_H -I. -DG_LOG_DOMAIN=g_log_domain_glib -Os -pipe -Wall -D_REENTRANT -MT ghash.lo -MD -MP -MF .deps/ghash.Tpo -c ghash.c  -fPIC -DPIC -o .libs/ghash.o
mv -f .deps/gdataset.Tpo .deps/gdataset.Plo
/bin/sh ./libtool --tag=CC   --mode=compile gcc -DHAVE_CONFIG_H -I. -DG_LOG_DOMAIN=g_log_domain_glib     -Os -pipe -Wall  -D_REENTRANT -MT ghook.lo -MD -MP -MF .deps/ghook.Tpo -c -o ghook.lo ghook.c
libtool: compile:  gcc -DHAVE_CONFIG_H -I. -DG_LOG_DOMAIN=g_log_domain_glib -Os -pipe -Wall -D_REENTRANT -MT ghook.lo -MD -MP -MF .deps/ghook.Tpo -c ghook.c  -fPIC -DPIC -o .libs/ghook.o
mv -f .deps/gerror.Tpo .deps/gerror.Plo
/bin/sh ./libtool --tag=CC   --mode=compile gcc -DHAVE_CONFIG_H -I. -DG_LOG_DOMAIN=g_log_domain_glib     -Os -pipe -Wall  -D_REENTRANT -MT giochannel.lo -MD -MP -MF .deps/giochannel.Tpo -c -o giochannel.lo giochannel.c
libtool: compile:  gcc -DHAVE_CONFIG_H -I. -DG_LOG_DOMAIN=g_log_domain_glib -Os -pipe -Wall -D_REENTRANT -MT ghash.lo -MD -MP -MF .deps/ghash.Tpo -c ghash.c -o ghash.o >/dev/null 2>&1
libtool: compile:  gcc -DHAVE_CONFIG_H -I. -DG_LOG_DOMAIN=g_log_domain_glib -Os -pipe -Wall -D_REENTRANT -MT giochannel.lo -MD -MP -MF .deps/giochannel.Tpo -c giochannel.c  -fPIC -DPIC -o .libs/giochannel.o
libtool: compile:  gcc -DHAVE_CONFIG_H -I. -DG_LOG_DOMAIN=g_log_domain_glib -Os -pipe -Wall -D_REENTRANT -MT giochannel.lo -MD -MP -MF .deps/giochannel.Tpo -c giochannel.c -o giochannel.o >/dev/null 2>&1
mv -f .deps/ghash.Tpo .deps/ghash.Plo
/bin/sh ./libtool --tag=CC   --mode=compile gcc -DHAVE_CONFIG_H -I. -DG_LOG_DOMAIN=g_log_domain_glib     -Os -pipe -Wall  -D_REENTRANT -MT giounix.lo -MD -MP -MF .deps/giounix.Tpo -c -o giounix.lo giounix.c
libtool: compile:  gcc -DHAVE_CONFIG_H -I. -DG_LOG_DOMAIN=g_log_domain_glib -Os -pipe -Wall -D_REENTRANT -MT ghook.lo -MD -MP -MF .deps/ghook.Tpo -c ghook.c -o ghook.o >/dev/null 2>&1
libtool: compile:  gcc -DHAVE_CONFIG_H -I. -DG_LOG_DOMAIN=g_log_domain_glib -Os -pipe -Wall -D_REENTRANT -MT giounix.lo -MD -MP -MF .deps/giounix.Tpo -c giounix.c  -fPIC -DPIC -o .libs/giounix.o
mv -f .deps/giochannel.Tpo .deps/giochannel.Plo
/bin/sh ./libtool --tag=CC   --mode=compile gcc -DHAVE_CONFIG_H -I. -DG_LOG_DOMAIN=g_log_domain_glib     -Os -pipe -Wall  -D_REENTRANT -MT glist.lo -MD -MP -MF .deps/glist.Tpo -c -o glist.lo glist.c
libtool: compile:  gcc -DHAVE_CONFIG_H -I. -DG_LOG_DOMAIN=g_log_domain_glib -Os -pipe -Wall -D_REENTRANT -MT gdate.lo -MD -MP -MF .deps/gdate.Tpo -c gdate.c -o gdate.o >/dev/null 2>&1
libtool: compile:  gcc -DHAVE_CONFIG_H -I. -DG_LOG_DOMAIN=g_log_domain_glib -Os -pipe -Wall -D_REENTRANT -MT glist.lo -MD -MP -MF .deps/glist.Tpo -c glist.c  -fPIC -DPIC -o .libs/glist.o
libtool: compile:  gcc -DHAVE_CONFIG_H -I. -DG_LOG_DOMAIN=g_log_domain_glib -Os -pipe -Wall -D_REENTRANT -MT giounix.lo -MD -MP -MF .deps/giounix.Tpo -c giounix.c -o giounix.o >/dev/null 2>&1
mv -f .deps/giounix.Tpo .deps/giounix.Plo
/bin/sh ./libtool --tag=CC   --mode=compile gcc -DHAVE_CONFIG_H -I. -DG_LOG_DOMAIN=g_log_domain_glib     -Os -pipe -Wall  -D_REENTRANT -MT gmain.lo -MD -MP -MF .deps/gmain.Tpo -c -o gmain.lo gmain.c
mv -f .deps/ghook.Tpo .deps/ghook.Plo
/bin/sh ./libtool --tag=CC   --mode=compile gcc -DHAVE_CONFIG_H -I. -DG_LOG_DOMAIN=g_log_domain_glib     -Os -pipe -Wall  -D_REENTRANT -MT gmem.lo -MD -MP -MF .deps/gmem.Tpo -c -o gmem.lo gmem.c
libtool: compile:  gcc -DHAVE_CONFIG_H -I. -DG_LOG_DOMAIN=g_log_domain_glib -Os -pipe -Wall -D_REENTRANT -MT glist.lo -MD -MP -MF .deps/glist.Tpo -c glist.c -o glist.o >/dev/null 2>&1
libtool: compile:  gcc -DHAVE_CONFIG_H -I. -DG_LOG_DOMAIN=g_log_domain_glib -Os -pipe -Wall -D_REENTRANT -MT gmain.lo -MD -MP -MF .deps/gmain.Tpo -c gmain.c  -fPIC -DPIC -o .libs/gmain.o
libtool: compile:  gcc -DHAVE_CONFIG_H -I. -DG_LOG_DOMAIN=g_log_domain_glib -Os -pipe -Wall -D_REENTRANT -MT gmem.lo -MD -MP -MF .deps/gmem.Tpo -c gmem.c  -fPIC -DPIC -o .libs/gmem.o
mv -f .deps/glist.Tpo .deps/glist.Plo
/bin/sh ./libtool --tag=CC   --mode=compile gcc -DHAVE_CONFIG_H -I. -DG_LOG_DOMAIN=g_log_domain_glib     -Os -pipe -Wall  -D_REENTRANT -MT gmessages.lo -MD -MP -MF .deps/gmessages.Tpo -c -o gmessages.lo gmessages.c
libtool: compile:  gcc -DHAVE_CONFIG_H -I. -DG_LOG_DOMAIN=g_log_domain_glib -Os -pipe -Wall -D_REENTRANT -MT gmessages.lo -MD -MP -MF .deps/gmessages.Tpo -c gmessages.c  -fPIC -DPIC -o .libs/gmessages.o
libtool: compile:  gcc -DHAVE_CONFIG_H -I. -DG_LOG_DOMAIN=g_log_domain_glib -Os -pipe -Wall -D_REENTRANT -MT gmem.lo -MD -MP -MF .deps/gmem.Tpo -c gmem.c -o gmem.o >/dev/null 2>&1
mv -f .deps/gdate.Tpo .deps/gdate.Plo
/bin/sh ./libtool --tag=CC   --mode=compile gcc -DHAVE_CONFIG_H -I. -DG_LOG_DOMAIN=g_log_domain_glib     -Os -pipe -Wall  -D_REENTRANT -MT gmutex.lo -MD -MP -MF .deps/gmutex.Tpo -c -o gmutex.lo gmutex.c
libtool: compile:  gcc -DHAVE_CONFIG_H -I. -DG_LOG_DOMAIN=g_log_domain_glib -Os -pipe -Wall -D_REENTRANT -MT gmutex.lo -MD -MP -MF .deps/gmutex.Tpo -c gmutex.c  -fPIC -DPIC -o .libs/gmutex.o
libtool: compile:  gcc -DHAVE_CONFIG_H -I. -DG_LOG_DOMAIN=g_log_domain_glib -Os -pipe -Wall -D_REENTRANT -MT gmain.lo -MD -MP -MF .deps/gmain.Tpo -c gmain.c -o gmain.o >/dev/null 2>&1
mv -f .deps/gmem.Tpo .deps/gmem.Plo
/bin/sh ./libtool --tag=CC   --mode=compile gcc -DHAVE_CONFIG_H -I. -DG_LOG_DOMAIN=g_log_domain_glib     -Os -pipe -Wall  -D_REENTRANT -MT gnode.lo -MD -MP -MF .deps/gnode.Tpo -c -o gnode.lo gnode.c
libtool: compile:  gcc -DHAVE_CONFIG_H -I. -DG_LOG_DOMAIN=g_log_domain_glib -Os -pipe -Wall -D_REENTRANT -MT gmutex.lo -MD -MP -MF .deps/gmutex.Tpo -c gmutex.c -o gmutex.o >/dev/null 2>&1
libtool: compile:  gcc -DHAVE_CONFIG_H -I. -DG_LOG_DOMAIN=g_log_domain_glib -Os -pipe -Wall -D_REENTRANT -MT gmessages.lo -MD -MP -MF .deps/gmessages.Tpo -c gmessages.c -o gmessages.o >/dev/null 2>&1
libtool: compile:  gcc -DHAVE_CONFIG_H -I. -DG_LOG_DOMAIN=g_log_domain_glib -Os -pipe -Wall -D_REENTRANT -MT gnode.lo -MD -MP -MF .deps/gnode.Tpo -c gnode.c  -fPIC -DPIC -o .libs/gnode.o
mv -f .deps/gmutex.Tpo .deps/gmutex.Plo
/bin/sh ./libtool --tag=CC   --mode=compile gcc -DHAVE_CONFIG_H -I. -DG_LOG_DOMAIN=g_log_domain_glib     -Os -pipe -Wall  -D_REENTRANT -MT gprimes.lo -MD -MP -MF .deps/gprimes.Tpo -c -o gprimes.lo gprimes.c
libtool: compile:  gcc -DHAVE_CONFIG_H -I. -DG_LOG_DOMAIN=g_log_domain_glib -Os -pipe -Wall -D_REENTRANT -MT gprimes.lo -MD -MP -MF .deps/gprimes.Tpo -c gprimes.c  -fPIC -DPIC -o .libs/gprimes.o
libtool: compile:  gcc -DHAVE_CONFIG_H -I. -DG_LOG_DOMAIN=g_log_domain_glib -Os -pipe -Wall -D_REENTRANT -MT gprimes.lo -MD -MP -MF .deps/gprimes.Tpo -c gprimes.c -o gprimes.o >/dev/null 2>&1
mv -f .deps/gmain.Tpo .deps/gmain.Plo
/bin/sh ./libtool --tag=CC   --mode=compile gcc -DHAVE_CONFIG_H -I. -DG_LOG_DOMAIN=g_log_domain_glib     -Os -pipe -Wall  -D_REENTRANT -MT grel.lo -MD -MP -MF .deps/grel.Tpo -c -o grel.lo grel.c
mv -f .deps/gmessages.Tpo .deps/gmessages.Plo
/bin/sh ./libtool --tag=CC   --mode=compile gcc -DHAVE_CONFIG_H -I. -DG_LOG_DOMAIN=g_log_domain_glib     -Os -pipe -Wall  -D_REENTRANT -MT gscanner.lo -MD -MP -MF .deps/gscanner.Tpo -c -o gscanner.lo gscanner.c
mv -f .deps/gprimes.Tpo .deps/gprimes.Plo
/bin/sh ./libtool --tag=CC   --mode=compile gcc -DHAVE_CONFIG_H -I. -DG_LOG_DOMAIN=g_log_domain_glib     -Os -pipe -Wall  -D_REENTRANT -MT gslist.lo -MD -MP -MF .deps/gslist.Tpo -c -o gslist.lo gslist.c
libtool: compile:  gcc -DHAVE_CONFIG_H -I. -DG_LOG_DOMAIN=g_log_domain_glib -Os -pipe -Wall -D_REENTRANT -MT grel.lo -MD -MP -MF .deps/grel.Tpo -c grel.c  -fPIC -DPIC -o .libs/grel.o
libtool: compile:  gcc -DHAVE_CONFIG_H -I. -DG_LOG_DOMAIN=g_log_domain_glib -Os -pipe -Wall -D_REENTRANT -MT gscanner.lo -MD -MP -MF .deps/gscanner.Tpo -c gscanner.c  -fPIC -DPIC -o .libs/gscanner.o
libtool: compile:  gcc -DHAVE_CONFIG_H -I. -DG_LOG_DOMAIN=g_log_domain_glib -Os -pipe -Wall -D_REENTRANT -MT gslist.lo -MD -MP -MF .deps/gslist.Tpo -c gslist.c  -fPIC -DPIC -o .libs/gslist.o
libtool: compile:  gcc -DHAVE_CONFIG_H -I. -DG_LOG_DOMAIN=g_log_domain_glib -Os -pipe -Wall -D_REENTRANT -MT gnode.lo -MD -MP -MF .deps/gnode.Tpo -c gnode.c -o gnode.o >/dev/null 2>&1
libtool: compile:  gcc -DHAVE_CONFIG_H -I. -DG_LOG_DOMAIN=g_log_domain_glib -Os -pipe -Wall -D_REENTRANT -MT grel.lo -MD -MP -MF .deps/grel.Tpo -c grel.c -o grel.o >/dev/null 2>&1
libtool: compile:  gcc -DHAVE_CONFIG_H -I. -DG_LOG_DOMAIN=g_log_domain_glib -Os -pipe -Wall -D_REENTRANT -MT gslist.lo -MD -MP -MF .deps/gslist.Tpo -c gslist.c -o gslist.o >/dev/null 2>&1
mv -f .deps/gnode.Tpo .deps/gnode.Plo
/bin/sh ./libtool --tag=CC   --mode=compile gcc -DHAVE_CONFIG_H -I. -DG_LOG_DOMAIN=g_log_domain_glib     -Os -pipe -Wall  -D_REENTRANT -MT gstrfuncs.lo -MD -MP -MF .deps/gstrfuncs.Tpo -c -o gstrfuncs.lo gstrfuncs.c
mv -f .deps/grel.Tpo .deps/grel.Plo
/bin/sh ./libtool --tag=CC   --mode=compile gcc -DHAVE_CONFIG_H -I. -DG_LOG_DOMAIN=g_log_domain_glib     -Os -pipe -Wall  -D_REENTRANT -MT gstring.lo -MD -MP -MF .deps/gstring.Tpo -c -o gstring.lo gstring.c
mv -f .deps/gslist.Tpo .deps/gslist.Plo
/bin/sh ./libtool --tag=CC   --mode=compile gcc -DHAVE_CONFIG_H -I. -DG_LOG_DOMAIN=g_log_domain_glib     -Os -pipe -Wall  -D_REENTRANT -MT gtimer.lo -MD -MP -MF .deps/gtimer.Tpo -c -o gtimer.lo gtimer.c
libtool: compile:  gcc -DHAVE_CONFIG_H -I. -DG_LOG_DOMAIN=g_log_domain_glib -Os -pipe -Wall -D_REENTRANT -MT gstrfuncs.lo -MD -MP -MF .deps/gstrfuncs.Tpo -c gstrfuncs.c  -fPIC -DPIC -o .libs/gstrfuncs.o
libtool: compile:  gcc -DHAVE_CONFIG_H -I. -DG_LOG_DOMAIN=g_log_domain_glib -Os -pipe -Wall -D_REENTRANT -MT gstring.lo -MD -MP -MF .deps/gstring.Tpo -c gstring.c  -fPIC -DPIC -o .libs/gstring.o
libtool: compile:  gcc -DHAVE_CONFIG_H -I. -DG_LOG_DOMAIN=g_log_domain_glib -Os -pipe -Wall -D_REENTRANT -MT gtimer.lo -MD -MP -MF .deps/gtimer.Tpo -c gtimer.c  -fPIC -DPIC -o .libs/gtimer.o
gstrfuncs.c: In function 'g_strdown':
gstrfuncs.c:1139:5: warning: pointer targets in assignment differ in signednessgstring.c: In function 'g_string_down':

gstring.c:446:5: warning: pointer targets in assignment differ in signedness
gstrfuncs.c: In function 'g_strup':
gstrfuncs.c:1155:5: warning: pointer targets in assignment differ in signedness
gstring.c: In function 'g_string_up':
gstring.c:465:5: warning: pointer targets in assignment differ in signedness
gstrfuncs.c: In function 'g_strchug':
gstrfuncs.c:1314:14: warning: pointer targets in assignment differ in signedness
gstrfuncs.c:1317:3: warning: pointer targets in passing argument 1 of 'strlen' differ in signedness
/usr/include/string.h:399:15: note: expected 'const char *' but argument is of type 'guchar *'
libtool: compile:  gcc -DHAVE_CONFIG_H -I. -DG_LOG_DOMAIN=g_log_domain_glib -Os -pipe -Wall -D_REENTRANT -MT gtimer.lo -MD -MP -MF .deps/gtimer.Tpo -c gtimer.c -o gtimer.o >/dev/null 2>&1
libtool: compile:  gcc -DHAVE_CONFIG_H -I. -DG_LOG_DOMAIN=g_log_domain_glib -Os -pipe -Wall -D_REENTRANT -MT gscanner.lo -MD -MP -MF .deps/gscanner.Tpo -c gscanner.c -o gscanner.o >/dev/null 2>&1
libtool: compile:  gcc -DHAVE_CONFIG_H -I. -DG_LOG_DOMAIN=g_log_domain_glib -Os -pipe -Wall -D_REENTRANT -MT gstring.lo -MD -MP -MF .deps/gstring.Tpo -c gstring.c -o gstring.o >/dev/null 2>&1
mv -f .deps/gtimer.Tpo .deps/gtimer.Plo
/bin/sh ./libtool --tag=CC   --mode=compile gcc -DHAVE_CONFIG_H -I. -DG_LOG_DOMAIN=g_log_domain_glib     -Os -pipe -Wall  -D_REENTRANT -MT gtree.lo -MD -MP -MF .deps/gtree.Tpo -c -o gtree.lo gtree.c
libtool: compile:  gcc -DHAVE_CONFIG_H -I. -DG_LOG_DOMAIN=g_log_domain_glib -Os -pipe -Wall -D_REENTRANT -MT gtree.lo -MD -MP -MF .deps/gtree.Tpo -c gtree.c  -fPIC -DPIC -o .libs/gtree.o
gtree.c:717:1: warning: 'g_tree_node_check' defined but not used
libtool: compile:  gcc -DHAVE_CONFIG_H -I. -DG_LOG_DOMAIN=g_log_domain_glib -Os -pipe -Wall -D_REENTRANT -MT gstrfuncs.lo -MD -MP -MF .deps/gstrfuncs.Tpo -c gstrfuncs.c -o gstrfuncs.o >/dev/null 2>&1
mv -f .deps/gstring.Tpo .deps/gstring.Plo
/bin/sh ./libtool --tag=CC   --mode=compile gcc -DHAVE_CONFIG_H -I. -DG_LOG_DOMAIN=g_log_domain_glib     -Os -pipe -Wall  -D_REENTRANT -MT gutils.lo -MD -MP -MF .deps/gutils.Tpo -c -o gutils.lo gutils.c
libtool: compile:  gcc -DHAVE_CONFIG_H -I. -DG_LOG_DOMAIN=g_log_domain_glib -Os -pipe -Wall -D_REENTRANT -MT gutils.lo -MD -MP -MF .deps/gutils.Tpo -c gutils.c  -fPIC -DPIC -o .libs/gutils.o
libtool: compile:  gcc -DHAVE_CONFIG_H -I. -DG_LOG_DOMAIN=g_log_domain_glib -Os -pipe -Wall -D_REENTRANT -MT gtree.lo -MD -MP -MF .deps/gtree.Tpo -c gtree.c -o gtree.o >/dev/null 2>&1
mv -f .deps/gstrfuncs.Tpo .deps/gstrfuncs.Plo
gcc -DHAVE_CONFIG_H -I. -DG_LOG_DOMAIN=g_log_domain_glib     -Os -pipe -Wall  -D_REENTRANT -MT testglib.o -MD -MP -MF .deps/testglib.Tpo -c -o testglib.o testglib.c
mv -f .deps/gscanner.Tpo .deps/gscanner.Plo
gcc -DHAVE_CONFIG_H -I. -DG_LOG_DOMAIN=g_log_domain_glib     -Os -pipe -Wall  -D_REENTRANT -MT testgdate.o -MD -MP -MF .deps/testgdate.Tpo -c -o testgdate.o testgdate.c
mv -f .deps/gtree.Tpo .deps/gtree.Plo
gcc -DHAVE_CONFIG_H -I. -DG_LOG_DOMAIN=g_log_domain_glib     -Os -pipe -Wall  -D_REENTRANT -MT testgdateparser.o -MD -MP -MF .deps/testgdateparser.Tpo -c -o testgdateparser.o testgdateparser.c
testglib.c: In function 'g_node_test':
testglib.c:86:3: warning: reading through null pointer (argument 5)
testglib.c:90:3: warning: reading through null pointer (argument 5)
testglib.c:98:3: warning: reading through null pointer (argument 5)
testglib.c:108:3: warning: reading through null pointer (argument 5)
testglib.c:109:3: warning: reading through null pointer (argument 5)
testglib.c:110:3: warning: reading through null pointer (argument 5)
libtool: compile:  gcc -DHAVE_CONFIG_H -I. -DG_LOG_DOMAIN=g_log_domain_glib -Os -pipe -Wall -D_REENTRANT -MT gutils.lo -MD -MP -MF .deps/gutils.Tpo -c gutils.c -o gutils.o >/dev/null 2>&1
testglib.c:111:3: warning: reading through null pointer (argument 5)
testglib.c:112:3: warning: reading through null pointer (argument 5)
testglib.c:113:3: warning: reading through null pointer (argument 5)
testglib.c:114:3: warning: reading through null pointer (argument 5)
testglib.c:115:3: warning: reading through null pointer (argument 5)
testglib.c:116:3: warning: reading through null pointer (argument 5)
testglib.c:117:3: warning: reading through null pointer (argument 5)
testglib.c:118:3: warning: reading through null pointer (argument 5)
testglib.c:123:7: warning: reading through null pointer (argument 5)
testglib.c:127:5: warning: reading through null pointer (argument 5)
testglib.c:182:3: warning: reading through null pointer (argument 5)
testglib.c:183:3: warning: reading through null pointer (argument 5)
testglib.c: In function 'main':
testglib.c:359:3: warning: reading through null pointer (argument 5)
testglib.c:361:3: warning: reading through null pointer (argument 5)
testglib.c:363:3: warning: reading through null pointer (argument 5)
testglib.c:366:3: warning: reading through null pointer (argument 5)
mv -f .deps/testgdateparser.Tpo .deps/testgdateparser.Po
mv -f .deps/gutils.Tpo .deps/gutils.Plo
/bin/sh ./libtool --tag=CC   --mode=link gcc  -Os -pipe -Wall  -D_REENTRANT -version-info 0:10:0 -release 1.2 -export-dynamic  -o libglib.la  garray.lo gcache.lo gcompletion.lo gdataset.lo gdate.lo gerror.lo ghash.lo ghook.lo giochannel.lo giounix.lo glist.lo gmain.lo gmem.lo gmessages.lo gmutex.lo gnode.lo gprimes.lo grel.lo gscanner.lo gslist.lo gstrfuncs.lo gstring.lo gtimer.lo gtree.lo gutils.lo  
libtool: link: warning: `-version-info/-version-number' is ignored for convenience libraries
libtool: link: warning: `-release' is ignored for convenience libraries
libtool: link: ar cru .libs/libglib.a .libs/garray.o .libs/gcache.o .libs/gcompletion.o .libs/gdataset.o .libs/gdate.o .libs/gerror.o .libs/ghash.o .libs/ghook.o .libs/giochannel.o .libs/giounix.o .libs/glist.o .libs/gmain.o .libs/gmem.o .libs/gmessages.o .libs/gmutex.o .libs/gnode.o .libs/gprimes.o .libs/grel.o .libs/gscanner.o .libs/gslist.o .libs/gstrfuncs.o .libs/gstring.o .libs/gtimer.o .libs/gtree.o .libs/gutils.o 
libtool: link: ranlib .libs/libglib.a
libtool: link: ( cd ".libs" && rm -f "libglib.la" && ln -s "../libglib.la" "libglib.la" )
/bin/sh ./libtool --tag=CC   --mode=link gcc  -Os -pipe -Wall  -D_REENTRANT   -o testgdateparser testgdateparser.o libglib.la 
mv -f .deps/testglib.Tpo .deps/testglib.Po
mv -f .deps/testgdate.Tpo .deps/testgdate.Po
/bin/sh ./libtool --tag=CC   --mode=link gcc  -Os -pipe -Wall  -D_REENTRANT   -o testglib testglib.o libglib.la 
/bin/sh ./libtool --tag=CC   --mode=link gcc  -Os -pipe -Wall  -D_REENTRANT   -o testgdate testgdate.o libglib.la 
libtool: link: gcc -Os -pipe -Wall -D_REENTRANT -o testgdateparser testgdateparser.o  ./.libs/libglib.a
libtool: link: gcc -Os -pipe -Wall -D_REENTRANT -o testgdate testgdate.o  ./.libs/libglib.a
libtool: link: gcc -Os -pipe -Wall -D_REENTRANT -o testglib testglib.o  ./.libs/libglib.a
make[4]: Leaving directory `/usr/src/rpm/BUILD/pkg-config-0.25/glib-1.2.10'
Making all in gmodule
make[4]: Entering directory `/usr/src/rpm/BUILD/pkg-config-0.25/glib-1.2.10/gmodule'
make  all-am
make[5]: Entering directory `/usr/src/rpm/BUILD/pkg-config-0.25/glib-1.2.10/gmodule'
/bin/sh ../libtool --tag=CC   --mode=compile gcc -DHAVE_CONFIG_H -I. -I.. -I.. -I../gmodule -DG_LOG_DOMAIN=\"GModule\"     -Os -pipe -Wall  -D_REENTRANT -MT gmodule.lo -MD -MP -MF .deps/gmodule.Tpo -c -o gmodule.lo gmodule.c
/bin/sh ../libtool --tag=CC   --mode=compile gcc -DHAVE_CONFIG_H -I. -I.. -I.. -I../gmodule -DG_LOG_DOMAIN=\"GModule\"     -Os -pipe -Wall  -D_REENTRANT -MT libgplugin_a.lo -MD -MP -MF .deps/libgplugin_a.Tpo -c -o libgplugin_a.lo libgplugin_a.c
/bin/sh ../libtool --tag=CC   --mode=compile gcc -DHAVE_CONFIG_H -I. -I.. -I.. -I../gmodule -DG_LOG_DOMAIN=\"GModule\"     -Os -pipe -Wall  -D_REENTRANT -MT libgplugin_b.lo -MD -MP -MF .deps/libgplugin_b.Tpo -c -o libgplugin_b.lo libgplugin_b.c
gcc -DHAVE_CONFIG_H -I. -I.. -I.. -I../gmodule -DG_LOG_DOMAIN=\"GModule\"     -Os -pipe -Wall  -D_REENTRANT -MT testgmodule.o -MD -MP -MF .deps/testgmodule.Tpo -c -o testgmodule.o testgmodule.c
libtool: compile:  gcc -DHAVE_CONFIG_H -I. -I.. -I.. -I../gmodule -DG_LOG_DOMAIN=\"GModule\" -Os -pipe -Wall -D_REENTRANT -MT gmodule.lo -MD -MP -MF .deps/gmodule.Tpo -c gmodule.c  -fPIC -DPIC -o .libs/gmodule.o
libtool: compile:  gcc -DHAVE_CONFIG_H -I. -I.. -I.. -I../gmodule -DG_LOG_DOMAIN=\"GModule\" -Os -pipe -Wall -D_REENTRANT -MT libgplugin_b.lo -MD -MP -MF .deps/libgplugin_b.Tpo -c libgplugin_b.c  -fPIC -DPIC -o .libs/libgplugin_b.o
libtool: compile:  gcc -DHAVE_CONFIG_H -I. -I.. -I.. -I../gmodule -DG_LOG_DOMAIN=\"GModule\" -Os -pipe -Wall -D_REENTRANT -MT libgplugin_a.lo -MD -MP -MF .deps/libgplugin_a.Tpo -c libgplugin_a.c  -fPIC -DPIC -o .libs/libgplugin_a.o
mv -f .deps/testgmodule.Tpo .deps/testgmodule.Po
libtool: compile:  gcc -DHAVE_CONFIG_H -I. -I.. -I.. -I../gmodule -DG_LOG_DOMAIN=\"GModule\" -Os -pipe -Wall -D_REENTRANT -MT libgplugin_b.lo -MD -MP -MF .deps/libgplugin_b.Tpo -c libgplugin_b.c -o libgplugin_b.o >/dev/null 2>&1
libtool: compile:  gcc -DHAVE_CONFIG_H -I. -I.. -I.. -I../gmodule -DG_LOG_DOMAIN=\"GModule\" -Os -pipe -Wall -D_REENTRANT -MT libgplugin_a.lo -MD -MP -MF .deps/libgplugin_a.Tpo -c libgplugin_a.c -o libgplugin_a.o >/dev/null 2>&1
mv -f .deps/libgplugin_b.Tpo .deps/libgplugin_b.Plo
/bin/sh ../libtool --tag=CC   --mode=link gcc  -Os -pipe -Wall  -D_REENTRANT -rdynamic -avoid-version -module  -o libgplugin_b.la  libgplugin_b.lo -ldl  
mv -f .deps/libgplugin_a.Tpo .deps/libgplugin_a.Plo
/bin/sh ../libtool --tag=CC   --mode=link gcc  -Os -pipe -Wall  -D_REENTRANT -rdynamic -avoid-version -module  -o libgplugin_a.la  libgplugin_a.lo -ldl  
libtool: compile:  gcc -DHAVE_CONFIG_H -I. -I.. -I.. -I../gmodule -DG_LOG_DOMAIN=\"GModule\" -Os -pipe -Wall -D_REENTRANT -MT gmodule.lo -MD -MP -MF .deps/gmodule.Tpo -c gmodule.c -o gmodule.o >/dev/null 2>&1
libtool: link: ar cru .libs/libgplugin_b.a .libs/libgplugin_b.o 
libtool: link: ranlib .libs/libgplugin_b.a
libtool: link: ar cru .libs/libgplugin_a.a .libs/libgplugin_a.o 
libtool: link: ranlib .libs/libgplugin_a.a
libtool: link: ( cd ".libs" && rm -f "libgplugin_b.la" && ln -s "../libgplugin_b.la" "libgplugin_b.la" )
mv -f .deps/gmodule.Tpo .deps/gmodule.Plo
/bin/sh ../libtool --tag=CC   --mode=link gcc  -Os -pipe -Wall  -D_REENTRANT -rdynamic -version-info 0:10:0 -release 1.2 -export-dynamic  -o libgmodule.la  gmodule.lo -ldl  
libtool: link: ( cd ".libs" && rm -f "libgplugin_a.la" && ln -s "../libgplugin_a.la" "libgplugin_a.la" )
libtool: link: warning: `-version-info/-version-number' is ignored for convenience libraries
libtool: link: warning: `-release' is ignored for convenience libraries
libtool: link: ar cru .libs/libgmodule.a .libs/gmodule.o 
libtool: link: ranlib .libs/libgmodule.a
libtool: link: ( cd ".libs" && rm -f "libgmodule.la" && ln -s "../libgmodule.la" "libgmodule.la" )
/bin/sh ../libtool --tag=CC   --mode=link gcc  -Os -pipe -Wall  -D_REENTRANT -rdynamic  -o testgmodule testgmodule.o libgmodule.la ../libglib.la  -ldl 
libtool: link: gcc -Os -pipe -Wall -D_REENTRANT -rdynamic -o testgmodule testgmodule.o  ./.libs/libgmodule.a ../.libs/libglib.a -ldl
make[5]: Leaving directory `/usr/src/rpm/BUILD/pkg-config-0.25/glib-1.2.10/gmodule'
make[4]: Leaving directory `/usr/src/rpm/BUILD/pkg-config-0.25/glib-1.2.10/gmodule'
Making all in gthread
make[4]: Entering directory `/usr/src/rpm/BUILD/pkg-config-0.25/glib-1.2.10/gthread'
/bin/sh ../libtool --tag=CC   --mode=compile gcc -DHAVE_CONFIG_H -I. -I.. -I.. -I../gthread -DG_LOG_DOMAIN=\"GThread\"    -Os -pipe -Wall  -D_REENTRANT -MT gthread.lo -MD -MP -MF .deps/gthread.Tpo -c -o gthread.lo gthread.c
gcc -DHAVE_CONFIG_H -I. -I.. -I.. -I../gthread -DG_LOG_DOMAIN=\"GThread\"    -Os -pipe -Wall  -D_REENTRANT -MT testgthread.o -MD -MP -MF .deps/testgthread.Tpo -c -o testgthread.o testgthread.c
In file included from testgthread.c:6:0:
../testglib.c: In function 'g_node_test':
../testglib.c:86:3: warning: reading through null pointer (argument 5)
../testglib.c:90:3: warning: reading through null pointer (argument 5)
../testglib.c:98:3: warning: reading through null pointer (argument 5)
../testglib.c:108:3: warning: reading through null pointer (argument 5)
../testglib.c:109:3: warning: reading through null pointer (argument 5)
../testglib.c:110:3: warning: reading through null pointer (argument 5)
../testglib.c:111:3: warning: reading through null pointer (argument 5)
../testglib.c:112:3: warning: reading through null pointer (argument 5)
../testglib.c:113:3: warning: reading through null pointer (argument 5)
../testglib.c:114:3: warning: reading through null pointer (argument 5)
../testglib.c:115:3: warning: reading through null pointer (argument 5)
../testglib.c:116:3: warning: reading through null pointer (argument 5)
../testglib.c:117:3: warning: reading through null pointer (argument 5)
../testglib.c:118:3: warning: reading through null pointer (argument 5)
../testglib.c:123:7: warning: reading through null pointer (argument 5)
../testglib.c:127:5: warning: reading through null pointer (argument 5)
../testglib.c:182:3: warning: reading through null pointer (argument 5)
../testglib.c:183:3: warning: reading through null pointer (argument 5)
../testglib.c: In function 'testglib_main':
../testglib.c:359:3: warning: reading through null pointer (argument 5)
../testglib.c:361:3: warning: reading through null pointer (argument 5)
../testglib.c:363:3: warning: reading through null pointer (argument 5)
../testglib.c:366:3: warning: reading through null pointer (argument 5)
libtool: compile:  gcc -DHAVE_CONFIG_H -I. -I.. -I.. -I../gthread -DG_LOG_DOMAIN=\"GThread\" -Os -pipe -Wall -D_REENTRANT -MT gthread.lo -MD -MP -MF .deps/gthread.Tpo -c gthread.c  -fPIC -DPIC -o .libs/gthread.o
libtool: compile:  gcc -DHAVE_CONFIG_H -I. -I.. -I.. -I../gthread -DG_LOG_DOMAIN=\"GThread\" -Os -pipe -Wall -D_REENTRANT -MT gthread.lo -MD -MP -MF .deps/gthread.Tpo -c gthread.c -o gthread.o >/dev/null 2>&1
mv -f .deps/gthread.Tpo .deps/gthread.Plo
/bin/sh ../libtool --tag=CC   --mode=link gcc  -Os -pipe -Wall  -D_REENTRANT -version-info 0:10:0 -release 1.2 -export-dynamic  -o libgthread.la  gthread.lo -lpthread 
libtool: link: warning: `-version-info/-version-number' is ignored for convenience libraries
libtool: link: warning: `-release' is ignored for convenience libraries
libtool: link: ar cru .libs/libgthread.a .libs/gthread.o 
libtool: link: ranlib .libs/libgthread.a
libtool: link: ( cd ".libs" && rm -f "libgthread.la" && ln -s "../libgthread.la" "libgthread.la" )
mv -f .deps/testgthread.Tpo .deps/testgthread.Po
/bin/sh ../libtool --tag=CC   --mode=link gcc  -Os -pipe -Wall  -D_REENTRANT   -o testgthread testgthread.o ../libglib.la libgthread.la  
libtool: link: gcc -Os -pipe -Wall -D_REENTRANT -o testgthread testgthread.o  ../.libs/libglib.a ./.libs/libgthread.a -lpthread
make[4]: Leaving directory `/usr/src/rpm/BUILD/pkg-config-0.25/glib-1.2.10/gthread'
Making all in docs
make[4]: Entering directory `/usr/src/rpm/BUILD/pkg-config-0.25/glib-1.2.10/docs'
make[4]: Nothing to be done for `all'.
make[4]: Leaving directory `/usr/src/rpm/BUILD/pkg-config-0.25/glib-1.2.10/docs'
Making all in tests
make[4]: Entering directory `/usr/src/rpm/BUILD/pkg-config-0.25/glib-1.2.10/tests'
gcc -DHAVE_CONFIG_H -I. -I.. -I..    -Os -pipe -Wall  -D_REENTRANT -MT array-test.o -MD -MP -MF .deps/array-test.Tpo -c -o array-test.o array-test.c
gcc -DHAVE_CONFIG_H -I. -I.. -I..    -Os -pipe -Wall  -D_REENTRANT -MT dirname-test.o -MD -MP -MF .deps/dirname-test.Tpo -c -o dirname-test.o dirname-test.c
gcc -DHAVE_CONFIG_H -I. -I.. -I..    -Os -pipe -Wall  -D_REENTRANT -MT hash-test.o -MD -MP -MF .deps/hash-test.Tpo -c -o hash-test.o hash-test.c
gcc -DHAVE_CONFIG_H -I. -I.. -I..    -Os -pipe -Wall  -D_REENTRANT -MT list-test.o -MD -MP -MF .deps/list-test.Tpo -c -o list-test.o list-test.c
hash-test.c:178:13: warning: 'not_even_foreach' defined but not used
hash-test.c:203:17: warning: 'remove_even_foreach' defined but not used
mv -f .deps/dirname-test.Tpo .deps/dirname-test.Po
gcc -DHAVE_CONFIG_H -I. -I.. -I..    -Os -pipe -Wall  -D_REENTRANT -MT node-test.o -MD -MP -MF .deps/node-test.Tpo -c -o node-test.o node-test.c
mv -f .deps/array-test.Tpo .deps/array-test.Po
gcc -DHAVE_CONFIG_H -I. -I.. -I..    -Os -pipe -Wall  -D_REENTRANT -MT relation-test.o -MD -MP -MF .deps/relation-test.Tpo -c -o relation-test.o relation-test.c
mv -f .deps/list-test.Tpo .deps/list-test.Po
gcc -DHAVE_CONFIG_H -I. -I.. -I..    -Os -pipe -Wall  -D_REENTRANT -MT slist-test.o -MD -MP -MF .deps/slist-test.Tpo -c -o slist-test.o slist-test.c
node-test.c: In function 'g_node_test':
node-test.c:99:3: warning: reading through null pointer (argument 5)
node-test.c:103:3: warning: reading through null pointer (argument 5)
node-test.c:111:3: warning: reading through null pointer (argument 5)
node-test.c:121:3: warning: reading through null pointer (argument 5)
node-test.c:122:3: warning: reading through null pointer (argument 5)
node-test.c:123:3: warning: reading through null pointer (argument 5)
node-test.c:124:3: warning: reading through null pointer (argument 5)
node-test.c:125:3: warning: reading through null pointer (argument 5)
node-test.c:126:3: warning: reading through null pointer (argument 5)
node-test.c:127:3: warning: reading through null pointer (argument 5)
node-test.c:128:3: warning: reading through null pointer (argument 5)
node-test.c:129:3: warning: reading through null pointer (argument 5)
node-test.c:130:3: warning: reading through null pointer (argument 5)
node-test.c:131:3: warning: reading through null pointer (argument 5)
node-test.c:136:7: warning: reading through null pointer (argument 5)
node-test.c:140:5: warning: reading through null pointer (argument 5)
node-test.c:195:3: warning: reading through null pointer (argument 5)
node-test.c:196:3: warning: reading through null pointer (argument 5)
mv -f .deps/hash-test.Tpo .deps/hash-test.Po
gcc -DHAVE_CONFIG_H -I. -I.. -I..    -Os -pipe -Wall  -D_REENTRANT -MT string-test.o -MD -MP -MF .deps/string-test.Tpo -c -o string-test.o string-test.c
mv -f .deps/slist-test.Tpo .deps/slist-test.Po
gcc -DHAVE_CONFIG_H -I. -I.. -I..    -Os -pipe -Wall  -D_REENTRANT -MT strfunc-test.o -MD -MP -MF .deps/strfunc-test.Tpo -c -o strfunc-test.o strfunc-test.c
mv -f .deps/relation-test.Tpo .deps/relation-test.Po
gcc -DHAVE_CONFIG_H -I. -I.. -I..    -Os -pipe -Wall  -D_REENTRANT -MT tree-test.o -MD -MP -MF .deps/tree-test.Tpo -c -o tree-test.o tree-test.c
mv -f .deps/string-test.Tpo .deps/string-test.Po
mv -f .deps/node-test.Tpo .deps/node-test.Po
gcc -DHAVE_CONFIG_H -I. -I.. -I..    -Os -pipe -Wall  -D_REENTRANT -MT type-test.o -MD -MP -MF .deps/type-test.Tpo -c -o type-test.o type-test.c
/bin/sh ../libtool --tag=CC   --mode=link gcc  -Os -pipe -Wall  -D_REENTRANT   -o array-test array-test.o ../libglib.la 
mv -f .deps/strfunc-test.Tpo .deps/strfunc-test.Po
/bin/sh ../libtool --tag=CC   --mode=link gcc  -Os -pipe -Wall  -D_REENTRANT   -o dirname-test dirname-test.o ../libglib.la 
mv -f .deps/tree-test.Tpo .deps/tree-test.Po
mv -f .deps/type-test.Tpo .deps/type-test.Po
/bin/sh ../libtool --tag=CC   --mode=link gcc  -Os -pipe -Wall  -D_REENTRANT   -o hash-test hash-test.o ../libglib.la 
/bin/sh ../libtool --tag=CC   --mode=link gcc  -Os -pipe -Wall  -D_REENTRANT   -o list-test list-test.o ../libglib.la 
libtool: link: gcc -Os -pipe -Wall -D_REENTRANT -o array-test array-test.o  ../.libs/libglib.a
libtool: link: gcc -Os -pipe -Wall -D_REENTRANT -o hash-test hash-test.o  ../.libs/libglib.a
/bin/sh ../libtool --tag=CC   --mode=link gcc  -Os -pipe -Wall  -D_REENTRANT   -o node-test node-test.o ../libglib.la 
libtool: link: gcc -Os -pipe -Wall -D_REENTRANT -o dirname-test dirname-test.o  ../.libs/libglib.a
libtool: link: gcc -Os -pipe -Wall -D_REENTRANT -o list-test list-test.o  ../.libs/libglib.a
/bin/sh ../libtool --tag=CC   --mode=link gcc  -Os -pipe -Wall  -D_REENTRANT   -o relation-test relation-test.o ../libglib.la 
/bin/sh ../libtool --tag=CC   --mode=link gcc  -Os -pipe -Wall  -D_REENTRANT   -o slist-test slist-test.o ../libglib.la 
/bin/sh ../libtool --tag=CC   --mode=link gcc  -Os -pipe -Wall  -D_REENTRANT   -o string-test string-test.o ../libglib.la 
libtool: link: gcc -Os -pipe -Wall -D_REENTRANT -o node-test node-test.o  ../.libs/libglib.a
libtool: link: gcc -Os -pipe -Wall -D_REENTRANT -o relation-test relation-test.o  ../.libs/libglib.a
/bin/sh ../libtool --tag=CC   --mode=link gcc  -Os -pipe -Wall  -D_REENTRANT   -o strfunc-test strfunc-test.o ../libglib.la 
libtool: link: gcc -Os -pipe -Wall -D_REENTRANT -o slist-test slist-test.o  ../.libs/libglib.a
libtool: link: gcc -Os -pipe -Wall -D_REENTRANT -o string-test string-test.o  ../.libs/libglib.a
/bin/sh ../libtool --tag=CC   --mode=link gcc  -Os -pipe -Wall  -D_REENTRANT   -o tree-test tree-test.o ../libglib.la 
/bin/sh ../libtool --tag=CC   --mode=link gcc  -Os -pipe -Wall  -D_REENTRANT   -o type-test type-test.o ../libglib.la 
libtool: link: gcc -Os -pipe -Wall -D_REENTRANT -o strfunc-test strfunc-test.o  ../.libs/libglib.a
libtool: link: gcc -Os -pipe -Wall -D_REENTRANT -o tree-test tree-test.o  ../.libs/libglib.a
libtool: link: gcc -Os -pipe -Wall -D_REENTRANT -o type-test type-test.o  ../.libs/libglib.a
make[4]: Leaving directory `/usr/src/rpm/BUILD/pkg-config-0.25/glib-1.2.10/tests'
make[3]: Leaving directory `/usr/src/rpm/BUILD/pkg-config-0.25/glib-1.2.10'
make[2]: Leaving directory `/usr/src/rpm/BUILD/pkg-config-0.25/glib-1.2.10'
Making all in popt
make[2]: Entering directory `/usr/src/rpm/BUILD/pkg-config-0.25/popt'
/bin/sh ../libtool --tag=CC   --mode=compile gcc -DHAVE_CONFIG_H -I. -I..     -Os -pipe -MT popt.lo -MD -MP -MF .deps/popt.Tpo -c -o popt.lo popt.c
/bin/sh ../libtool --tag=CC   --mode=compile gcc -DHAVE_CONFIG_H -I. -I..     -Os -pipe -MT poptconfig.lo -MD -MP -MF .deps/poptconfig.Tpo -c -o poptconfig.lo poptconfig.c
/bin/sh ../libtool --tag=CC   --mode=compile gcc -DHAVE_CONFIG_H -I. -I..     -Os -pipe -MT popthelp.lo -MD -MP -MF .deps/popthelp.Tpo -c -o popthelp.lo popthelp.c
/bin/sh ../libtool --tag=CC   --mode=compile gcc -DHAVE_CONFIG_H -I. -I..     -Os -pipe -MT poptparse.lo -MD -MP -MF .deps/poptparse.Tpo -c -o poptparse.lo poptparse.c
libtool: compile:  gcc -DHAVE_CONFIG_H -I. -I.. -Os -pipe -MT popthelp.lo -MD -MP -MF .deps/popthelp.Tpo -c popthelp.c  -fPIC -DPIC -o .libs/popthelp.o
libtool: compile:  gcc -DHAVE_CONFIG_H -I. -I.. -Os -pipe -MT poptconfig.lo -MD -MP -MF .deps/poptconfig.Tpo -c poptconfig.c  -fPIC -DPIC -o .libs/poptconfig.o
libtool: compile:  gcc -DHAVE_CONFIG_H -I. -I.. -Os -pipe -MT poptparse.lo -MD -MP -MF .deps/poptparse.Tpo -c poptparse.c  -fPIC -DPIC -o .libs/poptparse.o
libtool: compile:  gcc -DHAVE_CONFIG_H -I. -I.. -Os -pipe -MT popt.lo -MD -MP -MF .deps/popt.Tpo -c popt.c  -fPIC -DPIC -o .libs/popt.o
libtool: compile:  gcc -DHAVE_CONFIG_H -I. -I.. -Os -pipe -MT poptparse.lo -MD -MP -MF .deps/poptparse.Tpo -c poptparse.c -o poptparse.o >/dev/null 2>&1
libtool: compile:  gcc -DHAVE_CONFIG_H -I. -I.. -Os -pipe -MT popthelp.lo -MD -MP -MF .deps/popthelp.Tpo -c popthelp.c -o popthelp.o >/dev/null 2>&1
libtool: compile:  gcc -DHAVE_CONFIG_H -I. -I.. -Os -pipe -MT poptconfig.lo -MD -MP -MF .deps/poptconfig.Tpo -c poptconfig.c -o poptconfig.o >/dev/null 2>&1
mv -f .deps/poptparse.Tpo .deps/poptparse.Plo
/bin/sh ../libtool --tag=CC   --mode=compile gcc -DHAVE_CONFIG_H -I. -I..     -Os -pipe -MT findme.lo -MD -MP -MF .deps/findme.Tpo -c -o findme.lo findme.c
libtool: compile:  gcc -DHAVE_CONFIG_H -I. -I.. -Os -pipe -MT findme.lo -MD -MP -MF .deps/findme.Tpo -c findme.c  -fPIC -DPIC -o .libs/findme.o
mv -f .deps/popthelp.Tpo .deps/popthelp.Plo
libtool: compile:  gcc -DHAVE_CONFIG_H -I. -I.. -Os -pipe -MT popt.lo -MD -MP -MF .deps/popt.Tpo -c popt.c -o popt.o >/dev/null 2>&1
mv -f .deps/poptconfig.Tpo .deps/poptconfig.Plo
libtool: compile:  gcc -DHAVE_CONFIG_H -I. -I.. -Os -pipe -MT findme.lo -MD -MP -MF .deps/findme.Tpo -c findme.c -o findme.o >/dev/null 2>&1
mv -f .deps/findme.Tpo .deps/findme.Plo
mv -f .deps/popt.Tpo .deps/popt.Plo
/bin/sh ../libtool --tag=CC   --mode=link gcc  -Os -pipe   -o libpopt.la  popt.lo poptconfig.lo popthelp.lo poptparse.lo findme.lo  
libtool: link: ar cru .libs/libpopt.a .libs/popt.o .libs/poptconfig.o .libs/popthelp.o .libs/poptparse.o .libs/findme.o 
libtool: link: ranlib .libs/libpopt.a
libtool: link: ( cd ".libs" && rm -f "libpopt.la" && ln -s "../libpopt.la" "libpopt.la" )
make[2]: Leaving directory `/usr/src/rpm/BUILD/pkg-config-0.25/popt'
Making all in check
make[2]: Entering directory `/usr/src/rpm/BUILD/pkg-config-0.25/check'
make[2]: Nothing to be done for `all'.
make[2]: Leaving directory `/usr/src/rpm/BUILD/pkg-config-0.25/check'
make[2]: Entering directory `/usr/src/rpm/BUILD/pkg-config-0.25'
gcc -DHAVE_CONFIG_H -I. -DPKG_CONFIG_PC_PATH="\"/usr/lib64/pkgconfig\"" -I./glib-1.2.10 -I./glib-1.2.10 -I./popt    -Os -pipe -MT pkg.o -MD -MP -MF .deps/pkg.Tpo -c -o pkg.o pkg.c
gcc -DHAVE_CONFIG_H -I. -DPKG_CONFIG_PC_PATH="\"/usr/lib64/pkgconfig\"" -I./glib-1.2.10 -I./glib-1.2.10 -I./popt    -Os -pipe -MT parse.o -MD -MP -MF .deps/parse.Tpo -c -o parse.o parse.c
gcc -DHAVE_CONFIG_H -I. -DPKG_CONFIG_PC_PATH="\"/usr/lib64/pkgconfig\"" -I./glib-1.2.10 -I./glib-1.2.10 -I./popt    -Os -pipe -MT main.o -MD -MP -MF .deps/main.Tpo -c -o main.o main.c
mv -f .deps/main.Tpo .deps/main.Po
mv -f .deps/pkg.Tpo .deps/pkg.Po
mv -f .deps/parse.Tpo .deps/parse.Po
/bin/sh ./libtool --tag=CC   --mode=link gcc  -Os -pipe   -o pkg-config pkg.o parse.o main.o glib-1.2.10/libglib.la  popt/libpopt.la 
libtool: link: gcc -Os -pipe -o pkg-config pkg.o parse.o main.o  glib-1.2.10/.libs/libglib.a popt/.libs/libpopt.a
make[2]: Leaving directory `/usr/src/rpm/BUILD/pkg-config-0.25'
make[1]: Leaving directory `/usr/src/rpm/BUILD/pkg-config-0.25'
+ make check
Making check in glib-1.2.10
make[1]: Entering directory `/usr/src/rpm/BUILD/pkg-config-0.25/glib-1.2.10'
make  check-recursive
make[2]: Entering directory `/usr/src/rpm/BUILD/pkg-config-0.25/glib-1.2.10'
Making check in .
make[3]: Entering directory `/usr/src/rpm/BUILD/pkg-config-0.25/glib-1.2.10'
make[3]: Leaving directory `/usr/src/rpm/BUILD/pkg-config-0.25/glib-1.2.10'
Making check in gmodule
make[3]: Entering directory `/usr/src/rpm/BUILD/pkg-config-0.25/glib-1.2.10/gmodule'
make  check-am
make[4]: Entering directory `/usr/src/rpm/BUILD/pkg-config-0.25/glib-1.2.10/gmodule'
make[4]: Nothing to be done for `check-am'.
make[4]: Leaving directory `/usr/src/rpm/BUILD/pkg-config-0.25/glib-1.2.10/gmodule'
make[3]: Leaving directory `/usr/src/rpm/BUILD/pkg-config-0.25/glib-1.2.10/gmodule'
Making check in gthread
make[3]: Entering directory `/usr/src/rpm/BUILD/pkg-config-0.25/glib-1.2.10/gthread'
make[3]: Nothing to be done for `check'.
make[3]: Leaving directory `/usr/src/rpm/BUILD/pkg-config-0.25/glib-1.2.10/gthread'
Making check in docs
make[3]: Entering directory `/usr/src/rpm/BUILD/pkg-config-0.25/glib-1.2.10/docs'
make[3]: Nothing to be done for `check'.
make[3]: Leaving directory `/usr/src/rpm/BUILD/pkg-config-0.25/glib-1.2.10/docs'
Making check in tests
make[3]: Entering directory `/usr/src/rpm/BUILD/pkg-config-0.25/glib-1.2.10/tests'
make  check-TESTS
make[4]: Entering directory `/usr/src/rpm/BUILD/pkg-config-0.25/glib-1.2.10/tests'
PASS: array-test
PASS: dirname-test
PASS: hash-test
PASS: list-test
PASS: node-test
PASS: relation-test
PASS: slist-test
PASS: string-test
PASS: strfunc-test
PASS: tree-test
PASS: type-test
===================
All 11 tests passed
===================
make[4]: Leaving directory `/usr/src/rpm/BUILD/pkg-config-0.25/glib-1.2.10/tests'
make[3]: Leaving directory `/usr/src/rpm/BUILD/pkg-config-0.25/glib-1.2.10/tests'
make[2]: Leaving directory `/usr/src/rpm/BUILD/pkg-config-0.25/glib-1.2.10'
make[1]: Leaving directory `/usr/src/rpm/BUILD/pkg-config-0.25/glib-1.2.10'
Making check in popt
make[1]: Entering directory `/usr/src/rpm/BUILD/pkg-config-0.25/popt'
make[1]: Nothing to be done for `check'.
make[1]: Leaving directory `/usr/src/rpm/BUILD/pkg-config-0.25/popt'
Making check in check
make[1]: Entering directory `/usr/src/rpm/BUILD/pkg-config-0.25/check'
make  check-TESTS
make[2]: Entering directory `/usr/src/rpm/BUILD/pkg-config-0.25/check'
PASS: check-cflags
PASS: check-libs
PASS: check-define-variable
PASS: check-libs-private
PASS: check-requires-private
PASS: check-includedir
PASS: check-conflicts
PASS: check-missing
PASS: check-idirafter
PASS: check-whitespace
===================
All 10 tests passed
===================
make[2]: Leaving directory `/usr/src/rpm/BUILD/pkg-config-0.25/check'
make[1]: Leaving directory `/usr/src/rpm/BUILD/pkg-config-0.25/check'
make[1]: Entering directory `/usr/src/rpm/BUILD/pkg-config-0.25'
make[1]: Leaving directory `/usr/src/rpm/BUILD/pkg-config-0.25'
+ exit 0
Executing(%install): /bin/sh -e /var/tmp/rpm-tmp.86488
+ umask 022
+ cd /usr/src/rpm/BUILD
+ /bin/rm -rf /var/tmp/pkg-config-root
+ /bin/mkdir -p /var/tmp/pkg-config-root
+ cd pkg-config-0.25
+ make DESTDIR=/var/tmp/pkg-config-root install
Making install in glib-1.2.10
make[1]: Entering directory `/usr/src/rpm/BUILD/pkg-config-0.25/glib-1.2.10'
make  install-recursive
make[2]: Entering directory `/usr/src/rpm/BUILD/pkg-config-0.25/glib-1.2.10'
Making install in .
make[3]: Entering directory `/usr/src/rpm/BUILD/pkg-config-0.25/glib-1.2.10'
make[4]: Entering directory `/usr/src/rpm/BUILD/pkg-config-0.25/glib-1.2.10'
make[4]: Nothing to be done for `install-exec-am'.
make[4]: Nothing to be done for `install-data-am'.
make[4]: Leaving directory `/usr/src/rpm/BUILD/pkg-config-0.25/glib-1.2.10'
make[3]: Leaving directory `/usr/src/rpm/BUILD/pkg-config-0.25/glib-1.2.10'
Making install in gmodule
make[3]: Entering directory `/usr/src/rpm/BUILD/pkg-config-0.25/glib-1.2.10/gmodule'
make  install-am
make[4]: Entering directory `/usr/src/rpm/BUILD/pkg-config-0.25/glib-1.2.10/gmodule'
make[5]: Entering directory `/usr/src/rpm/BUILD/pkg-config-0.25/glib-1.2.10/gmodule'
make[5]: Nothing to be done for `install-exec-am'.
make[5]: Nothing to be done for `install-data-am'.
make[5]: Leaving directory `/usr/src/rpm/BUILD/pkg-config-0.25/glib-1.2.10/gmodule'
make[4]: Leaving directory `/usr/src/rpm/BUILD/pkg-config-0.25/glib-1.2.10/gmodule'
make[3]: Leaving directory `/usr/src/rpm/BUILD/pkg-config-0.25/glib-1.2.10/gmodule'
Making install in gthread
make[3]: Entering directory `/usr/src/rpm/BUILD/pkg-config-0.25/glib-1.2.10/gthread'
make[4]: Entering directory `/usr/src/rpm/BUILD/pkg-config-0.25/glib-1.2.10/gthread'
make[4]: Nothing to be done for `install-exec-am'.
make[4]: Nothing to be done for `install-data-am'.
make[4]: Leaving directory `/usr/src/rpm/BUILD/pkg-config-0.25/glib-1.2.10/gthread'
make[3]: Leaving directory `/usr/src/rpm/BUILD/pkg-config-0.25/glib-1.2.10/gthread'
Making install in docs
make[3]: Entering directory `/usr/src/rpm/BUILD/pkg-config-0.25/glib-1.2.10/docs'
make[4]: Entering directory `/usr/src/rpm/BUILD/pkg-config-0.25/glib-1.2.10/docs'
make[4]: Nothing to be done for `install-exec-am'.
make[4]: Nothing to be done for `install-data-am'.
make[4]: Leaving directory `/usr/src/rpm/BUILD/pkg-config-0.25/glib-1.2.10/docs'
make[3]: Leaving directory `/usr/src/rpm/BUILD/pkg-config-0.25/glib-1.2.10/docs'
Making install in tests
make[3]: Entering directory `/usr/src/rpm/BUILD/pkg-config-0.25/glib-1.2.10/tests'
make[4]: Entering directory `/usr/src/rpm/BUILD/pkg-config-0.25/glib-1.2.10/tests'
make[4]: Nothing to be done for `install-exec-am'.
make[4]: Nothing to be done for `install-data-am'.
make[4]: Leaving directory `/usr/src/rpm/BUILD/pkg-config-0.25/glib-1.2.10/tests'
make[3]: Leaving directory `/usr/src/rpm/BUILD/pkg-config-0.25/glib-1.2.10/tests'
make[2]: Leaving directory `/usr/src/rpm/BUILD/pkg-config-0.25/glib-1.2.10'
make[1]: Leaving directory `/usr/src/rpm/BUILD/pkg-config-0.25/glib-1.2.10'
Making install in popt
make[1]: Entering directory `/usr/src/rpm/BUILD/pkg-config-0.25/popt'
make[2]: Entering directory `/usr/src/rpm/BUILD/pkg-config-0.25/popt'
make[2]: Nothing to be done for `install-exec-am'.
make[2]: Nothing to be done for `install-data-am'.
make[2]: Leaving directory `/usr/src/rpm/BUILD/pkg-config-0.25/popt'
make[1]: Leaving directory `/usr/src/rpm/BUILD/pkg-config-0.25/popt'
Making install in check
make[1]: Entering directory `/usr/src/rpm/BUILD/pkg-config-0.25/check'
make[2]: Entering directory `/usr/src/rpm/BUILD/pkg-config-0.25/check'
make[2]: Nothing to be done for `install-exec-am'.
make[2]: Nothing to be done for `install-data-am'.
make[2]: Leaving directory `/usr/src/rpm/BUILD/pkg-config-0.25/check'
make[1]: Leaving directory `/usr/src/rpm/BUILD/pkg-config-0.25/check'
make[1]: Entering directory `/usr/src/rpm/BUILD/pkg-config-0.25'
make[2]: Entering directory `/usr/src/rpm/BUILD/pkg-config-0.25'
test -z "/usr/bin" || /bin/mkdir -p "/var/tmp/pkg-config-root/usr/bin"
  /bin/sh ./libtool   --mode=install /usr/bin/install -c pkg-config '/var/tmp/pkg-config-root/usr/bin'
libtool: install: /usr/bin/install -c pkg-config /var/tmp/pkg-config-root/usr/bin/pkg-config
test -z "/usr/share/doc/pkg-config" || /bin/mkdir -p "/var/tmp/pkg-config-root/usr/share/doc/pkg-config"
 /usr/bin/install -c -m 644 pkg-config-guide.html '/var/tmp/pkg-config-root/usr/share/doc/pkg-config'
test -z "/usr/share/aclocal" || /bin/mkdir -p "/var/tmp/pkg-config-root/usr/share/aclocal"
 /usr/bin/install -c -m 644 pkg.m4 '/var/tmp/pkg-config-root/usr/share/aclocal'
test -z "/usr/share/man/man1" || /bin/mkdir -p "/var/tmp/pkg-config-root/usr/share/man/man1"
 /usr/bin/install -c -m 644 pkg-config.1 '/var/tmp/pkg-config-root/usr/share/man/man1'
make[2]: Leaving directory `/usr/src/rpm/BUILD/pkg-config-0.25'
make[1]: Leaving directory `/usr/src/rpm/BUILD/pkg-config-0.25'
+ /usr/lib/rpm/compress_man.sh /var/tmp/pkg-config-root
+ /usr/lib/rpm/strip.sh /var/tmp/pkg-config-root
+ install -dv /var/tmp/pkg-config-root/usr/share/pkgconfig
install: creating directory `/var/tmp/pkg-config-root/usr/share/pkgconfig'
+ install -dv /var/tmp/pkg-config-root/usr/lib64/pkgconfig
install: creating directory `/var/tmp/pkg-config-root/usr/lib64'
install: creating directory `/var/tmp/pkg-config-root/usr/lib64/pkgconfig'
+ exit 0
Processing files: pkg-config-0.25-2.x86_64
Provides: pkgconfig
Requires: libc.so.6()(64bit) libc.so.6(GLIBC_2.2.5)(64bit) libc.so.6(GLIBC_2.3)(64bit)
Checking for unpackaged file(s): /usr/lib/rpm/check-files /var/tmp/pkg-config-root
Wrote: /usr/src/rpm/SRPMS/pkg-config-0.25-2.src.rpm
Wrote: /usr/src/rpm/RPMS/x86_64/pkg-config-0.25-2.x86_64.rpm
Executing(%clean): /bin/sh -e /var/tmp/rpm-tmp.86488
+ umask 022
+ cd /usr/src/rpm/BUILD
+ cd pkg-config-0.25
+ /bin/rm -rf /var/tmp/pkg-config-root
