Fetching(Source0): http://dev.lightcube.us/sources/xar/xar-1.5.2.tar.gz
Executing(%prep): /bin/sh -e /var/tmp/rpm-tmp.21266
+ umask 022
+ cd /usr/src/rpm/BUILD
+ cd /usr/src/rpm/BUILD
+ rm -rf xar-1.5.2
+ /bin/gzip -dc /usr/src/rpm/SOURCES/xar-1.5.2.tar.gz
+ /bin/tar -xf -
+ STATUS=0
+ '[' 0 -ne 0 ']'
+ cd xar-1.5.2
+ exit 0
Executing(%build): /bin/sh -e /var/tmp/rpm-tmp.21266
+ umask 022
+ cd /usr/src/rpm/BUILD
+ cd xar-1.5.2
+ export 'CFLAGS=-Os -s'
+ CFLAGS='-Os -s'
+ ./configure --prefix=/usr --libdir=/usr/lib64 --mandir=/usr/share/man
checking for gcc... gcc
checking for C compiler default output file name... a.out
checking whether the C compiler works... yes
checking whether we are cross compiling... no
checking for suffix of executables... 
checking for suffix of object files... o
checking whether we are using the GNU C compiler... yes
checking whether gcc accepts -g... yes
checking for gcc option to accept ANSI C... none needed
checking for special C compiler options needed for large files... no
checking for _FILE_OFFSET_BITS value needed for large files... no
checking for _LARGE_FILES value needed for large files... no
checking how to run the C preprocessor... gcc -E
checking for a BSD-compatible install... /usr/bin/install -c
checking for ld... /usr/bin/ld
checking for ar... /usr/bin/ar
checking for ranlib... /usr/bin/ranlib
checking for autoconf... no
checking whether to build shared libraries... yes
checking whether to build static libraries... yes
checking build system type... x86_64-unknown-linux-gnu
checking host system type... x86_64-unknown-linux-gnu
checking for egrep... grep -E
checking for ANSI C header files... yes
checking for sys/types.h... yes
checking for sys/stat.h... yes
checking for stdlib.h... yes
checking for string.h... yes
checking for memory.h... yes
checking for strings.h... yes
checking for inttypes.h... yes
checking for stdint.h... yes
checking for unistd.h... yes
checking ext2fs/ext2_fs.h usability... no
checking ext2fs/ext2_fs.h presence... no
checking for ext2fs/ext2_fs.h... no
checking sys/statfs.h usability... yes
checking sys/statfs.h presence... yes
checking for sys/statfs.h... yes
checking sys/xattr.h usability... yes
checking sys/xattr.h presence... yes
checking for sys/xattr.h... yes
checking sys/param.h usability... yes
checking sys/param.h presence... yes
checking for sys/param.h... yes
checking sys/extattr.h usability... no
checking sys/extattr.h presence... no
checking for sys/extattr.h... no
checking libutil.h usability... no
checking libutil.h presence... no
checking for libutil.h... no
checking for lgetxattr... yes
checking for lsetxattr... yes
checking for getxattr... yes
checking for setxattr... yes
checking for getattrlist... no
checking for setattrlist... no
checking for lchmod... no
checking for lchown... yes
checking for chflags... no
checking for statvfs... yes
checking for statfs... yes
checking for strmode... no
checking for struct statfs.f_fstypename... no
checking for struct statvfs.f_fstypename... no
checking for struct stat.st_flags... no
checking for uid_t... yes
checking size of uid_t... 4
checking for gid_t... yes
checking size of gid_t... 4
checking for ino_t... yes
checking size of ino_t... 8
checking for dev_t... yes
checking size of dev_t... 8
checking for acl_get_file in -lacl... no
checking for asprintf... yes
checking for xml2-config... /usr/bin/xml2-config
checking for libxml >= 2.6.11... 2.7.8
checking libxml/xmlwriter.h usability... yes
checking libxml/xmlwriter.h presence... yes
checking for libxml/xmlwriter.h... yes
checking openssl/evp.h usability... yes
checking openssl/evp.h presence... yes
checking for openssl/evp.h... yes
checking for OpenSSL_add_all_ciphers in -lcrypto... yes
checking zlib.h usability... yes
checking zlib.h presence... yes
checking for zlib.h... yes
checking for deflate in -lz... yes
checking bzlib.h usability... yes
checking bzlib.h presence... yes
checking for bzlib.h... yes
checking for BZ2_bzCompress in -lbz2... yes
configure: creating ./config.status
config.status: creating cfgoutputs.stamp
config.status: creating Makefile
config.status: creating include/xar.h
config.status: creating lib/Makefile.inc
config.status: creating lib/libxar.la.in
config.status: creating src/Makefile.inc
config.status: creating xar.spec
config.status: creating cfghdrs.stamp
config.status: creating include/config.h
+ make -j4
gcc -Os -s  -fPIC -DPIC -Iinclude -Iinclude -D_GNU_SOURCE -I/usr/include/libxml2 -c lib/archive.c -o lib/archive.o
gcc -Os -s  -fPIC -DPIC -Iinclude -Iinclude -D_GNU_SOURCE -I/usr/include/libxml2 -c lib/arcmod.c -o lib/arcmod.o
gcc -Os -s  -fPIC -DPIC -Iinclude -Iinclude -D_GNU_SOURCE -I/usr/include/libxml2 -c lib/b64.c -o lib/b64.o
gcc -Os -s  -fPIC -DPIC -Iinclude -Iinclude -D_GNU_SOURCE -I/usr/include/libxml2 -c lib/bzxar.c -o lib/bzxar.o
gcc -Os -s  -fPIC -DPIC -Iinclude -Iinclude -D_GNU_SOURCE -I/usr/include/libxml2 -c lib/darwinattr.c -o lib/darwinattr.o
gcc -Os -s  -fPIC -DPIC -Iinclude -Iinclude -D_GNU_SOURCE -I/usr/include/libxml2 -c lib/data.c -o lib/data.o
gcc -Os -s  -fPIC -DPIC -Iinclude -Iinclude -D_GNU_SOURCE -I/usr/include/libxml2 -c lib/ea.c -o lib/ea.o
gcc -Os -s  -fPIC -DPIC -Iinclude -Iinclude -D_GNU_SOURCE -I/usr/include/libxml2 -c lib/err.c -o lib/err.o
gcc -Os -s  -fPIC -DPIC -Iinclude -Iinclude -D_GNU_SOURCE -I/usr/include/libxml2 -c lib/ext2.c -o lib/ext2.o
gcc -Os -s  -fPIC -DPIC -Iinclude -Iinclude -D_GNU_SOURCE -I/usr/include/libxml2 -c lib/fbsdattr.c -o lib/fbsdattr.o
gcc -Os -s  -fPIC -DPIC -Iinclude -Iinclude -D_GNU_SOURCE -I/usr/include/libxml2 -c lib/filetree.c -o lib/filetree.o
gcc -Os -s  -fPIC -DPIC -Iinclude -Iinclude -D_GNU_SOURCE -I/usr/include/libxml2 -c lib/io.c -o lib/io.o
gcc -Os -s  -fPIC -DPIC -Iinclude -Iinclude -D_GNU_SOURCE -I/usr/include/libxml2 -c lib/linuxattr.c -o lib/linuxattr.o
gcc -Os -s  -fPIC -DPIC -Iinclude -Iinclude -D_GNU_SOURCE -I/usr/include/libxml2 -c lib/hash.c -o lib/hash.o
gcc -Os -s  -fPIC -DPIC -Iinclude -Iinclude -D_GNU_SOURCE -I/usr/include/libxml2 -c lib/signature.c -o lib/signature.o
gcc -Os -s  -fPIC -DPIC -Iinclude -Iinclude -D_GNU_SOURCE -I/usr/include/libxml2 -c lib/stat.c -o lib/stat.o
gcc -Os -s  -fPIC -DPIC -Iinclude -Iinclude -D_GNU_SOURCE -I/usr/include/libxml2 -c lib/subdoc.c -o lib/subdoc.o
gcc -Os -s  -fPIC -DPIC -Iinclude -Iinclude -D_GNU_SOURCE -I/usr/include/libxml2 -c lib/util.c -o lib/util.o
gcc -Os -s  -fPIC -DPIC -Iinclude -Iinclude -D_GNU_SOURCE -I/usr/include/libxml2 -c lib/zxar.c -o lib/zxar.o
gcc -Os -s  -fPIC -DPIC -Iinclude -Iinclude -D_GNU_SOURCE -I/usr/include/libxml2 -c lib/script.c -o lib/script.o
gcc -Os -s  -fPIC -DPIC -Iinclude -Iinclude -D_GNU_SOURCE -I/usr/include/libxml2 -c lib/macho.c -o lib/macho.o
gcc -Os -s   -Iinclude -Iinclude -D_GNU_SOURCE -I/usr/include/libxml2 -c lib/archive.c -o lib/archive.static.o
gcc -Os -s   -Iinclude -Iinclude -D_GNU_SOURCE -I/usr/include/libxml2 -c lib/arcmod.c -o lib/arcmod.static.o
gcc -Os -s   -Iinclude -Iinclude -D_GNU_SOURCE -I/usr/include/libxml2 -c lib/b64.c -o lib/b64.static.o
gcc -Os -s   -Iinclude -Iinclude -D_GNU_SOURCE -I/usr/include/libxml2 -c lib/bzxar.c -o lib/bzxar.static.o
gcc -Os -s   -Iinclude -Iinclude -D_GNU_SOURCE -I/usr/include/libxml2 -c lib/darwinattr.c -o lib/darwinattr.static.o
gcc -Os -s   -Iinclude -Iinclude -D_GNU_SOURCE -I/usr/include/libxml2 -c lib/data.c -o lib/data.static.o
gcc -Os -s   -Iinclude -Iinclude -D_GNU_SOURCE -I/usr/include/libxml2 -c lib/ea.c -o lib/ea.static.o
gcc -Os -s   -Iinclude -Iinclude -D_GNU_SOURCE -I/usr/include/libxml2 -c lib/err.c -o lib/err.static.o
gcc -Os -s   -Iinclude -Iinclude -D_GNU_SOURCE -I/usr/include/libxml2 -c lib/ext2.c -o lib/ext2.static.o
gcc -Os -s   -Iinclude -Iinclude -D_GNU_SOURCE -I/usr/include/libxml2 -c lib/fbsdattr.c -o lib/fbsdattr.static.o
gcc -Os -s   -Iinclude -Iinclude -D_GNU_SOURCE -I/usr/include/libxml2 -c lib/filetree.c -o lib/filetree.static.o
gcc -Os -s   -Iinclude -Iinclude -D_GNU_SOURCE -I/usr/include/libxml2 -c lib/io.c -o lib/io.static.o
gcc -Os -s   -Iinclude -Iinclude -D_GNU_SOURCE -I/usr/include/libxml2 -c lib/linuxattr.c -o lib/linuxattr.static.o
gcc -Os -s   -Iinclude -Iinclude -D_GNU_SOURCE -I/usr/include/libxml2 -c lib/hash.c -o lib/hash.static.o
gcc -Os -s   -Iinclude -Iinclude -D_GNU_SOURCE -I/usr/include/libxml2 -c lib/signature.c -o lib/signature.static.o
gcc -Os -s   -Iinclude -Iinclude -D_GNU_SOURCE -I/usr/include/libxml2 -c lib/stat.c -o lib/stat.static.o
gcc -Os -s   -Iinclude -Iinclude -D_GNU_SOURCE -I/usr/include/libxml2 -c lib/subdoc.c -o lib/subdoc.static.o
gcc -Os -s   -Iinclude -Iinclude -D_GNU_SOURCE -I/usr/include/libxml2 -c lib/util.c -o lib/util.static.o
gcc -Os -s   -Iinclude -Iinclude -D_GNU_SOURCE -I/usr/include/libxml2 -c lib/zxar.c -o lib/zxar.static.o
gcc -Os -s   -Iinclude -Iinclude -D_GNU_SOURCE -I/usr/include/libxml2 -c lib/script.c -o lib/script.static.o
gcc -Os -s   -Iinclude -Iinclude -D_GNU_SOURCE -I/usr/include/libxml2 -c lib/macho.c -o lib/macho.static.o
sed -e s/@LIBXAR_SNAME@/libxar.so.1/ -e s/@LIBXAR_LNAME@/libxar.so/ -e s/@LIBXAR_ANAME@/libxar.a/ < lib/libxar.la.in > lib/libxar.la
gcc -Os -s  -Iinclude -Iinclude -D_GNU_SOURCE -I/usr/include/libxml2 -c src/xar.c -o src/xar.o
gcc -shared -Wl,-soname,libxar.so.1 -o lib/librxar.so.1 lib/archive.o lib/arcmod.o lib/b64.o lib/bzxar.o lib/darwinattr.o lib/data.o lib/ea.o lib/err.o lib/ext2.o lib/fbsdattr.o lib/filetree.o lib/io.o lib/linuxattr.o lib/hash.o lib/signature.o lib/stat.o lib/subdoc.o lib/util.o lib/zxar.o lib/script.o lib/macho.o -lbz2 -lz -lcrypto  -lxml2 -lz -lm
gcc -shared -Wl,-soname,libxar.so.1 -o lib/libxar.so.1 lib/archive.o lib/arcmod.o lib/b64.o lib/bzxar.o lib/darwinattr.o lib/data.o lib/ea.o lib/err.o lib/ext2.o lib/fbsdattr.o lib/filetree.o lib/io.o lib/linuxattr.o lib/hash.o lib/signature.o lib/stat.o lib/subdoc.o lib/util.o lib/zxar.o lib/script.o lib/macho.o -lbz2 -lz -lcrypto  -lxml2 -lz -lm
rm -f lib/librxar.so
ln -s librxar.so.1 lib/librxar.so
rm -f lib/libxar.so
ln -s libxar.so.1 lib/libxar.so
/usr/bin/ar cvr lib/libxar.a lib/archive.static.o lib/arcmod.static.o lib/b64.static.o lib/bzxar.static.o lib/darwinattr.static.o lib/data.static.o lib/ea.static.o lib/err.static.o lib/ext2.static.o lib/fbsdattr.static.o lib/filetree.static.o lib/io.static.o lib/linuxattr.static.o lib/hash.static.o lib/signature.static.o lib/stat.static.o lib/subdoc.static.o lib/util.static.o lib/zxar.static.o lib/script.static.o lib/macho.static.o
a - lib/archive.static.o
a - lib/arcmod.static.o
a - lib/b64.static.o
a - lib/bzxar.static.o
a - lib/darwinattr.static.o
a - lib/data.static.o
a - lib/ea.static.o
a - lib/err.static.o
a - lib/ext2.static.o
a - lib/fbsdattr.static.o
a - lib/filetree.static.o
a - lib/io.static.o
a - lib/linuxattr.static.o
a - lib/hash.static.o
a - lib/signature.static.o
a - lib/stat.static.o
a - lib/subdoc.static.o
a - lib/util.static.o
a - lib/zxar.static.o
a - lib/script.static.o
a - lib/macho.static.o
/usr/bin/ranlib lib/libxar.a 
gcc -Os -s  -o src/xar src/xar.o -Wl,-rpath,/usr/src/rpm/BUILD/xar-1.5.2/lib -Llib  lib/libxar.a -lbz2 -lz -lcrypto  -lxml2 -lz -lm
gcc -Os -s  -o src/ixar src/xar.o -Wl,-rpath,/usr/lib64 -Llib  lib/libxar.so.1 -lbz2 -lz -lcrypto  -lxml2 -lz -lm
rm src/xar.o
+ exit 0
Executing(%install): /bin/sh -e /var/tmp/rpm-tmp.87606
+ umask 022
+ cd /usr/src/rpm/BUILD
+ /bin/rm -rf /var/tmp/xar-root
+ /bin/mkdir -p /var/tmp/xar-root
+ cd xar-1.5.2
+ make DESTDIR=/var/tmp/xar-root install
/usr/bin/install -c -d /var/tmp/xar-root/usr/include/xar
/usr/bin/install -c -m 0644  include/xar.h /var/tmp/xar-root/usr/include/xar
/usr/bin/install -c -d /var/tmp/xar-root/usr/lib64
/usr/bin/install -c -m 0755 lib/libxar.so.1 /var/tmp/xar-root/usr/lib64
rm -f /var/tmp/xar-root/usr/lib64/libxar.so
ln -s libxar.so.1 /var/tmp/xar-root/usr/lib64/libxar.so
/usr/bin/install -c -m 0644 lib/libxar.a /var/tmp/xar-root/usr/lib64
/usr/bin/install -c -m 0644 lib/libxar.la /var/tmp/xar-root/usr/lib64
gcc -Os -s  -Iinclude -Iinclude -D_GNU_SOURCE -I/usr/include/libxml2 -c src/xar.c -o src/xar.o
gcc -Os -s  -o src/ixar src/xar.o -Wl,-rpath,/usr/lib64 -Llib  lib/libxar.so.1 -lbz2 -lz -lcrypto  -lxml2 -lz -lm
/usr/bin/install -c -d /var/tmp/xar-root/usr/bin
/usr/bin/install -c -m 0755 src/ixar /var/tmp/xar-root/usr/bin/xar
/usr/bin/install -c -d /var/tmp/xar-root/usr/share/man/man1
/usr/bin/install -c -m 0644 src/xar.1 /var/tmp/xar-root/usr/share/man/man1
+ /usr/lib/rpm/compress_man.sh /var/tmp/xar-root
+ /usr/lib/rpm/strip.sh /var/tmp/xar-root
+ exit 0
Processing files: xar-1.5.2-2.x86_64
Provides: libxar.so.1()(64bit)
Requires(interp): /sbin/ldconfig /sbin/ldconfig
Requires(post): /sbin/ldconfig
Requires(postun): /sbin/ldconfig
Requires: libbz2.so.1.0()(64bit) libc.so.6()(64bit) libc.so.6(GLIBC_2.2.5)(64bit) libc.so.6(GLIBC_2.3)(64bit) libc.so.6(GLIBC_2.3.3)(64bit) libc.so.6(GLIBC_2.3.4)(64bit) libcrypto.so.1.0.0()(64bit) libm.so.6()(64bit) libxar.so.1()(64bit) libxml2.so.2()(64bit) libz.so.1()(64bit)
Processing files: xar-devel-1.5.2-2.x86_64
Checking for unpackaged file(s): /usr/lib/rpm/check-files /var/tmp/xar-root
Wrote: /usr/src/rpm/SRPMS/xar-1.5.2-2.src.rpm
Wrote: /usr/src/rpm/RPMS/x86_64/xar-1.5.2-2.x86_64.rpm
Wrote: /usr/src/rpm/RPMS/x86_64/xar-devel-1.5.2-2.x86_64.rpm
Executing(%clean): /bin/sh -e /var/tmp/rpm-tmp.25106
+ umask 022
+ cd /usr/src/rpm/BUILD
+ cd xar-1.5.2
+ /bin/rm -rf /var/tmp/xar-root
