Fetching(Source0): http://bzip.org/1.0.6/bzip2-1.0.6.tar.gz
Executing(%prep): /bin/sh -e /var/tmp/rpm-tmp.32284
+ umask 022
+ cd /usr/src/rpm/BUILD
+ cd /usr/src/rpm/BUILD
+ rm -rf bzip2-1.0.6
+ /bin/gzip -dc /usr/src/rpm/SOURCES/bzip2-1.0.6.tar.gz
+ /bin/tar -xf -
+ STATUS=0
+ '[' 0 -ne 0 ']'
+ cd bzip2-1.0.6
+ sed -i 's@-O2@-Os -pipe@' Makefile
+ sed -i 's@-O2@-Os -pipe@' Makefile-libbz2_so
+ exit 0
Executing(%build): /bin/sh -e /var/tmp/rpm-tmp.32284
+ umask 022
+ cd /usr/src/rpm/BUILD
+ cd bzip2-1.0.6
+ sed -i 's@\(ln -s -f \)$(PREFIX)/bin/@\1@' Makefile
+ sed -i 's@(PREFIX)/man@(PREFIX)/share/man@g' Makefile
+ make -j24 -f Makefile-libbz2_so
gcc -fpic -fPIC -Wall -Winline -Os -pipe -g -D_FILE_OFFSET_BITS=64 -c blocksort.c
gcc -fpic -fPIC -Wall -Winline -Os -pipe -g -D_FILE_OFFSET_BITS=64 -c huffman.c
gcc -fpic -fPIC -Wall -Winline -Os -pipe -g -D_FILE_OFFSET_BITS=64 -c crctable.c
gcc -fpic -fPIC -Wall -Winline -Os -pipe -g -D_FILE_OFFSET_BITS=64 -c randtable.c
gcc -fpic -fPIC -Wall -Winline -Os -pipe -g -D_FILE_OFFSET_BITS=64 -c compress.c
gcc -fpic -fPIC -Wall -Winline -Os -pipe -g -D_FILE_OFFSET_BITS=64 -c decompress.c
gcc -fpic -fPIC -Wall -Winline -Os -pipe -g -D_FILE_OFFSET_BITS=64 -c bzlib.c
compress.c: In function 'bsPutUInt32':
compress.c:73:6: warning: inlining failed in call to 'bsW': optimizing for size and code size would grow
compress.c:85:8: warning: called from here
compress.c:73:6: warning: inlining failed in call to 'bsW': optimizing for size and code size would grow
compress.c:86:8: warning: called from here
compress.c:73:6: warning: inlining failed in call to 'bsW': optimizing for size and code size would grow
compress.c:87:8: warning: called from here
compress.c:73:6: warning: inlining failed in call to 'bsW': optimizing for size and code size would grow
compress.c:88:8: warning: called from here
compress.c: In function 'bsPutUChar':
compress.c:73:6: warning: inlining failed in call to 'bsW': optimizing for size and code size would grow
compress.c:96:7: warning: called from here
compress.c: In function 'BZ2_compressBlock':
compress.c:73:6: warning: inlining failed in call to 'bsW': optimizing for size and code size would grow
compress.c:648:10: warning: called from here
compress.c:73:6: warning: inlining failed in call to 'bsW': optimizing for size and code size would grow
compress.c:650:11: warning: called from here
compress.c:73:6: warning: inlining failed in call to 'bsW': optimizing for size and code size would grow
compress.c:505:29: warning: called from here
compress.c:73:6: warning: inlining failed in call to 'bsW': optimizing for size and code size would grow
compress.c:505:46: warning: called from here
compress.c:73:6: warning: inlining failed in call to 'bsW': optimizing for size and code size would grow
compress.c:510:45: warning: called from here
compress.c:73:6: warning: inlining failed in call to 'bsW': optimizing for size and code size would grow
compress.c:510:62: warning: called from here
compress.c:73:6: warning: inlining failed in call to 'bsW': optimizing for size and code size would grow
compress.c:519:8: warning: called from here
compress.c:73:6: warning: inlining failed in call to 'bsW': optimizing for size and code size would grow
compress.c:520:8: warning: called from here
compress.c:73:6: warning: inlining failed in call to 'bsW': optimizing for size and code size would grow
compress.c:522:50: warning: called from here
compress.c:73:6: warning: inlining failed in call to 'bsW': optimizing for size and code size would grow
compress.c:523:10: warning: called from here
compress.c:73:6: warning: inlining failed in call to 'bsW': optimizing for size and code size would grow
compress.c:533:11: warning: called from here
compress.c:73:6: warning: inlining failed in call to 'bsW': optimizing for size and code size would grow
compress.c:535:43: warning: called from here
compress.c:73:6: warning: inlining failed in call to 'bsW': optimizing for size and code size would grow
compress.c:536:43: warning: called from here
compress.c:73:6: warning: inlining failed in call to 'bsW': optimizing for size and code size would grow
compress.c:537:14: warning: called from here
compress.c:73:6: warning: inlining failed in call to 'bsW': optimizing for size and code size would grow
compress.c:568:13: warning: called from here
compress.c:73:6: warning: inlining failed in call to 'bsW': optimizing for size and code size would grow
compress.c:568:26: warning: called from here
compress.c:73:6: warning: inlining failed in call to 'bsW': optimizing for size and code size would grow
compress.c:568:39: warning: called from here
compress.c:73:6: warning: inlining failed in call to 'bsW': optimizing for size and code size would grow
compress.c:568:52: warning: called from here
compress.c:73:6: warning: inlining failed in call to 'bsW': optimizing for size and code size would grow
compress.c:568:65: warning: called from here
compress.c:73:6: warning: inlining failed in call to 'bsW': optimizing for size and code size would grow
compress.c:569:13: warning: called from here
compress.c:73:6: warning: inlining failed in call to 'bsW': optimizing for size and code size would grow
compress.c:569:26: warning: called from here
compress.c:73:6: warning: inlining failed in call to 'bsW': optimizing for size and code size would grow
compress.c:569:39: warning: called from here
compress.c:73:6: warning: inlining failed in call to 'bsW': optimizing for size and code size would grow
compress.c:569:52: warning: called from here
compress.c:73:6: warning: inlining failed in call to 'bsW': optimizing for size and code size would grow
compress.c:569:65: warning: called from here
compress.c:73:6: warning: inlining failed in call to 'bsW': optimizing for size and code size would grow
compress.c:570:13: warning: called from here
compress.c:73:6: warning: inlining failed in call to 'bsW': optimizing for size and code size would grow
compress.c:570:26: warning: called from here
compress.c:73:6: warning: inlining failed in call to 'bsW': optimizing for size and code size would grow
compress.c:570:39: warning: called from here
compress.c:73:6: warning: inlining failed in call to 'bsW': optimizing for size and code size would grow
compress.c:570:52: warning: called from here
compress.c:73:6: warning: inlining failed in call to 'bsW': optimizing for size and code size would grow
compress.c:570:65: warning: called from here
compress.c:73:6: warning: inlining failed in call to 'bsW': optimizing for size and code size would grow
compress.c:571:13: warning: called from here
compress.c:73:6: warning: inlining failed in call to 'bsW': optimizing for size and code size would grow
compress.c:571:26: warning: called from here
compress.c:73:6: warning: inlining failed in call to 'bsW': optimizing for size and code size would grow
compress.c:571:39: warning: called from here
compress.c:73:6: warning: inlining failed in call to 'bsW': optimizing for size and code size would grow
compress.c:571:52: warning: called from here
compress.c:73:6: warning: inlining failed in call to 'bsW': optimizing for size and code size would grow
compress.c:571:65: warning: called from here
compress.c:73:6: warning: inlining failed in call to 'bsW': optimizing for size and code size would grow
compress.c:572:13: warning: called from here
compress.c:73:6: warning: inlining failed in call to 'bsW': optimizing for size and code size would grow
compress.c:572:26: warning: called from here
compress.c:73:6: warning: inlining failed in call to 'bsW': optimizing for size and code size would grow
compress.c:572:39: warning: called from here
compress.c:73:6: warning: inlining failed in call to 'bsW': optimizing for size and code size would grow
compress.c:572:52: warning: called from here
compress.c:73:6: warning: inlining failed in call to 'bsW': optimizing for size and code size would grow
compress.c:572:65: warning: called from here
compress.c:73:6: warning: inlining failed in call to 'bsW': optimizing for size and code size would grow
compress.c:573:13: warning: called from here
compress.c:73:6: warning: inlining failed in call to 'bsW': optimizing for size and code size would grow
compress.c:573:26: warning: called from here
compress.c:73:6: warning: inlining failed in call to 'bsW': optimizing for size and code size would grow
compress.c:573:39: warning: called from here
compress.c:73:6: warning: inlining failed in call to 'bsW': optimizing for size and code size would grow
compress.c:573:52: warning: called from here
compress.c:73:6: warning: inlining failed in call to 'bsW': optimizing for size and code size would grow
compress.c:573:65: warning: called from here
compress.c:73:6: warning: inlining failed in call to 'bsW': optimizing for size and code size would grow
compress.c:574:13: warning: called from here
compress.c:73:6: warning: inlining failed in call to 'bsW': optimizing for size and code size would grow
compress.c:574:26: warning: called from here
compress.c:73:6: warning: inlining failed in call to 'bsW': optimizing for size and code size would grow
compress.c:574:39: warning: called from here
compress.c:73:6: warning: inlining failed in call to 'bsW': optimizing for size and code size would grow
compress.c:574:52: warning: called from here
compress.c:73:6: warning: inlining failed in call to 'bsW': optimizing for size and code size would grow
compress.c:574:65: warning: called from here
compress.c:73:6: warning: inlining failed in call to 'bsW': optimizing for size and code size would grow
compress.c:575:13: warning: called from here
compress.c:73:6: warning: inlining failed in call to 'bsW': optimizing for size and code size would grow
compress.c:575:26: warning: called from here
compress.c:73:6: warning: inlining failed in call to 'bsW': optimizing for size and code size would grow
compress.c:575:39: warning: called from here
compress.c:73:6: warning: inlining failed in call to 'bsW': optimizing for size and code size would grow
compress.c:575:52: warning: called from here
compress.c:73:6: warning: inlining failed in call to 'bsW': optimizing for size and code size would grow
compress.c:575:65: warning: called from here
compress.c:73:6: warning: inlining failed in call to 'bsW': optimizing for size and code size would grow
compress.c:576:13: warning: called from here
compress.c:73:6: warning: inlining failed in call to 'bsW': optimizing for size and code size would grow
compress.c:576:26: warning: called from here
compress.c:73:6: warning: inlining failed in call to 'bsW': optimizing for size and code size would grow
compress.c:576:39: warning: called from here
compress.c:73:6: warning: inlining failed in call to 'bsW': optimizing for size and code size would grow
compress.c:576:52: warning: called from here
compress.c:73:6: warning: inlining failed in call to 'bsW': optimizing for size and code size would grow
compress.c:576:65: warning: called from here
compress.c:73:6: warning: inlining failed in call to 'bsW': optimizing for size and code size would grow
compress.c:577:13: warning: called from here
compress.c:73:6: warning: inlining failed in call to 'bsW': optimizing for size and code size would grow
compress.c:577:26: warning: called from here
compress.c:73:6: warning: inlining failed in call to 'bsW': optimizing for size and code size would grow
compress.c:577:39: warning: called from here
compress.c:73:6: warning: inlining failed in call to 'bsW': optimizing for size and code size would grow
compress.c:577:52: warning: called from here
compress.c:73:6: warning: inlining failed in call to 'bsW': optimizing for size and code size would grow
compress.c:577:65: warning: called from here
compress.c:73:6: warning: inlining failed in call to 'bsW': optimizing for size and code size would grow
compress.c:584:17: warning: called from here
bzlib.c: In function 'BZ2_bzDecompress':
bzlib.c:687:18: warning: inlining failed in call to 'BZ2_indexIntoF': optimizing for size and code size would grow
bzlib.c:735:10: warning: called from here
bzlib.c:687:18: warning: inlining failed in call to 'BZ2_indexIntoF': optimizing for size and code size would grow
bzlib.c:741:10: warning: called from here
bzlib.c:687:18: warning: inlining failed in call to 'BZ2_indexIntoF': optimizing for size and code size would grow
bzlib.c:747:10: warning: called from here
bzlib.c:687:18: warning: inlining failed in call to 'BZ2_indexIntoF': optimizing for size and code size would grow
bzlib.c:752:10: warning: called from here
bzlib.c:687:18: warning: inlining failed in call to 'BZ2_indexIntoF': optimizing for size and code size would grow
bzlib.c:755:10: warning: called from here
bzlib.c:687:18: warning: inlining failed in call to 'BZ2_indexIntoF': optimizing for size and code size would grow
bzlib.c:784:10: warning: called from here
bzlib.c:687:18: warning: inlining failed in call to 'BZ2_indexIntoF': optimizing for size and code size would grow
bzlib.c:789:10: warning: called from here
bzlib.c:687:18: warning: inlining failed in call to 'BZ2_indexIntoF': optimizing for size and code size would grow
bzlib.c:794:10: warning: called from here
bzlib.c:687:18: warning: inlining failed in call to 'BZ2_indexIntoF': optimizing for size and code size would grow
bzlib.c:798:10: warning: called from here
bzlib.c:687:18: warning: inlining failed in call to 'BZ2_indexIntoF': optimizing for size and code size would grow
bzlib.c:800:10: warning: called from here
blocksort.c: In function 'mainSort':
blocksort.c:347:6: warning: inlining failed in call to 'mainGtU': optimizing for size and code size would grow
blocksort.c:514:26: warning: called from here
blocksort.c:347:6: warning: inlining failed in call to 'mainGtU': optimizing for size and code size would grow
blocksort.c:528:26: warning: called from here
blocksort.c:347:6: warning: inlining failed in call to 'mainGtU': optimizing for size and code size would grow
blocksort.c:542:26: warning: called from here
gcc -shared -Wl,-soname -Wl,libbz2.so.1.0 -o libbz2.so.1.0.6 blocksort.o huffman.o crctable.o randtable.o compress.o decompress.o bzlib.o
gcc -fpic -fPIC -Wall -Winline -Os -pipe -g -D_FILE_OFFSET_BITS=64 -o bzip2-shared bzip2.c libbz2.so.1.0.6
rm -f libbz2.so.1.0
ln -s libbz2.so.1.0.6 libbz2.so.1.0
+ make clean
rm -f *.o libbz2.a bzip2 bzip2recover \
sample1.rb2 sample2.rb2 sample3.rb2 \
sample1.tst sample2.tst sample3.tst
+ make -j24
gcc -Wall -Winline -Os -pipe -g -D_FILE_OFFSET_BITS=64 -c huffman.c

If compilation produces errors, or a large number of warnings,
please read README.COMPILATION.PROBLEMS -- you might be able to
adjust the flags in this Makefile to improve matters.

Also in README.COMPILATION.PROBLEMS are some hints that may help
if your build produces an executable which is unable to correctly
handle so-called 'large files' -- files of size 2GB or more.

gcc -Wall -Winline -Os -pipe -g -D_FILE_OFFSET_BITS=64 -c blocksort.c
gcc -Wall -Winline -Os -pipe -g -D_FILE_OFFSET_BITS=64 -c crctable.c
gcc -Wall -Winline -Os -pipe -g -D_FILE_OFFSET_BITS=64 -c randtable.c
gcc -Wall -Winline -Os -pipe -g -D_FILE_OFFSET_BITS=64 -c compress.c
gcc -Wall -Winline -Os -pipe -g -D_FILE_OFFSET_BITS=64 -c decompress.c
gcc -Wall -Winline -Os -pipe -g -D_FILE_OFFSET_BITS=64 -c bzlib.c
gcc -Wall -Winline -Os -pipe -g -D_FILE_OFFSET_BITS=64 -c bzip2.c
gcc -Wall -Winline -Os -pipe -g -D_FILE_OFFSET_BITS=64 -c bzip2recover.c
compress.c: In function 'bsPutUInt32':
compress.c:73:6: warning: inlining failed in call to 'bsW': optimizing for size and code size would grow
compress.c:85:8: warning: called from here
compress.c:73:6: warning: inlining failed in call to 'bsW': optimizing for size and code size would grow
compress.c:86:8: warning: called from here
compress.c:73:6: warning: inlining failed in call to 'bsW': optimizing for size and code size would grow
compress.c:87:8: warning: called from here
compress.c:73:6: warning: inlining failed in call to 'bsW': optimizing for size and code size would grow
compress.c:88:8: warning: called from here
compress.c: In function 'bsPutUChar':
compress.c:73:6: warning: inlining failed in call to 'bsW': optimizing for size and code size would grow
compress.c:96:7: warning: called from here
compress.c: In function 'BZ2_compressBlock':
compress.c:73:6: warning: inlining failed in call to 'bsW': optimizing for size and code size would grow
compress.c:648:10: warning: called from here
compress.c:73:6: warning: inlining failed in call to 'bsW': optimizing for size and code size would grow
compress.c:650:11: warning: called from here
compress.c:73:6: warning: inlining failed in call to 'bsW': optimizing for size and code size would grow
compress.c:505:29: warning: called from here
compress.c:73:6: warning: inlining failed in call to 'bsW': optimizing for size and code size would grow
compress.c:505:46: warning: called from here
compress.c:73:6: warning: inlining failed in call to 'bsW': optimizing for size and code size would grow
compress.c:510:45: warning: called from here
compress.c:73:6: warning: inlining failed in call to 'bsW': optimizing for size and code size would grow
compress.c:510:62: warning: called from here
compress.c:73:6: warning: inlining failed in call to 'bsW': optimizing for size and code size would grow
compress.c:519:8: warning: called from here
compress.c:73:6: warning: inlining failed in call to 'bsW': optimizing for size and code size would grow
compress.c:520:8: warning: called from here
compress.c:73:6: warning: inlining failed in call to 'bsW': optimizing for size and code size would grow
compress.c:522:50: warning: called from here
compress.c:73:6: warning: inlining failed in call to 'bsW': optimizing for size and code size would grow
compress.c:523:10: warning: called from here
compress.c:73:6: warning: inlining failed in call to 'bsW': optimizing for size and code size would grow
compress.c:533:11: warning: called from here
compress.c:73:6: warning: inlining failed in call to 'bsW': optimizing for size and code size would grow
compress.c:535:43: warning: called from here
compress.c:73:6: warning: inlining failed in call to 'bsW': optimizing for size and code size would grow
compress.c:536:43: warning: called from here
compress.c:73:6: warning: inlining failed in call to 'bsW': optimizing for size and code size would grow
compress.c:537:14: warning: called from here
compress.c:73:6: warning: inlining failed in call to 'bsW': optimizing for size and code size would grow
compress.c:568:13: warning: called from here
compress.c:73:6: warning: inlining failed in call to 'bsW': optimizing for size and code size would grow
compress.c:568:26: warning: called from here
compress.c:73:6: warning: inlining failed in call to 'bsW': optimizing for size and code size would grow
compress.c:568:39: warning: called from here
compress.c:73:6: warning: inlining failed in call to 'bsW': optimizing for size and code size would grow
compress.c:568:52: warning: called from here
compress.c:73:6: warning: inlining failed in call to 'bsW': optimizing for size and code size would grow
compress.c:568:65: warning: called from here
compress.c:73:6: warning: inlining failed in call to 'bsW': optimizing for size and code size would grow
compress.c:569:13: warning: called from here
compress.c:73:6: warning: inlining failed in call to 'bsW': optimizing for size and code size would grow
compress.c:569:26: warning: called from here
compress.c:73:6: warning: inlining failed in call to 'bsW': optimizing for size and code size would grow
compress.c:569:39: warning: called from here
compress.c:73:6: warning: inlining failed in call to 'bsW': optimizing for size and code size would grow
compress.c:569:52: warning: called from here
compress.c:73:6: warning: inlining failed in call to 'bsW': optimizing for size and code size would grow
compress.c:569:65: warning: called from here
compress.c:73:6: warning: inlining failed in call to 'bsW': optimizing for size and code size would grow
compress.c:570:13: warning: called from here
compress.c:73:6: warning: inlining failed in call to 'bsW': optimizing for size and code size would grow
compress.c:570:26: warning: called from here
compress.c:73:6: warning: inlining failed in call to 'bsW': optimizing for size and code size would grow
compress.c:570:39: warning: called from here
compress.c:73:6: warning: inlining failed in call to 'bsW': optimizing for size and code size would grow
compress.c:570:52: warning: called from here
compress.c:73:6: warning: inlining failed in call to 'bsW': optimizing for size and code size would grow
compress.c:570:65: warning: called from here
compress.c:73:6: warning: inlining failed in call to 'bsW': optimizing for size and code size would grow
compress.c:571:13: warning: called from here
compress.c:73:6: warning: inlining failed in call to 'bsW': optimizing for size and code size would grow
compress.c:571:26: warning: called from here
compress.c:73:6: warning: inlining failed in call to 'bsW': optimizing for size and code size would grow
compress.c:571:39: warning: called from here
compress.c:73:6: warning: inlining failed in call to 'bsW': optimizing for size and code size would grow
compress.c:571:52: warning: called from here
compress.c:73:6: warning: inlining failed in call to 'bsW': optimizing for size and code size would grow
compress.c:571:65: warning: called from here
compress.c:73:6: warning: inlining failed in call to 'bsW': optimizing for size and code size would grow
compress.c:572:13: warning: called from here
compress.c:73:6: warning: inlining failed in call to 'bsW': optimizing for size and code size would grow
compress.c:572:26: warning: called from here
compress.c:73:6: warning: inlining failed in call to 'bsW': optimizing for size and code size would grow
compress.c:572:39: warning: called from here
compress.c:73:6: warning: inlining failed in call to 'bsW': optimizing for size and code size would grow
compress.c:572:52: warning: called from here
compress.c:73:6: warning: inlining failed in call to 'bsW': optimizing for size and code size would grow
compress.c:572:65: warning: called from here
compress.c:73:6: warning: inlining failed in call to 'bsW': optimizing for size and code size would grow
compress.c:573:13: warning: called from here
compress.c:73:6: warning: inlining failed in call to 'bsW': optimizing for size and code size would grow
compress.c:573:26: warning: called from here
compress.c:73:6: warning: inlining failed in call to 'bsW': optimizing for size and code size would grow
compress.c:573:39: warning: called from here
compress.c:73:6: warning: inlining failed in call to 'bsW': optimizing for size and code size would grow
compress.c:573:52: warning: called from here
compress.c:73:6: warning: inlining failed in call to 'bsW': optimizing for size and code size would grow
compress.c:573:65: warning: called from here
compress.c:73:6: warning: inlining failed in call to 'bsW': optimizing for size and code size would grow
compress.c:574:13: warning: called from here
compress.c:73:6: warning: inlining failed in call to 'bsW': optimizing for size and code size would grow
compress.c:574:26: warning: called from here
compress.c:73:6: warning: inlining failed in call to 'bsW': optimizing for size and code size would grow
compress.c:574:39: warning: called from here
compress.c:73:6: warning: inlining failed in call to 'bsW': optimizing for size and code size would grow
compress.c:574:52: warning: called from here
compress.c:73:6: warning: inlining failed in call to 'bsW': optimizing for size and code size would grow
compress.c:574:65: warning: called from here
compress.c:73:6: warning: inlining failed in call to 'bsW': optimizing for size and code size would grow
compress.c:575:13: warning: called from here
compress.c:73:6: warning: inlining failed in call to 'bsW': optimizing for size and code size would grow
compress.c:575:26: warning: called from here
compress.c:73:6: warning: inlining failed in call to 'bsW': optimizing for size and code size would grow
compress.c:575:39: warning: called from here
compress.c:73:6: warning: inlining failed in call to 'bsW': optimizing for size and code size would grow
compress.c:575:52: warning: called from here
compress.c:73:6: warning: inlining failed in call to 'bsW': optimizing for size and code size would grow
compress.c:575:65: warning: called from here
compress.c:73:6: warning: inlining failed in call to 'bsW': optimizing for size and code size would grow
compress.c:576:13: warning: called from here
compress.c:73:6: warning: inlining failed in call to 'bsW': optimizing for size and code size would grow
compress.c:576:26: warning: called from here
compress.c:73:6: warning: inlining failed in call to 'bsW': optimizing for size and code size would grow
compress.c:576:39: warning: called from here
compress.c:73:6: warning: inlining failed in call to 'bsW': optimizing for size and code size would grow
compress.c:576:52: warning: called from here
compress.c:73:6: warning: inlining failed in call to 'bsW': optimizing for size and code size would grow
compress.c:576:65: warning: called from here
compress.c:73:6: warning: inlining failed in call to 'bsW': optimizing for size and code size would grow
compress.c:577:13: warning: called from here
compress.c:73:6: warning: inlining failed in call to 'bsW': optimizing for size and code size would grow
compress.c:577:26: warning: called from here
compress.c:73:6: warning: inlining failed in call to 'bsW': optimizing for size and code size would grow
compress.c:577:39: warning: called from here
compress.c:73:6: warning: inlining failed in call to 'bsW': optimizing for size and code size would grow
compress.c:577:52: warning: called from here
compress.c:73:6: warning: inlining failed in call to 'bsW': optimizing for size and code size would grow
compress.c:577:65: warning: called from here
compress.c:73:6: warning: inlining failed in call to 'bsW': optimizing for size and code size would grow
compress.c:584:17: warning: called from here
gcc -Wall -Winline -Os -pipe -g -D_FILE_OFFSET_BITS=64  -o bzip2recover bzip2recover.o
bzlib.c: In function 'BZ2_bzDecompress':
bzlib.c:687:18: warning: inlining failed in call to 'BZ2_indexIntoF': optimizing for size and code size would grow
bzlib.c:735:10: warning: called from here
bzlib.c:687:18: warning: inlining failed in call to 'BZ2_indexIntoF': optimizing for size and code size would grow
bzlib.c:741:10: warning: called from here
bzlib.c:687:18: warning: inlining failed in call to 'BZ2_indexIntoF': optimizing for size and code size would grow
bzlib.c:747:10: warning: called from here
bzlib.c:687:18: warning: inlining failed in call to 'BZ2_indexIntoF': optimizing for size and code size would grow
bzlib.c:752:10: warning: called from here
bzlib.c:687:18: warning: inlining failed in call to 'BZ2_indexIntoF': optimizing for size and code size would grow
bzlib.c:755:10: warning: called from here
bzlib.c:687:18: warning: inlining failed in call to 'BZ2_indexIntoF': optimizing for size and code size would grow
bzlib.c:784:10: warning: called from here
bzlib.c:687:18: warning: inlining failed in call to 'BZ2_indexIntoF': optimizing for size and code size would grow
bzlib.c:789:10: warning: called from here
bzlib.c:687:18: warning: inlining failed in call to 'BZ2_indexIntoF': optimizing for size and code size would grow
bzlib.c:794:10: warning: called from here
bzlib.c:687:18: warning: inlining failed in call to 'BZ2_indexIntoF': optimizing for size and code size would grow
bzlib.c:798:10: warning: called from here
bzlib.c:687:18: warning: inlining failed in call to 'BZ2_indexIntoF': optimizing for size and code size would grow
bzlib.c:800:10: warning: called from here
blocksort.c: In function 'mainSort':
blocksort.c:347:6: warning: inlining failed in call to 'mainGtU': optimizing for size and code size would grow
blocksort.c:514:26: warning: called from here
blocksort.c:347:6: warning: inlining failed in call to 'mainGtU': optimizing for size and code size would grow
blocksort.c:528:26: warning: called from here
blocksort.c:347:6: warning: inlining failed in call to 'mainGtU': optimizing for size and code size would grow
blocksort.c:542:26: warning: called from here
rm -f libbz2.a
ar cq libbz2.a blocksort.o huffman.o crctable.o randtable.o compress.o decompress.o bzlib.o
ranlib libbz2.a
gcc -Wall -Winline -Os -pipe -g -D_FILE_OFFSET_BITS=64  -o bzip2 bzip2.o -L. -lbz2

Doing 6 tests (3 compress, 3 uncompress) ...
If there's a problem, things might stop at this point.
 
./bzip2 -1  < sample1.ref > sample1.rb2
./bzip2 -2  < sample2.ref > sample2.rb2
./bzip2 -3  < sample3.ref > sample3.rb2
./bzip2 -d  < sample1.bz2 > sample1.tst
./bzip2 -d  < sample2.bz2 > sample2.tst
./bzip2 -ds < sample3.bz2 > sample3.tst
cmp sample1.bz2 sample1.rb2 
cmp sample2.bz2 sample2.rb2
cmp sample3.bz2 sample3.rb2
cmp sample1.tst sample1.ref
cmp sample2.tst sample2.ref
cmp sample3.tst sample3.ref

If you got this far and the 'cmp's didn't complain, it looks
like you're in business.  

To install in /usr/local/bin, /usr/local/lib, /usr/local/man and 
/usr/local/include, type

   make install

To install somewhere else, eg, /xxx/yyy/{bin,lib,man,include}, type 

   make install PREFIX=/xxx/yyy

If you are (justifiably) paranoid and want to see what 'make install'
is going to do, you can first do

   make -n install                      or
   make -n install PREFIX=/xxx/yyy      respectively.

The -n instructs make to show the commands it would execute, but
not actually execute them.

Instructions for use are in the preformatted manual page, in the file
bzip2.txt.  For more detailed documentation, read the full manual.  
It is available in Postscript form (manual.ps), PDF form (manual.pdf),
and HTML form (manual.html).

You can also do "bzip2 --help" to see some helpful information. 
"bzip2 -L" displays the software license.

+ exit 0
Executing(%install): /bin/sh -e /var/tmp/rpm-tmp.73143
+ umask 022
+ cd /usr/src/rpm/BUILD
+ /bin/rm -rf /var/tmp/bzip2-root
+ /bin/mkdir -p /var/tmp/bzip2-root
+ cd bzip2-1.0.6
+ make PREFIX=/var/tmp/bzip2-root/usr install
if ( test ! -d /var/tmp/bzip2-root/usr/bin ) ; then mkdir -p /var/tmp/bzip2-root/usr/bin ; fi
if ( test ! -d /var/tmp/bzip2-root/usr/lib ) ; then mkdir -p /var/tmp/bzip2-root/usr/lib ; fi
if ( test ! -d /var/tmp/bzip2-root/usr/share/man ) ; then mkdir -p /var/tmp/bzip2-root/usr/share/man ; fi
if ( test ! -d /var/tmp/bzip2-root/usr/share/man/man1 ) ; then mkdir -p /var/tmp/bzip2-root/usr/share/man/man1 ; fi
if ( test ! -d /var/tmp/bzip2-root/usr/include ) ; then mkdir -p /var/tmp/bzip2-root/usr/include ; fi
cp -f bzip2 /var/tmp/bzip2-root/usr/bin/bzip2
cp -f bzip2 /var/tmp/bzip2-root/usr/bin/bunzip2
cp -f bzip2 /var/tmp/bzip2-root/usr/bin/bzcat
cp -f bzip2recover /var/tmp/bzip2-root/usr/bin/bzip2recover
chmod a+x /var/tmp/bzip2-root/usr/bin/bzip2
chmod a+x /var/tmp/bzip2-root/usr/bin/bunzip2
chmod a+x /var/tmp/bzip2-root/usr/bin/bzcat
chmod a+x /var/tmp/bzip2-root/usr/bin/bzip2recover
cp -f bzip2.1 /var/tmp/bzip2-root/usr/share/man/man1
chmod a+r /var/tmp/bzip2-root/usr/share/man/man1/bzip2.1
cp -f bzlib.h /var/tmp/bzip2-root/usr/include
chmod a+r /var/tmp/bzip2-root/usr/include/bzlib.h
cp -f libbz2.a /var/tmp/bzip2-root/usr/lib
chmod a+r /var/tmp/bzip2-root/usr/lib/libbz2.a
cp -f bzgrep /var/tmp/bzip2-root/usr/bin/bzgrep
ln -s -f bzgrep /var/tmp/bzip2-root/usr/bin/bzegrep
ln -s -f bzgrep /var/tmp/bzip2-root/usr/bin/bzfgrep
chmod a+x /var/tmp/bzip2-root/usr/bin/bzgrep
cp -f bzmore /var/tmp/bzip2-root/usr/bin/bzmore
ln -s -f bzmore /var/tmp/bzip2-root/usr/bin/bzless
chmod a+x /var/tmp/bzip2-root/usr/bin/bzmore
cp -f bzdiff /var/tmp/bzip2-root/usr/bin/bzdiff
ln -s -f bzdiff /var/tmp/bzip2-root/usr/bin/bzcmp
chmod a+x /var/tmp/bzip2-root/usr/bin/bzdiff
cp -f bzgrep.1 bzmore.1 bzdiff.1 /var/tmp/bzip2-root/usr/share/man/man1
chmod a+r /var/tmp/bzip2-root/usr/share/man/man1/bzgrep.1
chmod a+r /var/tmp/bzip2-root/usr/share/man/man1/bzmore.1
chmod a+r /var/tmp/bzip2-root/usr/share/man/man1/bzdiff.1
echo ".so man1/bzgrep.1" > /var/tmp/bzip2-root/usr/share/man/man1/bzegrep.1
echo ".so man1/bzgrep.1" > /var/tmp/bzip2-root/usr/share/man/man1/bzfgrep.1
echo ".so man1/bzmore.1" > /var/tmp/bzip2-root/usr/share/man/man1/bzless.1
echo ".so man1/bzdiff.1" > /var/tmp/bzip2-root/usr/share/man/man1/bzcmp.1
+ mkdir /var/tmp/bzip2-root/usr/lib64
+ mv /var/tmp/bzip2-root/usr/lib/libbz2.a /var/tmp/bzip2-root/usr/lib64
+ mkdir /var/tmp/bzip2-root/bin /var/tmp/bzip2-root/lib64
+ cp -v bzip2-shared /var/tmp/bzip2-root/bin/bzip2
`bzip2-shared' -> `/var/tmp/bzip2-root/bin/bzip2'
+ cp -av libbz2.so.1.0 libbz2.so.1.0.6 /var/tmp/bzip2-root/lib64
`libbz2.so.1.0' -> `/var/tmp/bzip2-root/lib64/libbz2.so.1.0'
`libbz2.so.1.0.6' -> `/var/tmp/bzip2-root/lib64/libbz2.so.1.0.6'
+ ln -sv ../../lib64/libbz2.so.1.0 /var/tmp/bzip2-root/usr/lib64/libbz2.so
`/var/tmp/bzip2-root/usr/lib64/libbz2.so' -> `../../lib64/libbz2.so.1.0'
+ rm -v /var/tmp/bzip2-root/usr/bin/bunzip2 /var/tmp/bzip2-root/usr/bin/bzcat /var/tmp/bzip2-root/usr/bin/bzip2
removed `/var/tmp/bzip2-root/usr/bin/bunzip2'
removed `/var/tmp/bzip2-root/usr/bin/bzcat'
removed `/var/tmp/bzip2-root/usr/bin/bzip2'
+ ln -sv bzip2 /var/tmp/bzip2-root/bin/bunzip2
`/var/tmp/bzip2-root/bin/bunzip2' -> `bzip2'
+ ln -sv bzip2 /var/tmp/bzip2-root/bin/bzcat
`/var/tmp/bzip2-root/bin/bzcat' -> `bzip2'
+ /usr/lib/rpm/compress_man.sh /var/tmp/bzip2-root
+ /usr/lib/rpm/strip.sh /var/tmp/bzip2-root
copy from `/var/tmp/bzip2-root/lib64/libbz2.so.1.0.6' [elf64-x86-64] to `/var/tmp/bzip2-root/lib64/stkEPRrF' [elf64-x86-64]
copy from `/var/tmp/bzip2-root/bin/bzip2' [elf64-x86-64] to `/var/tmp/bzip2-root/bin/stDJF6oF' [elf64-x86-64]
copy from `/var/tmp/bzip2-root/usr/lib64/libbz2.a(blocksort.o)' [elf64-x86-64] to `/var/tmp/bzip2-root/usr/lib64/stYA9iiH/blocksort.o' [elf64-x86-64]
copy from `/var/tmp/bzip2-root/usr/lib64/libbz2.a(huffman.o)' [elf64-x86-64] to `/var/tmp/bzip2-root/usr/lib64/stYA9iiH/huffman.o' [elf64-x86-64]
copy from `/var/tmp/bzip2-root/usr/lib64/libbz2.a(crctable.o)' [elf64-x86-64] to `/var/tmp/bzip2-root/usr/lib64/stYA9iiH/crctable.o' [elf64-x86-64]
copy from `/var/tmp/bzip2-root/usr/lib64/libbz2.a(randtable.o)' [elf64-x86-64] to `/var/tmp/bzip2-root/usr/lib64/stYA9iiH/randtable.o' [elf64-x86-64]
copy from `/var/tmp/bzip2-root/usr/lib64/libbz2.a(compress.o)' [elf64-x86-64] to `/var/tmp/bzip2-root/usr/lib64/stYA9iiH/compress.o' [elf64-x86-64]
copy from `/var/tmp/bzip2-root/usr/lib64/libbz2.a(decompress.o)' [elf64-x86-64] to `/var/tmp/bzip2-root/usr/lib64/stYA9iiH/decompress.o' [elf64-x86-64]
copy from `/var/tmp/bzip2-root/usr/lib64/libbz2.a(bzlib.o)' [elf64-x86-64] to `/var/tmp/bzip2-root/usr/lib64/stYA9iiH/bzlib.o' [elf64-x86-64]
copy from `/var/tmp/bzip2-root/usr/bin/bzip2recover' [elf64-x86-64] to `/var/tmp/bzip2-root/usr/bin/struG4vI' [elf64-x86-64]
+ exit 0
Processing files: bzip2-1.0.6-2.x86_64
Provides: libbz2.so.1.0()(64bit)
Requires: /bin/sh libbz2.so.1.0()(64bit) libc.so.6()(64bit) libc.so.6(GLIBC_2.2.5)(64bit) libc.so.6(GLIBC_2.3)(64bit)
Processing files: bzip2-devel-1.0.6-2.x86_64
Checking for unpackaged file(s): /usr/lib/rpm/check-files /var/tmp/bzip2-root
Wrote: /usr/src/rpm/SRPMS/bzip2-1.0.6-2.src.rpm
Wrote: /usr/src/rpm/RPMS/x86_64/bzip2-1.0.6-2.x86_64.rpm
Wrote: /usr/src/rpm/RPMS/x86_64/bzip2-devel-1.0.6-2.x86_64.rpm
Executing(%clean): /bin/sh -e /var/tmp/rpm-tmp.73143
+ umask 022
+ cd /usr/src/rpm/BUILD
+ cd bzip2-1.0.6
+ /bin/rm -rf /var/tmp/bzip2-root
