Fetching(Source0): http://pypi.python.org/packages/source/p/pyliblzma/pyliblzma-0.5.3.tar.bz2
Executing(%prep): /bin/sh -e /var/tmp/rpm-tmp.39750
+ umask 022
+ cd /usr/src/rpm/BUILD
+ cd /usr/src/rpm/BUILD
+ rm -rf pyliblzma-0.5.3
+ /bin/bzip2 -dc /usr/src/rpm/SOURCES/pyliblzma-0.5.3.tar.bz2
+ /bin/tar -xf -
+ STATUS=0
+ '[' 0 -ne 0 ']'
+ cd pyliblzma-0.5.3
+ exit 0
Executing(%build): /bin/sh -e /var/tmp/rpm-tmp.39750
+ umask 022
+ cd /usr/src/rpm/BUILD
+ cd pyliblzma-0.5.3
+ export 'CFLAGS=-Os -pipe'
+ CFLAGS='-Os -pipe'
+ python setup.py build
running build
running build_py
creating build
creating build/lib.linux-x86_64-2.7
copying liblzma.py -> build/lib.linux-x86_64-2.7
running build_ext
building 'lzma' extension
creating build/temp.linux-x86_64-2.7
creating build/temp.linux-x86_64-2.7/src
gcc -pthread -DNDEBUG -g -fwrapv -O3 -Wall -Wstrict-prototypes -Os -pipe -fPIC -DVERSION="0.5.3" -I/usr/include/python2.7 -c src/liblzma.c -o build/temp.linux-x86_64-2.7/src/liblzma.o -Wall -Wextra -pedantic -Wswitch-enum -Wswitch-default -std=gnu99
src/liblzma.c: In function 'initlzma':
src/liblzma.c:259:6: warning: dereferencing type-punned pointer will break strict-aliasing rules
src/liblzma.c:260:6: warning: dereferencing type-punned pointer will break strict-aliasing rules
src/liblzma.c:261:6: warning: dereferencing type-punned pointer will break strict-aliasing rules
src/liblzma.c:279:2: warning: dereferencing type-punned pointer will break strict-aliasing rules
src/liblzma.c:282:2: warning: dereferencing type-punned pointer will break strict-aliasing rules
src/liblzma.c:285:2: warning: dereferencing type-punned pointer will break strict-aliasing rules
src/liblzma.c:288:2: warning: dereferencing type-punned pointer will break strict-aliasing rules
gcc -pthread -DNDEBUG -g -fwrapv -O3 -Wall -Wstrict-prototypes -Os -pipe -fPIC -DVERSION="0.5.3" -I/usr/include/python2.7 -c src/liblzma_compressobj.c -o build/temp.linux-x86_64-2.7/src/liblzma_compressobj.o -Wall -Wextra -pedantic -Wswitch-enum -Wswitch-default -std=gnu99
gcc -pthread -DNDEBUG -g -fwrapv -O3 -Wall -Wstrict-prototypes -Os -pipe -fPIC -DVERSION="0.5.3" -I/usr/include/python2.7 -c src/liblzma_decompressobj.c -o build/temp.linux-x86_64-2.7/src/liblzma_decompressobj.o -Wall -Wextra -pedantic -Wswitch-enum -Wswitch-default -std=gnu99
gcc -pthread -DNDEBUG -g -fwrapv -O3 -Wall -Wstrict-prototypes -Os -pipe -fPIC -DVERSION="0.5.3" -I/usr/include/python2.7 -c src/liblzma_file.c -o build/temp.linux-x86_64-2.7/src/liblzma_file.o -Wall -Wextra -pedantic -Wswitch-enum -Wswitch-default -std=gnu99
In file included from /usr/include/python2.7/Python.h:8:0,
                 from src/liblzma.h:8,
                 from src/liblzma_file.h:4,
                 from src/liblzma_file.c:10:
/usr/include/python2.7/pyconfig.h:1155:0: warning: "_POSIX_C_SOURCE" redefined
/usr/include/features.h:214:0: note: this is the location of the previous definition
gcc -pthread -DNDEBUG -g -fwrapv -O3 -Wall -Wstrict-prototypes -Os -pipe -fPIC -DVERSION="0.5.3" -I/usr/include/python2.7 -c src/liblzma_fileobj.c -o build/temp.linux-x86_64-2.7/src/liblzma_fileobj.o -Wall -Wextra -pedantic -Wswitch-enum -Wswitch-default -std=gnu99
gcc -pthread -DNDEBUG -g -fwrapv -O3 -Wall -Wstrict-prototypes -Os -pipe -fPIC -DVERSION="0.5.3" -I/usr/include/python2.7 -c src/liblzma_options.c -o build/temp.linux-x86_64-2.7/src/liblzma_options.o -Wall -Wextra -pedantic -Wswitch-enum -Wswitch-default -std=gnu99
gcc -pthread -DNDEBUG -g -fwrapv -O3 -Wall -Wstrict-prototypes -Os -pipe -fPIC -DVERSION="0.5.3" -I/usr/include/python2.7 -c src/liblzma_util.c -o build/temp.linux-x86_64-2.7/src/liblzma_util.o -Wall -Wextra -pedantic -Wswitch-enum -Wswitch-default -std=gnu99
gcc -pthread -shared -Os -pipe build/temp.linux-x86_64-2.7/src/liblzma.o build/temp.linux-x86_64-2.7/src/liblzma_compressobj.o build/temp.linux-x86_64-2.7/src/liblzma_decompressobj.o build/temp.linux-x86_64-2.7/src/liblzma_file.o build/temp.linux-x86_64-2.7/src/liblzma_fileobj.o build/temp.linux-x86_64-2.7/src/liblzma_options.o build/temp.linux-x86_64-2.7/src/liblzma_util.o -L/usr/lib -lpython2.7 -o build/lib.linux-x86_64-2.7/lzma.so -L/usr/lib64 -llzma
/usr/bin/ld: skipping incompatible /usr/lib/libgcc_s.so when searching for -lgcc_s
/usr/bin/ld: skipping incompatible /usr/lib/libpthread.so when searching for -lpthread
/usr/bin/ld: skipping incompatible /usr/lib/libpthread.a when searching for -lpthread
/usr/bin/ld: skipping incompatible /usr/lib/libc.so when searching for -lc
/usr/bin/ld: skipping incompatible /usr/lib/libc.a when searching for -lc
/usr/bin/ld: skipping incompatible /usr/lib/libgcc_s.so when searching for -lgcc_s
+ exit 0
Executing(%install): /bin/sh -e /var/tmp/rpm-tmp.18098
+ umask 022
+ cd /usr/src/rpm/BUILD
+ /bin/rm -rf /var/tmp/pyliblzma-root
+ /bin/mkdir -p /var/tmp/pyliblzma-root
+ cd pyliblzma-0.5.3
+ python setup.py install --root /var/tmp/pyliblzma-root
running install
running build
running build_py
running build_ext
running install_lib
creating /var/tmp/pyliblzma-root/usr
creating /var/tmp/pyliblzma-root/usr/lib
creating /var/tmp/pyliblzma-root/usr/lib/python2.7
creating /var/tmp/pyliblzma-root/usr/lib/python2.7/site-packages
copying build/lib.linux-x86_64-2.7/lzma.so -> /var/tmp/pyliblzma-root/usr/lib/python2.7/site-packages
copying build/lib.linux-x86_64-2.7/liblzma.py -> /var/tmp/pyliblzma-root/usr/lib/python2.7/site-packages
byte-compiling /var/tmp/pyliblzma-root/usr/lib/python2.7/site-packages/liblzma.py to liblzma.pyc
running install_egg_info
running egg_info
writing pyliblzma.egg-info/PKG-INFO
writing top-level names to pyliblzma.egg-info/top_level.txt
writing dependency_links to pyliblzma.egg-info/dependency_links.txt
reading manifest file 'pyliblzma.egg-info/SOURCES.txt'
reading manifest template 'MANIFEST.in'
writing manifest file 'pyliblzma.egg-info/SOURCES.txt'
Copying pyliblzma.egg-info to /var/tmp/pyliblzma-root/usr/lib/python2.7/site-packages/pyliblzma-0.5.3-py2.7.egg-info
running install_scripts
+ /usr/lib/rpm/strip.sh /var/tmp/pyliblzma-root
copy from `/var/tmp/pyliblzma-root/usr/lib/python2.7/site-packages/lzma.so' [elf64-x86-64] to `/var/tmp/pyliblzma-root/usr/lib/python2.7/site-packages/stSv4Vuk' [elf64-x86-64]
+ exit 0
Processing files: pyliblzma-0.5.3-3.x86_64
Provides: lzma.so()(64bit) pythonegg(pyliblzma) = 0.5.3
Requires(rpmlib): rpmlib(VersionedDependencies) <= 3.0.3-1
Requires: libc.so.6()(64bit) libc.so.6(GLIBC_2.2.5)(64bit) liblzma.so.5()(64bit) libpthread.so.0()(64bit) libpython2.7.so.1.0()(64bit) python(abi) = 2.7
Checking for unpackaged file(s): /usr/lib/rpm/check-files /var/tmp/pyliblzma-root
Wrote: /usr/src/rpm/SRPMS/pyliblzma-0.5.3-3.src.rpm
Wrote: /usr/src/rpm/RPMS/x86_64/pyliblzma-0.5.3-3.x86_64.rpm
Executing(%clean): /bin/sh -e /var/tmp/rpm-tmp.47822
+ umask 022
+ cd /usr/src/rpm/BUILD
+ cd pyliblzma-0.5.3
+ /bin/rm -rf /var/tmp/pyliblzma-root
